2024-01-04 09:29:11,950 - INFO: +--------------+-------+
| Parameter    | Value |
+--------------+-------+
| device       | cuda  |
+--------------+-------+
| noise        | 1     |
+--------------+-------+
| lr           | 0.010 |
+--------------+-------+
| weight_decay | 0.001 |
+--------------+-------+
| max_epoch    | 300   |
+--------------+-------+
| batch_size   | 32    |
+--------------+-------+
| num_layer    | 1     |
+--------------+-------+
| rnn          | GRU   |
+--------------+-------+
| hidden_size  | 128   |
+--------------+-------+
2024-01-04 09:29:17,001 - INFO: Epoch: 0  train. loss: 6.479242802804296
2024-01-04 09:29:17,443 - INFO: Acc: 0.26145, F1 Score: 0.00000,0.00000,0.00000, Avg. Loss: 6.45052
2024-01-04 09:29:21,423 - INFO: Epoch: 1  train. loss: 6.378960189012956
2024-01-04 09:29:21,878 - INFO: Acc: 0.26145, F1 Score: 0.00000,0.00000,0.00000, Avg. Loss: 6.25985
2024-01-04 09:29:25,673 - INFO: Epoch: 2  train. loss: 6.281020259759631
2024-01-04 09:29:26,118 - INFO: Acc: 0.26145, F1 Score: 0.00000,0.00000,0.00000, Avg. Loss: 6.25459
2024-01-04 09:29:29,664 - INFO: Epoch: 3  train. loss: 6.274630817422435
2024-01-04 09:29:30,106 - INFO: Acc: 0.26145, F1 Score: 0.00000,0.00000,0.00000, Avg. Loss: 6.24917
2024-01-04 09:29:33,491 - INFO: Epoch: 4  train. loss: 6.27219423904705
2024-01-04 09:29:33,931 - INFO: Acc: 0.26145, F1 Score: 0.00000,0.00000,0.00000, Avg. Loss: 6.26314
2024-01-04 09:29:37,361 - INFO: Epoch: 5  train. loss: 6.212753446769519
2024-01-04 09:29:37,796 - INFO: Acc: 0.41676, F1 Score: 0.73858,0.34155,0.46709, Avg. Loss: 6.13308
2024-01-04 09:29:41,266 - INFO: Epoch: 6  train. loss: 6.146263957551994
2024-01-04 09:29:41,703 - INFO: Acc: 0.42123, F1 Score: 0.74623,0.34859,0.47520, Avg. Loss: 6.12857
2024-01-04 09:29:45,184 - INFO: Epoch: 7  train. loss: 6.139088737001364
2024-01-04 09:29:45,616 - INFO: Acc: 0.44134, F1 Score: 0.81030,0.35094,0.48976, Avg. Loss: 6.12762
2024-01-04 09:29:49,079 - INFO: Epoch: 8  train. loss: 6.138918928997613
2024-01-04 09:29:49,519 - INFO: Acc: 0.42682, F1 Score: 0.75243,0.36385,0.49051, Avg. Loss: 6.12633
2024-01-04 09:29:52,984 - INFO: Epoch: 9  train. loss: 6.133379858506649
2024-01-04 09:29:53,418 - INFO: Acc: 0.42793, F1 Score: 0.83573,0.34038,0.48374, Avg. Loss: 6.13031
2024-01-04 09:29:56,909 - INFO: Epoch: 10  train. loss: 6.128274963774293
2024-01-04 09:29:57,344 - INFO: Acc: 0.42011, F1 Score: 0.77933,0.32746,0.46116, Avg. Loss: 6.13594
2024-01-04 09:30:00,754 - INFO: Epoch: 11  train. loss: 6.1282097042277535
2024-01-04 09:30:01,199 - INFO: Acc: 0.43687, F1 Score: 0.79093,0.36854,0.50280, Avg. Loss: 6.11449
2024-01-04 09:30:04,643 - INFO: Epoch: 12  train. loss: 6.122004054082851
2024-01-04 09:30:05,074 - INFO: Acc: 0.44358, F1 Score: 0.80407,0.37089,0.50763, Avg. Loss: 6.11595
2024-01-04 09:30:08,582 - INFO: Epoch: 13  train. loss: 6.1211097319297645
2024-01-04 09:30:09,032 - INFO: Acc: 0.43575, F1 Score: 0.81865,0.37089,0.51050, Avg. Loss: 6.12135
2024-01-04 09:30:12,516 - INFO: Epoch: 14  train. loss: 6.11971264490283
2024-01-04 09:30:12,953 - INFO: Acc: 0.43017, F1 Score: 0.77551,0.35681,0.48875, Avg. Loss: 6.11641
2024-01-04 09:30:16,443 - INFO: Epoch: 15  train. loss: 6.123973826926355
2024-01-04 09:30:16,873 - INFO: Acc: 0.43352, F1 Score: 0.83621,0.34155,0.48500, Avg. Loss: 6.12283
2024-01-04 09:30:20,302 - INFO: Epoch: 16  train. loss: 6.117581055020457
2024-01-04 09:30:20,735 - INFO: Acc: 0.43240, F1 Score: 0.77099,0.35563,0.48675, Avg. Loss: 6.12370
2024-01-04 09:30:24,182 - INFO: Epoch: 17  train. loss: 6.118408119885783
2024-01-04 09:30:24,625 - INFO: Acc: 0.42682, F1 Score: 0.76862,0.33920,0.47068, Avg. Loss: 6.12930
2024-01-04 09:30:28,044 - INFO: Epoch: 18  train. loss: 6.113700775656325
2024-01-04 09:30:28,475 - INFO: Acc: 0.42570, F1 Score: 0.78611,0.33216,0.46700, Avg. Loss: 6.12080
2024-01-04 09:30:31,932 - INFO: Epoch: 19  train. loss: 6.113656159435731
2024-01-04 09:30:32,358 - INFO: Acc: 0.43464, F1 Score: 0.79733,0.35094,0.48737, Avg. Loss: 6.12257
2024-01-04 09:30:35,749 - INFO: Epoch: 20  train. loss: 6.103493649846573
2024-01-04 09:30:36,188 - INFO: Acc: 0.43352, F1 Score: 0.79189,0.34390,0.47954, Avg. Loss: 6.12125
2024-01-04 09:30:39,601 - INFO: Epoch: 21  train. loss: 6.0897212218718035
2024-01-04 09:30:40,032 - INFO: Acc: 0.48939, F1 Score: 0.79739,0.42958,0.55835, Avg. Loss: 6.10148
2024-01-04 09:30:43,517 - INFO: Epoch: 22  train. loss: 6.0706807502983295
2024-01-04 09:30:43,948 - INFO: Acc: 0.48268, F1 Score: 0.77119,0.42723,0.54985, Avg. Loss: 6.09844
2024-01-04 09:30:47,394 - INFO: Epoch: 23  train. loss: 6.064984524164678
2024-01-04 09:30:47,826 - INFO: Acc: 0.48827, F1 Score: 0.78065,0.42606,0.55125, Avg. Loss: 6.09757
2024-01-04 09:30:51,342 - INFO: Epoch: 24  train. loss: 6.059446119587453
2024-01-04 09:30:51,778 - INFO: Acc: 0.48939, F1 Score: 0.79015,0.43310,0.55951, Avg. Loss: 6.09610
2024-01-04 09:30:55,425 - INFO: Epoch: 25  train. loss: 6.055458628111149
2024-01-04 09:30:55,867 - INFO: Acc: 0.49385, F1 Score: 0.79258,0.42606,0.55420, Avg. Loss: 6.09487
2024-01-04 09:30:59,788 - INFO: Epoch: 26  train. loss: 6.052240267004773
2024-01-04 09:31:00,233 - INFO: Acc: 0.49385, F1 Score: 0.78556,0.43427,0.55933, Avg. Loss: 6.09491
2024-01-04 09:31:03,948 - INFO: Epoch: 27  train. loss: 6.049457413484487
2024-01-04 09:31:04,392 - INFO: Acc: 0.49497, F1 Score: 0.77987,0.43662,0.55982, Avg. Loss: 6.09580
2024-01-04 09:31:08,049 - INFO: Epoch: 28  train. loss: 6.0469282730992155
2024-01-04 09:31:08,512 - INFO: Acc: 0.49609, F1 Score: 0.78891,0.43427,0.56018, Avg. Loss: 6.09255
2024-01-04 09:31:12,211 - INFO: Epoch: 29  train. loss: 6.0449518411183085
2024-01-04 09:31:12,652 - INFO: Acc: 0.49162, F1 Score: 0.77660,0.42840,0.55219, Avg. Loss: 6.09495
2024-01-04 09:31:16,338 - INFO: Epoch: 30  train. loss: 6.043143219399932
2024-01-04 09:31:16,786 - INFO: Acc: 0.49944, F1 Score: 0.78557,0.44718,0.56993, Avg. Loss: 6.09178
2024-01-04 09:31:20,367 - INFO: Epoch: 31  train. loss: 6.018506408753836
2024-01-04 09:31:20,810 - INFO: Acc: 0.48156, F1 Score: 0.51348,0.44718,0.47804, Avg. Loss: 6.03534
2024-01-04 09:31:24,422 - INFO: Epoch: 32  train. loss: 5.989079014660757
2024-01-04 09:31:24,863 - INFO: Acc: 0.47263, F1 Score: 0.48883,0.43662,0.46125, Avg. Loss: 6.03545
2024-01-04 09:31:28,610 - INFO: Epoch: 33  train. loss: 5.9778097564353905
2024-01-04 09:31:29,079 - INFO: Acc: 0.47821, F1 Score: 0.47160,0.44836,0.45969, Avg. Loss: 6.02134
2024-01-04 09:31:32,725 - INFO: Epoch: 34  train. loss: 5.959266056512104
2024-01-04 09:31:33,180 - INFO: Acc: 0.70279, F1 Score: 0.81806,0.71244,0.76161, Avg. Loss: 5.95795
2024-01-04 09:31:36,857 - INFO: Epoch: 35  train. loss: 5.912132016067167
2024-01-04 09:31:37,300 - INFO: Acc: 0.69274, F1 Score: 0.80537,0.70423,0.75141, Avg. Loss: 5.95613
2024-01-04 09:31:40,798 - INFO: Epoch: 36  train. loss: 5.907105033242414
2024-01-04 09:31:41,331 - INFO: Acc: 0.70726, F1 Score: 0.81349,0.72183,0.76493, Avg. Loss: 5.95320
2024-01-04 09:31:45,288 - INFO: Epoch: 37  train. loss: 5.903784121420048
2024-01-04 09:31:45,723 - INFO: Acc: 0.70838, F1 Score: 0.80759,0.72418,0.76361, Avg. Loss: 5.95167
2024-01-04 09:31:49,490 - INFO: Epoch: 38  train. loss: 5.902349077309921
2024-01-04 09:31:49,956 - INFO: Acc: 0.70615, F1 Score: 0.81316,0.72535,0.76675, Avg. Loss: 5.95115
2024-01-04 09:31:53,532 - INFO: Epoch: 39  train. loss: 5.901035895414251
2024-01-04 09:31:53,996 - INFO: Acc: 0.69274, F1 Score: 0.79578,0.70892,0.74984, Avg. Loss: 5.95525
2024-01-04 09:31:57,509 - INFO: Epoch: 40  train. loss: 5.899841246164337
2024-01-04 09:31:57,949 - INFO: Acc: 0.69944, F1 Score: 0.81048,0.70775,0.75564, Avg. Loss: 5.95334
2024-01-04 09:32:01,585 - INFO: Epoch: 41  train. loss: 5.898525400613706
2024-01-04 09:32:02,023 - INFO: Acc: 0.71173, F1 Score: 0.82973,0.72066,0.77136, Avg. Loss: 5.95452
2024-01-04 09:32:05,600 - INFO: Epoch: 42  train. loss: 5.8976483922178655
2024-01-04 09:32:06,029 - INFO: Acc: 0.70168, F1 Score: 0.81408,0.71948,0.76386, Avg. Loss: 5.95530
2024-01-04 09:32:09,568 - INFO: Epoch: 43  train. loss: 5.896969826116604
2024-01-04 09:32:10,004 - INFO: Acc: 0.69385, F1 Score: 0.80295,0.70305,0.74969, Avg. Loss: 5.95612
2024-01-04 09:32:13,593 - INFO: Epoch: 44  train. loss: 5.895622016706444
2024-01-04 09:32:14,028 - INFO: Acc: 0.70168, F1 Score: 0.80130,0.72418,0.76079, Avg. Loss: 5.95303
2024-01-04 09:32:17,559 - INFO: Epoch: 45  train. loss: 5.895113924522673
2024-01-04 09:32:17,993 - INFO: Acc: 0.69944, F1 Score: 0.80105,0.71831,0.75743, Avg. Loss: 5.95397
2024-01-04 09:32:21,649 - INFO: Epoch: 46  train. loss: 5.894803608719741
2024-01-04 09:32:22,095 - INFO: Acc: 0.69497, F1 Score: 0.78680,0.72770,0.75610, Avg. Loss: 5.95605
2024-01-04 09:32:25,832 - INFO: Epoch: 47  train. loss: 5.891544626875213
2024-01-04 09:32:26,267 - INFO: Acc: 0.72402, F1 Score: 0.81656,0.75235,0.78314, Avg. Loss: 5.94543
2024-01-04 09:32:29,896 - INFO: Epoch: 48  train. loss: 5.886595555958063
2024-01-04 09:32:30,341 - INFO: Acc: 0.73408, F1 Score: 0.82793,0.77934,0.80290, Avg. Loss: 5.94616
2024-01-04 09:32:33,871 - INFO: Epoch: 49  train. loss: 5.885458175289806
2024-01-04 09:32:34,331 - INFO: Acc: 0.72514, F1 Score: 0.80488,0.77465,0.78947, Avg. Loss: 5.94562
2024-01-04 09:32:37,901 - INFO: Epoch: 50  train. loss: 5.884852193786226
2024-01-04 09:32:38,406 - INFO: Acc: 0.72737, F1 Score: 0.81750,0.76761,0.79177, Avg. Loss: 5.94585
2024-01-04 09:32:42,004 - INFO: Epoch: 51  train. loss: 5.884015140214797
2024-01-04 09:32:42,443 - INFO: Acc: 0.72067, F1 Score: 0.82051,0.75117,0.78431, Avg. Loss: 5.94726
2024-01-04 09:32:46,605 - INFO: Epoch: 52  train. loss: 5.88318141621207
2024-01-04 09:32:47,056 - INFO: Acc: 0.73631, F1 Score: 0.81953,0.77817,0.79831, Avg. Loss: 5.94298
2024-01-04 09:32:50,768 - INFO: Epoch: 53  train. loss: 5.8827592269007845
2024-01-04 09:32:51,217 - INFO: Acc: 0.72849, F1 Score: 0.81312,0.77113,0.79157, Avg. Loss: 5.94525
2024-01-04 09:32:54,781 - INFO: Epoch: 54  train. loss: 5.883074870013638
2024-01-04 09:32:55,225 - INFO: Acc: 0.73184, F1 Score: 0.80779,0.77934,0.79331, Avg. Loss: 5.94167
2024-01-04 09:32:58,948 - INFO: Epoch: 55  train. loss: 5.883026924224343
2024-01-04 09:32:59,383 - INFO: Acc: 0.73296, F1 Score: 0.82264,0.76761,0.79417, Avg. Loss: 5.94367
2024-01-04 09:33:03,151 - INFO: Epoch: 56  train. loss: 5.883389847212752
2024-01-04 09:33:03,744 - INFO: Acc: 0.72402, F1 Score: 0.80798,0.76056,0.78356, Avg. Loss: 5.94633
2024-01-04 09:33:07,744 - INFO: Epoch: 57  train. loss: 5.882084656281964
2024-01-04 09:33:08,181 - INFO: Acc: 0.71732, F1 Score: 0.81156,0.75822,0.78398, Avg. Loss: 5.94936
2024-01-04 09:33:11,844 - INFO: Epoch: 58  train. loss: 5.881180345422775
2024-01-04 09:33:12,282 - INFO: Acc: 0.71844, F1 Score: 0.81054,0.75822,0.78351, Avg. Loss: 5.94857
2024-01-04 09:33:15,927 - INFO: Epoch: 59  train. loss: 5.880513765768837
2024-01-04 09:33:16,371 - INFO: Acc: 0.73408, F1 Score: 0.81728,0.77700,0.79663, Avg. Loss: 5.94366
2024-01-04 09:33:20,034 - INFO: Epoch: 60  train. loss: 5.880341960023866
2024-01-04 09:33:20,495 - INFO: Acc: 0.72402, F1 Score: 0.81622,0.75587,0.78489, Avg. Loss: 5.94799
2024-01-04 09:33:24,436 - INFO: Epoch: 61  train. loss: 5.879805899463007
2024-01-04 09:33:24,873 - INFO: Acc: 0.72402, F1 Score: 0.81454,0.76291,0.78788, Avg. Loss: 5.94567
2024-01-04 09:33:28,564 - INFO: Epoch: 62  train. loss: 5.879284489004433
2024-01-04 09:33:28,999 - INFO: Acc: 0.73855, F1 Score: 0.82165,0.78404,0.80240, Avg. Loss: 5.94369
2024-01-04 09:33:32,740 - INFO: Epoch: 63  train. loss: 5.879022118990794
2024-01-04 09:33:33,199 - INFO: Acc: 0.73631, F1 Score: 0.83460,0.77582,0.80414, Avg. Loss: 5.94448
2024-01-04 09:33:36,768 - INFO: Epoch: 64  train. loss: 5.878941543428231
2024-01-04 09:33:37,208 - INFO: Acc: 0.73520, F1 Score: 0.82933,0.76995,0.79854, Avg. Loss: 5.94639
2024-01-04 09:33:40,864 - INFO: Epoch: 65  train. loss: 5.878641216331402
2024-01-04 09:33:41,299 - INFO: Acc: 0.73520, F1 Score: 0.82506,0.78052,0.80217, Avg. Loss: 5.94309
2024-01-04 09:33:44,879 - INFO: Epoch: 66  train. loss: 5.877808824156154
2024-01-04 09:33:45,322 - INFO: Acc: 0.72961, F1 Score: 0.81296,0.78052,0.79641, Avg. Loss: 5.94394
2024-01-04 09:33:48,905 - INFO: Epoch: 67  train. loss: 5.876638813714627
2024-01-04 09:33:49,353 - INFO: Acc: 0.72737, F1 Score: 0.81559,0.77347,0.79398, Avg. Loss: 5.94615
2024-01-04 09:33:52,890 - INFO: Epoch: 68  train. loss: 5.876114739601091
2024-01-04 09:33:53,320 - INFO: Acc: 0.72737, F1 Score: 0.81592,0.76995,0.79227, Avg. Loss: 5.94366
2024-01-04 09:33:56,887 - INFO: Epoch: 69  train. loss: 5.875144503281623
2024-01-04 09:33:57,328 - INFO: Acc: 0.72514, F1 Score: 0.81716,0.77113,0.79348, Avg. Loss: 5.94583
2024-01-04 09:34:01,143 - INFO: Epoch: 70  train. loss: 5.875083239217525
2024-01-04 09:34:01,583 - INFO: Acc: 0.73073, F1 Score: 0.83143,0.76995,0.79951, Avg. Loss: 5.94716
2024-01-04 09:34:05,164 - INFO: Epoch: 71  train. loss: 5.874008454440846
2024-01-04 09:34:05,621 - INFO: Acc: 0.72849, F1 Score: 0.82272,0.77347,0.79734, Avg. Loss: 5.94669
2024-01-04 09:34:09,262 - INFO: Epoch: 72  train. loss: 5.872994267814525
2024-01-04 09:34:09,704 - INFO: Acc: 0.73296, F1 Score: 0.83042,0.78169,0.80532, Avg. Loss: 5.94404
2024-01-04 09:34:13,362 - INFO: Epoch: 73  train. loss: 5.871607835407433
2024-01-04 09:34:13,835 - INFO: Acc: 0.72849, F1 Score: 0.82625,0.77582,0.80024, Avg. Loss: 5.94365
2024-01-04 09:34:17,312 - INFO: Epoch: 74  train. loss: 5.870297983080464
2024-01-04 09:34:17,745 - INFO: Acc: 0.73743, F1 Score: 0.83313,0.78521,0.80846, Avg. Loss: 5.94157
2024-01-04 09:34:22,126 - INFO: Epoch: 75  train. loss: 5.8700642473576545
2024-01-04 09:34:22,568 - INFO: Acc: 0.73073, F1 Score: 0.82850,0.77113,0.79878, Avg. Loss: 5.94378
2024-01-04 09:34:27,040 - INFO: Epoch: 76  train. loss: 5.869891109785203
2024-01-04 09:34:27,491 - INFO: Acc: 0.73520, F1 Score: 0.83249,0.77582,0.80316, Avg. Loss: 5.94112
2024-01-04 09:34:32,213 - INFO: Epoch: 77  train. loss: 5.869750601986021
2024-01-04 09:34:32,654 - INFO: Acc: 0.73296, F1 Score: 0.83760,0.76878,0.80171, Avg. Loss: 5.94214
2024-01-04 09:34:37,190 - INFO: Epoch: 78  train. loss: 5.869135963603819
2024-01-04 09:34:37,642 - INFO: Acc: 0.73743, F1 Score: 0.82411,0.78638,0.80480, Avg. Loss: 5.94018
2024-01-04 09:34:41,405 - INFO: Epoch: 79  train. loss: 5.8673426579014665
2024-01-04 09:34:41,850 - INFO: Acc: 0.73408, F1 Score: 0.82346,0.78286,0.80265, Avg. Loss: 5.94173
2024-01-04 09:34:45,609 - INFO: Epoch: 80  train. loss: 5.866568866135356
2024-01-04 09:34:46,136 - INFO: Acc: 0.73520, F1 Score: 0.83002,0.78521,0.80700, Avg. Loss: 5.94230
2024-01-04 09:34:49,996 - INFO: Epoch: 81  train. loss: 5.86617797476986
2024-01-04 09:34:50,447 - INFO: Acc: 0.73966, F1 Score: 0.83499,0.78991,0.81182, Avg. Loss: 5.93979
2024-01-04 09:34:54,096 - INFO: Epoch: 82  train. loss: 5.864347377898056
2024-01-04 09:34:54,538 - INFO: Acc: 0.73631, F1 Score: 0.82818,0.78638,0.80674, Avg. Loss: 5.93885
2024-01-04 09:34:58,355 - INFO: Epoch: 83  train. loss: 5.863926520414251
2024-01-04 09:34:58,791 - INFO: Acc: 0.72961, F1 Score: 0.82375,0.77347,0.79782, Avg. Loss: 5.94091
2024-01-04 09:35:02,421 - INFO: Epoch: 84  train. loss: 5.863872581401296
2024-01-04 09:35:02,865 - INFO: Acc: 0.73855, F1 Score: 0.83002,0.78521,0.80700, Avg. Loss: 5.93841
2024-01-04 09:35:06,498 - INFO: Epoch: 85  train. loss: 5.86365216395329
2024-01-04 09:35:06,950 - INFO: Acc: 0.73520, F1 Score: 0.82711,0.78052,0.80314, Avg. Loss: 5.94007
2024-01-04 09:35:10,553 - INFO: Epoch: 86  train. loss: 5.863544951841118
2024-01-04 09:35:10,999 - INFO: Acc: 0.73520, F1 Score: 0.81907,0.78638,0.80240, Avg. Loss: 5.93744
2024-01-04 09:35:14,692 - INFO: Epoch: 87  train. loss: 5.8633851325434705
2024-01-04 09:35:15,151 - INFO: Acc: 0.73966, F1 Score: 0.82252,0.78873,0.80527, Avg. Loss: 5.93746
2024-01-04 09:35:19,022 - INFO: Epoch: 88  train. loss: 5.863331193530515
2024-01-04 09:35:19,461 - INFO: Acc: 0.73631, F1 Score: 0.82367,0.78404,0.80337, Avg. Loss: 5.93888
2024-01-04 09:35:23,214 - INFO: Epoch: 89  train. loss: 5.863253281622912
2024-01-04 09:35:23,662 - INFO: Acc: 0.73855, F1 Score: 0.82475,0.78991,0.80695, Avg. Loss: 5.93809
2024-01-04 09:35:27,295 - INFO: Epoch: 90  train. loss: 5.8632093313160585
2024-01-04 09:35:27,741 - INFO: Acc: 0.73520, F1 Score: 0.82750,0.77700,0.80145, Avg. Loss: 5.93983
2024-01-04 09:35:31,411 - INFO: Epoch: 91  train. loss: 5.862938970337538
2024-01-04 09:35:31,857 - INFO: Acc: 0.73520, F1 Score: 0.81763,0.78404,0.80048, Avg. Loss: 5.93346
2024-01-04 09:35:35,385 - INFO: Epoch: 92  train. loss: 5.860010281708148
2024-01-04 09:35:35,817 - INFO: Acc: 0.73743, F1 Score: 0.82716,0.78638,0.80626, Avg. Loss: 5.93527
2024-01-04 09:35:39,401 - INFO: Epoch: 93  train. loss: 5.859959672263893
2024-01-04 09:35:39,849 - INFO: Acc: 0.73184, F1 Score: 0.81751,0.77817,0.79735, Avg. Loss: 5.93698
2024-01-04 09:35:43,502 - INFO: Epoch: 94  train. loss: 5.860592956230822
2024-01-04 09:35:43,952 - INFO: Acc: 0.74078, F1 Score: 0.83584,0.78286,0.80848, Avg. Loss: 5.93351
2024-01-04 09:35:47,659 - INFO: Epoch: 95  train. loss: 5.85984846466928
2024-01-04 09:35:48,121 - INFO: Acc: 0.73520, F1 Score: 0.82828,0.76995,0.79805, Avg. Loss: 5.93445
2024-01-04 09:35:51,936 - INFO: Epoch: 96  train. loss: 5.861403373252642
2024-01-04 09:35:52,467 - INFO: Acc: 0.73408, F1 Score: 0.83207,0.77347,0.80170, Avg. Loss: 5.93797
2024-01-04 09:35:56,665 - INFO: Epoch: 97  train. loss: 5.861754975707467
2024-01-04 09:35:57,113 - INFO: Acc: 0.72737, F1 Score: 0.81830,0.76643,0.79152, Avg. Loss: 5.93632
2024-01-04 09:36:00,722 - INFO: Epoch: 98  train. loss: 5.86105909584896
2024-01-04 09:36:01,161 - INFO: Acc: 0.73743, F1 Score: 0.82266,0.78404,0.80288, Avg. Loss: 5.93588
2024-01-04 09:36:05,074 - INFO: Epoch: 99  train. loss: 5.860644231588817
2024-01-04 09:36:05,518 - INFO: Acc: 0.74190, F1 Score: 0.83600,0.79577,0.81539, Avg. Loss: 5.93217
2024-01-04 09:36:09,319 - INFO: Epoch: 100  train. loss: 5.859061354628367
2024-01-04 09:36:09,760 - INFO: Acc: 0.74413, F1 Score: 0.83750,0.78638,0.81114, Avg. Loss: 5.93378
2024-01-04 09:36:13,652 - INFO: Epoch: 101  train. loss: 5.8587157453972045
2024-01-04 09:36:14,143 - INFO: Acc: 0.75307, F1 Score: 0.83578,0.80047,0.81775, Avg. Loss: 5.93092
2024-01-04 09:36:18,204 - INFO: Epoch: 102  train. loss: 5.858684447451415
2024-01-04 09:36:18,672 - INFO: Acc: 0.74525, F1 Score: 0.83168,0.78873,0.80964, Avg. Loss: 5.93335
2024-01-04 09:36:22,400 - INFO: Epoch: 103  train. loss: 5.858460034520968
2024-01-04 09:36:22,827 - INFO: Acc: 0.74860, F1 Score: 0.83415,0.79695,0.81513, Avg. Loss: 5.93293
2024-01-04 09:36:26,365 - INFO: Epoch: 104  train. loss: 5.858408759162973
2024-01-04 09:36:26,793 - INFO: Acc: 0.74749, F1 Score: 0.83478,0.78873,0.81110, Avg. Loss: 5.93312
2024-01-04 09:36:30,454 - INFO: Epoch: 105  train. loss: 5.858357483804978
2024-01-04 09:36:30,889 - INFO: Acc: 0.74749, F1 Score: 0.83189,0.78991,0.81036, Avg. Loss: 5.93277
2024-01-04 09:36:34,447 - INFO: Epoch: 106  train. loss: 5.8582895606034775
2024-01-04 09:36:34,896 - INFO: Acc: 0.74860, F1 Score: 0.83395,0.78991,0.81133, Avg. Loss: 5.93272
2024-01-04 09:36:38,818 - INFO: Epoch: 107  train. loss: 5.8582848992072964
2024-01-04 09:36:39,377 - INFO: Acc: 0.75084, F1 Score: 0.83560,0.79343,0.81397, Avg. Loss: 5.93258
2024-01-04 09:36:43,386 - INFO: Epoch: 108  train. loss: 5.858276908242414
2024-01-04 09:36:43,949 - INFO: Acc: 0.75084, F1 Score: 0.83560,0.79343,0.81397, Avg. Loss: 5.93247
2024-01-04 09:36:48,048 - INFO: Epoch: 109  train. loss: 5.858276908242414
2024-01-04 09:36:48,566 - INFO: Acc: 0.74860, F1 Score: 0.83313,0.79108,0.81156, Avg. Loss: 5.93234
2024-01-04 09:36:52,176 - INFO: Epoch: 110  train. loss: 5.858274244587453
2024-01-04 09:36:52,641 - INFO: Acc: 0.74972, F1 Score: 0.83643,0.79225,0.81374, Avg. Loss: 5.93219
2024-01-04 09:36:56,185 - INFO: Epoch: 111  train. loss: 5.858226298798159
2024-01-04 09:36:56,619 - INFO: Acc: 0.74749, F1 Score: 0.83416,0.79108,0.81205, Avg. Loss: 5.93229
2024-01-04 09:37:00,315 - INFO: Epoch: 112  train. loss: 5.858125745823389
2024-01-04 09:37:00,742 - INFO: Acc: 0.74972, F1 Score: 0.83600,0.79577,0.81539, Avg. Loss: 5.93218
2024-01-04 09:37:04,774 - INFO: Epoch: 113  train. loss: 5.858003217695193
2024-01-04 09:37:05,216 - INFO: Acc: 0.74190, F1 Score: 0.84331,0.77700,0.80880, Avg. Loss: 5.93468
2024-01-04 09:37:09,272 - INFO: Epoch: 114  train. loss: 5.857803443573133
2024-01-04 09:37:09,709 - INFO: Acc: 0.74860, F1 Score: 0.83049,0.79930,0.81459, Avg. Loss: 5.93259
2024-01-04 09:37:13,272 - INFO: Epoch: 115  train. loss: 5.85765960620525
2024-01-04 09:37:13,706 - INFO: Acc: 0.74860, F1 Score: 0.83028,0.79812,0.81388, Avg. Loss: 5.93303
2024-01-04 09:37:17,221 - INFO: Epoch: 116  train. loss: 5.857549730438118
2024-01-04 09:37:17,659 - INFO: Acc: 0.73855, F1 Score: 0.82875,0.77817,0.80266, Avg. Loss: 5.93568
2024-01-04 09:37:21,078 - INFO: Epoch: 117  train. loss: 5.857563714626662
2024-01-04 09:37:21,511 - INFO: Acc: 0.74302, F1 Score: 0.82945,0.79343,0.81104, Avg. Loss: 5.93246
2024-01-04 09:37:25,130 - INFO: Epoch: 118  train. loss: 5.857395238450392
2024-01-04 09:37:25,574 - INFO: Acc: 0.74302, F1 Score: 0.82885,0.79577,0.81198, Avg. Loss: 5.93216
2024-01-04 09:37:29,096 - INFO: Epoch: 119  train. loss: 5.857325317507671
2024-01-04 09:37:29,538 - INFO: Acc: 0.74637, F1 Score: 0.82987,0.79577,0.81246, Avg. Loss: 5.93211
2024-01-04 09:37:33,154 - INFO: Epoch: 120  train. loss: 5.857212112171838
2024-01-04 09:37:33,629 - INFO: Acc: 0.74190, F1 Score: 0.82540,0.79343,0.80910, Avg. Loss: 5.93214
2024-01-04 09:37:37,133 - INFO: Epoch: 121  train. loss: 5.857064945235254
2024-01-04 09:37:37,598 - INFO: Acc: 0.74413, F1 Score: 0.82662,0.79460,0.81029, Avg. Loss: 5.93275
2024-01-04 09:37:41,147 - INFO: Epoch: 122  train. loss: 5.856972383225367
2024-01-04 09:37:41,588 - INFO: Acc: 0.74190, F1 Score: 0.83209,0.78521,0.80797, Avg. Loss: 5.93296
2024-01-04 09:37:45,480 - INFO: Epoch: 123  train. loss: 5.856922439694852
2024-01-04 09:37:45,974 - INFO: Acc: 0.74302, F1 Score: 0.82942,0.78756,0.80795, Avg. Loss: 5.93258
2024-01-04 09:37:49,571 - INFO: Epoch: 124  train. loss: 5.856851852838391
2024-01-04 09:37:50,012 - INFO: Acc: 0.74637, F1 Score: 0.82482,0.79577,0.81004, Avg. Loss: 5.93174
2024-01-04 09:37:53,763 - INFO: Epoch: 125  train. loss: 5.856823884461303
2024-01-04 09:37:54,213 - INFO: Acc: 0.74190, F1 Score: 0.83375,0.78286,0.80751, Avg. Loss: 5.93323
2024-01-04 09:37:57,854 - INFO: Epoch: 126  train. loss: 5.85678193189567
2024-01-04 09:37:58,306 - INFO: Acc: 0.74749, F1 Score: 0.82864,0.79460,0.81126, Avg. Loss: 5.93209
2024-01-04 09:38:01,940 - INFO: Epoch: 127  train. loss: 5.856745972553699
2024-01-04 09:38:02,390 - INFO: Acc: 0.74637, F1 Score: 0.82619,0.79225,0.80887, Avg. Loss: 5.93204
2024-01-04 09:38:05,973 - INFO: Epoch: 128  train. loss: 5.856670724301057
2024-01-04 09:38:06,417 - INFO: Acc: 0.74413, F1 Score: 0.82497,0.79108,0.80767, Avg. Loss: 5.93167
2024-01-04 09:38:10,011 - INFO: Epoch: 129  train. loss: 5.856654076457552
2024-01-04 09:38:10,456 - INFO: Acc: 0.74860, F1 Score: 0.83643,0.79225,0.81374, Avg. Loss: 5.93190
2024-01-04 09:38:14,170 - INFO: Epoch: 130  train. loss: 5.856655408285032
2024-01-04 09:38:14,602 - INFO: Acc: 0.74637, F1 Score: 0.83230,0.78638,0.80869, Avg. Loss: 5.93239
2024-01-04 09:38:18,474 - INFO: Epoch: 131  train. loss: 5.856629437649165
2024-01-04 09:38:19,075 - INFO: Acc: 0.74078, F1 Score: 0.82139,0.79343,0.80716, Avg. Loss: 5.93183
2024-01-04 09:38:22,809 - INFO: Epoch: 132  train. loss: 5.85708359081998
2024-01-04 09:38:23,267 - INFO: Acc: 0.71061, F1 Score: 0.83622,0.73709,0.78353, Avg. Loss: 5.95167
2024-01-04 09:38:26,926 - INFO: Epoch: 133  train. loss: 5.862229772204228
2024-01-04 09:38:27,399 - INFO: Acc: 0.72179, F1 Score: 0.81211,0.77113,0.79109, Avg. Loss: 5.94087
2024-01-04 09:38:30,953 - INFO: Epoch: 134  train. loss: 5.861378068530515
2024-01-04 09:38:31,397 - INFO: Acc: 0.73184, F1 Score: 0.83247,0.75235,0.79038, Avg. Loss: 5.93966
2024-01-04 09:38:35,072 - INFO: Epoch: 135  train. loss: 5.859855123806683
2024-01-04 09:38:35,512 - INFO: Acc: 0.74302, F1 Score: 0.84243,0.79695,0.81906, Avg. Loss: 5.93450
2024-01-04 09:38:39,267 - INFO: Epoch: 136  train. loss: 5.857519764319809
2024-01-04 09:38:39,710 - INFO: Acc: 0.73743, F1 Score: 0.83249,0.77582,0.80316, Avg. Loss: 5.93514
2024-01-04 09:38:43,259 - INFO: Epoch: 137  train. loss: 5.856820554892601
2024-01-04 09:38:43,704 - INFO: Acc: 0.74860, F1 Score: 0.84355,0.79108,0.81647, Avg. Loss: 5.93421
2024-01-04 09:38:47,173 - INFO: Epoch: 138  train. loss: 5.856464291041596
2024-01-04 09:38:47,604 - INFO: Acc: 0.74860, F1 Score: 0.83871,0.79343,0.81544, Avg. Loss: 5.93431
2024-01-04 09:38:51,134 - INFO: Epoch: 139  train. loss: 5.8563044717439485
2024-01-04 09:38:51,575 - INFO: Acc: 0.74302, F1 Score: 0.82984,0.78991,0.80938, Avg. Loss: 5.93312
2024-01-04 09:38:55,077 - INFO: Epoch: 140  train. loss: 5.856080058813501
2024-01-04 09:38:55,511 - INFO: Acc: 0.74860, F1 Score: 0.84635,0.78873,0.81652, Avg. Loss: 5.93430
2024-01-04 09:38:59,052 - INFO: Epoch: 141  train. loss: 5.85604210173031
2024-01-04 09:38:59,477 - INFO: Acc: 0.74860, F1 Score: 0.84576,0.78521,0.81436, Avg. Loss: 5.93391
2024-01-04 09:39:03,004 - INFO: Epoch: 142  train. loss: 5.855949539720423
2024-01-04 09:39:03,439 - INFO: Acc: 0.74637, F1 Score: 0.84557,0.78404,0.81364, Avg. Loss: 5.93402
2024-01-04 09:39:06,929 - INFO: Epoch: 143  train. loss: 5.8559015939311285
2024-01-04 09:39:07,358 - INFO: Acc: 0.74413, F1 Score: 0.83920,0.78404,0.81068, Avg. Loss: 5.93357
2024-01-04 09:39:10,760 - INFO: Epoch: 144  train. loss: 5.855848320831913
2024-01-04 09:39:11,192 - INFO: Acc: 0.74525, F1 Score: 0.84343,0.78404,0.81265, Avg. Loss: 5.93361
2024-01-04 09:39:14,618 - INFO: Epoch: 145  train. loss: 5.855779065802932
2024-01-04 09:39:15,071 - INFO: Acc: 0.74525, F1 Score: 0.83920,0.78404,0.81068, Avg. Loss: 5.93317
2024-01-04 09:39:18,471 - INFO: Epoch: 146  train. loss: 5.855757090649505
2024-01-04 09:39:18,897 - INFO: Acc: 0.74302, F1 Score: 0.83689,0.78286,0.80898, Avg. Loss: 5.93311
2024-01-04 09:39:22,420 - INFO: Epoch: 147  train. loss: 5.855755758822025
2024-01-04 09:39:22,913 - INFO: Acc: 0.74525, F1 Score: 0.83940,0.78521,0.81140, Avg. Loss: 5.93298
2024-01-04 09:39:26,598 - INFO: Epoch: 148  train. loss: 5.855747767857143
2024-01-04 09:39:27,038 - INFO: Acc: 0.74525, F1 Score: 0.83835,0.78521,0.81091, Avg. Loss: 5.93302
2024-01-04 09:39:30,533 - INFO: Epoch: 149  train. loss: 5.855741774633481
2024-01-04 09:39:30,963 - INFO: Acc: 0.74637, F1 Score: 0.83960,0.78638,0.81212, Avg. Loss: 5.93281
2024-01-04 09:39:34,360 - INFO: Epoch: 150  train. loss: 5.8556838401380835
2024-01-04 09:39:34,807 - INFO: Acc: 0.74302, F1 Score: 0.83582,0.78873,0.81159, Avg. Loss: 5.93300
2024-01-04 09:39:38,192 - INFO: Epoch: 151  train. loss: 5.855593275869417
2024-01-04 09:39:38,628 - INFO: Acc: 0.74525, F1 Score: 0.83940,0.78521,0.81140, Avg. Loss: 5.93251
2024-01-04 09:39:42,009 - INFO: Epoch: 152  train. loss: 5.855528682236618
2024-01-04 09:39:42,441 - INFO: Acc: 0.74413, F1 Score: 0.83231,0.79225,0.81179, Avg. Loss: 5.93173
2024-01-04 09:39:45,818 - INFO: Epoch: 153  train. loss: 5.855412813245823
2024-01-04 09:39:46,304 - INFO: Acc: 0.74525, F1 Score: 0.83130,0.79812,0.81437, Avg. Loss: 5.92963
2024-01-04 09:39:49,738 - INFO: Epoch: 154  train. loss: 5.855352881009206
2024-01-04 09:39:50,300 - INFO: Acc: 0.74302, F1 Score: 0.83838,0.77934,0.80779, Avg. Loss: 5.93062
2024-01-04 09:39:53,671 - INFO: Epoch: 155  train. loss: 5.8553368990794405
2024-01-04 09:39:54,095 - INFO: Acc: 0.74860, F1 Score: 0.83965,0.78052,0.80900, Avg. Loss: 5.92984
2024-01-04 09:39:57,431 - INFO: Epoch: 156  train. loss: 5.855247666638254
2024-01-04 09:39:57,855 - INFO: Acc: 0.75531, F1 Score: 0.84224,0.79577,0.81835, Avg. Loss: 5.92820
2024-01-04 09:40:01,223 - INFO: Epoch: 157  train. loss: 5.855177745695533
2024-01-04 09:40:01,648 - INFO: Acc: 0.75531, F1 Score: 0.84178,0.79930,0.81999, Avg. Loss: 5.92857
2024-01-04 09:40:05,009 - INFO: Epoch: 158  train. loss: 5.855141120439822
2024-01-04 09:40:05,437 - INFO: Acc: 0.75196, F1 Score: 0.84158,0.79812,0.81928, Avg. Loss: 5.92904
2024-01-04 09:40:08,778 - INFO: Epoch: 159  train. loss: 5.85520171859018
2024-01-04 09:40:09,209 - INFO: Acc: 0.75196, F1 Score: 0.84029,0.80282,0.82113, Avg. Loss: 5.92970
2024-01-04 09:40:12,554 - INFO: Epoch: 160  train. loss: 5.855127802165018
2024-01-04 09:40:12,978 - INFO: Acc: 0.74078, F1 Score: 0.83607,0.77817,0.80608, Avg. Loss: 5.93095
2024-01-04 09:40:16,323 - INFO: Epoch: 161  train. loss: 5.855023253707808
2024-01-04 09:40:16,751 - INFO: Acc: 0.74637, F1 Score: 0.83955,0.79225,0.81522, Avg. Loss: 5.93021
2024-01-04 09:40:20,204 - INFO: Epoch: 162  train. loss: 5.854972644263553
2024-01-04 09:40:20,631 - INFO: Acc: 0.74749, F1 Score: 0.83477,0.79460,0.81419, Avg. Loss: 5.92989
2024-01-04 09:40:24,073 - INFO: Epoch: 163  train. loss: 5.854956662333788
2024-01-04 09:40:24,498 - INFO: Acc: 0.74749, F1 Score: 0.83477,0.79460,0.81419, Avg. Loss: 5.92976
2024-01-04 09:40:27,865 - INFO: Epoch: 164  train. loss: 5.854950669110126
2024-01-04 09:40:28,290 - INFO: Acc: 0.74637, F1 Score: 0.83518,0.79695,0.81562, Avg. Loss: 5.92984
2024-01-04 09:40:31,677 - INFO: Epoch: 165  train. loss: 5.854937350835322
2024-01-04 09:40:32,246 - INFO: Acc: 0.74749, F1 Score: 0.83518,0.79695,0.81562, Avg. Loss: 5.92980
2024-01-04 09:40:36,081 - INFO: Epoch: 166  train. loss: 5.854934021266621
2024-01-04 09:40:36,511 - INFO: Acc: 0.74637, F1 Score: 0.83313,0.79695,0.81464, Avg. Loss: 5.92987
2024-01-04 09:40:40,452 - INFO: Epoch: 167  train. loss: 5.854924032560518
2024-01-04 09:40:40,884 - INFO: Acc: 0.74749, F1 Score: 0.83456,0.79930,0.81655, Avg. Loss: 5.92994
2024-01-04 09:40:44,822 - INFO: Epoch: 168  train. loss: 5.854912046113195
2024-01-04 09:40:45,259 - INFO: Acc: 0.74637, F1 Score: 0.83580,0.79460,0.81468, Avg. Loss: 5.93021
2024-01-04 09:40:49,207 - INFO: Epoch: 169  train. loss: 5.854907384717014
2024-01-04 09:40:49,640 - INFO: Acc: 0.74637, F1 Score: 0.83395,0.79577,0.81441, Avg. Loss: 5.93004
2024-01-04 09:40:53,552 - INFO: Epoch: 170  train. loss: 5.854905386975792
2024-01-04 09:40:54,001 - INFO: Acc: 0.74302, F1 Score: 0.83753,0.78052,0.80802, Avg. Loss: 5.93132
2024-01-04 09:40:57,408 - INFO: Epoch: 171  train. loss: 5.854810827224685
2024-01-04 09:40:57,839 - INFO: Acc: 0.73966, F1 Score: 0.82957,0.77700,0.80242, Avg. Loss: 5.93123
2024-01-04 09:41:01,220 - INFO: Epoch: 172  train. loss: 5.854782858847597
2024-01-04 09:41:01,653 - INFO: Acc: 0.74637, F1 Score: 0.83498,0.79577,0.81490, Avg. Loss: 5.93038
2024-01-04 09:41:05,174 - INFO: Epoch: 173  train. loss: 5.854723592524719
2024-01-04 09:41:05,610 - INFO: Acc: 0.74972, F1 Score: 0.83538,0.79812,0.81633, Avg. Loss: 5.93010
2024-01-04 09:41:09,122 - INFO: Epoch: 174  train. loss: 5.854724258438459
2024-01-04 09:41:09,552 - INFO: Acc: 0.74972, F1 Score: 0.83641,0.79812,0.81682, Avg. Loss: 5.93016
2024-01-04 09:41:13,078 - INFO: Epoch: 175  train. loss: 5.854723592524719
2024-01-04 09:41:13,510 - INFO: Acc: 0.75084, F1 Score: 0.83784,0.80047,0.81873, Avg. Loss: 5.92997
2024-01-04 09:41:17,078 - INFO: Epoch: 176  train. loss: 5.854720262956017
2024-01-04 09:41:17,511 - INFO: Acc: 0.74972, F1 Score: 0.83847,0.79812,0.81780, Avg. Loss: 5.93026
2024-01-04 09:41:21,176 - INFO: Epoch: 177  train. loss: 5.854717599301057
2024-01-04 09:41:21,605 - INFO: Acc: 0.74972, F1 Score: 0.83661,0.79930,0.81753, Avg. Loss: 5.93010
2024-01-04 09:41:25,179 - INFO: Epoch: 178  train. loss: 5.854717599301057
2024-01-04 09:41:25,618 - INFO: Acc: 0.74749, F1 Score: 0.83558,0.79930,0.81704, Avg. Loss: 5.92986
2024-01-04 09:41:29,402 - INFO: Epoch: 179  train. loss: 5.854720928869758
2024-01-04 09:41:29,834 - INFO: Acc: 0.74972, F1 Score: 0.83931,0.79695,0.81758, Avg. Loss: 5.93006
2024-01-04 09:41:33,343 - INFO: Epoch: 180  train. loss: 5.854720928869758
2024-01-04 09:41:33,775 - INFO: Acc: 0.74972, F1 Score: 0.83681,0.80047,0.81824, Avg. Loss: 5.93007
2024-01-04 09:41:37,402 - INFO: Epoch: 181  train. loss: 5.854716933387317
2024-01-04 09:41:37,833 - INFO: Acc: 0.74972, F1 Score: 0.83641,0.79812,0.81682, Avg. Loss: 5.93015
2024-01-04 09:41:41,352 - INFO: Epoch: 182  train. loss: 5.854718931128537
2024-01-04 09:41:41,792 - INFO: Acc: 0.74749, F1 Score: 0.83538,0.79812,0.81633, Avg. Loss: 5.93047
2024-01-04 09:41:45,404 - INFO: Epoch: 183  train. loss: 5.854699619630072
2024-01-04 09:41:45,843 - INFO: Acc: 0.74749, F1 Score: 0.84125,0.78991,0.81477, Avg. Loss: 5.93162
2024-01-04 09:41:49,461 - INFO: Epoch: 184  train. loss: 5.8546843036140475
2024-01-04 09:41:49,899 - INFO: Acc: 0.74860, F1 Score: 0.83814,0.78404,0.81019, Avg. Loss: 5.93194
2024-01-04 09:41:53,461 - INFO: Epoch: 185  train. loss: 5.855310928443573
2024-01-04 09:41:53,899 - INFO: Acc: 0.74078, F1 Score: 0.82518,0.79225,0.80838, Avg. Loss: 5.93179
2024-01-04 09:41:57,496 - INFO: Epoch: 186  train. loss: 5.860180755625639
2024-01-04 09:41:57,951 - INFO: Acc: 0.73855, F1 Score: 0.83548,0.76291,0.79755, Avg. Loss: 5.93255
2024-01-04 09:42:01,582 - INFO: Epoch: 187  train. loss: 5.857425870482441
2024-01-04 09:42:02,036 - INFO: Acc: 0.74749, F1 Score: 0.82005,0.79695,0.80833, Avg. Loss: 5.93220
2024-01-04 09:42:05,784 - INFO: Epoch: 188  train. loss: 5.855593275869417
2024-01-04 09:42:06,220 - INFO: Acc: 0.74413, F1 Score: 0.82721,0.79225,0.80935, Avg. Loss: 5.93078
2024-01-04 09:42:09,839 - INFO: Epoch: 189  train. loss: 5.854756222297988
2024-01-04 09:42:10,276 - INFO: Acc: 0.73743, F1 Score: 0.82942,0.78756,0.80795, Avg. Loss: 5.93258
2024-01-04 09:42:13,954 - INFO: Epoch: 190  train. loss: 5.854332035245482
2024-01-04 09:42:14,398 - INFO: Acc: 0.73296, F1 Score: 0.83291,0.77817,0.80461, Avg. Loss: 5.93373
2024-01-04 09:42:18,198 - INFO: Epoch: 191  train. loss: 5.854146245311967
2024-01-04 09:42:18,632 - INFO: Acc: 0.74525, F1 Score: 0.83292,0.78991,0.81084, Avg. Loss: 5.93154
2024-01-04 09:42:22,439 - INFO: Epoch: 192  train. loss: 5.854046358250938
2024-01-04 09:42:22,896 - INFO: Acc: 0.72849, F1 Score: 0.82134,0.77700,0.79855, Avg. Loss: 5.93634
2024-01-04 09:42:26,438 - INFO: Epoch: 193  train. loss: 5.854150906708148
2024-01-04 09:42:27,027 - INFO: Acc: 0.73855, F1 Score: 0.82699,0.79108,0.80864, Avg. Loss: 5.93322
2024-01-04 09:42:30,600 - INFO: Epoch: 194  train. loss: 5.854090974471531
2024-01-04 09:42:31,041 - INFO: Acc: 0.73631, F1 Score: 0.82475,0.78991,0.80695, Avg. Loss: 5.93240
2024-01-04 09:42:34,574 - INFO: Epoch: 195  train. loss: 5.853825274889192
2024-01-04 09:42:35,008 - INFO: Acc: 0.74525, F1 Score: 0.83109,0.79695,0.81366, Avg. Loss: 5.93127
2024-01-04 09:42:38,576 - INFO: Epoch: 196  train. loss: 5.8537813245823385
2024-01-04 09:42:39,011 - INFO: Acc: 0.73184, F1 Score: 0.82733,0.78169,0.80386, Avg. Loss: 5.93318
2024-01-04 09:42:42,567 - INFO: Epoch: 197  train. loss: 5.853734044706785
2024-01-04 09:42:42,999 - INFO: Acc: 0.74078, F1 Score: 0.82725,0.79812,0.81243, Avg. Loss: 5.93054
2024-01-04 09:42:46,655 - INFO: Epoch: 198  train. loss: 5.853708739984658
2024-01-04 09:42:47,098 - INFO: Acc: 0.74749, F1 Score: 0.83313,0.80282,0.81769, Avg. Loss: 5.93131
2024-01-04 09:42:50,852 - INFO: Epoch: 199  train. loss: 5.8536661215052845
2024-01-04 09:42:51,286 - INFO: Acc: 0.74190, F1 Score: 0.83313,0.79108,0.81156, Avg. Loss: 5.93220
2024-01-04 09:42:54,895 - INFO: Epoch: 200  train. loss: 5.85361684388851
2024-01-04 09:42:55,329 - INFO: Acc: 0.73855, F1 Score: 0.82763,0.79460,0.81078, Avg. Loss: 5.93169
2024-01-04 09:42:58,901 - INFO: Epoch: 201  train. loss: 5.853604191527446
2024-01-04 09:42:59,334 - INFO: Acc: 0.74302, F1 Score: 0.83130,0.79812,0.81437, Avg. Loss: 5.93112
2024-01-04 09:43:02,983 - INFO: Epoch: 202  train. loss: 5.853600861958745
2024-01-04 09:43:03,419 - INFO: Acc: 0.74190, F1 Score: 0.82805,0.79695,0.81220, Avg. Loss: 5.93126
2024-01-04 09:43:06,960 - INFO: Epoch: 203  train. loss: 5.8535835482015
2024-01-04 09:43:07,396 - INFO: Acc: 0.74190, F1 Score: 0.82906,0.79695,0.81269, Avg. Loss: 5.93109
2024-01-04 09:43:11,027 - INFO: Epoch: 204  train. loss: 5.853580218632799
2024-01-04 09:43:11,473 - INFO: Acc: 0.74190, F1 Score: 0.82805,0.79695,0.81220, Avg. Loss: 5.93104
2024-01-04 09:43:15,029 - INFO: Epoch: 205  train. loss: 5.853586211856461
2024-01-04 09:43:15,464 - INFO: Acc: 0.74190, F1 Score: 0.82885,0.79577,0.81198, Avg. Loss: 5.93085
2024-01-04 09:43:19,087 - INFO: Epoch: 206  train. loss: 5.853578886805319
2024-01-04 09:43:19,524 - INFO: Acc: 0.74190, F1 Score: 0.82885,0.79577,0.81198, Avg. Loss: 5.93089
2024-01-04 09:43:23,241 - INFO: Epoch: 207  train. loss: 5.853577554977838
2024-01-04 09:43:23,708 - INFO: Acc: 0.74413, F1 Score: 0.83130,0.79812,0.81437, Avg. Loss: 5.93062
2024-01-04 09:43:27,326 - INFO: Epoch: 208  train. loss: 5.853582216374019
2024-01-04 09:43:27,914 - INFO: Acc: 0.74190, F1 Score: 0.82885,0.79577,0.81198, Avg. Loss: 5.93074
2024-01-04 09:43:31,507 - INFO: Epoch: 209  train. loss: 5.853578886805319
2024-01-04 09:43:31,949 - INFO: Acc: 0.74525, F1 Score: 0.83333,0.79812,0.81535, Avg. Loss: 5.93040
2024-01-04 09:43:35,559 - INFO: Epoch: 210  train. loss: 5.853581550460279
2024-01-04 09:43:36,012 - INFO: Acc: 0.74302, F1 Score: 0.83211,0.79695,0.81415, Avg. Loss: 5.93073
2024-01-04 09:43:39,616 - INFO: Epoch: 211  train. loss: 5.853577554977838
2024-01-04 09:43:40,055 - INFO: Acc: 0.74525, F1 Score: 0.83231,0.79812,0.81486, Avg. Loss: 5.93020
2024-01-04 09:43:43,624 - INFO: Epoch: 212  train. loss: 5.8535782208915785
2024-01-04 09:43:44,068 - INFO: Acc: 0.74190, F1 Score: 0.83190,0.79577,0.81344, Avg. Loss: 5.93059
2024-01-04 09:43:47,616 - INFO: Epoch: 213  train. loss: 5.853575557236618
2024-01-04 09:43:48,061 - INFO: Acc: 0.74302, F1 Score: 0.82987,0.79577,0.81246, Avg. Loss: 5.93017
2024-01-04 09:43:51,682 - INFO: Epoch: 214  train. loss: 5.8535409297221275
2024-01-04 09:43:52,120 - INFO: Acc: 0.74190, F1 Score: 0.82966,0.79460,0.81175, Avg. Loss: 5.93088
2024-01-04 09:43:55,811 - INFO: Epoch: 215  train. loss: 5.853662791936584
2024-01-04 09:43:56,253 - INFO: Acc: 0.73296, F1 Score: 0.81773,0.77934,0.79808, Avg. Loss: 5.93237
2024-01-04 09:43:59,962 - INFO: Epoch: 216  train. loss: 5.856593478307194
2024-01-04 09:44:00,396 - INFO: Acc: 0.72626, F1 Score: 0.80649,0.78756,0.79691, Avg. Loss: 5.93664
2024-01-04 09:44:04,113 - INFO: Epoch: 217  train. loss: 5.856408354287419
2024-01-04 09:44:04,557 - INFO: Acc: 0.73520, F1 Score: 0.84375,0.76056,0.80000, Avg. Loss: 5.93256
2024-01-04 09:44:08,295 - INFO: Epoch: 218  train. loss: 5.85476021778043
2024-01-04 09:44:08,731 - INFO: Acc: 0.72291, F1 Score: 0.81165,0.76878,0.78963, Avg. Loss: 5.94015
2024-01-04 09:44:12,427 - INFO: Epoch: 219  train. loss: 5.854220827650869
2024-01-04 09:44:12,863 - INFO: Acc: 0.74860, F1 Score: 0.82254,0.80516,0.81376, Avg. Loss: 5.92773
2024-01-04 09:44:16,447 - INFO: Epoch: 220  train. loss: 5.8532725664848275
2024-01-04 09:44:16,881 - INFO: Acc: 0.73743, F1 Score: 0.82375,0.78991,0.80647, Avg. Loss: 5.93079
2024-01-04 09:44:20,565 - INFO: Epoch: 221  train. loss: 5.853016855608592
2024-01-04 09:44:21,001 - INFO: Acc: 0.72402, F1 Score: 0.81235,0.77230,0.79182, Avg. Loss: 5.93484
2024-01-04 09:44:24,628 - INFO: Epoch: 222  train. loss: 5.852921629943744
2024-01-04 09:44:25,068 - INFO: Acc: 0.75196, F1 Score: 0.83073,0.81221,0.82136, Avg. Loss: 5.92750
2024-01-04 09:44:28,624 - INFO: Epoch: 223  train. loss: 5.852835727071258
2024-01-04 09:44:29,069 - INFO: Acc: 0.74525, F1 Score: 0.82353,0.80516,0.81424, Avg. Loss: 5.92900
2024-01-04 09:44:32,634 - INFO: Epoch: 224  train. loss: 5.852779790317081
2024-01-04 09:44:33,071 - INFO: Acc: 0.74190, F1 Score: 0.82190,0.80164,0.81165, Avg. Loss: 5.92904
2024-01-04 09:44:36,610 - INFO: Epoch: 225  train. loss: 5.852767803869758
2024-01-04 09:44:37,047 - INFO: Acc: 0.74190, F1 Score: 0.82190,0.80164,0.81165, Avg. Loss: 5.92903
2024-01-04 09:44:40,583 - INFO: Epoch: 226  train. loss: 5.852769135697239
2024-01-04 09:44:41,022 - INFO: Acc: 0.74190, F1 Score: 0.82289,0.80164,0.81213, Avg. Loss: 5.92909
2024-01-04 09:44:44,553 - INFO: Epoch: 227  train. loss: 5.852764474301057
2024-01-04 09:44:44,992 - INFO: Acc: 0.74190, F1 Score: 0.82289,0.80164,0.81213, Avg. Loss: 5.92893
2024-01-04 09:44:48,688 - INFO: Epoch: 228  train. loss: 5.852757815163655
2024-01-04 09:44:49,140 - INFO: Acc: 0.74749, F1 Score: 0.82593,0.80751,0.81662, Avg. Loss: 5.92839
2024-01-04 09:44:53,301 - INFO: Epoch: 229  train. loss: 5.852724519476645
2024-01-04 09:44:53,734 - INFO: Acc: 0.74525, F1 Score: 0.82530,0.80399,0.81451, Avg. Loss: 5.92850
2024-01-04 09:44:58,060 - INFO: Epoch: 230  train. loss: 5.8527218558216845
2024-01-04 09:44:58,494 - INFO: Acc: 0.74413, F1 Score: 0.82709,0.80282,0.81477, Avg. Loss: 5.92856
2024-01-04 09:45:02,636 - INFO: Epoch: 231  train. loss: 5.852713864856802
2024-01-04 09:45:03,225 - INFO: Acc: 0.74525, F1 Score: 0.82729,0.80399,0.81548, Avg. Loss: 5.92887
2024-01-04 09:45:07,355 - INFO: Epoch: 232  train. loss: 5.852685896479714
2024-01-04 09:45:07,789 - INFO: Acc: 0.74302, F1 Score: 0.82588,0.80164,0.81358, Avg. Loss: 5.92935
2024-01-04 09:45:11,462 - INFO: Epoch: 233  train. loss: 5.852668582722468
2024-01-04 09:45:11,894 - INFO: Acc: 0.74302, F1 Score: 0.82688,0.80164,0.81406, Avg. Loss: 5.92923
2024-01-04 09:45:15,437 - INFO: Epoch: 234  train. loss: 5.852660591757586
2024-01-04 09:45:15,869 - INFO: Acc: 0.74525, F1 Score: 0.82830,0.80399,0.81596, Avg. Loss: 5.92963
2024-01-04 09:45:19,368 - INFO: Epoch: 235  train. loss: 5.852488120098875
2024-01-04 09:45:19,800 - INFO: Acc: 0.74413, F1 Score: 0.82667,0.80047,0.81336, Avg. Loss: 5.92988
2024-01-04 09:45:23,301 - INFO: Epoch: 236  train. loss: 5.852456822153085
2024-01-04 09:45:23,734 - INFO: Acc: 0.74078, F1 Score: 0.82446,0.79930,0.81168, Avg. Loss: 5.93017
2024-01-04 09:45:27,250 - INFO: Epoch: 237  train. loss: 5.852440174309581
2024-01-04 09:45:27,684 - INFO: Acc: 0.73855, F1 Score: 0.82282,0.79577,0.80907, Avg. Loss: 5.93117
2024-01-04 09:45:31,537 - INFO: Epoch: 238  train. loss: 5.847212751449028
2024-01-04 09:45:31,967 - INFO: Acc: 0.73631, F1 Score: 0.82310,0.78638,0.80432, Avg. Loss: 5.90338
2024-01-04 09:45:35,506 - INFO: Epoch: 239  train. loss: 5.832934894945448
2024-01-04 09:45:35,941 - INFO: Acc: 0.72961, F1 Score: 0.81718,0.78169,0.79904, Avg. Loss: 5.90060
2024-01-04 09:45:39,524 - INFO: Epoch: 240  train. loss: 5.831774873210024
2024-01-04 09:45:39,953 - INFO: Acc: 0.75196, F1 Score: 0.83032,0.80986,0.81996, Avg. Loss: 5.90007
2024-01-04 09:45:43,482 - INFO: Epoch: 241  train. loss: 5.831042368095806
2024-01-04 09:45:43,910 - INFO: Acc: 0.73855, F1 Score: 0.81697,0.79108,0.80382, Avg. Loss: 5.90267
2024-01-04 09:45:47,454 - INFO: Epoch: 242  train. loss: 5.8303997613365155
2024-01-04 09:45:47,883 - INFO: Acc: 0.74413, F1 Score: 0.82641,0.79343,0.80958, Avg. Loss: 5.90023
2024-01-04 09:45:51,902 - INFO: Epoch: 243  train. loss: 5.830201984955677
2024-01-04 09:45:52,333 - INFO: Acc: 0.74860, F1 Score: 0.82567,0.80047,0.81287, Avg. Loss: 5.89896
2024-01-04 09:45:56,426 - INFO: Epoch: 244  train. loss: 5.83024526934879
2024-01-04 09:45:56,856 - INFO: Acc: 0.74413, F1 Score: 0.82503,0.79695,0.81075, Avg. Loss: 5.89884
2024-01-04 09:46:00,979 - INFO: Epoch: 245  train. loss: 5.830128734444255
2024-01-04 09:46:01,412 - INFO: Acc: 0.74637, F1 Score: 0.82989,0.80164,0.81552, Avg. Loss: 5.89784
2024-01-04 09:46:05,571 - INFO: Epoch: 246  train. loss: 5.830092109188544
2024-01-04 09:46:06,005 - INFO: Acc: 0.74525, F1 Score: 0.82830,0.80399,0.81596, Avg. Loss: 5.89819
2024-01-04 09:46:10,269 - INFO: Epoch: 247  train. loss: 5.829968915146607
2024-01-04 09:46:10,707 - INFO: Acc: 0.74525, F1 Score: 0.82651,0.80516,0.81570, Avg. Loss: 5.89881
2024-01-04 09:46:14,754 - INFO: Epoch: 248  train. loss: 5.829916307961132
2024-01-04 09:46:15,278 - INFO: Acc: 0.74525, F1 Score: 0.82609,0.80282,0.81429, Avg. Loss: 5.89848
2024-01-04 09:46:19,090 - INFO: Epoch: 249  train. loss: 5.829947605906921
2024-01-04 09:46:19,617 - INFO: Acc: 0.74749, F1 Score: 0.82850,0.80516,0.81667, Avg. Loss: 5.89867
2024-01-04 09:46:23,566 - INFO: Epoch: 250  train. loss: 5.826939007628708
2024-01-04 09:46:24,092 - INFO: Acc: 0.78547, F1 Score: 0.83901,0.83803,0.83852, Avg. Loss: 5.88612
2024-01-04 09:46:27,832 - INFO: Epoch: 251  train. loss: 5.8196345998124785
2024-01-04 09:46:28,268 - INFO: Acc: 0.79665, F1 Score: 0.84481,0.84977,0.84728, Avg. Loss: 5.88402
2024-01-04 09:46:31,877 - INFO: Epoch: 252  train. loss: 5.818993990794408
2024-01-04 09:46:32,312 - INFO: Acc: 0.79106, F1 Score: 0.83429,0.85094,0.84253, Avg. Loss: 5.88343
2024-01-04 09:46:35,942 - INFO: Epoch: 253  train. loss: 5.818899431043301
2024-01-04 09:46:36,388 - INFO: Acc: 0.80112, F1 Score: 0.84253,0.86033,0.85134, Avg. Loss: 5.88059
2024-01-04 09:46:40,316 - INFO: Epoch: 254  train. loss: 5.81859577437777
2024-01-04 09:46:40,762 - INFO: Acc: 0.80335, F1 Score: 0.84571,0.85563,0.85064, Avg. Loss: 5.88082
2024-01-04 09:46:44,956 - INFO: Epoch: 255  train. loss: 5.818501880540403
2024-01-04 09:46:45,400 - INFO: Acc: 0.79888, F1 Score: 0.84107,0.85094,0.84597, Avg. Loss: 5.88106
2024-01-04 09:46:49,591 - INFO: Epoch: 256  train. loss: 5.818385345635868
2024-01-04 09:46:50,124 - INFO: Acc: 0.80335, F1 Score: 0.84375,0.85563,0.84965, Avg. Loss: 5.88107
2024-01-04 09:46:54,571 - INFO: Epoch: 257  train. loss: 5.818309431469485
2024-01-04 09:46:55,025 - INFO: Acc: 0.80112, F1 Score: 0.84241,0.85329,0.84781, Avg. Loss: 5.88083
2024-01-04 09:46:59,341 - INFO: Epoch: 258  train. loss: 5.818288788143539
2024-01-04 09:46:59,801 - INFO: Acc: 0.80112, F1 Score: 0.84241,0.85329,0.84781, Avg. Loss: 5.88072
2024-01-04 09:47:04,065 - INFO: Epoch: 259  train. loss: 5.818286790402318
2024-01-04 09:47:04,522 - INFO: Acc: 0.80112, F1 Score: 0.84241,0.85329,0.84781, Avg. Loss: 5.88066
2024-01-04 09:47:08,663 - INFO: Epoch: 260  train. loss: 5.818284126747358
2024-01-04 09:47:09,172 - INFO: Acc: 0.79777, F1 Score: 0.83991,0.84977,0.84481, Avg. Loss: 5.88061
2024-01-04 09:47:13,725 - INFO: Epoch: 261  train. loss: 5.818286124488578
2024-01-04 09:47:14,198 - INFO: Acc: 0.79777, F1 Score: 0.83991,0.84977,0.84481, Avg. Loss: 5.88056
2024-01-04 09:47:18,311 - INFO: Epoch: 262  train. loss: 5.8182781335236955
2024-01-04 09:47:18,759 - INFO: Acc: 0.80000, F1 Score: 0.84144,0.85329,0.84732, Avg. Loss: 5.88059
2024-01-04 09:47:22,416 - INFO: Epoch: 263  train. loss: 5.818268144817593
2024-01-04 09:47:22,893 - INFO: Acc: 0.79777, F1 Score: 0.84107,0.85094,0.84597, Avg. Loss: 5.88058
2024-01-04 09:47:26,658 - INFO: Epoch: 264  train. loss: 5.818262151593931
2024-01-04 09:47:27,132 - INFO: Acc: 0.80000, F1 Score: 0.84499,0.85094,0.84795, Avg. Loss: 5.88076
2024-01-04 09:47:30,843 - INFO: Epoch: 265  train. loss: 5.818221530855779
2024-01-04 09:47:31,301 - INFO: Acc: 0.79888, F1 Score: 0.84364,0.84859,0.84611, Avg. Loss: 5.88103
2024-01-04 09:47:35,403 - INFO: Epoch: 266  train. loss: 5.818239510526764
2024-01-04 09:47:35,888 - INFO: Acc: 0.79888, F1 Score: 0.84606,0.84507,0.84557, Avg. Loss: 5.88181
2024-01-04 09:47:39,608 - INFO: Epoch: 267  train. loss: 5.818069702523014
2024-01-04 09:47:40,062 - INFO: Acc: 0.79553, F1 Score: 0.84525,0.84624,0.84575, Avg. Loss: 5.88194
2024-01-04 09:47:43,831 - INFO: Epoch: 268  train. loss: 5.818035075008524
2024-01-04 09:47:44,283 - INFO: Acc: 0.79218, F1 Score: 0.83897,0.84390,0.84143, Avg. Loss: 5.88265
2024-01-04 09:47:48,203 - INFO: Epoch: 269  train. loss: 5.8180144316825775
2024-01-04 09:47:48,837 - INFO: Acc: 0.79553, F1 Score: 0.84088,0.84977,0.84530, Avg. Loss: 5.88249
2024-01-04 09:47:52,764 - INFO: Epoch: 270  train. loss: 5.8180144316825775
2024-01-04 09:47:53,229 - INFO: Acc: 0.79665, F1 Score: 0.84382,0.84977,0.84678, Avg. Loss: 5.88217
2024-01-04 09:47:57,112 - INFO: Epoch: 271  train. loss: 5.8180144316825775
2024-01-04 09:47:57,584 - INFO: Acc: 0.79665, F1 Score: 0.84302,0.85094,0.84696, Avg. Loss: 5.88219
2024-01-04 09:48:01,311 - INFO: Epoch: 272  train. loss: 5.8180144316825775
2024-01-04 09:48:01,763 - INFO: Acc: 0.79553, F1 Score: 0.84051,0.84742,0.84395, Avg. Loss: 5.88223
2024-01-04 09:48:05,629 - INFO: Epoch: 273  train. loss: 5.818012433941357
2024-01-04 09:48:06,095 - INFO: Acc: 0.79665, F1 Score: 0.84186,0.84977,0.84579, Avg. Loss: 5.88216
2024-01-04 09:48:09,765 - INFO: Epoch: 274  train. loss: 5.818009104372656
2024-01-04 09:48:10,232 - INFO: Acc: 0.79665, F1 Score: 0.84186,0.84977,0.84579, Avg. Loss: 5.88197
2024-01-04 09:48:13,970 - INFO: Epoch: 275  train. loss: 5.818012433941357
2024-01-04 09:48:14,429 - INFO: Acc: 0.79888, F1 Score: 0.84535,0.85329,0.84930, Avg. Loss: 5.88196
2024-01-04 09:48:18,322 - INFO: Epoch: 276  train. loss: 5.818007106631436
2024-01-04 09:48:19,054 - INFO: Acc: 0.79553, F1 Score: 0.84088,0.84977,0.84530, Avg. Loss: 5.88232
2024-01-04 09:48:23,219 - INFO: Epoch: 277  train. loss: 5.818011102113877
2024-01-04 09:48:23,673 - INFO: Acc: 0.79330, F1 Score: 0.83935,0.84624,0.84278, Avg. Loss: 5.88291
2024-01-04 09:48:27,465 - INFO: Epoch: 278  train. loss: 5.818655706614388
2024-01-04 09:48:27,920 - INFO: Acc: 0.77095, F1 Score: 0.82374,0.82277,0.82325, Avg. Loss: 5.89199
2024-01-04 09:48:31,729 - INFO: Epoch: 279  train. loss: 5.825253579952268
2024-01-04 09:48:32,309 - INFO: Acc: 0.79888, F1 Score: 0.84795,0.85094,0.84944, Avg. Loss: 5.88606
2024-01-04 09:48:36,019 - INFO: Epoch: 280  train. loss: 5.821242781495056
2024-01-04 09:48:36,489 - INFO: Acc: 0.79888, F1 Score: 0.85006,0.84507,0.84756, Avg. Loss: 5.88531
2024-01-04 09:48:40,274 - INFO: Epoch: 281  train. loss: 5.818860142132629
2024-01-04 09:48:40,715 - INFO: Acc: 0.79218, F1 Score: 0.84242,0.83451,0.83844, Avg. Loss: 5.88407
2024-01-04 09:48:44,549 - INFO: Epoch: 282  train. loss: 5.818153607654279
2024-01-04 09:48:45,109 - INFO: Acc: 0.78883, F1 Score: 0.84468,0.82981,0.83718, Avg. Loss: 5.88410
2024-01-04 09:48:49,040 - INFO: Epoch: 283  train. loss: 5.8179591608421415
2024-01-04 09:48:49,500 - INFO: Acc: 0.79106, F1 Score: 0.84881,0.83685,0.84279, Avg. Loss: 5.88357
2024-01-04 09:48:53,375 - INFO: Epoch: 284  train. loss: 5.817895233123082
2024-01-04 09:48:53,818 - INFO: Acc: 0.79218, F1 Score: 0.84416,0.83920,0.84167, Avg. Loss: 5.88236
2024-01-04 09:48:57,560 - INFO: Epoch: 285  train. loss: 5.817878585279577
2024-01-04 09:48:58,008 - INFO: Acc: 0.79218, F1 Score: 0.84416,0.83920,0.84167, Avg. Loss: 5.88258
2024-01-04 09:49:01,733 - INFO: Epoch: 286  train. loss: 5.817868596573474
2024-01-04 09:49:02,205 - INFO: Acc: 0.79330, F1 Score: 0.84698,0.83803,0.84248, Avg. Loss: 5.88311
2024-01-04 09:49:05,908 - INFO: Epoch: 287  train. loss: 5.817656170090351
2024-01-04 09:49:06,363 - INFO: Acc: 0.79218, F1 Score: 0.84561,0.83568,0.84061, Avg. Loss: 5.88370
2024-01-04 09:49:10,081 - INFO: Epoch: 288  train. loss: 5.817636858591886
2024-01-04 09:49:10,625 - INFO: Acc: 0.79441, F1 Score: 0.84798,0.83803,0.84298, Avg. Loss: 5.88317
2024-01-04 09:49:14,437 - INFO: Epoch: 289  train. loss: 5.817626869885783
2024-01-04 09:49:14,891 - INFO: Acc: 0.78994, F1 Score: 0.84561,0.83568,0.84061, Avg. Loss: 5.88339
2024-01-04 09:49:18,575 - INFO: Epoch: 290  train. loss: 5.8175469602369585
2024-01-04 09:49:19,025 - INFO: Acc: 0.79218, F1 Score: 0.84497,0.83803,0.84148, Avg. Loss: 5.88319
2024-01-04 09:49:22,733 - INFO: Epoch: 291  train. loss: 5.817525650997273
2024-01-04 09:49:23,179 - INFO: Acc: 0.79330, F1 Score: 0.84615,0.83920,0.84266, Avg. Loss: 5.88301
2024-01-04 09:49:26,921 - INFO: Epoch: 292  train. loss: 5.817520989601091
2024-01-04 09:49:27,381 - INFO: Acc: 0.79441, F1 Score: 0.84834,0.84038,0.84434, Avg. Loss: 5.88281
2024-01-04 09:49:31,320 - INFO: Epoch: 293  train. loss: 5.81751899185987
2024-01-04 09:49:31,919 - INFO: Acc: 0.79441, F1 Score: 0.84834,0.84038,0.84434, Avg. Loss: 5.88283
2024-01-04 09:49:35,633 - INFO: Epoch: 294  train. loss: 5.817520989601091
2024-01-04 09:49:36,271 - INFO: Acc: 0.79665, F1 Score: 0.85071,0.84272,0.84670, Avg. Loss: 5.88262
2024-01-04 09:49:40,525 - INFO: Epoch: 295  train. loss: 5.81751699411865
2024-01-04 09:49:41,006 - INFO: Acc: 0.79553, F1 Score: 0.84935,0.84038,0.84484, Avg. Loss: 5.88276
2024-01-04 09:49:44,704 - INFO: Epoch: 296  train. loss: 5.817520323687351
2024-01-04 09:49:45,230 - INFO: Acc: 0.79888, F1 Score: 0.85291,0.84390,0.84838, Avg. Loss: 5.88253
2024-01-04 09:49:49,301 - INFO: Epoch: 297  train. loss: 5.81751766003239
2024-01-04 09:49:49,750 - INFO: Acc: 0.79888, F1 Score: 0.85273,0.84272,0.84770, Avg. Loss: 5.88268
2024-01-04 09:49:53,759 - INFO: Epoch: 298  train. loss: 5.817519657773611
2024-01-04 09:49:54,351 - INFO: Acc: 0.79888, F1 Score: 0.85291,0.84390,0.84838, Avg. Loss: 5.88245
2024-01-04 09:49:58,275 - INFO: Epoch: 299  train. loss: 5.81751632820491
2024-01-04 09:49:58,715 - INFO: Acc: 0.79553, F1 Score: 0.84917,0.83920,0.84416, Avg. Loss: 5.88265
2024-01-04 09:50:02,419 - INFO: Epoch: 300  train. loss: 5.817513664549949
2024-01-04 09:50:02,895 - INFO: Acc: 0.80000, F1 Score: 0.85427,0.84624,0.85024, Avg. Loss: 5.88225
2024-01-04 09:50:06,940 - INFO: Epoch: 301  train. loss: 5.817514330463689
2024-01-04 09:50:07,387 - INFO: Acc: 0.79441, F1 Score: 0.84982,0.83685,0.84329, Avg. Loss: 5.88265
2024-01-04 09:50:11,143 - INFO: Epoch: 302  train. loss: 5.81751632820491
2024-01-04 09:50:11,589 - INFO: Acc: 0.79888, F1 Score: 0.85325,0.84624,0.84973, Avg. Loss: 5.88225
2024-01-04 09:50:15,290 - INFO: Epoch: 303  train. loss: 5.817510334981248
2024-01-04 09:50:15,737 - INFO: Acc: 0.79441, F1 Score: 0.84899,0.83803,0.84347, Avg. Loss: 5.88249
2024-01-04 09:50:19,615 - INFO: Epoch: 304  train. loss: 5.817513664549949
2024-01-04 09:50:20,058 - INFO: Acc: 0.79888, F1 Score: 0.85409,0.84507,0.84956, Avg. Loss: 5.88221
2024-01-04 09:50:23,781 - INFO: Epoch: 305  train. loss: 5.817513664549949
2024-01-04 09:50:24,228 - INFO: Acc: 0.79553, F1 Score: 0.85018,0.83920,0.84465, Avg. Loss: 5.88232
2024-01-04 09:50:28,364 - INFO: Epoch: 306  train. loss: 5.81751566229117
2024-01-04 09:50:28,807 - INFO: Acc: 0.79665, F1 Score: 0.85154,0.84155,0.84652, Avg. Loss: 5.88210
2024-01-04 09:50:32,723 - INFO: Epoch: 307  train. loss: 5.817514330463689
2024-01-04 09:50:33,169 - INFO: Acc: 0.79330, F1 Score: 0.84698,0.83803,0.84248, Avg. Loss: 5.88247
2024-01-04 09:50:36,882 - INFO: Epoch: 308  train. loss: 5.817512332722468
2024-01-04 09:50:37,466 - INFO: Acc: 0.79553, F1 Score: 0.85053,0.84155,0.84602, Avg. Loss: 5.88216
2024-01-04 09:50:41,343 - INFO: Epoch: 309  train. loss: 5.817512998636209
2024-01-04 09:50:41,785 - INFO: Acc: 0.79441, F1 Score: 0.84816,0.83920,0.84366, Avg. Loss: 5.88239
2024-01-04 09:50:45,459 - INFO: Epoch: 310  train. loss: 5.817487693914081
2024-01-04 09:50:45,915 - INFO: Acc: 0.80112, F1 Score: 0.85395,0.85094,0.85244, Avg. Loss: 5.88207
2024-01-04 09:50:49,667 - INFO: Epoch: 311  train. loss: 5.81748369843164
2024-01-04 09:50:50,109 - INFO: Acc: 0.79553, F1 Score: 0.84870,0.84272,0.84570, Avg. Loss: 5.88242
2024-01-04 09:50:53,779 - INFO: Epoch: 312  train. loss: 5.817457727795772
2024-01-04 09:50:54,233 - INFO: Acc: 0.80335, F1 Score: 0.85329,0.85329,0.85329, Avg. Loss: 5.88169
2024-01-04 09:50:58,108 - INFO: Epoch: 313  train. loss: 5.817453066399591
2024-01-04 09:50:58,548 - INFO: Acc: 0.79553, F1 Score: 0.84788,0.84390,0.84588, Avg. Loss: 5.88240
2024-01-04 09:51:02,240 - INFO: Epoch: 314  train. loss: 5.817453732313331
2024-01-04 09:51:02,726 - INFO: Acc: 0.79888, F1 Score: 0.85059,0.84859,0.84959, Avg. Loss: 5.88205
2024-01-04 09:51:06,619 - INFO: Epoch: 315  train. loss: 5.817453066399591
2024-01-04 09:51:07,051 - INFO: Acc: 0.79665, F1 Score: 0.84988,0.84390,0.84688, Avg. Loss: 5.88249
2024-01-04 09:51:10,828 - INFO: Epoch: 316  train. loss: 5.8174497368308895
2024-01-04 09:51:11,271 - INFO: Acc: 0.79777, F1 Score: 0.84923,0.84624,0.84774, Avg. Loss: 5.88213
2024-01-04 09:51:15,187 - INFO: Epoch: 317  train. loss: 5.817436418556086
2024-01-04 09:51:15,640 - INFO: Acc: 0.79777, F1 Score: 0.85089,0.84390,0.84738, Avg. Loss: 5.88267
2024-01-04 09:51:19,424 - INFO: Epoch: 318  train. loss: 5.8174270957637235
2024-01-04 09:51:19,874 - INFO: Acc: 0.79777, F1 Score: 0.85089,0.84390,0.84738, Avg. Loss: 5.88246
2024-01-04 09:51:23,581 - INFO: Epoch: 319  train. loss: 5.817419104798841
2024-01-04 09:51:24,032 - INFO: Acc: 0.79888, F1 Score: 0.85071,0.84272,0.84670, Avg. Loss: 5.88371
2024-01-04 09:51:27,920 - INFO: Epoch: 320  train. loss: 5.817499014447664
2024-01-04 09:51:28,361 - INFO: Acc: 0.80000, F1 Score: 0.85142,0.84742,0.84941, Avg. Loss: 5.88329
2024-01-04 09:51:32,044 - INFO: Epoch: 321  train. loss: 5.817509669067507
2024-01-04 09:51:32,503 - INFO: Acc: 0.78994, F1 Score: 0.84852,0.84155,0.84502, Avg. Loss: 5.88401
2024-01-04 09:51:36,166 - INFO: Epoch: 322  train. loss: 5.819255694894307
2024-01-04 09:51:36,606 - INFO: Acc: 0.75978, F1 Score: 0.83092,0.80751,0.81905, Avg. Loss: 5.89687
2024-01-04 09:51:40,281 - INFO: Epoch: 323  train. loss: 5.821072973491306
2024-01-04 09:51:40,719 - INFO: Acc: 0.76648, F1 Score: 0.83435,0.80399,0.81889, Avg. Loss: 5.89224
2024-01-04 09:51:44,821 - INFO: Epoch: 324  train. loss: 5.819791089541425
2024-01-04 09:51:45,260 - INFO: Acc: 0.79106, F1 Score: 0.83391,0.84859,0.84119, Avg. Loss: 5.88697
2024-01-04 09:51:48,934 - INFO: Epoch: 325  train. loss: 5.818242174181726
2024-01-04 09:51:49,383 - INFO: Acc: 0.77765, F1 Score: 0.81734,0.82981,0.82353, Avg. Loss: 5.88962
2024-01-04 09:51:53,057 - INFO: Epoch: 326  train. loss: 5.817696790828503
2024-01-04 09:51:53,514 - INFO: Acc: 0.78212, F1 Score: 0.83255,0.82864,0.83059, Avg. Loss: 5.88929
2024-01-04 09:51:57,348 - INFO: Epoch: 327  train. loss: 5.817510334981248
2024-01-04 09:51:57,948 - INFO: Acc: 0.77989, F1 Score: 0.82670,0.82864,0.82767, Avg. Loss: 5.89138
2024-01-04 09:52:01,621 - INFO: Epoch: 328  train. loss: 5.817324545047732
2024-01-04 09:52:02,071 - INFO: Acc: 0.78101, F1 Score: 0.82884,0.82981,0.82933, Avg. Loss: 5.89068
2024-01-04 09:52:05,792 - INFO: Epoch: 329  train. loss: 5.817275267430958
2024-01-04 09:52:06,241 - INFO: Acc: 0.78212, F1 Score: 0.82924,0.83216,0.83070, Avg. Loss: 5.88981
2024-01-04 09:52:09,975 - INFO: Epoch: 330  train. loss: 5.817267276466076
2024-01-04 09:52:10,497 - INFO: Acc: 0.77989, F1 Score: 0.83079,0.82981,0.83030, Avg. Loss: 5.88941
2024-01-04 09:52:14,367 - INFO: Epoch: 331  train. loss: 5.817265944638596
2024-01-04 09:52:14,888 - INFO: Acc: 0.78101, F1 Score: 0.83255,0.82864,0.83059, Avg. Loss: 5.88956
2024-01-04 09:52:18,748 - INFO: Epoch: 332  train. loss: 5.8172326489515855
2024-01-04 09:52:19,196 - INFO: Acc: 0.78659, F1 Score: 0.83981,0.83685,0.83833, Avg. Loss: 5.88840
2024-01-04 09:52:23,023 - INFO: Epoch: 333  train. loss: 5.817192028213434
2024-01-04 09:52:23,472 - INFO: Acc: 0.78547, F1 Score: 0.84185,0.83099,0.83639, Avg. Loss: 5.88946
2024-01-04 09:52:27,177 - INFO: Epoch: 334  train. loss: 5.817076825136379
2024-01-04 09:52:27,623 - INFO: Acc: 0.77877, F1 Score: 0.83274,0.82394,0.82832, Avg. Loss: 5.89087
2024-01-04 09:52:31,317 - INFO: Epoch: 335  train. loss: 5.816970278937948
2024-01-04 09:52:31,758 - INFO: Acc: 0.78212, F1 Score: 0.83452,0.82864,0.83157, Avg. Loss: 5.88972
2024-01-04 09:52:35,394 - INFO: Epoch: 336  train. loss: 5.816964285714286
2024-01-04 09:52:35,844 - INFO: Acc: 0.78101, F1 Score: 0.83432,0.82746,0.83088, Avg. Loss: 5.88963
2024-01-04 09:52:39,569 - INFO: Epoch: 337  train. loss: 5.816966283455506
2024-01-04 09:52:40,022 - INFO: Acc: 0.78101, F1 Score: 0.83452,0.82864,0.83157, Avg. Loss: 5.88945
2024-01-04 09:52:43,931 - INFO: Epoch: 338  train. loss: 5.816964285714286
2024-01-04 09:52:44,383 - INFO: Acc: 0.78101, F1 Score: 0.83432,0.82746,0.83088, Avg. Loss: 5.88973
2024-01-04 09:52:48,098 - INFO: Epoch: 339  train. loss: 5.816960290231845
2024-01-04 09:52:48,550 - INFO: Acc: 0.78324, F1 Score: 0.83570,0.82981,0.83274, Avg. Loss: 5.88955
2024-01-04 09:52:52,236 - INFO: Epoch: 340  train. loss: 5.816958958404364
2024-01-04 09:52:52,679 - INFO: Acc: 0.78212, F1 Score: 0.83550,0.82864,0.83206, Avg. Loss: 5.88939
2024-01-04 09:52:56,390 - INFO: Epoch: 341  train. loss: 5.816960290231845
2024-01-04 09:52:56,838 - INFO: Acc: 0.78436, F1 Score: 0.83787,0.83099,0.83441, Avg. Loss: 5.88928
2024-01-04 09:53:00,736 - INFO: Epoch: 342  train. loss: 5.816960956145585
2024-01-04 09:53:01,174 - INFO: Acc: 0.78324, F1 Score: 0.83570,0.82981,0.83274, Avg. Loss: 5.88930
2024-01-04 09:53:04,811 - INFO: Epoch: 343  train. loss: 5.816961622059325
2024-01-04 09:53:05,253 - INFO: Acc: 0.78324, F1 Score: 0.83570,0.82981,0.83274, Avg. Loss: 5.88939
2024-01-04 09:53:09,021 - INFO: Epoch: 344  train. loss: 5.816960290231845
2024-01-04 09:53:09,464 - INFO: Acc: 0.78212, F1 Score: 0.83550,0.82864,0.83206, Avg. Loss: 5.88913
2024-01-04 09:53:13,604 - INFO: Epoch: 345  train. loss: 5.8169596243181045
2024-01-04 09:53:14,048 - INFO: Acc: 0.78547, F1 Score: 0.83905,0.83216,0.83559, Avg. Loss: 5.88908
2024-01-04 09:53:17,797 - INFO: Epoch: 346  train. loss: 5.816958292490624
2024-01-04 09:53:18,302 - INFO: Acc: 0.78101, F1 Score: 0.83432,0.82746,0.83088, Avg. Loss: 5.88918
2024-01-04 09:53:22,120 - INFO: Epoch: 347  train. loss: 5.816960956145585
2024-01-04 09:53:22,563 - INFO: Acc: 0.78324, F1 Score: 0.83589,0.83099,0.83343, Avg. Loss: 5.88932
2024-01-04 09:53:26,219 - INFO: Epoch: 348  train. loss: 5.816960290231845
2024-01-04 09:53:26,665 - INFO: Acc: 0.78659, F1 Score: 0.83901,0.83803,0.83852, Avg. Loss: 5.88862
2024-01-04 09:53:30,326 - INFO: Epoch: 349  train. loss: 5.817025549778384
2024-01-04 09:53:30,771 - INFO: Acc: 0.77430, F1 Score: 0.82686,0.82394,0.82540, Avg. Loss: 5.89101
2024-01-04 09:53:34,450 - INFO: Epoch: 350  train. loss: 5.817022886123423
2024-01-04 09:53:34,889 - INFO: Acc: 0.78324, F1 Score: 0.84606,0.81925,0.83244, Avg. Loss: 5.88676
2024-01-04 09:53:38,579 - INFO: Epoch: 351  train. loss: 5.816946306043301
2024-01-04 09:53:39,017 - INFO: Acc: 0.78436, F1 Score: 0.84578,0.82394,0.83472, Avg. Loss: 5.88806
2024-01-04 09:53:42,704 - INFO: Epoch: 352  train. loss: 5.816956294749403
2024-01-04 09:53:43,146 - INFO: Acc: 0.77654, F1 Score: 0.83976,0.81808,0.82878, Avg. Loss: 5.88751
2024-01-04 09:53:46,885 - INFO: Epoch: 353  train. loss: 5.81684442124105
2024-01-04 09:53:47,349 - INFO: Acc: 0.79441, F1 Score: 0.85137,0.84038,0.84584, Avg. Loss: 5.88489
2024-01-04 09:53:51,055 - INFO: Epoch: 354  train. loss: 5.816976272161609
2024-01-04 09:53:51,492 - INFO: Acc: 0.78659, F1 Score: 0.84625,0.82042,0.83313, Avg. Loss: 5.88672
2024-01-04 09:53:55,174 - INFO: Epoch: 355  train. loss: 5.8168990261677465
2024-01-04 09:53:55,618 - INFO: Acc: 0.79888, F1 Score: 0.84953,0.84155,0.84552, Avg. Loss: 5.88255
2024-01-04 09:53:59,424 - INFO: Epoch: 356  train. loss: 5.816884376065462
2024-01-04 09:53:59,915 - INFO: Acc: 0.80000, F1 Score: 0.84678,0.84977,0.84827, Avg. Loss: 5.88056
2024-01-04 09:54:03,830 - INFO: Epoch: 357  train. loss: 5.816850414464712
2024-01-04 09:54:04,439 - INFO: Acc: 0.79777, F1 Score: 0.84083,0.85563,0.84817, Avg. Loss: 5.88081
2024-01-04 09:54:08,465 - INFO: Epoch: 358  train. loss: 5.816701915700648
2024-01-04 09:54:08,968 - INFO: Acc: 0.77318, F1 Score: 0.81434,0.81338,0.81386, Avg. Loss: 5.88901
2024-01-04 09:54:12,570 - INFO: Epoch: 359  train. loss: 5.816570064780088
2024-01-04 09:54:13,007 - INFO: Acc: 0.78994, F1 Score: 0.83528,0.83920,0.83724, Avg. Loss: 5.88433
2024-01-04 09:54:16,685 - INFO: Epoch: 360  train. loss: 5.816516791680873
2024-01-04 09:54:17,142 - INFO: Acc: 0.77207, F1 Score: 0.82614,0.80869,0.81732, Avg. Loss: 5.88804
2024-01-04 09:54:20,807 - INFO: Epoch: 361  train. loss: 5.816468179977838
2024-01-04 09:54:21,272 - INFO: Acc: 0.78659, F1 Score: 0.83571,0.82394,0.82979, Avg. Loss: 5.88362
2024-01-04 09:54:24,977 - INFO: Epoch: 362  train. loss: 5.816370956571769
2024-01-04 09:54:25,419 - INFO: Acc: 0.78659, F1 Score: 0.83412,0.82629,0.83019, Avg. Loss: 5.88419
2024-01-04 09:54:28,966 - INFO: Epoch: 363  train. loss: 5.816394263552676
2024-01-04 09:54:29,400 - INFO: Acc: 0.79106, F1 Score: 0.83178,0.83568,0.83372, Avg. Loss: 5.88125
2024-01-04 09:54:33,203 - INFO: Epoch: 364  train. loss: 5.816240437478691
2024-01-04 09:54:33,639 - INFO: Acc: 0.79106, F1 Score: 0.83121,0.84390,0.83751, Avg. Loss: 5.88024
2024-01-04 09:54:37,279 - INFO: Epoch: 365  train. loss: 5.816185166638254
2024-01-04 09:54:37,717 - INFO: Acc: 0.79330, F1 Score: 0.83939,0.84038,0.83988, Avg. Loss: 5.88207
2024-01-04 09:54:41,279 - INFO: Epoch: 366  train. loss: 5.816402254517559
2024-01-04 09:54:41,718 - INFO: Acc: 0.79330, F1 Score: 0.84543,0.84742,0.84642, Avg. Loss: 5.88312
2024-01-04 09:54:45,239 - INFO: Epoch: 367  train. loss: 5.817031543002046
2024-01-04 09:54:45,824 - INFO: Acc: 0.77318, F1 Score: 0.82471,0.82277,0.82374, Avg. Loss: 5.89177
2024-01-04 09:54:49,405 - INFO: Epoch: 368  train. loss: 5.8174177729713605
2024-01-04 09:54:49,846 - INFO: Acc: 0.78547, F1 Score: 0.84185,0.83099,0.83639, Avg. Loss: 5.88776
2024-01-04 09:54:53,391 - INFO: Epoch: 369  train. loss: 5.817052186327992
2024-01-04 09:54:53,829 - INFO: Acc: 0.77989, F1 Score: 0.83612,0.82042,0.82820, Avg. Loss: 5.89276
2024-01-04 09:54:57,415 - INFO: Epoch: 370  train. loss: 5.816337660884759
2024-01-04 09:54:57,852 - INFO: Acc: 0.78883, F1 Score: 0.83822,0.83920,0.83871, Avg. Loss: 5.89042
2024-01-04 09:55:01,429 - INFO: Epoch: 371  train. loss: 5.8163762838816915
2024-01-04 09:55:01,865 - INFO: Acc: 0.78994, F1 Score: 0.84061,0.83568,0.83814, Avg. Loss: 5.88741
2024-01-04 09:55:05,434 - INFO: Epoch: 372  train. loss: 5.81606796581998
2024-01-04 09:55:05,888 - INFO: Acc: 0.78771, F1 Score: 0.83628,0.83333,0.83480, Avg. Loss: 5.88930
2024-01-04 09:55:09,533 - INFO: Epoch: 373  train. loss: 5.815926126193317
2024-01-04 09:55:09,965 - INFO: Acc: 0.78883, F1 Score: 0.84652,0.82864,0.83749, Avg. Loss: 5.89043
2024-01-04 09:55:13,544 - INFO: Epoch: 374  train. loss: 5.81590015555745
2024-01-04 09:55:13,988 - INFO: Acc: 0.78994, F1 Score: 0.83901,0.83803,0.83852, Avg. Loss: 5.88814
2024-01-04 09:55:17,711 - INFO: Epoch: 375  train. loss: 5.815889500937606
2024-01-04 09:55:18,150 - INFO: Acc: 0.78659, F1 Score: 0.83981,0.83685,0.83833, Avg. Loss: 5.88997
2024-01-04 09:55:21,721 - INFO: Epoch: 376  train. loss: 5.81586752578418
2024-01-04 09:55:22,154 - INFO: Acc: 0.78659, F1 Score: 0.84061,0.83568,0.83814, Avg. Loss: 5.88957
2024-01-04 09:55:25,717 - INFO: Epoch: 377  train. loss: 5.81586819169792
2024-01-04 09:55:26,155 - INFO: Acc: 0.78771, F1 Score: 0.84000,0.83803,0.83901, Avg. Loss: 5.88932
2024-01-04 09:55:29,698 - INFO: Epoch: 378  train. loss: 5.815866193956699
2024-01-04 09:55:30,132 - INFO: Acc: 0.78883, F1 Score: 0.84019,0.83920,0.83969, Avg. Loss: 5.88926
2024-01-04 09:55:33,690 - INFO: Epoch: 379  train. loss: 5.815866193956699
2024-01-04 09:55:34,124 - INFO: Acc: 0.78883, F1 Score: 0.84019,0.83920,0.83969, Avg. Loss: 5.88913
2024-01-04 09:55:37,660 - INFO: Epoch: 380  train. loss: 5.815860866646778
2024-01-04 09:55:38,094 - INFO: Acc: 0.78994, F1 Score: 0.84038,0.84038,0.84038, Avg. Loss: 5.88895
2024-01-04 09:55:41,794 - INFO: Epoch: 381  train. loss: 5.8158442188032735
2024-01-04 09:55:42,234 - INFO: Acc: 0.78771, F1 Score: 0.84000,0.83803,0.83901, Avg. Loss: 5.88874
2024-01-04 09:55:45,975 - INFO: Epoch: 382  train. loss: 5.815842221062052
2024-01-04 09:55:46,409 - INFO: Acc: 0.78994, F1 Score: 0.84038,0.84038,0.84038, Avg. Loss: 5.88874
2024-01-04 09:55:50,034 - INFO: Epoch: 383  train. loss: 5.8158442188032735
2024-01-04 09:55:50,467 - INFO: Acc: 0.78883, F1 Score: 0.84118,0.83920,0.84019, Avg. Loss: 5.88853
2024-01-04 09:55:54,034 - INFO: Epoch: 384  train. loss: 5.815840889234572
2024-01-04 09:55:54,469 - INFO: Acc: 0.78994, F1 Score: 0.84038,0.84038,0.84038, Avg. Loss: 5.88851
2024-01-04 09:55:58,012 - INFO: Epoch: 385  train. loss: 5.815841555148312
2024-01-04 09:55:58,447 - INFO: Acc: 0.78883, F1 Score: 0.84136,0.84038,0.84087, Avg. Loss: 5.88829
2024-01-04 09:56:02,041 - INFO: Epoch: 386  train. loss: 5.815842886975792
2024-01-04 09:56:02,477 - INFO: Acc: 0.78994, F1 Score: 0.84155,0.84155,0.84155, Avg. Loss: 5.88832
2024-01-04 09:56:06,024 - INFO: Epoch: 387  train. loss: 5.815841555148312
2024-01-04 09:56:06,465 - INFO: Acc: 0.78883, F1 Score: 0.84136,0.84038,0.84087, Avg. Loss: 5.88818
2024-01-04 09:56:10,037 - INFO: Epoch: 388  train. loss: 5.815838891493351
2024-01-04 09:56:10,471 - INFO: Acc: 0.78883, F1 Score: 0.84038,0.84038,0.84038, Avg. Loss: 5.88804
2024-01-04 09:56:14,016 - INFO: Epoch: 389  train. loss: 5.815829568700988
2024-01-04 09:56:14,449 - INFO: Acc: 0.78771, F1 Score: 0.83822,0.83920,0.83871, Avg. Loss: 5.88814
2024-01-04 09:56:18,009 - INFO: Epoch: 390  train. loss: 5.815784952480396
2024-01-04 09:56:18,442 - INFO: Acc: 0.78771, F1 Score: 0.83920,0.83920,0.83920, Avg. Loss: 5.88800
2024-01-04 09:56:22,012 - INFO: Epoch: 391  train. loss: 5.815784286566656
2024-01-04 09:56:22,446 - INFO: Acc: 0.78883, F1 Score: 0.83958,0.84155,0.84056, Avg. Loss: 5.88767
2024-01-04 09:56:26,029 - INFO: Epoch: 392  train. loss: 5.815782954739175
2024-01-04 09:56:26,470 - INFO: Acc: 0.78547, F1 Score: 0.83666,0.83568,0.83617, Avg. Loss: 5.88813
2024-01-04 09:56:30,079 - INFO: Epoch: 393  train. loss: 5.815786284307876
2024-01-04 09:56:30,515 - INFO: Acc: 0.78883, F1 Score: 0.83860,0.84155,0.84007, Avg. Loss: 5.88749
2024-01-04 09:56:34,115 - INFO: Epoch: 394  train. loss: 5.815782954739175
2024-01-04 09:56:34,559 - INFO: Acc: 0.78771, F1 Score: 0.83822,0.83920,0.83871, Avg. Loss: 5.88778
2024-01-04 09:56:38,189 - INFO: Epoch: 395  train. loss: 5.815782288825435
2024-01-04 09:56:38,633 - INFO: Acc: 0.78994, F1 Score: 0.83879,0.84272,0.84075, Avg. Loss: 5.88733
2024-01-04 09:56:42,267 - INFO: Epoch: 396  train. loss: 5.815784952480396
2024-01-04 09:56:42,714 - INFO: Acc: 0.78771, F1 Score: 0.83645,0.84038,0.83841, Avg. Loss: 5.88764
2024-01-04 09:56:46,316 - INFO: Epoch: 397  train. loss: 5.815784952480396
2024-01-04 09:56:46,762 - INFO: Acc: 0.79106, F1 Score: 0.83995,0.84390,0.84192, Avg. Loss: 5.88716
2024-01-04 09:56:50,381 - INFO: Epoch: 398  train. loss: 5.815781622911694
2024-01-04 09:56:50,832 - INFO: Acc: 0.78771, F1 Score: 0.83841,0.84038,0.83939, Avg. Loss: 5.88738
2024-01-04 09:56:54,472 - INFO: Epoch: 399  train. loss: 5.815782288825435
2024-01-04 09:56:54,926 - INFO: Acc: 0.78994, F1 Score: 0.83897,0.84390,0.84143, Avg. Loss: 5.88694
2024-01-04 09:56:58,534 - INFO: Epoch: 0  train. loss: 6.475740096530855
2024-01-04 09:56:58,969 - INFO: Acc: 0.26145, F1 Score: 0.00000,0.00000,0.00000, Avg. Loss: 6.45053
2024-01-04 09:57:02,618 - INFO: Epoch: 1  train. loss: 6.459423878068531
2024-01-04 09:57:03,053 - INFO: Acc: 0.26145, F1 Score: 0.00000,0.00000,0.00000, Avg. Loss: 6.45053
2024-01-04 09:57:06,632 - INFO: Epoch: 2  train. loss: 6.459417884844869
2024-01-04 09:57:07,067 - INFO: Acc: 0.26145, F1 Score: 0.00000,0.00000,0.00000, Avg. Loss: 6.45053
2024-01-04 09:57:10,667 - INFO: Epoch: 3  train. loss: 6.459423212154791
2024-01-04 09:57:11,105 - INFO: Acc: 0.26145, F1 Score: 0.00000,0.00000,0.00000, Avg. Loss: 6.45053
2024-01-04 09:57:14,641 - INFO: Epoch: 4  train. loss: 6.459430537205932
2024-01-04 09:57:15,069 - INFO: Acc: 0.26145, F1 Score: 0.00000,0.00000,0.00000, Avg. Loss: 6.45053
2024-01-04 09:57:18,492 - INFO: Epoch: 5  train. loss: 6.459425875809751
2024-01-04 09:57:18,925 - INFO: Acc: 0.26145, F1 Score: 0.00000,0.00000,0.00000, Avg. Loss: 6.45053
2024-01-04 09:57:22,534 - INFO: Epoch: 6  train. loss: 6.459429871292192
2024-01-04 09:57:22,981 - INFO: Acc: 0.26145, F1 Score: 0.00000,0.00000,0.00000, Avg. Loss: 6.45053
2024-01-04 09:57:26,568 - INFO: Epoch: 7  train. loss: 6.459425209896011
2024-01-04 09:57:27,001 - INFO: Acc: 0.26145, F1 Score: 0.00000,0.00000,0.00000, Avg. Loss: 6.45053
2024-01-04 09:57:30,573 - INFO: Epoch: 8  train. loss: 6.459443189566996
2024-01-04 09:57:31,007 - INFO: Acc: 0.26145, F1 Score: 0.00000,0.00000,0.00000, Avg. Loss: 6.45053
2024-01-04 09:57:34,578 - INFO: Epoch: 9  train. loss: 6.459427207637232
2024-01-04 09:57:35,012 - INFO: Acc: 0.26145, F1 Score: 0.00000,0.00000,0.00000, Avg. Loss: 6.45053
2024-01-04 09:57:38,584 - INFO: Epoch: 10  train. loss: 6.459428539464712
2024-01-04 09:57:39,018 - INFO: Acc: 0.26145, F1 Score: 0.00000,0.00000,0.00000, Avg. Loss: 6.45053
2024-01-04 09:57:42,601 - INFO: Epoch: 11  train. loss: 6.459418550758609
2024-01-04 09:57:43,161 - INFO: Acc: 0.26145, F1 Score: 0.00000,0.00000,0.00000, Avg. Loss: 6.45053
2024-01-04 09:57:46,726 - INFO: Epoch: 12  train. loss: 6.459432534947153
2024-01-04 09:57:47,242 - INFO: Acc: 0.26145, F1 Score: 0.00000,0.00000,0.00000, Avg. Loss: 6.45053
2024-01-04 09:57:50,806 - INFO: Epoch: 13  train. loss: 6.459419882586089
2024-01-04 09:57:51,532 - INFO: Acc: 0.26145, F1 Score: 0.00000,0.00000,0.00000, Avg. Loss: 6.45053
