2024-01-06 11:55:35,320 - INFO: +---------------+--------------------+
| Parameter     | Value              |
+---------------+--------------------+
| dataroot      | ./data             |
+---------------+--------------------+
| word2vec_path | ./word2vec-768.txt |
+---------------+--------------------+
| seed          | 999                |
+---------------+--------------------+
| device        | 0                  |
+---------------+--------------------+
| testing       | False              |
+---------------+--------------------+
| batch_size    | 32                 |
+---------------+--------------------+
| lr            | 0.001              |
+---------------+--------------------+
| max_epoch     | 100                |
+---------------+--------------------+
| augment       | False              |
+---------------+--------------------+
| encoder_cell  | LSTM               |
+---------------+--------------------+
| rnn           | GRU                |
+---------------+--------------------+
| noise         | 1                  |
+---------------+--------------------+
| dropout       | 0.200              |
+---------------+--------------------+
| embed_size    | 768                |
+---------------+--------------------+
| hidden_size   | 128                |
+---------------+--------------------+
| num_layer     | 1                  |
+---------------+--------------------+
| pinyin        | False              |
+---------------+--------------------+
| crf           | False              |
+---------------+--------------------+
| bert          | False              |
+---------------+--------------------+
2024-01-06 11:55:52,022 - INFO: Epoch: 0  train. loss: 6.479242802804296
2024-01-06 11:55:53,104 - INFO: Acc: 0.26145, F1 Score: 0.00000,0.00000,0.00000, Avg. Loss: 6.45052
2024-01-06 11:56:08,214 - INFO: Epoch: 1  train. loss: 6.385131211643369
2024-01-06 11:56:09,250 - INFO: Acc: 0.26145, F1 Score: 0.00000,0.00000,0.00000, Avg. Loss: 6.27060
2024-01-06 11:56:24,868 - INFO: Epoch: 2  train. loss: 6.281067539635186
2024-01-06 11:56:25,886 - INFO: Acc: 0.26145, F1 Score: 0.00000,0.00000,0.00000, Avg. Loss: 6.25224
2024-01-06 11:56:40,930 - INFO: Epoch: 3  train. loss: 6.227464147204228
2024-01-06 11:56:41,974 - INFO: Acc: 0.42905, F1 Score: 0.76289,0.34742,0.47742, Avg. Loss: 6.14046
2024-01-06 11:56:57,249 - INFO: Epoch: 4  train. loss: 6.146812670473918
2024-01-06 11:56:58,261 - INFO: Acc: 0.43687, F1 Score: 0.82880,0.35798,0.50000, Avg. Loss: 6.12536
