2024-01-04 14:06:36,960 - INFO: +---------------+--------------------+
| Parameter     | Value              |
+---------------+--------------------+
| dataroot      | ./data             |
+---------------+--------------------+
| word2vec_path | ./word2vec-768.txt |
+---------------+--------------------+
| seed          | 999                |
+---------------+--------------------+
| device        | 0                  |
+---------------+--------------------+
| testing       | False              |
+---------------+--------------------+
| batch_size    | 32                 |
+---------------+--------------------+
| lr            | 0.001              |
+---------------+--------------------+
| max_epoch     | 100                |
+---------------+--------------------+
| augment       | False              |
+---------------+--------------------+
| encoder_cell  | LSTM               |
+---------------+--------------------+
| rnn           | GRU                |
+---------------+--------------------+
| noise         | 1                  |
+---------------+--------------------+
| dropout       | 0.200              |
+---------------+--------------------+
| embed_size    | 768                |
+---------------+--------------------+
| hidden_size   | 128                |
+---------------+--------------------+
| num_layer     | 2                  |
+---------------+--------------------+
| pinyin        | False              |
+---------------+--------------------+
| crf           | False              |
+---------------+--------------------+
| bert          | False              |
+---------------+--------------------+
2024-01-04 14:07:05,429 - INFO: Epoch: 0  train. loss: 6.485740789081145
2024-01-04 14:07:07,084 - INFO: Acc: 0.26145, F1 Score: 0.00000,0.00000,0.00000, Avg. Loss: 6.45053
2024-01-04 14:07:34,967 - INFO: Epoch: 1  train. loss: 6.459413223448688
2024-01-04 14:07:36,576 - INFO: Acc: 0.26145, F1 Score: 0.00000,0.00000,0.00000, Avg. Loss: 6.45053
2024-01-04 14:08:05,323 - INFO: Epoch: 2  train. loss: 6.459403900656325
2024-01-04 14:08:07,117 - INFO: Acc: 0.26145, F1 Score: 0.00000,0.00000,0.00000, Avg. Loss: 6.45052
2024-01-04 14:08:34,929 - INFO: Epoch: 3  train. loss: 6.459415221189908
2024-01-04 14:08:36,564 - INFO: Acc: 0.26145, F1 Score: 0.00000,0.00000,0.00000, Avg. Loss: 6.45053
2024-01-04 14:09:05,076 - INFO: Epoch: 4  train. loss: 6.459431869033413
2024-01-04 14:09:06,732 - INFO: Acc: 0.26145, F1 Score: 0.00000,0.00000,0.00000, Avg. Loss: 6.45053
2024-01-04 14:09:35,238 - INFO: Epoch: 5  train. loss: 6.459415887103648
2024-01-04 14:09:37,003 - INFO: Acc: 0.26145, F1 Score: 0.00000,0.00000,0.00000, Avg. Loss: 6.45053
2024-01-04 14:10:04,524 - INFO: Epoch: 6  train. loss: 6.459432534947153
2024-01-04 14:10:06,270 - INFO: Acc: 0.26145, F1 Score: 0.00000,0.00000,0.00000, Avg. Loss: 6.45054
2024-01-04 14:10:35,418 - INFO: Epoch: 7  train. loss: 6.459416553017388
2024-01-04 14:10:37,095 - INFO: Acc: 0.26145, F1 Score: 0.00000,0.00000,0.00000, Avg. Loss: 6.45054
2024-01-04 14:11:06,307 - INFO: Epoch: 8  train. loss: 6.459430537205932
2024-01-04 14:11:08,025 - INFO: Acc: 0.26145, F1 Score: 0.00000,0.00000,0.00000, Avg. Loss: 6.45053
