2024-01-04 09:57:47,118 - INFO: +--------------+-------+
| Parameter    | Value |
+--------------+-------+
| device       | cuda  |
+--------------+-------+
| noise        | 1     |
+--------------+-------+
| lr           | 0.010 |
+--------------+-------+
| weight_decay | 0.001 |
+--------------+-------+
| max_epoch    | 300   |
+--------------+-------+
| batch_size   | 32    |
+--------------+-------+
| num_layer    | 1     |
+--------------+-------+
| rnn          | GRU   |
+--------------+-------+
| hidden_size  | 128   |
+--------------+-------+
2024-01-04 09:57:54,599 - INFO: Epoch: 0  train. loss: 6.479196188842482
2024-01-04 09:57:55,047 - INFO: Acc: 0.26145, F1 Score: 0.00000,0.00000,0.00000, Avg. Loss: 6.45052
2024-01-04 09:58:01,418 - INFO: Epoch: 1  train. loss: 6.459421214413569
2024-01-04 09:58:01,878 - INFO: Acc: 0.26145, F1 Score: 0.00000,0.00000,0.00000, Avg. Loss: 6.45052
2024-01-04 09:58:07,894 - INFO: Epoch: 2  train. loss: 6.459417884844869
2024-01-04 09:58:08,337 - INFO: Acc: 0.26145, F1 Score: 0.00000,0.00000,0.00000, Avg. Loss: 6.45041
2024-01-04 09:58:14,638 - INFO: Epoch: 3  train. loss: 6.311947291595636
2024-01-04 09:58:15,101 - INFO: Acc: 0.26145, F1 Score: 0.00000,0.00000,0.00000, Avg. Loss: 6.26863
2024-01-04 09:58:21,383 - INFO: Epoch: 4  train. loss: 6.281872629347085
2024-01-04 09:58:21,846 - INFO: Acc: 0.26145, F1 Score: 0.00000,0.00000,0.00000, Avg. Loss: 6.21129
