2024-01-04 13:58:38,613 - INFO: +---------------+--------------------+
| Parameter     | Value              |
+---------------+--------------------+
| dataroot      | ./data             |
+---------------+--------------------+
| word2vec_path | ./word2vec-768.txt |
+---------------+--------------------+
| seed          | 999                |
+---------------+--------------------+
| device        | 0                  |
+---------------+--------------------+
| testing       | False              |
+---------------+--------------------+
| batch_size    | 32                 |
+---------------+--------------------+
| lr            | 0.001              |
+---------------+--------------------+
| max_epoch     | 100                |
+---------------+--------------------+
| augment       | False              |
+---------------+--------------------+
| encoder_cell  | LSTM               |
+---------------+--------------------+
| rnn           | GRU                |
+---------------+--------------------+
| noise         | 1                  |
+---------------+--------------------+
| dropout       | 0.200              |
+---------------+--------------------+
| embed_size    | 768                |
+---------------+--------------------+
| hidden_size   | 512                |
+---------------+--------------------+
| num_layer     | 2                  |
+---------------+--------------------+
| pinyin        | False              |
+---------------+--------------------+
| crf           | False              |
+---------------+--------------------+
| bert          | False              |
+---------------+--------------------+
2024-01-04 13:59:12,041 - INFO: Epoch: 0  train. loss: 6.470345529321514
2024-01-04 13:59:13,854 - INFO: Acc: 0.26145, F1 Score: 0.00000,0.00000,0.00000, Avg. Loss: 6.45053
2024-01-04 13:59:46,162 - INFO: Epoch: 1  train. loss: 6.459421214413569
2024-01-04 13:59:48,059 - INFO: Acc: 0.26145, F1 Score: 0.00000,0.00000,0.00000, Avg. Loss: 6.45053
2024-01-04 14:00:18,540 - INFO: Epoch: 2  train. loss: 6.459419216672349
2024-01-04 14:00:20,293 - INFO: Acc: 0.26145, F1 Score: 0.00000,0.00000,0.00000, Avg. Loss: 6.45053
2024-01-04 14:00:50,931 - INFO: Epoch: 3  train. loss: 6.459433200860893
2024-01-04 14:00:52,671 - INFO: Acc: 0.26145, F1 Score: 0.00000,0.00000,0.00000, Avg. Loss: 6.45053
