2024-01-04 08:57:29,390 - INFO: +--------------+-------+
| Parameter    | Value |
+--------------+-------+
| device       | cuda  |
+--------------+-------+
| noise        | 1     |
+--------------+-------+
| lr           | 0.010 |
+--------------+-------+
| weight_decay | 0.001 |
+--------------+-------+
| max_epoch    | 300   |
+--------------+-------+
| batch_size   | 32    |
+--------------+-------+
| num_layer    | 1     |
+--------------+-------+
| rnn          | GRU   |
+--------------+-------+
| hidden_size  | 128   |
+--------------+-------+
2024-01-04 08:57:34,305 - INFO: Epoch: 0  train. loss: 6.479242802804296
2024-01-04 08:57:34,734 - INFO: Acc: 0.26145, F1 Score: 0.00000,0.00000,0.00000, Avg. Loss: 6.45052
2024-01-04 08:57:38,157 - INFO: Epoch: 1  train. loss: 6.378960189012956
2024-01-04 08:57:38,588 - INFO: Acc: 0.26145, F1 Score: 0.00000,0.00000,0.00000, Avg. Loss: 6.25985
2024-01-04 08:57:41,995 - INFO: Epoch: 2  train. loss: 6.281020259759631
2024-01-04 08:57:42,420 - INFO: Acc: 0.26145, F1 Score: 0.00000,0.00000,0.00000, Avg. Loss: 6.25459
2024-01-04 08:57:45,813 - INFO: Epoch: 3  train. loss: 6.274630817422435
2024-01-04 08:57:46,251 - INFO: Acc: 0.26145, F1 Score: 0.00000,0.00000,0.00000, Avg. Loss: 6.24917
2024-01-04 08:57:49,654 - INFO: Epoch: 4  train. loss: 6.27219423904705
2024-01-04 08:57:50,088 - INFO: Acc: 0.26145, F1 Score: 0.00000,0.00000,0.00000, Avg. Loss: 6.26314
2024-01-04 08:57:53,448 - INFO: Epoch: 5  train. loss: 6.212753446769519
2024-01-04 08:57:53,883 - INFO: Acc: 0.41676, F1 Score: 0.73858,0.34155,0.46709, Avg. Loss: 6.13308
2024-01-04 08:57:57,276 - INFO: Epoch: 6  train. loss: 6.146263957551994
2024-01-04 08:57:57,709 - INFO: Acc: 0.42123, F1 Score: 0.74623,0.34859,0.47520, Avg. Loss: 6.12857
2024-01-04 08:58:01,105 - INFO: Epoch: 7  train. loss: 6.139088737001364
2024-01-04 08:58:01,531 - INFO: Acc: 0.44134, F1 Score: 0.81030,0.35094,0.48976, Avg. Loss: 6.12762
2024-01-04 08:58:04,908 - INFO: Epoch: 8  train. loss: 6.138918928997613
2024-01-04 08:58:05,339 - INFO: Acc: 0.42682, F1 Score: 0.75243,0.36385,0.49051, Avg. Loss: 6.12633
2024-01-04 08:58:08,709 - INFO: Epoch: 9  train. loss: 6.133379858506649
2024-01-04 08:58:09,134 - INFO: Acc: 0.42793, F1 Score: 0.83573,0.34038,0.48374, Avg. Loss: 6.13031
2024-01-04 08:58:12,479 - INFO: Epoch: 10  train. loss: 6.128274963774293
2024-01-04 08:58:12,907 - INFO: Acc: 0.42011, F1 Score: 0.77933,0.32746,0.46116, Avg. Loss: 6.13594
2024-01-04 08:58:16,253 - INFO: Epoch: 11  train. loss: 6.1282097042277535
2024-01-04 08:58:16,681 - INFO: Acc: 0.43687, F1 Score: 0.79093,0.36854,0.50280, Avg. Loss: 6.11449
2024-01-04 08:58:20,059 - INFO: Epoch: 12  train. loss: 6.122004054082851
2024-01-04 08:58:20,485 - INFO: Acc: 0.44358, F1 Score: 0.80407,0.37089,0.50763, Avg. Loss: 6.11595
2024-01-04 08:58:23,854 - INFO: Epoch: 13  train. loss: 6.1211097319297645
2024-01-04 08:58:24,280 - INFO: Acc: 0.43575, F1 Score: 0.81865,0.37089,0.51050, Avg. Loss: 6.12135
2024-01-04 08:58:27,633 - INFO: Epoch: 14  train. loss: 6.11971264490283
2024-01-04 08:58:28,063 - INFO: Acc: 0.43017, F1 Score: 0.77551,0.35681,0.48875, Avg. Loss: 6.11641
2024-01-04 08:58:31,542 - INFO: Epoch: 15  train. loss: 6.123973826926355
2024-01-04 08:58:31,971 - INFO: Acc: 0.43352, F1 Score: 0.83621,0.34155,0.48500, Avg. Loss: 6.12283
2024-01-04 08:58:35,302 - INFO: Epoch: 16  train. loss: 6.117581055020457
2024-01-04 08:58:35,732 - INFO: Acc: 0.43240, F1 Score: 0.77099,0.35563,0.48675, Avg. Loss: 6.12370
2024-01-04 08:58:39,065 - INFO: Epoch: 17  train. loss: 6.118408119885783
2024-01-04 08:58:39,490 - INFO: Acc: 0.42682, F1 Score: 0.76862,0.33920,0.47068, Avg. Loss: 6.12930
2024-01-04 08:58:42,850 - INFO: Epoch: 18  train. loss: 6.113700775656325
2024-01-04 08:58:43,278 - INFO: Acc: 0.42570, F1 Score: 0.78611,0.33216,0.46700, Avg. Loss: 6.12080
2024-01-04 08:58:46,626 - INFO: Epoch: 19  train. loss: 6.113656159435731
2024-01-04 08:58:47,056 - INFO: Acc: 0.43464, F1 Score: 0.79733,0.35094,0.48737, Avg. Loss: 6.12257
2024-01-04 08:58:50,401 - INFO: Epoch: 20  train. loss: 6.114146937862257
2024-01-04 08:58:50,821 - INFO: Acc: 0.43240, F1 Score: 0.78590,0.35329,0.48745, Avg. Loss: 6.11944
2024-01-04 08:58:54,177 - INFO: Epoch: 21  train. loss: 6.1066833766621205
2024-01-04 08:58:54,599 - INFO: Acc: 0.45810, F1 Score: 0.72485,0.41432,0.52726, Avg. Loss: 6.12075
2024-01-04 08:58:57,970 - INFO: Epoch: 22  train. loss: 6.092855011933175
2024-01-04 08:58:58,399 - INFO: Acc: 0.47598, F1 Score: 0.73642,0.42958,0.54262, Avg. Loss: 6.10715
2024-01-04 08:59:01,783 - INFO: Epoch: 23  train. loss: 6.091770238450392
2024-01-04 08:59:02,212 - INFO: Acc: 0.48492, F1 Score: 0.77660,0.42840,0.55219, Avg. Loss: 6.10541
2024-01-04 08:59:05,637 - INFO: Epoch: 24  train. loss: 6.082124477923628
2024-01-04 08:59:06,060 - INFO: Acc: 0.49050, F1 Score: 0.77801,0.44014,0.56222, Avg. Loss: 6.10436
2024-01-04 08:59:09,484 - INFO: Epoch: 25  train. loss: 6.076327698815207
2024-01-04 08:59:09,918 - INFO: Acc: 0.47821, F1 Score: 0.78728,0.42136,0.54893, Avg. Loss: 6.10985
2024-01-04 08:59:13,334 - INFO: Epoch: 26  train. loss: 6.067682140726219
2024-01-04 08:59:13,760 - INFO: Acc: 0.48268, F1 Score: 0.77521,0.43310,0.55572, Avg. Loss: 6.10165
2024-01-04 08:59:17,167 - INFO: Epoch: 27  train. loss: 6.062151727113877
2024-01-04 08:59:17,597 - INFO: Acc: 0.48156, F1 Score: 0.77447,0.42723,0.55068, Avg. Loss: 6.10836
2024-01-04 08:59:21,002 - INFO: Epoch: 28  train. loss: 6.05869563480225
2024-01-04 08:59:21,431 - INFO: Acc: 0.47709, F1 Score: 0.75514,0.43075,0.54858, Avg. Loss: 6.10452
2024-01-04 08:59:24,847 - INFO: Epoch: 29  train. loss: 6.0573145297050806
2024-01-04 08:59:25,275 - INFO: Acc: 0.47598, F1 Score: 0.74338,0.42840,0.54356, Avg. Loss: 6.10624
2024-01-04 08:59:28,747 - INFO: Epoch: 30  train. loss: 6.054556314993181
2024-01-04 08:59:29,173 - INFO: Acc: 0.47263, F1 Score: 0.74160,0.41432,0.53163, Avg. Loss: 6.10920
2024-01-04 08:59:32,556 - INFO: Epoch: 31  train. loss: 6.052208303145243
2024-01-04 08:59:32,979 - INFO: Acc: 0.47374, F1 Score: 0.72358,0.41784,0.52976, Avg. Loss: 6.10963
2024-01-04 08:59:36,347 - INFO: Epoch: 32  train. loss: 6.051722186114899
2024-01-04 08:59:36,772 - INFO: Acc: 0.48715, F1 Score: 0.76113,0.44131,0.55869, Avg. Loss: 6.09713
2024-01-04 08:59:40,131 - INFO: Epoch: 33  train. loss: 6.0504036769093075
2024-01-04 08:59:40,557 - INFO: Acc: 0.48827, F1 Score: 0.75610,0.43662,0.55357, Avg. Loss: 6.09916
2024-01-04 08:59:43,907 - INFO: Epoch: 34  train. loss: 6.050701340351177
2024-01-04 08:59:44,328 - INFO: Acc: 0.47933, F1 Score: 0.76842,0.42840,0.55011, Avg. Loss: 6.10143
2024-01-04 08:59:47,691 - INFO: Epoch: 35  train. loss: 6.052778991220594
2024-01-04 08:59:48,117 - INFO: Acc: 0.49050, F1 Score: 0.79036,0.44249,0.56734, Avg. Loss: 6.10165
2024-01-04 08:59:51,479 - INFO: Epoch: 36  train. loss: 6.055768943914081
2024-01-04 08:59:51,902 - INFO: Acc: 0.48045, F1 Score: 0.74603,0.44131,0.55457, Avg. Loss: 6.09718
2024-01-04 08:59:55,283 - INFO: Epoch: 37  train. loss: 6.054935885825094
2024-01-04 08:59:55,713 - INFO: Acc: 0.50168, F1 Score: 0.79303,0.45423,0.57761, Avg. Loss: 6.09401
2024-01-04 08:59:59,113 - INFO: Epoch: 38  train. loss: 6.050768597638936
2024-01-04 08:59:59,539 - INFO: Acc: 0.48603, F1 Score: 0.79060,0.43427,0.56061, Avg. Loss: 6.10325
2024-01-04 09:00:02,922 - INFO: Epoch: 39  train. loss: 6.052790977667917
2024-01-04 09:00:03,347 - INFO: Acc: 0.49050, F1 Score: 0.80519,0.43662,0.56621, Avg. Loss: 6.09430
2024-01-04 09:00:06,735 - INFO: Epoch: 40  train. loss: 6.049616566868394
2024-01-04 09:00:07,166 - INFO: Acc: 0.49832, F1 Score: 0.79630,0.45423,0.57848, Avg. Loss: 6.09366
2024-01-04 09:00:10,577 - INFO: Epoch: 41  train. loss: 6.049998801355268
2024-01-04 09:00:11,037 - INFO: Acc: 0.48380, F1 Score: 0.76827,0.43192,0.55297, Avg. Loss: 6.09888
2024-01-04 09:00:14,741 - INFO: Epoch: 42  train. loss: 6.047860552335493
2024-01-04 09:00:15,183 - INFO: Acc: 0.49162, F1 Score: 0.76861,0.44836,0.56635, Avg. Loss: 6.09629
2024-01-04 09:00:18,749 - INFO: Epoch: 43  train. loss: 6.04663860062223
2024-01-04 09:00:19,187 - INFO: Acc: 0.49274, F1 Score: 0.79055,0.45188,0.57506, Avg. Loss: 6.09425
2024-01-04 09:00:22,777 - INFO: Epoch: 44  train. loss: 6.043015363961814
2024-01-04 09:00:23,219 - INFO: Acc: 0.47821, F1 Score: 0.73834,0.42723,0.54126, Avg. Loss: 6.09795
2024-01-04 09:00:26,968 - INFO: Epoch: 45  train. loss: 6.044578929423798
2024-01-04 09:00:27,419 - INFO: Acc: 0.49162, F1 Score: 0.78719,0.44718,0.57036, Avg. Loss: 6.09217
2024-01-04 09:00:31,094 - INFO: Epoch: 46  train. loss: 6.043511469698261
2024-01-04 09:00:31,563 - INFO: Acc: 0.49721, F1 Score: 0.77778,0.44366,0.56502, Avg. Loss: 6.09568
2024-01-04 09:00:35,145 - INFO: Epoch: 47  train. loss: 6.041850680830208
2024-01-04 09:00:35,597 - INFO: Acc: 0.48827, F1 Score: 0.75934,0.42958,0.54873, Avg. Loss: 6.10365
2024-01-04 09:00:39,192 - INFO: Epoch: 48  train. loss: 6.041788084938629
2024-01-04 09:00:39,631 - INFO: Acc: 0.48827, F1 Score: 0.77320,0.44014,0.56096, Avg. Loss: 6.09605
2024-01-04 09:00:43,217 - INFO: Epoch: 49  train. loss: 6.039113109444255
2024-01-04 09:00:43,651 - INFO: Acc: 0.49944, F1 Score: 0.80372,0.45657,0.58234, Avg. Loss: 6.09451
2024-01-04 09:00:47,178 - INFO: Epoch: 50  train. loss: 6.03720992797477
2024-01-04 09:00:47,609 - INFO: Acc: 0.49497, F1 Score: 0.78119,0.44836,0.56972, Avg. Loss: 6.09413
2024-01-04 09:00:51,131 - INFO: Epoch: 51  train. loss: 6.036332919578929
2024-01-04 09:00:51,565 - INFO: Acc: 0.49721, F1 Score: 0.79916,0.44836,0.57444, Avg. Loss: 6.09491
2024-01-04 09:00:55,136 - INFO: Epoch: 52  train. loss: 6.035712953886805
2024-01-04 09:00:55,573 - INFO: Acc: 0.49497, F1 Score: 0.80300,0.44014,0.56861, Avg. Loss: 6.09541
2024-01-04 09:00:59,116 - INFO: Epoch: 53  train. loss: 6.035383992499147
2024-01-04 09:00:59,549 - INFO: Acc: 0.49609, F1 Score: 0.81741,0.45188,0.58201, Avg. Loss: 6.09363
2024-01-04 09:01:03,177 - INFO: Epoch: 54  train. loss: 6.035029726389363
2024-01-04 09:01:03,606 - INFO: Acc: 0.50056, F1 Score: 0.80124,0.45423,0.57978, Avg. Loss: 6.09402
2024-01-04 09:01:07,157 - INFO: Epoch: 55  train. loss: 6.03498843973747
2024-01-04 09:01:07,593 - INFO: Acc: 0.49721, F1 Score: 0.80457,0.45423,0.58065, Avg. Loss: 6.09221
2024-01-04 09:01:11,181 - INFO: Epoch: 56  train. loss: 6.0344503814353905
2024-01-04 09:01:11,617 - INFO: Acc: 0.49385, F1 Score: 0.78512,0.44601,0.56886, Avg. Loss: 6.09474
2024-01-04 09:01:15,132 - INFO: Epoch: 57  train. loss: 6.034138733804978
2024-01-04 09:01:15,581 - INFO: Acc: 0.48827, F1 Score: 0.78407,0.43897,0.56283, Avg. Loss: 6.09601
2024-01-04 09:01:19,143 - INFO: Epoch: 58  train. loss: 6.033914320874532
2024-01-04 09:01:19,578 - INFO: Acc: 0.49274, F1 Score: 0.79123,0.44484,0.56950, Avg. Loss: 6.09517
2024-01-04 09:01:23,123 - INFO: Epoch: 59  train. loss: 6.033861713689055
2024-01-04 09:01:23,772 - INFO: Acc: 0.49609, F1 Score: 0.80169,0.44601,0.57315, Avg. Loss: 6.09594
2024-01-04 09:01:27,438 - INFO: Epoch: 60  train. loss: 6.034152052079782
2024-01-04 09:01:27,886 - INFO: Acc: 0.49609, F1 Score: 0.81075,0.44249,0.57251, Avg. Loss: 6.09570
2024-01-04 09:01:31,515 - INFO: Epoch: 61  train. loss: 6.03451897055063
2024-01-04 09:01:31,953 - INFO: Acc: 0.49385, F1 Score: 0.79362,0.43779,0.56430, Avg. Loss: 6.09824
2024-01-04 09:01:35,644 - INFO: Epoch: 62  train. loss: 6.035091656367201
2024-01-04 09:01:36,088 - INFO: Acc: 0.50279, F1 Score: 0.80247,0.45775,0.58296, Avg. Loss: 6.09606
2024-01-04 09:01:39,833 - INFO: Epoch: 63  train. loss: 6.036207061882032
2024-01-04 09:01:40,270 - INFO: Acc: 0.49050, F1 Score: 0.79657,0.43662,0.56406, Avg. Loss: 6.10259
2024-01-04 09:01:43,855 - INFO: Epoch: 64  train. loss: 6.038610344570405
2024-01-04 09:01:44,296 - INFO: Acc: 0.50056, F1 Score: 0.79877,0.45657,0.58103, Avg. Loss: 6.09707
2024-01-04 09:01:47,935 - INFO: Epoch: 65  train. loss: 6.038635649292533
2024-01-04 09:01:48,372 - INFO: Acc: 0.49050, F1 Score: 0.77642,0.44836,0.56845, Avg. Loss: 6.10057
2024-01-04 09:01:51,877 - INFO: Epoch: 66  train. loss: 6.040341054381179
2024-01-04 09:01:52,323 - INFO: Acc: 0.49050, F1 Score: 0.78763,0.44836,0.57143, Avg. Loss: 6.09928
2024-01-04 09:01:55,828 - INFO: Epoch: 67  train. loss: 6.037018810731333
2024-01-04 09:01:56,274 - INFO: Acc: 0.49385, F1 Score: 0.80042,0.44718,0.57380, Avg. Loss: 6.09534
2024-01-04 09:01:59,838 - INFO: Epoch: 68  train. loss: 6.0346082029918175
2024-01-04 09:02:00,365 - INFO: Acc: 0.48715, F1 Score: 0.78306,0.44484,0.56737, Avg. Loss: 6.10055
2024-01-04 09:02:04,188 - INFO: Epoch: 69  train. loss: 6.0334275379304465
2024-01-04 09:02:04,630 - INFO: Acc: 0.48715, F1 Score: 0.79140,0.43192,0.55885, Avg. Loss: 6.10270
2024-01-04 09:02:08,994 - INFO: Epoch: 70  train. loss: 6.0326404278895325
2024-01-04 09:02:09,421 - INFO: Acc: 0.48492, F1 Score: 0.78333,0.44131,0.56456, Avg. Loss: 6.10013
2024-01-04 09:02:13,096 - INFO: Epoch: 71  train. loss: 6.0321037014149335
2024-01-04 09:02:13,532 - INFO: Acc: 0.48939, F1 Score: 0.79461,0.44953,0.57421, Avg. Loss: 6.09702
2024-01-04 09:02:17,245 - INFO: Epoch: 72  train. loss: 6.031849988279919
2024-01-04 09:02:17,711 - INFO: Acc: 0.48603, F1 Score: 0.78261,0.44366,0.56629, Avg. Loss: 6.09900
2024-01-04 09:02:21,393 - INFO: Epoch: 73  train. loss: 6.031501715393794
2024-01-04 09:02:21,855 - INFO: Acc: 0.49050, F1 Score: 0.79626,0.44953,0.57464, Avg. Loss: 6.09860
2024-01-04 09:02:25,461 - INFO: Epoch: 74  train. loss: 6.031303939012956
2024-01-04 09:02:25,915 - INFO: Acc: 0.48939, F1 Score: 0.79089,0.44836,0.57228, Avg. Loss: 6.09725
2024-01-04 09:02:29,567 - INFO: Epoch: 75  train. loss: 6.031150778852711
2024-01-04 09:02:30,007 - INFO: Acc: 0.48380, F1 Score: 0.79229,0.43427,0.56103, Avg. Loss: 6.10071
2024-01-04 09:02:33,616 - INFO: Epoch: 76  train. loss: 6.030835801653597
2024-01-04 09:02:34,067 - INFO: Acc: 0.48939, F1 Score: 0.79461,0.44953,0.57421, Avg. Loss: 6.09710
2024-01-04 09:02:37,724 - INFO: Epoch: 77  train. loss: 6.030635361617797
2024-01-04 09:02:38,175 - INFO: Acc: 0.49050, F1 Score: 0.80084,0.44836,0.57487, Avg. Loss: 6.09731
2024-01-04 09:02:41,707 - INFO: Epoch: 78  train. loss: 6.030394966757586
2024-01-04 09:02:42,154 - INFO: Acc: 0.49162, F1 Score: 0.78189,0.44601,0.56801, Avg. Loss: 6.09683
2024-01-04 09:02:45,926 - INFO: Epoch: 79  train. loss: 6.030124605779066
2024-01-04 09:02:46,366 - INFO: Acc: 0.48939, F1 Score: 0.80255,0.44366,0.57143, Avg. Loss: 6.09686
2024-01-04 09:02:49,884 - INFO: Epoch: 80  train. loss: 6.0298082967524715
2024-01-04 09:02:50,326 - INFO: Acc: 0.48603, F1 Score: 0.79574,0.43897,0.56581, Avg. Loss: 6.09977
2024-01-04 09:02:54,107 - INFO: Epoch: 81  train. loss: 6.029964786481418
2024-01-04 09:02:54,549 - INFO: Acc: 0.49274, F1 Score: 0.80860,0.44131,0.57099, Avg. Loss: 6.10020
2024-01-04 09:02:58,093 - INFO: Epoch: 82  train. loss: 6.030345689140812
2024-01-04 09:02:58,545 - INFO: Acc: 0.48603, F1 Score: 0.77426,0.43075,0.55354, Avg. Loss: 6.10336
2024-01-04 09:03:02,151 - INFO: Epoch: 83  train. loss: 6.02987022673031
2024-01-04 09:03:02,592 - INFO: Acc: 0.48827, F1 Score: 0.78689,0.45070,0.57313, Avg. Loss: 6.09693
2024-01-04 09:03:06,100 - INFO: Epoch: 84  train. loss: 6.0292342791084215
2024-01-04 09:03:06,541 - INFO: Acc: 0.48827, F1 Score: 0.78484,0.44953,0.57164, Avg. Loss: 6.09843
2024-01-04 09:03:10,232 - INFO: Epoch: 85  train. loss: 6.028992552420729
2024-01-04 09:03:10,678 - INFO: Acc: 0.48939, F1 Score: 0.79332,0.44601,0.57100, Avg. Loss: 6.09921
2024-01-04 09:03:14,339 - INFO: Epoch: 86  train. loss: 6.028914640513126
2024-01-04 09:03:14,774 - INFO: Acc: 0.48715, F1 Score: 0.78914,0.44366,0.56799, Avg. Loss: 6.09923
2024-01-04 09:03:18,583 - INFO: Epoch: 87  train. loss: 6.028897992669622
2024-01-04 09:03:19,024 - INFO: Acc: 0.48827, F1 Score: 0.79498,0.44601,0.57143, Avg. Loss: 6.09848
2024-01-04 09:03:22,770 - INFO: Epoch: 88  train. loss: 6.02892596104671
2024-01-04 09:03:23,255 - INFO: Acc: 0.48827, F1 Score: 0.79661,0.44131,0.56798, Avg. Loss: 6.10128
2024-01-04 09:03:26,976 - INFO: Epoch: 89  train. loss: 6.028874019774975
2024-01-04 09:03:27,408 - INFO: Acc: 0.48939, F1 Score: 0.78675,0.44601,0.56929, Avg. Loss: 6.09834
2024-01-04 09:03:31,190 - INFO: Epoch: 90  train. loss: 6.028994550161951
2024-01-04 09:03:31,673 - INFO: Acc: 0.48715, F1 Score: 0.79158,0.44131,0.56669, Avg. Loss: 6.10310
2024-01-04 09:03:35,374 - INFO: Epoch: 91  train. loss: 6.0303263776423455
2024-01-04 09:03:35,813 - INFO: Acc: 0.48492, F1 Score: 0.76190,0.43192,0.55131, Avg. Loss: 6.10352
2024-01-04 09:03:39,366 - INFO: Epoch: 92  train. loss: 6.034122751875213
2024-01-04 09:03:39,820 - INFO: Acc: 0.49497, F1 Score: 0.77465,0.45188,0.57079, Avg. Loss: 6.09731
2024-01-04 09:03:43,384 - INFO: Epoch: 93  train. loss: 6.034253270968292
2024-01-04 09:03:43,976 - INFO: Acc: 0.48045, F1 Score: 0.76890,0.41784,0.54144, Avg. Loss: 6.10582
2024-01-04 09:03:48,081 - INFO: Epoch: 94  train. loss: 6.030907054423798
2024-01-04 09:03:48,773 - INFO: Acc: 0.49497, F1 Score: 0.79218,0.45188,0.57549, Avg. Loss: 6.10094
2024-01-04 09:03:52,586 - INFO: Epoch: 95  train. loss: 6.028869358378793
2024-01-04 09:03:53,113 - INFO: Acc: 0.49050, F1 Score: 0.80346,0.43662,0.56578, Avg. Loss: 6.10224
2024-01-04 09:03:57,082 - INFO: Epoch: 96  train. loss: 6.028028309324923
2024-01-04 09:03:57,607 - INFO: Acc: 0.49162, F1 Score: 0.79618,0.44014,0.56689, Avg. Loss: 6.10092
2024-01-04 09:04:01,228 - INFO: Epoch: 97  train. loss: 6.028046288995909
2024-01-04 09:04:01,682 - INFO: Acc: 0.49497, F1 Score: 0.79789,0.44484,0.57121, Avg. Loss: 6.09602
2024-01-04 09:04:05,332 - INFO: Epoch: 98  train. loss: 6.027690025144903
2024-01-04 09:04:05,778 - INFO: Acc: 0.49162, F1 Score: 0.79036,0.44249,0.56734, Avg. Loss: 6.09910
2024-01-04 09:04:09,404 - INFO: Epoch: 99  train. loss: 6.027060070746676
2024-01-04 09:04:09,850 - INFO: Acc: 0.49832, F1 Score: 0.79461,0.44953,0.57421, Avg. Loss: 6.09914
2024-01-04 09:04:13,627 - INFO: Epoch: 100  train. loss: 6.027197248977156
2024-01-04 09:04:14,063 - INFO: Acc: 0.49832, F1 Score: 0.81522,0.44014,0.57165, Avg. Loss: 6.09972
2024-01-04 09:04:17,755 - INFO: Epoch: 101  train. loss: 6.027147971360382
2024-01-04 09:04:18,211 - INFO: Acc: 0.49721, F1 Score: 0.79167,0.44601,0.57057, Avg. Loss: 6.09962
2024-01-04 09:04:21,746 - INFO: Epoch: 102  train. loss: 6.0190011826628025
2024-01-04 09:04:22,181 - INFO: Acc: 0.47821, F1 Score: 0.48790,0.44953,0.46793, Avg. Loss: 6.04506
2024-01-04 09:04:25,885 - INFO: Epoch: 103  train. loss: 5.968821252770201
2024-01-04 09:04:26,329 - INFO: Acc: 0.47151, F1 Score: 0.47484,0.43192,0.45237, Avg. Loss: 6.03564
2024-01-04 09:04:29,976 - INFO: Epoch: 104  train. loss: 5.96470856951074
2024-01-04 09:04:30,420 - INFO: Acc: 0.47039, F1 Score: 0.46608,0.43545,0.45024, Avg. Loss: 6.03333
2024-01-04 09:04:34,125 - INFO: Epoch: 105  train. loss: 5.963178299735765
2024-01-04 09:04:34,573 - INFO: Acc: 0.46257, F1 Score: 0.45025,0.42488,0.43720, Avg. Loss: 6.03631
2024-01-04 09:04:38,213 - INFO: Epoch: 106  train. loss: 5.962880636293897
2024-01-04 09:04:38,647 - INFO: Acc: 0.47263, F1 Score: 0.47558,0.43427,0.45399, Avg. Loss: 6.03118
2024-01-04 09:04:42,204 - INFO: Epoch: 107  train. loss: 5.961862454185135
2024-01-04 09:04:42,651 - INFO: Acc: 0.46927, F1 Score: 0.45625,0.42840,0.44189, Avg. Loss: 6.03283
2024-01-04 09:04:46,221 - INFO: Epoch: 108  train. loss: 5.961243154406751
2024-01-04 09:04:46,665 - INFO: Acc: 0.47374, F1 Score: 0.46088,0.44249,0.45150, Avg. Loss: 6.03105
2024-01-04 09:04:50,112 - INFO: Epoch: 109  train. loss: 5.960920186242755
2024-01-04 09:04:50,536 - INFO: Acc: 0.47598, F1 Score: 0.47793,0.44484,0.46079, Avg. Loss: 6.03044
2024-01-04 09:04:54,029 - INFO: Epoch: 110  train. loss: 5.960748380497784
2024-01-04 09:04:54,462 - INFO: Acc: 0.47709, F1 Score: 0.47925,0.44718,0.46266, Avg. Loss: 6.03070
2024-01-04 09:04:57,967 - INFO: Epoch: 111  train. loss: 5.960691111916127
2024-01-04 09:04:58,403 - INFO: Acc: 0.47039, F1 Score: 0.47111,0.44014,0.45510, Avg. Loss: 6.03437
2024-01-04 09:05:01,938 - INFO: Epoch: 112  train. loss: 5.960507985637572
2024-01-04 09:05:02,372 - INFO: Acc: 0.46927, F1 Score: 0.46059,0.43897,0.44952, Avg. Loss: 6.03336
2024-01-04 09:05:06,845 - INFO: Epoch: 113  train. loss: 5.960105107824753
2024-01-04 09:05:07,277 - INFO: Acc: 0.47039, F1 Score: 0.45466,0.44131,0.44789, Avg. Loss: 6.03461
2024-01-04 09:05:10,839 - INFO: Epoch: 114  train. loss: 5.957327581614388
2024-01-04 09:05:11,291 - INFO: Acc: 0.46592, F1 Score: 0.45980,0.42958,0.44417, Avg. Loss: 6.03269
2024-01-04 09:05:15,439 - INFO: Epoch: 115  train. loss: 5.955969783498125
2024-01-04 09:05:15,880 - INFO: Acc: 0.47039, F1 Score: 0.46650,0.44131,0.45356, Avg. Loss: 6.02905
2024-01-04 09:05:20,256 - INFO: Epoch: 116  train. loss: 5.955320517601432
2024-01-04 09:05:20,724 - INFO: Acc: 0.47151, F1 Score: 0.47547,0.44366,0.45902, Avg. Loss: 6.02748
2024-01-04 09:05:24,929 - INFO: Epoch: 117  train. loss: 5.955160032390045
2024-01-04 09:05:25,373 - INFO: Acc: 0.47598, F1 Score: 0.46871,0.44836,0.45831, Avg. Loss: 6.02781
2024-01-04 09:05:29,237 - INFO: Epoch: 118  train. loss: 5.904682439055574
2024-01-04 09:05:29,675 - INFO: Acc: 0.68939, F1 Score: 0.78974,0.72300,0.75490, Avg. Loss: 5.96487
2024-01-04 09:05:33,425 - INFO: Epoch: 119  train. loss: 5.893894636464371
2024-01-04 09:05:33,873 - INFO: Acc: 0.68492, F1 Score: 0.78562,0.71831,0.75046, Avg. Loss: 5.96746
2024-01-04 09:05:37,420 - INFO: Epoch: 120  train. loss: 5.892226522545176
2024-01-04 09:05:37,873 - INFO: Acc: 0.70279, F1 Score: 0.78703,0.75469,0.77052, Avg. Loss: 5.96065
2024-01-04 09:05:41,472 - INFO: Epoch: 121  train. loss: 5.890226783583362
2024-01-04 09:05:41,950 - INFO: Acc: 0.69944, F1 Score: 0.78382,0.72770,0.75472, Avg. Loss: 5.96392
2024-01-04 09:05:45,543 - INFO: Epoch: 122  train. loss: 5.88927852241732
2024-01-04 09:05:45,995 - INFO: Acc: 0.69832, F1 Score: 0.79345,0.73944,0.76549, Avg. Loss: 5.96175
2024-01-04 09:05:49,583 - INFO: Epoch: 123  train. loss: 5.889064764106717
2024-01-04 09:05:50,040 - INFO: Acc: 0.69609, F1 Score: 0.79020,0.73826,0.76335, Avg. Loss: 5.96516
2024-01-04 09:05:53,659 - INFO: Epoch: 124  train. loss: 5.888771096147289
2024-01-04 09:05:54,113 - INFO: Acc: 0.69944, F1 Score: 0.78907,0.72887,0.75778, Avg. Loss: 5.96535
2024-01-04 09:05:57,687 - INFO: Epoch: 125  train. loss: 5.888600622229799
2024-01-04 09:05:58,127 - INFO: Acc: 0.69832, F1 Score: 0.79721,0.73826,0.76661, Avg. Loss: 5.96436
2024-01-04 09:06:01,677 - INFO: Epoch: 126  train. loss: 5.888473432705421
2024-01-04 09:06:02,124 - INFO: Acc: 0.69497, F1 Score: 0.79592,0.73239,0.76284, Avg. Loss: 5.96506
2024-01-04 09:06:05,654 - INFO: Epoch: 127  train. loss: 5.888427484657347
2024-01-04 09:06:06,096 - INFO: Acc: 0.69385, F1 Score: 0.77848,0.72183,0.74909, Avg. Loss: 5.96480
2024-01-04 09:06:09,624 - INFO: Epoch: 128  train. loss: 5.884452645542107
2024-01-04 09:06:10,064 - INFO: Acc: 0.71620, F1 Score: 0.81273,0.76408,0.78766, Avg. Loss: 5.95238
2024-01-04 09:06:13,700 - INFO: Epoch: 129  train. loss: 5.877110280642687
2024-01-04 09:06:14,168 - INFO: Acc: 0.71173, F1 Score: 0.80928,0.75704,0.78229, Avg. Loss: 5.95289
2024-01-04 09:06:17,898 - INFO: Epoch: 130  train. loss: 5.875719852753154
2024-01-04 09:06:18,730 - INFO: Acc: 0.70838, F1 Score: 0.80405,0.74648,0.77419, Avg. Loss: 5.95517
2024-01-04 09:06:22,180 - INFO: Epoch: 131  train. loss: 5.874585801653597
2024-01-04 09:06:22,618 - INFO: Acc: 0.71285, F1 Score: 0.81298,0.75000,0.78022, Avg. Loss: 5.95319
2024-01-04 09:06:26,165 - INFO: Epoch: 132  train. loss: 5.873815339456188
2024-01-04 09:06:26,605 - INFO: Acc: 0.72737, F1 Score: 0.81863,0.77347,0.79541, Avg. Loss: 5.94722
2024-01-04 09:06:30,174 - INFO: Epoch: 133  train. loss: 5.8713601154960795
2024-01-04 09:06:30,611 - INFO: Acc: 0.71955, F1 Score: 0.81932,0.76643,0.79200, Avg. Loss: 5.94667
2024-01-04 09:06:34,125 - INFO: Epoch: 134  train. loss: 5.8690593835236955
2024-01-04 09:06:34,556 - INFO: Acc: 0.73073, F1 Score: 0.82772,0.77817,0.80218, Avg. Loss: 5.94132
2024-01-04 09:06:38,066 - INFO: Epoch: 135  train. loss: 5.86563791872656
2024-01-04 09:06:38,504 - INFO: Acc: 0.71397, F1 Score: 0.80923,0.76174,0.78476, Avg. Loss: 5.94735
2024-01-04 09:06:42,140 - INFO: Epoch: 136  train. loss: 5.864045718973747
2024-01-04 09:06:42,598 - INFO: Acc: 0.72514, F1 Score: 0.82516,0.76995,0.79660, Avg. Loss: 5.94498
2024-01-04 09:06:46,175 - INFO: Epoch: 137  train. loss: 5.862961611404705
2024-01-04 09:06:46,614 - INFO: Acc: 0.73184, F1 Score: 0.82875,0.77817,0.80266, Avg. Loss: 5.94081
2024-01-04 09:06:50,033 - INFO: Epoch: 138  train. loss: 5.862313011421753
2024-01-04 09:06:50,479 - INFO: Acc: 0.72849, F1 Score: 0.82077,0.77934,0.79952, Avg. Loss: 5.94217
2024-01-04 09:06:53,859 - INFO: Epoch: 139  train. loss: 5.862104580421071
2024-01-04 09:06:54,292 - INFO: Acc: 0.73073, F1 Score: 0.82426,0.78169,0.80241, Avg. Loss: 5.93942
2024-01-04 09:06:57,663 - INFO: Epoch: 140  train. loss: 5.862269061114899
2024-01-04 09:06:58,097 - INFO: Acc: 0.72626, F1 Score: 0.82099,0.78052,0.80024, Avg. Loss: 5.94074
2024-01-04 09:07:01,479 - INFO: Epoch: 141  train. loss: 5.861885494800545
2024-01-04 09:07:01,913 - INFO: Acc: 0.72626, F1 Score: 0.82264,0.76761,0.79417, Avg. Loss: 5.94192
2024-01-04 09:07:05,302 - INFO: Epoch: 142  train. loss: 5.860796725835322
2024-01-04 09:07:05,738 - INFO: Acc: 0.73073, F1 Score: 0.82737,0.78756,0.80698, Avg. Loss: 5.93917
2024-01-04 09:07:09,137 - INFO: Epoch: 143  train. loss: 5.860430473278213
2024-01-04 09:07:09,576 - INFO: Acc: 0.73184, F1 Score: 0.82550,0.78286,0.80361, Avg. Loss: 5.94026
2024-01-04 09:07:13,025 - INFO: Epoch: 144  train. loss: 5.8603192656836
2024-01-04 09:07:13,455 - INFO: Acc: 0.73631, F1 Score: 0.81906,0.79695,0.80785, Avg. Loss: 5.93940
2024-01-04 09:07:16,869 - INFO: Epoch: 145  train. loss: 5.860158780472212
2024-01-04 09:07:17,302 - INFO: Acc: 0.73631, F1 Score: 0.82582,0.79577,0.81052, Avg. Loss: 5.93830
2024-01-04 09:07:20,691 - INFO: Epoch: 146  train. loss: 5.859988972468463
2024-01-04 09:07:21,120 - INFO: Acc: 0.73073, F1 Score: 0.82772,0.77817,0.80218, Avg. Loss: 5.94050
2024-01-04 09:07:24,520 - INFO: Epoch: 147  train. loss: 5.859709954611319
2024-01-04 09:07:24,951 - INFO: Acc: 0.73855, F1 Score: 0.83069,0.80047,0.81530, Avg. Loss: 5.93702
2024-01-04 09:07:28,382 - INFO: Epoch: 148  train. loss: 5.859636038186157
2024-01-04 09:07:28,816 - INFO: Acc: 0.72849, F1 Score: 0.82512,0.78638,0.80529, Avg. Loss: 5.94154
2024-01-04 09:07:32,204 - INFO: Epoch: 149  train. loss: 5.85947555297477
2024-01-04 09:07:32,636 - INFO: Acc: 0.73408, F1 Score: 0.83107,0.79108,0.81058, Avg. Loss: 5.94050
2024-01-04 09:07:36,027 - INFO: Epoch: 150  train. loss: 5.859444920942721
2024-01-04 09:07:36,459 - INFO: Acc: 0.72961, F1 Score: 0.83002,0.78521,0.80700, Avg. Loss: 5.94136
2024-01-04 09:07:39,840 - INFO: Epoch: 151  train. loss: 5.859403634290828
2024-01-04 09:07:40,273 - INFO: Acc: 0.72849, F1 Score: 0.82491,0.78521,0.80457, Avg. Loss: 5.94513
2024-01-04 09:07:43,651 - INFO: Epoch: 152  train. loss: 5.859939694851688
2024-01-04 09:07:44,096 - INFO: Acc: 0.74078, F1 Score: 0.82767,0.80047,0.81384, Avg. Loss: 5.93964
2024-01-04 09:07:47,566 - INFO: Epoch: 153  train. loss: 5.862496137700306
2024-01-04 09:07:48,002 - INFO: Acc: 0.71955, F1 Score: 0.83875,0.75704,0.79581, Avg. Loss: 5.95119
2024-01-04 09:07:51,465 - INFO: Epoch: 154  train. loss: 5.862379602795772
2024-01-04 09:07:51,906 - INFO: Acc: 0.73073, F1 Score: 0.81885,0.78521,0.80168, Avg. Loss: 5.94142
2024-01-04 09:07:55,353 - INFO: Epoch: 155  train. loss: 5.860151455421071
2024-01-04 09:07:55,784 - INFO: Acc: 0.72961, F1 Score: 0.82587,0.77934,0.80193, Avg. Loss: 5.94300
2024-01-04 09:07:59,209 - INFO: Epoch: 156  train. loss: 5.859337708830549
2024-01-04 09:07:59,644 - INFO: Acc: 0.72402, F1 Score: 0.82382,0.77934,0.80097, Avg. Loss: 5.94396
2024-01-04 09:08:03,014 - INFO: Epoch: 157  train. loss: 5.859046038612342
2024-01-04 09:08:03,448 - INFO: Acc: 0.71955, F1 Score: 0.81718,0.78169,0.79904, Avg. Loss: 5.94495
2024-01-04 09:08:06,813 - INFO: Epoch: 158  train. loss: 5.858558589754518
2024-01-04 09:08:07,246 - INFO: Acc: 0.72067, F1 Score: 0.81495,0.78052,0.79736, Avg. Loss: 5.94251
2024-01-04 09:08:10,629 - INFO: Epoch: 159  train. loss: 5.858024526934879
2024-01-04 09:08:11,066 - INFO: Acc: 0.72849, F1 Score: 0.82095,0.79108,0.80574, Avg. Loss: 5.92289
2024-01-04 09:08:14,537 - INFO: Epoch: 160  train. loss: 5.837355230352881
2024-01-04 09:08:14,976 - INFO: Acc: 0.71844, F1 Score: 0.81852,0.77817,0.79783, Avg. Loss: 5.91578
2024-01-04 09:08:18,551 - INFO: Epoch: 161  train. loss: 5.831360674863621
2024-01-04 09:08:18,981 - INFO: Acc: 0.76760, F1 Score: 0.83976,0.81808,0.82878, Avg. Loss: 5.89982
2024-01-04 09:08:22,506 - INFO: Epoch: 162  train. loss: 5.824778117541766
2024-01-04 09:08:22,940 - INFO: Acc: 0.76648, F1 Score: 0.83713,0.82042,0.82869, Avg. Loss: 5.89834
2024-01-04 09:08:26,451 - INFO: Epoch: 163  train. loss: 5.824113535629048
2024-01-04 09:08:26,889 - INFO: Acc: 0.77989, F1 Score: 0.84316,0.83920,0.84118, Avg. Loss: 5.89595
2024-01-04 09:08:30,528 - INFO: Epoch: 164  train. loss: 5.823783242413911
2024-01-04 09:08:30,966 - INFO: Acc: 0.77542, F1 Score: 0.83806,0.83216,0.83510, Avg. Loss: 5.89605
2024-01-04 09:08:34,462 - INFO: Epoch: 165  train. loss: 5.823359055361404
2024-01-04 09:08:34,896 - INFO: Acc: 0.77095, F1 Score: 0.83392,0.83099,0.83245, Avg. Loss: 5.89655
2024-01-04 09:08:38,360 - INFO: Epoch: 166  train. loss: 5.823058728264575
2024-01-04 09:08:38,792 - INFO: Acc: 0.77654, F1 Score: 0.83528,0.83920,0.83724, Avg. Loss: 5.89469
2024-01-04 09:08:42,364 - INFO: Epoch: 167  train. loss: 5.8228276561967265
2024-01-04 09:08:42,802 - INFO: Acc: 0.77430, F1 Score: 0.83509,0.83803,0.83656, Avg. Loss: 5.89457
2024-01-04 09:08:46,242 - INFO: Epoch: 168  train. loss: 5.8226844847425845
2024-01-04 09:08:46,672 - INFO: Acc: 0.77542, F1 Score: 0.83882,0.83685,0.83784, Avg. Loss: 5.89449
2024-01-04 09:08:50,144 - INFO: Epoch: 169  train. loss: 5.822641866263211
2024-01-04 09:08:50,574 - INFO: Acc: 0.77542, F1 Score: 0.83568,0.83568,0.83568, Avg. Loss: 5.89431
2024-01-04 09:08:54,044 - INFO: Epoch: 170  train. loss: 5.822575940802932
2024-01-04 09:08:54,476 - INFO: Acc: 0.77318, F1 Score: 0.83431,0.83920,0.83675, Avg. Loss: 5.89397
2024-01-04 09:08:57,971 - INFO: Epoch: 171  train. loss: 5.822439428486192
2024-01-04 09:08:58,405 - INFO: Acc: 0.76872, F1 Score: 0.83649,0.82864,0.83255, Avg. Loss: 5.89456
2024-01-04 09:09:01,883 - INFO: Epoch: 172  train. loss: 5.822342205080123
2024-01-04 09:09:02,317 - INFO: Acc: 0.76648, F1 Score: 0.83513,0.82042,0.82771, Avg. Loss: 5.89442
2024-01-04 09:09:05,690 - INFO: Epoch: 173  train. loss: 5.822324225409138
2024-01-04 09:09:06,121 - INFO: Acc: 0.76648, F1 Score: 0.83017,0.82042,0.82527, Avg. Loss: 5.89879
2024-01-04 09:09:09,566 - INFO: Epoch: 174  train. loss: 5.822268288654961
2024-01-04 09:09:10,001 - INFO: Acc: 0.77430, F1 Score: 0.82715,0.83685,0.83197, Avg. Loss: 5.89450
2024-01-04 09:09:13,478 - INFO: Epoch: 175  train. loss: 5.822214349642005
2024-01-04 09:09:13,919 - INFO: Acc: 0.77654, F1 Score: 0.83905,0.83216,0.83559, Avg. Loss: 5.89514
2024-01-04 09:09:17,317 - INFO: Epoch: 176  train. loss: 5.821669632202523
2024-01-04 09:09:17,753 - INFO: Acc: 0.76536, F1 Score: 0.83373,0.82981,0.83176, Avg. Loss: 5.89796
2024-01-04 09:09:21,117 - INFO: Epoch: 177  train. loss: 5.821395941655302
2024-01-04 09:09:21,551 - INFO: Acc: 0.77989, F1 Score: 0.84291,0.84390,0.84340, Avg. Loss: 5.89531
2024-01-04 09:09:25,001 - INFO: Epoch: 178  train. loss: 5.821206156239345
2024-01-04 09:09:25,442 - INFO: Acc: 0.77207, F1 Score: 0.83100,0.83685,0.83392, Avg. Loss: 5.89474
2024-01-04 09:09:28,931 - INFO: Epoch: 179  train. loss: 5.821204824411865
2024-01-04 09:09:29,383 - INFO: Acc: 0.77095, F1 Score: 0.83294,0.83685,0.83489, Avg. Loss: 5.89525
2024-01-04 09:09:32,810 - INFO: Epoch: 180  train. loss: 5.821088289507331
2024-01-04 09:09:33,238 - INFO: Acc: 0.77207, F1 Score: 0.83392,0.83685,0.83538, Avg. Loss: 5.89562
2024-01-04 09:09:36,680 - INFO: Epoch: 181  train. loss: 5.82094977944937
2024-01-04 09:09:37,117 - INFO: Acc: 0.77989, F1 Score: 0.83953,0.84742,0.84346, Avg. Loss: 5.89273
2024-01-04 09:09:40,478 - INFO: Epoch: 182  train. loss: 5.820746009844869
2024-01-04 09:09:40,908 - INFO: Acc: 0.77877, F1 Score: 0.83920,0.83920,0.83920, Avg. Loss: 5.89303
2024-01-04 09:09:44,282 - INFO: Epoch: 183  train. loss: 5.82071604372656
2024-01-04 09:09:44,710 - INFO: Acc: 0.77430, F1 Score: 0.83353,0.84038,0.83694, Avg. Loss: 5.89278
2024-01-04 09:09:48,147 - INFO: Epoch: 184  train. loss: 5.820685411694511
2024-01-04 09:09:48,578 - INFO: Acc: 0.77207, F1 Score: 0.83082,0.84155,0.83615, Avg. Loss: 5.89197
2024-01-04 09:09:51,994 - INFO: Epoch: 185  train. loss: 5.820672759333447
2024-01-04 09:09:52,421 - INFO: Acc: 0.77989, F1 Score: 0.84070,0.84859,0.84463, Avg. Loss: 5.89184
2024-01-04 09:09:55,853 - INFO: Epoch: 186  train. loss: 5.8206248135441525
2024-01-04 09:09:56,283 - INFO: Acc: 0.77207, F1 Score: 0.83431,0.83920,0.83675, Avg. Loss: 5.89208
2024-01-04 09:09:59,643 - INFO: Epoch: 187  train. loss: 5.8205928496846235
2024-01-04 09:10:00,074 - INFO: Acc: 0.77877, F1 Score: 0.84174,0.84272,0.84223, Avg. Loss: 5.89041
2024-01-04 09:10:03,505 - INFO: Epoch: 188  train. loss: 5.820711382330378
2024-01-04 09:10:03,944 - INFO: Acc: 0.78101, F1 Score: 0.84444,0.84742,0.84593, Avg. Loss: 5.89178
2024-01-04 09:10:07,468 - INFO: Epoch: 189  train. loss: 5.820383086856461
2024-01-04 09:10:07,934 - INFO: Acc: 0.76983, F1 Score: 0.83431,0.83333,0.83382, Avg. Loss: 5.89390
2024-01-04 09:10:11,477 - INFO: Epoch: 190  train. loss: 5.820057455037504
2024-01-04 09:10:11,914 - INFO: Acc: 0.76313, F1 Score: 0.82803,0.82512,0.82657, Avg. Loss: 5.89888
2024-01-04 09:10:15,426 - INFO: Epoch: 191  train. loss: 5.819904960790999
2024-01-04 09:10:15,856 - INFO: Acc: 0.77095, F1 Score: 0.84148,0.82864,0.83501, Avg. Loss: 5.89543
2024-01-04 09:10:19,319 - INFO: Epoch: 192  train. loss: 5.819815728349813
2024-01-04 09:10:19,756 - INFO: Acc: 0.77542, F1 Score: 0.83510,0.83216,0.83363, Avg. Loss: 5.89382
2024-01-04 09:10:23,218 - INFO: Epoch: 193  train. loss: 5.819769114387999
2024-01-04 09:10:23,686 - INFO: Acc: 0.77654, F1 Score: 0.84643,0.83451,0.84043, Avg. Loss: 5.89458
2024-01-04 09:10:27,170 - INFO: Epoch: 194  train. loss: 5.819635265726219
2024-01-04 09:10:27,602 - INFO: Acc: 0.76872, F1 Score: 0.82904,0.83099,0.83001, Avg. Loss: 5.89519
2024-01-04 09:10:31,048 - INFO: Epoch: 195  train. loss: 5.8196439226048415
2024-01-04 09:10:31,481 - INFO: Acc: 0.77430, F1 Score: 0.82834,0.84390,0.83605, Avg. Loss: 5.89443
2024-01-04 09:10:34,964 - INFO: Epoch: 196  train. loss: 5.820636799991476
2024-01-04 09:10:35,394 - INFO: Acc: 0.77877, F1 Score: 0.84625,0.83333,0.83974, Avg. Loss: 5.89099
2024-01-04 09:10:38,839 - INFO: Epoch: 197  train. loss: 5.82068474578077
2024-01-04 09:10:39,270 - INFO: Acc: 0.77318, F1 Score: 0.83803,0.83803,0.83803, Avg. Loss: 5.89614
2024-01-04 09:10:42,741 - INFO: Epoch: 198  train. loss: 5.8207167096403
2024-01-04 09:10:43,174 - INFO: Acc: 0.78101, F1 Score: 0.83935,0.84624,0.84278, Avg. Loss: 5.88988
2024-01-04 09:10:46,520 - INFO: Epoch: 199  train. loss: 5.820331145584726
2024-01-04 09:10:46,979 - INFO: Acc: 0.78212, F1 Score: 0.84335,0.84038,0.84186, Avg. Loss: 5.89355
2024-01-04 09:10:50,522 - INFO: Epoch: 200  train. loss: 5.819821721573474
2024-01-04 09:10:51,006 - INFO: Acc: 0.77765, F1 Score: 0.84272,0.84272,0.84272, Avg. Loss: 5.89021
2024-01-04 09:10:54,505 - INFO: Epoch: 201  train. loss: 5.819711179892601
2024-01-04 09:10:54,947 - INFO: Acc: 0.77318, F1 Score: 0.83688,0.83099,0.83392, Avg. Loss: 5.89368
2024-01-04 09:10:58,444 - INFO: Epoch: 202  train. loss: 5.819746473320832
2024-01-04 09:10:58,900 - INFO: Acc: 0.77765, F1 Score: 0.83353,0.83451,0.83402, Avg. Loss: 5.89126
2024-01-04 09:11:02,375 - INFO: Epoch: 203  train. loss: 5.819392207211047
2024-01-04 09:11:02,832 - INFO: Acc: 0.77989, F1 Score: 0.84179,0.83685,0.83932, Avg. Loss: 5.89136
2024-01-04 09:11:06,338 - INFO: Epoch: 204  train. loss: 5.819294317891238
2024-01-04 09:11:06,783 - INFO: Acc: 0.77654, F1 Score: 0.83981,0.83685,0.83833, Avg. Loss: 5.89068
2024-01-04 09:11:10,269 - INFO: Epoch: 205  train. loss: 5.8192690131691105
2024-01-04 09:11:10,712 - INFO: Acc: 0.77877, F1 Score: 0.84342,0.83451,0.83894, Avg. Loss: 5.89087
2024-01-04 09:11:14,236 - INFO: Epoch: 206  train. loss: 5.819135830421071
2024-01-04 09:11:14,693 - INFO: Acc: 0.77765, F1 Score: 0.83901,0.83803,0.83852, Avg. Loss: 5.89107
2024-01-04 09:11:18,161 - INFO: Epoch: 207  train. loss: 5.819146485040914
2024-01-04 09:11:18,619 - INFO: Acc: 0.77765, F1 Score: 0.83645,0.84038,0.83841, Avg. Loss: 5.89079
2024-01-04 09:11:22,097 - INFO: Epoch: 208  train. loss: 5.819047263893625
2024-01-04 09:11:22,550 - INFO: Acc: 0.77877, F1 Score: 0.83740,0.84624,0.84180, Avg. Loss: 5.89140
2024-01-04 09:11:26,016 - INFO: Epoch: 209  train. loss: 5.819045266152403
2024-01-04 09:11:26,465 - INFO: Acc: 0.77542, F1 Score: 0.83803,0.83803,0.83803, Avg. Loss: 5.88988
2024-01-04 09:11:29,926 - INFO: Epoch: 210  train. loss: 5.818886112768497
2024-01-04 09:11:30,384 - INFO: Acc: 0.77654, F1 Score: 0.83784,0.83685,0.83735, Avg. Loss: 5.88978
2024-01-04 09:11:33,878 - INFO: Epoch: 211  train. loss: 5.818668358975452
2024-01-04 09:11:34,330 - INFO: Acc: 0.77318, F1 Score: 0.83529,0.83333,0.83431, Avg. Loss: 5.89138
2024-01-04 09:11:37,811 - INFO: Epoch: 212  train. loss: 5.8186257404960795
2024-01-04 09:11:38,268 - INFO: Acc: 0.77542, F1 Score: 0.83765,0.83568,0.83666, Avg. Loss: 5.89035
2024-01-04 09:11:41,739 - INFO: Epoch: 213  train. loss: 5.818582456102966
2024-01-04 09:11:42,198 - INFO: Acc: 0.77765, F1 Score: 0.84167,0.82981,0.83570, Avg. Loss: 5.89127
2024-01-04 09:11:45,703 - INFO: Epoch: 214  train. loss: 5.818539171709854
2024-01-04 09:11:46,155 - INFO: Acc: 0.77318, F1 Score: 0.84091,0.82512,0.83294, Avg. Loss: 5.89393
2024-01-04 09:11:49,657 - INFO: Epoch: 215  train. loss: 5.818411316271735
2024-01-04 09:11:50,110 - INFO: Acc: 0.76872, F1 Score: 0.83393,0.82512,0.82950, Avg. Loss: 5.89241
2024-01-04 09:11:53,597 - INFO: Epoch: 216  train. loss: 5.818350718121377
2024-01-04 09:11:54,051 - INFO: Acc: 0.77654, F1 Score: 0.84267,0.82981,0.83619, Avg. Loss: 5.89355
2024-01-04 09:11:57,523 - INFO: Epoch: 217  train. loss: 5.818240842354244
2024-01-04 09:11:57,959 - INFO: Acc: 0.77542, F1 Score: 0.83528,0.83920,0.83724, Avg. Loss: 5.89185
2024-01-04 09:12:01,331 - INFO: Epoch: 218  train. loss: 5.818236180958063
2024-01-04 09:12:01,762 - INFO: Acc: 0.77095, F1 Score: 0.83274,0.82394,0.82832, Avg. Loss: 5.89215
2024-01-04 09:12:05,199 - INFO: Epoch: 219  train. loss: 5.81825948793897
2024-01-04 09:12:05,661 - INFO: Acc: 0.77542, F1 Score: 0.84118,0.83920,0.84019, Avg. Loss: 5.89035
2024-01-04 09:12:09,150 - INFO: Epoch: 220  train. loss: 5.818143618948176
2024-01-04 09:12:09,605 - INFO: Acc: 0.77542, F1 Score: 0.83920,0.83920,0.83920, Avg. Loss: 5.89093
2024-01-04 09:12:13,168 - INFO: Epoch: 221  train. loss: 5.8181349620695535
2024-01-04 09:12:13,624 - INFO: Acc: 0.77654, F1 Score: 0.84094,0.84390,0.84241, Avg. Loss: 5.89064
2024-01-04 09:12:17,180 - INFO: Epoch: 222  train. loss: 5.818130300673372
2024-01-04 09:12:17,638 - INFO: Acc: 0.77207, F1 Score: 0.83587,0.83685,0.83636, Avg. Loss: 5.89062
2024-01-04 09:12:21,196 - INFO: Epoch: 223  train. loss: 5.818110989174906
2024-01-04 09:12:21,654 - INFO: Acc: 0.77765, F1 Score: 0.84689,0.83099,0.83886, Avg. Loss: 5.89164
2024-01-04 09:12:25,188 - INFO: Epoch: 224  train. loss: 5.818073032091715
2024-01-04 09:12:25,661 - INFO: Acc: 0.76983, F1 Score: 0.83836,0.81573,0.82689, Avg. Loss: 5.89448
2024-01-04 09:12:29,279 - INFO: Epoch: 225  train. loss: 5.817951169877259
2024-01-04 09:12:29,754 - INFO: Acc: 0.76872, F1 Score: 0.83373,0.81221,0.82283, Avg. Loss: 5.89722
2024-01-04 09:12:33,287 - INFO: Epoch: 226  train. loss: 5.8180284158711215
2024-01-04 09:12:33,719 - INFO: Acc: 0.78883, F1 Score: 0.83912,0.85094,0.84499, Avg. Loss: 5.88800
2024-01-04 09:12:37,291 - INFO: Epoch: 227  train. loss: 5.818585119757927
2024-01-04 09:12:37,741 - INFO: Acc: 0.74860, F1 Score: 0.80595,0.79460,0.80024, Avg. Loss: 5.91060
2024-01-04 09:12:41,189 - INFO: Epoch: 228  train. loss: 5.823741955762018
2024-01-04 09:12:41,624 - INFO: Acc: 0.77877, F1 Score: 0.84606,0.83216,0.83905, Avg. Loss: 5.89057
2024-01-04 09:12:44,970 - INFO: Epoch: 229  train. loss: 5.822181053954995
2024-01-04 09:12:45,400 - INFO: Acc: 0.77430, F1 Score: 0.83829,0.82746,0.83284, Avg. Loss: 5.89178
2024-01-04 09:12:48,787 - INFO: Epoch: 230  train. loss: 5.818631067806001
2024-01-04 09:12:49,222 - INFO: Acc: 0.76760, F1 Score: 0.83894,0.81925,0.82898, Avg. Loss: 5.89386
2024-01-04 09:12:52,632 - INFO: Epoch: 231  train. loss: 5.817818653042959
2024-01-04 09:12:53,074 - INFO: Acc: 0.77877, F1 Score: 0.83546,0.84624,0.84082, Avg. Loss: 5.89298
2024-01-04 09:12:56,456 - INFO: Epoch: 232  train. loss: 5.817742072962837
2024-01-04 09:12:56,882 - INFO: Acc: 0.77207, F1 Score: 0.83179,0.84155,0.83664, Avg. Loss: 5.89379
2024-01-04 09:13:00,243 - INFO: Epoch: 233  train. loss: 5.817596903767473
2024-01-04 09:13:00,666 - INFO: Acc: 0.76983, F1 Score: 0.83003,0.83685,0.83343, Avg. Loss: 5.89324
2024-01-04 09:13:04,009 - INFO: Epoch: 234  train. loss: 5.817360504389703
2024-01-04 09:13:04,432 - INFO: Acc: 0.77207, F1 Score: 0.83509,0.83803,0.83656, Avg. Loss: 5.89239
2024-01-04 09:13:07,774 - INFO: Epoch: 235  train. loss: 5.817231317124105
2024-01-04 09:13:08,196 - INFO: Acc: 0.77318, F1 Score: 0.83469,0.84155,0.83811, Avg. Loss: 5.89207
2024-01-04 09:13:11,545 - INFO: Epoch: 236  train. loss: 5.817168055318787
2024-01-04 09:13:11,972 - INFO: Acc: 0.77318, F1 Score: 0.83547,0.84038,0.83792, Avg. Loss: 5.89211
2024-01-04 09:13:15,431 - INFO: Epoch: 237  train. loss: 5.817119443615752
2024-01-04 09:13:15,857 - INFO: Acc: 0.77095, F1 Score: 0.83294,0.83685,0.83489, Avg. Loss: 5.89238
2024-01-04 09:13:19,265 - INFO: Epoch: 238  train. loss: 5.816995583660075
2024-01-04 09:13:19,697 - INFO: Acc: 0.76983, F1 Score: 0.83372,0.83568,0.83470, Avg. Loss: 5.89205
2024-01-04 09:13:23,075 - INFO: Epoch: 239  train. loss: 5.8169915881776335
2024-01-04 09:13:23,507 - INFO: Acc: 0.77207, F1 Score: 0.83765,0.83568,0.83666, Avg. Loss: 5.89170
2024-01-04 09:13:26,881 - INFO: Epoch: 240  train. loss: 5.816962953886805
2024-01-04 09:13:27,312 - INFO: Acc: 0.77207, F1 Score: 0.83863,0.83568,0.83715, Avg. Loss: 5.89172
2024-01-04 09:13:30,652 - INFO: Epoch: 241  train. loss: 5.816907017132629
2024-01-04 09:13:31,076 - INFO: Acc: 0.77318, F1 Score: 0.83882,0.83685,0.83784, Avg. Loss: 5.89164
2024-01-04 09:13:34,419 - INFO: Epoch: 242  train. loss: 5.81684442124105
2024-01-04 09:13:34,844 - INFO: Acc: 0.77542, F1 Score: 0.84179,0.83685,0.83932, Avg. Loss: 5.89200
2024-01-04 09:13:38,189 - INFO: Epoch: 243  train. loss: 5.816735877301398
2024-01-04 09:13:38,615 - INFO: Acc: 0.78324, F1 Score: 0.84266,0.84859,0.84561, Avg. Loss: 5.88910
2024-01-04 09:13:41,960 - INFO: Epoch: 244  train. loss: 5.816729218163996
2024-01-04 09:13:42,385 - INFO: Acc: 0.77877, F1 Score: 0.84217,0.83920,0.84068, Avg. Loss: 5.88885
2024-01-04 09:13:45,728 - INFO: Epoch: 245  train. loss: 5.816649974428913
2024-01-04 09:13:46,156 - INFO: Acc: 0.78101, F1 Score: 0.84094,0.84390,0.84241, Avg. Loss: 5.88882
2024-01-04 09:13:49,514 - INFO: Epoch: 246  train. loss: 5.8166446471189905
2024-01-04 09:13:49,940 - INFO: Acc: 0.78101, F1 Score: 0.84155,0.84155,0.84155, Avg. Loss: 5.88891
2024-01-04 09:13:53,297 - INFO: Epoch: 247  train. loss: 5.81664331529151
2024-01-04 09:13:53,727 - INFO: Acc: 0.78101, F1 Score: 0.84155,0.84155,0.84155, Avg. Loss: 5.88873
2024-01-04 09:13:57,100 - INFO: Epoch: 248  train. loss: 5.816645313032731
2024-01-04 09:13:57,546 - INFO: Acc: 0.78101, F1 Score: 0.84155,0.84155,0.84155, Avg. Loss: 5.88881
2024-01-04 09:14:01,188 - INFO: Epoch: 249  train. loss: 5.81664131755029
2024-01-04 09:14:01,629 - INFO: Acc: 0.78101, F1 Score: 0.84094,0.84390,0.84241, Avg. Loss: 5.88847
2024-01-04 09:14:05,250 - INFO: Epoch: 250  train. loss: 5.81664131755029
2024-01-04 09:14:05,697 - INFO: Acc: 0.78212, F1 Score: 0.84211,0.84507,0.84359, Avg. Loss: 5.88863
2024-01-04 09:14:09,334 - INFO: Epoch: 251  train. loss: 5.816639319809069
2024-01-04 09:14:09,767 - INFO: Acc: 0.78324, F1 Score: 0.84149,0.84742,0.84444, Avg. Loss: 5.88852
2024-01-04 09:14:13,539 - INFO: Epoch: 252  train. loss: 5.816637987981589
2024-01-04 09:14:13,978 - INFO: Acc: 0.78324, F1 Score: 0.84327,0.84624,0.84476, Avg. Loss: 5.88872
2024-01-04 09:14:17,834 - INFO: Epoch: 253  train. loss: 5.81664264937777
2024-01-04 09:14:18,279 - INFO: Acc: 0.78212, F1 Score: 0.84192,0.84390,0.84291, Avg. Loss: 5.88849
2024-01-04 09:14:21,869 - INFO: Epoch: 254  train. loss: 5.8166399857228095
2024-01-04 09:14:22,310 - INFO: Acc: 0.78101, F1 Score: 0.84075,0.84272,0.84174, Avg. Loss: 5.88867
2024-01-04 09:14:26,257 - INFO: Epoch: 255  train. loss: 5.816638653895329
2024-01-04 09:14:26,726 - INFO: Acc: 0.78436, F1 Score: 0.84346,0.84742,0.84543, Avg. Loss: 5.88849
2024-01-04 09:14:30,253 - INFO: Epoch: 256  train. loss: 5.816635324326628
2024-01-04 09:14:30,687 - INFO: Acc: 0.78212, F1 Score: 0.84211,0.84507,0.84359, Avg. Loss: 5.88850
2024-01-04 09:14:34,318 - INFO: Epoch: 257  train. loss: 5.816637987981589
2024-01-04 09:14:34,766 - INFO: Acc: 0.78324, F1 Score: 0.84327,0.84624,0.84476, Avg. Loss: 5.88851
2024-01-04 09:14:38,400 - INFO: Epoch: 258  train. loss: 5.816636656154109
2024-01-04 09:14:38,842 - INFO: Acc: 0.78324, F1 Score: 0.84229,0.84624,0.84426, Avg. Loss: 5.88818
2024-01-04 09:14:42,443 - INFO: Epoch: 259  train. loss: 5.816536103179339
2024-01-04 09:14:42,937 - INFO: Acc: 0.78101, F1 Score: 0.84606,0.83216,0.83905, Avg. Loss: 5.88865
2024-01-04 09:14:46,517 - INFO: Epoch: 260  train. loss: 5.816418236447324
2024-01-04 09:14:46,952 - INFO: Acc: 0.78436, F1 Score: 0.84670,0.84272,0.84471, Avg. Loss: 5.88791
2024-01-04 09:14:50,621 - INFO: Epoch: 261  train. loss: 5.816416904619843
2024-01-04 09:14:51,068 - INFO: Acc: 0.77542, F1 Score: 0.84043,0.83451,0.83746, Avg. Loss: 5.88881
2024-01-04 09:14:54,675 - INFO: Epoch: 262  train. loss: 5.816411577309921
2024-01-04 09:14:55,105 - INFO: Acc: 0.78212, F1 Score: 0.84353,0.84155,0.84254, Avg. Loss: 5.88809
2024-01-04 09:14:58,671 - INFO: Epoch: 263  train. loss: 5.816410911396181
2024-01-04 09:14:59,108 - INFO: Acc: 0.77542, F1 Score: 0.83943,0.83451,0.83696, Avg. Loss: 5.88833
2024-01-04 09:15:02,725 - INFO: Epoch: 264  train. loss: 5.8164135750511425
2024-01-04 09:15:03,172 - INFO: Acc: 0.78101, F1 Score: 0.84155,0.84155,0.84155, Avg. Loss: 5.88814
2024-01-04 09:15:06,624 - INFO: Epoch: 265  train. loss: 5.816412243223661
2024-01-04 09:15:07,070 - INFO: Acc: 0.77654, F1 Score: 0.84043,0.83451,0.83746, Avg. Loss: 5.88820
2024-01-04 09:15:10,734 - INFO: Epoch: 266  train. loss: 5.816411577309921
2024-01-04 09:15:11,197 - INFO: Acc: 0.78324, F1 Score: 0.84272,0.84272,0.84272, Avg. Loss: 5.88790
2024-01-04 09:15:14,949 - INFO: Epoch: 267  train. loss: 5.816412909137402
2024-01-04 09:15:15,395 - INFO: Acc: 0.77765, F1 Score: 0.83724,0.83920,0.83822, Avg. Loss: 5.88796
2024-01-04 09:15:19,029 - INFO: Epoch: 268  train. loss: 5.816411577309921
2024-01-04 09:15:19,469 - INFO: Acc: 0.78101, F1 Score: 0.83977,0.84272,0.84124, Avg. Loss: 5.88795
2024-01-04 09:15:23,007 - INFO: Epoch: 269  train. loss: 5.816408913654961
2024-01-04 09:15:23,448 - INFO: Acc: 0.77765, F1 Score: 0.83920,0.83920,0.83920, Avg. Loss: 5.88797
2024-01-04 09:15:27,045 - INFO: Epoch: 270  train. loss: 5.816412243223661
2024-01-04 09:15:27,494 - INFO: Acc: 0.78101, F1 Score: 0.84038,0.84038,0.84038, Avg. Loss: 5.88795
2024-01-04 09:15:31,060 - INFO: Epoch: 271  train. loss: 5.816411577309921
2024-01-04 09:15:31,497 - INFO: Acc: 0.77765, F1 Score: 0.84019,0.83920,0.83969, Avg. Loss: 5.88817
2024-01-04 09:15:35,062 - INFO: Epoch: 272  train. loss: 5.816412243223661
2024-01-04 09:15:35,520 - INFO: Acc: 0.78212, F1 Score: 0.84192,0.84390,0.84291, Avg. Loss: 5.88783
2024-01-04 09:15:39,052 - INFO: Epoch: 273  train. loss: 5.8164135750511425
2024-01-04 09:15:39,497 - INFO: Acc: 0.77877, F1 Score: 0.83939,0.84038,0.83988, Avg. Loss: 5.88758
2024-01-04 09:15:43,070 - INFO: Epoch: 274  train. loss: 5.816411577309921
2024-01-04 09:15:43,570 - INFO: Acc: 0.77765, F1 Score: 0.83920,0.83920,0.83920, Avg. Loss: 5.88831
2024-01-04 09:15:47,221 - INFO: Epoch: 275  train. loss: 5.8164135750511425
2024-01-04 09:15:47,654 - INFO: Acc: 0.77989, F1 Score: 0.84038,0.84038,0.84038, Avg. Loss: 5.88753
2024-01-04 09:15:51,213 - INFO: Epoch: 276  train. loss: 5.816410245482441
2024-01-04 09:15:51,678 - INFO: Acc: 0.77765, F1 Score: 0.83920,0.83920,0.83920, Avg. Loss: 5.88820
2024-01-04 09:15:55,333 - INFO: Epoch: 277  train. loss: 5.8164135750511425
2024-01-04 09:15:55,771 - INFO: Acc: 0.77765, F1 Score: 0.84217,0.83920,0.84068, Avg. Loss: 5.88767
2024-01-04 09:15:59,383 - INFO: Epoch: 278  train. loss: 5.816410911396181
2024-01-04 09:15:59,823 - INFO: Acc: 0.77765, F1 Score: 0.83901,0.83803,0.83852, Avg. Loss: 5.88772
2024-01-04 09:16:03,350 - INFO: Epoch: 279  train. loss: 5.816410245482441
2024-01-04 09:16:03,791 - INFO: Acc: 0.77654, F1 Score: 0.84019,0.83920,0.83969, Avg. Loss: 5.88772
2024-01-04 09:16:07,317 - INFO: Epoch: 280  train. loss: 5.816410245482441
2024-01-04 09:16:07,756 - INFO: Acc: 0.77989, F1 Score: 0.84335,0.84038,0.84186, Avg. Loss: 5.88813
2024-01-04 09:16:11,313 - INFO: Epoch: 281  train. loss: 5.816375617967951
2024-01-04 09:16:11,750 - INFO: Acc: 0.77654, F1 Score: 0.84019,0.83920,0.83969, Avg. Loss: 5.88799
2024-01-04 09:16:15,366 - INFO: Epoch: 282  train. loss: 5.81637228839925
2024-01-04 09:16:15,814 - INFO: Acc: 0.77877, F1 Score: 0.83724,0.83920,0.83822, Avg. Loss: 5.88816
2024-01-04 09:16:19,426 - INFO: Epoch: 283  train. loss: 5.8163716224855095
2024-01-04 09:16:19,873 - INFO: Acc: 0.78324, F1 Score: 0.84229,0.84624,0.84426, Avg. Loss: 5.88744
2024-01-04 09:16:23,604 - INFO: Epoch: 284  train. loss: 5.8163716224855095
2024-01-04 09:16:24,042 - INFO: Acc: 0.78212, F1 Score: 0.84075,0.84272,0.84174, Avg. Loss: 5.88797
2024-01-04 09:16:27,779 - INFO: Epoch: 285  train. loss: 5.8163762838816915
2024-01-04 09:16:28,244 - INFO: Acc: 0.77765, F1 Score: 0.84235,0.84038,0.84136, Avg. Loss: 5.88773
2024-01-04 09:16:31,833 - INFO: Epoch: 286  train. loss: 5.81637228839925
2024-01-04 09:16:32,279 - INFO: Acc: 0.78324, F1 Score: 0.84272,0.84272,0.84272, Avg. Loss: 5.88769
2024-01-04 09:16:35,927 - INFO: Epoch: 287  train. loss: 5.816370956571769
2024-01-04 09:16:36,393 - INFO: Acc: 0.78212, F1 Score: 0.83781,0.84272,0.84026, Avg. Loss: 5.88856
2024-01-04 09:16:39,936 - INFO: Epoch: 288  train. loss: 5.816331667661098
2024-01-04 09:16:40,382 - INFO: Acc: 0.77989, F1 Score: 0.84136,0.84038,0.84087, Avg. Loss: 5.88916
2024-01-04 09:16:43,922 - INFO: Epoch: 289  train. loss: 5.8163203471275144
2024-01-04 09:16:44,358 - INFO: Acc: 0.78101, F1 Score: 0.84174,0.84272,0.84223, Avg. Loss: 5.88889
2024-01-04 09:16:47,892 - INFO: Epoch: 290  train. loss: 5.81630436519775
2024-01-04 09:16:48,325 - INFO: Acc: 0.78659, F1 Score: 0.84070,0.84859,0.84463, Avg. Loss: 5.88762
2024-01-04 09:16:51,783 - INFO: Epoch: 291  train. loss: 5.816198484913058
2024-01-04 09:16:52,214 - INFO: Acc: 0.77765, F1 Score: 0.84024,0.83333,0.83677, Avg. Loss: 5.88951
2024-01-04 09:16:55,767 - INFO: Epoch: 292  train. loss: 5.816189162120695
2024-01-04 09:16:56,205 - INFO: Acc: 0.77877, F1 Score: 0.84248,0.82864,0.83550, Avg. Loss: 5.89005
2024-01-04 09:16:59,768 - INFO: Epoch: 293  train. loss: 5.816187164379475
2024-01-04 09:17:00,201 - INFO: Acc: 0.77877, F1 Score: 0.84260,0.83568,0.83913, Avg. Loss: 5.88922
2024-01-04 09:17:03,815 - INFO: Epoch: 294  train. loss: 5.816189162120695
2024-01-04 09:17:04,258 - INFO: Acc: 0.77765, F1 Score: 0.84104,0.83216,0.83658, Avg. Loss: 5.89006
2024-01-04 09:17:07,859 - INFO: Epoch: 295  train. loss: 5.816185166638254
2024-01-04 09:17:08,321 - INFO: Acc: 0.78212, F1 Score: 0.84479,0.83685,0.84080, Avg. Loss: 5.88908
2024-01-04 09:17:11,922 - INFO: Epoch: 296  train. loss: 5.816177175673372
2024-01-04 09:17:12,400 - INFO: Acc: 0.77765, F1 Score: 0.83967,0.82981,0.83471, Avg. Loss: 5.88941
2024-01-04 09:17:16,275 - INFO: Epoch: 297  train. loss: 5.81613855267644
2024-01-04 09:17:16,719 - INFO: Acc: 0.78101, F1 Score: 0.84198,0.83803,0.84000, Avg. Loss: 5.89043
2024-01-04 09:17:20,583 - INFO: Epoch: 298  train. loss: 5.820457669195363
2024-01-04 09:17:21,057 - INFO: Acc: 0.76425, F1 Score: 0.83859,0.81103,0.82458, Avg. Loss: 5.89849
2024-01-04 09:17:24,752 - INFO: Epoch: 299  train. loss: 5.823599450221616
2024-01-04 09:17:25,203 - INFO: Acc: 0.76313, F1 Score: 0.82009,0.82394,0.82201, Avg. Loss: 5.90006
2024-01-04 09:17:28,775 - INFO: Epoch: 300  train. loss: 5.818806203119673
2024-01-04 09:17:29,210 - INFO: Acc: 0.78101, F1 Score: 0.84061,0.83568,0.83814, Avg. Loss: 5.89129
2024-01-04 09:17:32,931 - INFO: Epoch: 301  train. loss: 5.817076159222639
2024-01-04 09:17:33,378 - INFO: Acc: 0.77318, F1 Score: 0.84504,0.81925,0.83194, Avg. Loss: 5.89148
2024-01-04 09:17:36,986 - INFO: Epoch: 302  train. loss: 5.816398259035117
2024-01-04 09:17:37,423 - INFO: Acc: 0.77542, F1 Score: 0.84394,0.82512,0.83442, Avg. Loss: 5.89360
2024-01-04 09:17:41,061 - INFO: Epoch: 303  train. loss: 5.816245098874872
2024-01-04 09:17:41,498 - INFO: Acc: 0.77318, F1 Score: 0.83294,0.82512,0.82901, Avg. Loss: 5.89190
2024-01-04 09:17:45,056 - INFO: Epoch: 304  train. loss: 5.816173180190931
2024-01-04 09:17:45,501 - INFO: Acc: 0.77207, F1 Score: 0.83452,0.82277,0.82861, Avg. Loss: 5.89268
2024-01-04 09:17:49,094 - INFO: Epoch: 305  train. loss: 5.815889500937606
2024-01-04 09:17:49,555 - INFO: Acc: 0.77542, F1 Score: 0.83771,0.82394,0.83077, Avg. Loss: 5.89094
2024-01-04 09:17:53,133 - INFO: Epoch: 306  train. loss: 5.815846216544494
2024-01-04 09:17:53,579 - INFO: Acc: 0.77877, F1 Score: 0.83810,0.82629,0.83215, Avg. Loss: 5.89062
2024-01-04 09:17:57,060 - INFO: Epoch: 307  train. loss: 5.815764309154449
2024-01-04 09:17:57,497 - INFO: Acc: 0.77542, F1 Score: 0.83570,0.82981,0.83274, Avg. Loss: 5.89085
2024-01-04 09:18:01,003 - INFO: Epoch: 308  train. loss: 5.815739004432322
2024-01-04 09:18:01,435 - INFO: Acc: 0.77430, F1 Score: 0.83610,0.82629,0.83117, Avg. Loss: 5.89114
2024-01-04 09:18:04,979 - INFO: Epoch: 309  train. loss: 5.815655099301057
2024-01-04 09:18:05,421 - INFO: Acc: 0.77095, F1 Score: 0.83254,0.82277,0.82763, Avg. Loss: 5.89066
2024-01-04 09:18:09,043 - INFO: Epoch: 310  train. loss: 5.815594501150699
2024-01-04 09:18:09,488 - INFO: Acc: 0.77430, F1 Score: 0.83235,0.82746,0.82990, Avg. Loss: 5.89033
2024-01-04 09:18:13,189 - INFO: Epoch: 311  train. loss: 5.815584512444596
2024-01-04 09:18:13,631 - INFO: Acc: 0.77989, F1 Score: 0.83746,0.83451,0.83598, Avg. Loss: 5.88935
2024-01-04 09:18:17,193 - INFO: Epoch: 312  train. loss: 5.815585844272077
2024-01-04 09:18:17,633 - INFO: Acc: 0.77654, F1 Score: 0.83373,0.82981,0.83176, Avg. Loss: 5.88979
2024-01-04 09:18:21,184 - INFO: Epoch: 313  train. loss: 5.815575189652233
2024-01-04 09:18:21,615 - INFO: Acc: 0.77542, F1 Score: 0.83157,0.82864,0.83010, Avg. Loss: 5.88962
2024-01-04 09:18:25,403 - INFO: Epoch: 314  train. loss: 5.815575855565974
2024-01-04 09:18:25,855 - INFO: Acc: 0.77542, F1 Score: 0.83333,0.82746,0.83039, Avg. Loss: 5.88980
2024-01-04 09:18:29,395 - INFO: Epoch: 315  train. loss: 5.815569862342311
2024-01-04 09:18:29,850 - INFO: Acc: 0.78324, F1 Score: 0.84161,0.83568,0.83863, Avg. Loss: 5.88942
2024-01-04 09:18:33,450 - INFO: Epoch: 316  train. loss: 5.815557209981248
2024-01-04 09:18:33,884 - INFO: Acc: 0.78101, F1 Score: 0.84304,0.83216,0.83757, Avg. Loss: 5.88904
2024-01-04 09:18:37,548 - INFO: Epoch: 317  train. loss: 5.815457322920218
2024-01-04 09:18:37,990 - INFO: Acc: 0.78101, F1 Score: 0.84304,0.83216,0.83757, Avg. Loss: 5.88942
2024-01-04 09:18:41,538 - INFO: Epoch: 318  train. loss: 5.815434015939311
2024-01-04 09:18:41,987 - INFO: Acc: 0.77877, F1 Score: 0.84067,0.82981,0.83520, Avg. Loss: 5.88937
2024-01-04 09:18:45,710 - INFO: Epoch: 319  train. loss: 5.81543135228435
2024-01-04 09:18:46,153 - INFO: Acc: 0.77877, F1 Score: 0.84167,0.82981,0.83570, Avg. Loss: 5.88930
2024-01-04 09:18:49,812 - INFO: Epoch: 320  train. loss: 5.815433350025571
2024-01-04 09:18:50,250 - INFO: Acc: 0.77877, F1 Score: 0.84167,0.82981,0.83570, Avg. Loss: 5.88931
2024-01-04 09:18:53,997 - INFO: Epoch: 321  train. loss: 5.8154320181980905
2024-01-04 09:18:54,453 - INFO: Acc: 0.77877, F1 Score: 0.84067,0.82981,0.83520, Avg. Loss: 5.88926
2024-01-04 09:18:58,029 - INFO: Epoch: 322  train. loss: 5.81542935454313
2024-01-04 09:18:58,461 - INFO: Acc: 0.77877, F1 Score: 0.84067,0.82981,0.83520, Avg. Loss: 5.88920
2024-01-04 09:19:02,072 - INFO: Epoch: 323  train. loss: 5.815424027233209
2024-01-04 09:19:02,530 - INFO: Acc: 0.77989, F1 Score: 0.84229,0.82746,0.83481, Avg. Loss: 5.88851
2024-01-04 09:19:06,154 - INFO: Epoch: 324  train. loss: 5.815386070150017
2024-01-04 09:19:06,595 - INFO: Acc: 0.78212, F1 Score: 0.84286,0.83099,0.83688, Avg. Loss: 5.88888
2024-01-04 09:19:10,212 - INFO: Epoch: 325  train. loss: 5.815358767686669
2024-01-04 09:19:10,649 - INFO: Acc: 0.77654, F1 Score: 0.84485,0.81808,0.83125, Avg. Loss: 5.88982
2024-01-04 09:19:14,303 - INFO: Epoch: 326  train. loss: 5.815344783498125
2024-01-04 09:19:14,740 - INFO: Acc: 0.78101, F1 Score: 0.84248,0.82864,0.83550, Avg. Loss: 5.88970
2024-01-04 09:19:18,286 - INFO: Epoch: 327  train. loss: 5.815342119843164
2024-01-04 09:19:18,720 - INFO: Acc: 0.78212, F1 Score: 0.84487,0.83099,0.83787, Avg. Loss: 5.88940
2024-01-04 09:19:22,319 - INFO: Epoch: 328  train. loss: 5.815341453929424
2024-01-04 09:19:22,754 - INFO: Acc: 0.78324, F1 Score: 0.84505,0.83216,0.83856, Avg. Loss: 5.88937
2024-01-04 09:19:26,323 - INFO: Epoch: 329  train. loss: 5.815340788015684
2024-01-04 09:19:26,757 - INFO: Acc: 0.78212, F1 Score: 0.84386,0.83099,0.83737, Avg. Loss: 5.88944
2024-01-04 09:19:30,580 - INFO: Epoch: 330  train. loss: 5.815342119843164
2024-01-04 09:19:31,155 - INFO: Acc: 0.78436, F1 Score: 0.84423,0.83333,0.83875, Avg. Loss: 5.88924
2024-01-04 09:19:34,825 - INFO: Epoch: 331  train. loss: 5.815341453929424
2024-01-04 09:19:35,269 - INFO: Acc: 0.78324, F1 Score: 0.84487,0.83099,0.83787, Avg. Loss: 5.88962
2024-01-04 09:19:38,802 - INFO: Epoch: 332  train. loss: 5.815290178571429
2024-01-04 09:19:39,251 - INFO: Acc: 0.78212, F1 Score: 0.83787,0.83099,0.83441, Avg. Loss: 5.88976
2024-01-04 09:19:42,909 - INFO: Epoch: 333  train. loss: 5.8161172434367545
2024-01-04 09:19:43,341 - INFO: Acc: 0.78324, F1 Score: 0.83528,0.83920,0.83724, Avg. Loss: 5.89082
2024-01-04 09:19:46,915 - INFO: Epoch: 334  train. loss: 5.818904092439482
2024-01-04 09:19:47,345 - INFO: Acc: 0.76201, F1 Score: 0.81062,0.82394,0.81723, Avg. Loss: 5.89914
2024-01-04 09:19:50,956 - INFO: Epoch: 335  train. loss: 5.817295244843164
2024-01-04 09:19:51,399 - INFO: Acc: 0.78436, F1 Score: 0.83943,0.83451,0.83696, Avg. Loss: 5.88976
2024-01-04 09:19:55,115 - INFO: Epoch: 336  train. loss: 5.816209805446642
2024-01-04 09:19:55,558 - INFO: Acc: 0.78212, F1 Score: 0.83295,0.84272,0.83781, Avg. Loss: 5.89467
2024-01-04 09:19:59,166 - INFO: Epoch: 337  train. loss: 5.8154506637828165
2024-01-04 09:19:59,620 - INFO: Acc: 0.79106, F1 Score: 0.84534,0.84038,0.84285, Avg. Loss: 5.89067
2024-01-04 09:20:03,460 - INFO: Epoch: 338  train. loss: 5.815042458660075
2024-01-04 09:20:03,979 - INFO: Acc: 0.77207, F1 Score: 0.83394,0.81338,0.82353, Avg. Loss: 5.89278
2024-01-04 09:20:07,566 - INFO: Epoch: 339  train. loss: 5.8149132713944764
2024-01-04 09:20:08,086 - INFO: Acc: 0.77877, F1 Score: 0.83608,0.83216,0.83412, Avg. Loss: 5.89089
2024-01-04 09:20:11,828 - INFO: Epoch: 340  train. loss: 5.814834027659393
2024-01-04 09:20:12,285 - INFO: Acc: 0.77877, F1 Score: 0.83905,0.83216,0.83559, Avg. Loss: 5.89136
2024-01-04 09:20:16,140 - INFO: Epoch: 341  train. loss: 5.814775427250256
2024-01-04 09:20:16,595 - INFO: Acc: 0.77654, F1 Score: 0.83510,0.83216,0.83363, Avg. Loss: 5.89123
2024-01-04 09:20:20,348 - INFO: Epoch: 342  train. loss: 5.81472215415104
2024-01-04 09:20:20,793 - INFO: Acc: 0.77877, F1 Score: 0.83510,0.83216,0.83363, Avg. Loss: 5.88996
2024-01-04 09:20:24,395 - INFO: Epoch: 343  train. loss: 5.814694185773952
2024-01-04 09:20:24,841 - INFO: Acc: 0.77989, F1 Score: 0.83470,0.83568,0.83519, Avg. Loss: 5.88969
2024-01-04 09:20:28,568 - INFO: Epoch: 344  train. loss: 5.814756781665531
2024-01-04 09:20:29,008 - INFO: Acc: 0.79106, F1 Score: 0.84390,0.84390,0.84390, Avg. Loss: 5.88536
2024-01-04 09:20:32,673 - INFO: Epoch: 345  train. loss: 5.814636917192295
2024-01-04 09:20:33,123 - INFO: Acc: 0.78324, F1 Score: 0.84056,0.84155,0.84106, Avg. Loss: 5.88792
2024-01-04 09:20:36,801 - INFO: Epoch: 346  train. loss: 5.814551014319809
2024-01-04 09:20:37,245 - INFO: Acc: 0.78659, F1 Score: 0.84390,0.84390,0.84390, Avg. Loss: 5.88787
2024-01-04 09:20:40,843 - INFO: Epoch: 347  train. loss: 5.814546352923628
2024-01-04 09:20:41,309 - INFO: Acc: 0.78547, F1 Score: 0.84353,0.84155,0.84254, Avg. Loss: 5.88798
2024-01-04 09:20:44,851 - INFO: Epoch: 348  train. loss: 5.814543689268667
2024-01-04 09:20:45,302 - INFO: Acc: 0.78436, F1 Score: 0.84254,0.84155,0.84204, Avg. Loss: 5.88805
2024-01-04 09:20:48,977 - INFO: Epoch: 349  train. loss: 5.814541691527446
2024-01-04 09:20:49,412 - INFO: Acc: 0.78547, F1 Score: 0.84272,0.84272,0.84272, Avg. Loss: 5.88816
2024-01-04 09:20:53,209 - INFO: Epoch: 350  train. loss: 5.8145430233549265
2024-01-04 09:20:53,657 - INFO: Acc: 0.78324, F1 Score: 0.84136,0.84038,0.84087, Avg. Loss: 5.88829
2024-01-04 09:20:57,290 - INFO: Epoch: 351  train. loss: 5.814538361958745
2024-01-04 09:20:57,747 - INFO: Acc: 0.78436, F1 Score: 0.84371,0.84272,0.84322, Avg. Loss: 5.88828
2024-01-04 09:21:01,553 - INFO: Epoch: 352  train. loss: 5.814528373252642
2024-01-04 09:21:01,989 - INFO: Acc: 0.78436, F1 Score: 0.84254,0.84155,0.84204, Avg. Loss: 5.88829
2024-01-04 09:21:05,534 - INFO: Epoch: 353  train. loss: 5.814525709597682
2024-01-04 09:21:05,978 - INFO: Acc: 0.78436, F1 Score: 0.84174,0.84272,0.84223, Avg. Loss: 5.88834
2024-01-04 09:21:09,702 - INFO: Epoch: 354  train. loss: 5.814527707338902
2024-01-04 09:21:10,146 - INFO: Acc: 0.78436, F1 Score: 0.84174,0.84272,0.84223, Avg. Loss: 5.88840
2024-01-04 09:21:14,231 - INFO: Epoch: 355  train. loss: 5.814523711856461
2024-01-04 09:21:14,874 - INFO: Acc: 0.78436, F1 Score: 0.84094,0.84390,0.84241, Avg. Loss: 5.88839
2024-01-04 09:21:19,130 - INFO: Epoch: 356  train. loss: 5.814523045942721
2024-01-04 09:21:19,577 - INFO: Acc: 0.78436, F1 Score: 0.84094,0.84390,0.84241, Avg. Loss: 5.88845
2024-01-04 09:21:23,297 - INFO: Epoch: 357  train. loss: 5.814523045942721
2024-01-04 09:21:23,833 - INFO: Acc: 0.78436, F1 Score: 0.84094,0.84390,0.84241, Avg. Loss: 5.88843
2024-01-04 09:21:27,647 - INFO: Epoch: 358  train. loss: 5.814522380028981
2024-01-04 09:21:28,093 - INFO: Acc: 0.78436, F1 Score: 0.84094,0.84390,0.84241, Avg. Loss: 5.88851
2024-01-04 09:21:31,682 - INFO: Epoch: 359  train. loss: 5.814508395840436
2024-01-04 09:21:32,121 - INFO: Acc: 0.78436, F1 Score: 0.84094,0.84390,0.84241, Avg. Loss: 5.88854
2024-01-04 09:21:35,716 - INFO: Epoch: 360  train. loss: 5.814503734444255
2024-01-04 09:21:36,185 - INFO: Acc: 0.78436, F1 Score: 0.84316,0.83920,0.84118, Avg. Loss: 5.88885
2024-01-04 09:21:39,864 - INFO: Epoch: 361  train. loss: 5.814471104670985
2024-01-04 09:21:40,309 - INFO: Acc: 0.78324, F1 Score: 0.84235,0.84038,0.84136, Avg. Loss: 5.88831
2024-01-04 09:21:43,932 - INFO: Epoch: 362  train. loss: 5.814458452309921
2024-01-04 09:21:44,371 - INFO: Acc: 0.78436, F1 Score: 0.84298,0.83803,0.84049, Avg. Loss: 5.88885
2024-01-04 09:21:48,070 - INFO: Epoch: 363  train. loss: 5.814386533625981
2024-01-04 09:21:48,579 - INFO: Acc: 0.77989, F1 Score: 0.83844,0.83451,0.83647, Avg. Loss: 5.88934
2024-01-04 09:21:52,219 - INFO: Epoch: 364  train. loss: 5.814287312478691
2024-01-04 09:21:52,657 - INFO: Acc: 0.77765, F1 Score: 0.83236,0.83920,0.83577, Avg. Loss: 5.88932
2024-01-04 09:21:56,250 - INFO: Epoch: 365  train. loss: 5.8142193892771905
2024-01-04 09:21:56,690 - INFO: Acc: 0.78212, F1 Score: 0.83430,0.84507,0.83965, Avg. Loss: 5.88876
2024-01-04 09:22:00,362 - INFO: Epoch: 366  train. loss: 5.814156127471872
2024-01-04 09:22:00,805 - INFO: Acc: 0.77765, F1 Score: 0.83140,0.83920,0.83528, Avg. Loss: 5.88958
2024-01-04 09:22:04,417 - INFO: Epoch: 367  train. loss: 5.814143475110808
2024-01-04 09:22:04,861 - INFO: Acc: 0.77430, F1 Score: 0.83158,0.83451,0.83304, Avg. Loss: 5.89021
2024-01-04 09:22:08,565 - INFO: Epoch: 368  train. loss: 5.814143475110808
2024-01-04 09:22:08,997 - INFO: Acc: 0.77989, F1 Score: 0.83275,0.84155,0.83713, Avg. Loss: 5.88963
2024-01-04 09:22:12,605 - INFO: Epoch: 369  train. loss: 5.8141268272673035
2024-01-04 09:22:13,043 - INFO: Acc: 0.77542, F1 Score: 0.83431,0.83333,0.83382, Avg. Loss: 5.89007
2024-01-04 09:22:16,649 - INFO: Epoch: 370  train. loss: 5.814095529321514
2024-01-04 09:22:17,094 - INFO: Acc: 0.78101, F1 Score: 0.83645,0.84038,0.83841, Avg. Loss: 5.88949
2024-01-04 09:22:20,735 - INFO: Epoch: 371  train. loss: 5.814094863407774
2024-01-04 09:22:21,186 - INFO: Acc: 0.78101, F1 Score: 0.83664,0.84155,0.83909, Avg. Loss: 5.88934
2024-01-04 09:22:24,775 - INFO: Epoch: 372  train. loss: 5.814094863407774
2024-01-04 09:22:25,211 - INFO: Acc: 0.78212, F1 Score: 0.83721,0.84507,0.84112, Avg. Loss: 5.88904
2024-01-04 09:22:28,771 - INFO: Epoch: 373  train. loss: 5.814097527062734
2024-01-04 09:22:29,233 - INFO: Acc: 0.77989, F1 Score: 0.83626,0.83920,0.83773, Avg. Loss: 5.88962
2024-01-04 09:22:32,964 - INFO: Epoch: 374  train. loss: 5.814096195235254
2024-01-04 09:22:33,406 - INFO: Acc: 0.77877, F1 Score: 0.83587,0.83685,0.83636, Avg. Loss: 5.88949
2024-01-04 09:22:37,031 - INFO: Epoch: 375  train. loss: 5.814096195235254
2024-01-04 09:22:37,474 - INFO: Acc: 0.77877, F1 Score: 0.83724,0.83920,0.83822, Avg. Loss: 5.88904
2024-01-04 09:22:41,140 - INFO: Epoch: 376  train. loss: 5.814068892771906
2024-01-04 09:22:41,583 - INFO: Acc: 0.78101, F1 Score: 0.83628,0.83333,0.83480, Avg. Loss: 5.88914
2024-01-04 09:22:45,216 - INFO: Epoch: 377  train. loss: 5.814355235680191
2024-01-04 09:22:45,654 - INFO: Acc: 0.77207, F1 Score: 0.84010,0.82629,0.83314, Avg. Loss: 5.89555
2024-01-04 09:22:49,355 - INFO: Epoch: 378  train. loss: 5.8174084501789975
2024-01-04 09:22:49,802 - INFO: Acc: 0.77430, F1 Score: 0.82746,0.82746,0.82746, Avg. Loss: 5.89414
2024-01-04 09:22:53,578 - INFO: Epoch: 379  train. loss: 5.8170009109699965
2024-01-04 09:22:54,014 - INFO: Acc: 0.77654, F1 Score: 0.83749,0.82864,0.83304, Avg. Loss: 5.89616
2024-01-04 09:22:57,761 - INFO: Epoch: 380  train. loss: 5.814941905685306
2024-01-04 09:22:58,284 - INFO: Acc: 0.77542, F1 Score: 0.83039,0.82746,0.82892, Avg. Loss: 5.89211
2024-01-04 09:23:01,951 - INFO: Epoch: 381  train. loss: 5.814391195022162
2024-01-04 09:23:02,385 - INFO: Acc: 0.78436, F1 Score: 0.84179,0.83685,0.83932, Avg. Loss: 5.89337
2024-01-04 09:23:05,956 - INFO: Epoch: 382  train. loss: 5.814632921709854
2024-01-04 09:23:06,396 - INFO: Acc: 0.76983, F1 Score: 0.83075,0.81808,0.82436, Avg. Loss: 5.89777
2024-01-04 09:23:09,975 - INFO: Epoch: 383  train. loss: 5.814109513510058
2024-01-04 09:23:10,408 - INFO: Acc: 0.77765, F1 Score: 0.84293,0.82512,0.83393, Avg. Loss: 5.89418
2024-01-04 09:23:13,984 - INFO: Epoch: 384  train. loss: 5.813963678400954
2024-01-04 09:23:14,422 - INFO: Acc: 0.78212, F1 Score: 0.84024,0.83333,0.83677, Avg. Loss: 5.89301
2024-01-04 09:23:18,005 - INFO: Epoch: 385  train. loss: 5.813951691953631
2024-01-04 09:23:18,455 - INFO: Acc: 0.77989, F1 Score: 0.83647,0.83451,0.83549, Avg. Loss: 5.89296
2024-01-04 09:23:22,006 - INFO: Epoch: 386  train. loss: 5.813910405301739
2024-01-04 09:23:22,450 - INFO: Acc: 0.77989, F1 Score: 0.83746,0.83451,0.83598, Avg. Loss: 5.89293
2024-01-04 09:23:25,976 - INFO: Epoch: 387  train. loss: 5.813904412078077
2024-01-04 09:23:26,418 - INFO: Acc: 0.77989, F1 Score: 0.83746,0.83451,0.83598, Avg. Loss: 5.89277
2024-01-04 09:23:30,037 - INFO: Epoch: 388  train. loss: 5.813885766493351
2024-01-04 09:23:30,474 - INFO: Acc: 0.77989, F1 Score: 0.83929,0.82746,0.83333, Avg. Loss: 5.89289
2024-01-04 09:23:34,065 - INFO: Epoch: 389  train. loss: 5.8138584640300035
2024-01-04 09:23:34,504 - INFO: Acc: 0.78101, F1 Score: 0.83825,0.83333,0.83579, Avg. Loss: 5.89279
2024-01-04 09:23:38,089 - INFO: Epoch: 390  train. loss: 5.813856466288783
2024-01-04 09:23:38,529 - INFO: Acc: 0.77989, F1 Score: 0.83806,0.83216,0.83510, Avg. Loss: 5.89280
2024-01-04 09:23:42,110 - INFO: Epoch: 391  train. loss: 5.813841816186499
2024-01-04 09:23:42,548 - INFO: Acc: 0.77765, F1 Score: 0.83669,0.82981,0.83324, Avg. Loss: 5.89293
2024-01-04 09:23:46,149 - INFO: Epoch: 392  train. loss: 5.8138258342567335
2024-01-04 09:23:46,631 - INFO: Acc: 0.78324, F1 Score: 0.84198,0.83803,0.84000, Avg. Loss: 5.89304
2024-01-04 09:23:50,347 - INFO: Epoch: 393  train. loss: 5.813823170601773
2024-01-04 09:23:50,787 - INFO: Acc: 0.77654, F1 Score: 0.83669,0.82981,0.83324, Avg. Loss: 5.89292
2024-01-04 09:23:54,544 - INFO: Epoch: 394  train. loss: 5.81381451372315
2024-01-04 09:23:54,993 - INFO: Acc: 0.77989, F1 Score: 0.84123,0.83333,0.83726, Avg. Loss: 5.89284
2024-01-04 09:23:58,758 - INFO: Epoch: 395  train. loss: 5.813811184154449
2024-01-04 09:23:59,228 - INFO: Acc: 0.77989, F1 Score: 0.84123,0.83333,0.83726, Avg. Loss: 5.89282
2024-01-04 09:24:02,825 - INFO: Epoch: 396  train. loss: 5.81381318189567
2024-01-04 09:24:03,261 - INFO: Acc: 0.77989, F1 Score: 0.84024,0.83333,0.83677, Avg. Loss: 5.89283
2024-01-04 09:24:07,161 - INFO: Epoch: 397  train. loss: 5.81381584555063
2024-01-04 09:24:07,612 - INFO: Acc: 0.77989, F1 Score: 0.84024,0.83333,0.83677, Avg. Loss: 5.89269
2024-01-04 09:24:11,346 - INFO: Epoch: 398  train. loss: 5.813811184154449
2024-01-04 09:24:11,778 - INFO: Acc: 0.78212, F1 Score: 0.84260,0.83568,0.83913, Avg. Loss: 5.89273
2024-01-04 09:24:15,501 - INFO: Epoch: 399  train. loss: 5.813811184154449
2024-01-04 09:24:15,939 - INFO: Acc: 0.77989, F1 Score: 0.83943,0.83451,0.83696, Avg. Loss: 5.89265
2024-01-04 09:24:19,497 - INFO: Epoch: 0  train. loss: 6.475740096530855
2024-01-04 09:24:19,934 - INFO: Acc: 0.26145, F1 Score: 0.00000,0.00000,0.00000, Avg. Loss: 6.45053
2024-01-04 09:24:23,639 - INFO: Epoch: 1  train. loss: 6.459423878068531
2024-01-04 09:24:24,082 - INFO: Acc: 0.26145, F1 Score: 0.00000,0.00000,0.00000, Avg. Loss: 6.45053
2024-01-04 09:24:27,673 - INFO: Epoch: 2  train. loss: 6.459417884844869
2024-01-04 09:24:28,103 - INFO: Acc: 0.26145, F1 Score: 0.00000,0.00000,0.00000, Avg. Loss: 6.45053
2024-01-04 09:24:31,844 - INFO: Epoch: 3  train. loss: 6.459423212154791
2024-01-04 09:24:32,274 - INFO: Acc: 0.26145, F1 Score: 0.00000,0.00000,0.00000, Avg. Loss: 6.45053
2024-01-04 09:24:35,786 - INFO: Epoch: 4  train. loss: 6.459430537205932
2024-01-04 09:24:36,220 - INFO: Acc: 0.26145, F1 Score: 0.00000,0.00000,0.00000, Avg. Loss: 6.45053
2024-01-04 09:24:39,693 - INFO: Epoch: 5  train. loss: 6.459425875809751
2024-01-04 09:24:40,124 - INFO: Acc: 0.26145, F1 Score: 0.00000,0.00000,0.00000, Avg. Loss: 6.45053
2024-01-04 09:24:43,615 - INFO: Epoch: 6  train. loss: 6.459429871292192
2024-01-04 09:24:44,039 - INFO: Acc: 0.26145, F1 Score: 0.00000,0.00000,0.00000, Avg. Loss: 6.45053
2024-01-04 09:24:47,520 - INFO: Epoch: 7  train. loss: 6.459425209896011
2024-01-04 09:24:47,960 - INFO: Acc: 0.26145, F1 Score: 0.00000,0.00000,0.00000, Avg. Loss: 6.45053
2024-01-04 09:24:51,429 - INFO: Epoch: 8  train. loss: 6.459443189566996
2024-01-04 09:24:51,856 - INFO: Acc: 0.26145, F1 Score: 0.00000,0.00000,0.00000, Avg. Loss: 6.45053
2024-01-04 09:24:55,253 - INFO: Epoch: 9  train. loss: 6.459427207637232
2024-01-04 09:24:55,675 - INFO: Acc: 0.26145, F1 Score: 0.00000,0.00000,0.00000, Avg. Loss: 6.45053
2024-01-04 09:24:59,037 - INFO: Epoch: 10  train. loss: 6.459428539464712
2024-01-04 09:24:59,458 - INFO: Acc: 0.26145, F1 Score: 0.00000,0.00000,0.00000, Avg. Loss: 6.45053
2024-01-04 09:25:02,854 - INFO: Epoch: 11  train. loss: 6.459418550758609
2024-01-04 09:25:03,283 - INFO: Acc: 0.26145, F1 Score: 0.00000,0.00000,0.00000, Avg. Loss: 6.45053
2024-01-04 09:25:06,677 - INFO: Epoch: 12  train. loss: 6.459432534947153
2024-01-04 09:25:07,108 - INFO: Acc: 0.26145, F1 Score: 0.00000,0.00000,0.00000, Avg. Loss: 6.45053
2024-01-04 09:25:10,518 - INFO: Epoch: 13  train. loss: 6.459419882586089
2024-01-04 09:25:10,948 - INFO: Acc: 0.26145, F1 Score: 0.00000,0.00000,0.00000, Avg. Loss: 6.45053
2024-01-04 09:25:14,411 - INFO: Epoch: 14  train. loss: 6.459418550758609
2024-01-04 09:25:14,847 - INFO: Acc: 0.26145, F1 Score: 0.00000,0.00000,0.00000, Avg. Loss: 6.45053
2024-01-04 09:25:18,252 - INFO: Epoch: 15  train. loss: 6.459413223448688
2024-01-04 09:25:18,690 - INFO: Acc: 0.26145, F1 Score: 0.00000,0.00000,0.00000, Avg. Loss: 6.45053
2024-01-04 09:25:22,100 - INFO: Epoch: 16  train. loss: 6.459430537205932
2024-01-04 09:25:22,532 - INFO: Acc: 0.26145, F1 Score: 0.00000,0.00000,0.00000, Avg. Loss: 6.45053
2024-01-04 09:25:25,952 - INFO: Epoch: 17  train. loss: 6.459434532688373
2024-01-04 09:25:26,388 - INFO: Acc: 0.26145, F1 Score: 0.00000,0.00000,0.00000, Avg. Loss: 6.45053
2024-01-04 09:25:29,940 - INFO: Epoch: 18  train. loss: 6.459430537205932
2024-01-04 09:25:30,377 - INFO: Acc: 0.26145, F1 Score: 0.00000,0.00000,0.00000, Avg. Loss: 6.45053
2024-01-04 09:25:34,054 - INFO: Epoch: 19  train. loss: 6.45942254624105
2024-01-04 09:25:34,486 - INFO: Acc: 0.26145, F1 Score: 0.00000,0.00000,0.00000, Avg. Loss: 6.45053
2024-01-04 09:25:37,892 - INFO: Epoch: 20  train. loss: 6.45942254624105
2024-01-04 09:25:38,324 - INFO: Acc: 0.26145, F1 Score: 0.00000,0.00000,0.00000, Avg. Loss: 6.45053
2024-01-04 09:25:41,740 - INFO: Epoch: 21  train. loss: 6.459425875809751
2024-01-04 09:25:42,180 - INFO: Acc: 0.26145, F1 Score: 0.00000,0.00000,0.00000, Avg. Loss: 6.45053
2024-01-04 09:25:45,746 - INFO: Epoch: 22  train. loss: 6.459433200860893
2024-01-04 09:25:46,185 - INFO: Acc: 0.26145, F1 Score: 0.00000,0.00000,0.00000, Avg. Loss: 6.45053
2024-01-04 09:25:49,688 - INFO: Epoch: 23  train. loss: 6.45942254624105
2024-01-04 09:25:50,121 - INFO: Acc: 0.26145, F1 Score: 0.00000,0.00000,0.00000, Avg. Loss: 6.45053
2024-01-04 09:25:53,547 - INFO: Epoch: 24  train. loss: 6.459432534947153
2024-01-04 09:25:53,979 - INFO: Acc: 0.26145, F1 Score: 0.00000,0.00000,0.00000, Avg. Loss: 6.45053
2024-01-04 09:25:57,426 - INFO: Epoch: 25  train. loss: 6.459423212154791
2024-01-04 09:25:57,874 - INFO: Acc: 0.26145, F1 Score: 0.00000,0.00000,0.00000, Avg. Loss: 6.45053
2024-01-04 09:26:01,322 - INFO: Epoch: 26  train. loss: 6.4594172189311285
2024-01-04 09:26:01,755 - INFO: Acc: 0.26145, F1 Score: 0.00000,0.00000,0.00000, Avg. Loss: 6.45053
2024-01-04 09:26:05,184 - INFO: Epoch: 27  train. loss: 6.45942254624105
2024-01-04 09:26:05,616 - INFO: Acc: 0.26145, F1 Score: 0.00000,0.00000,0.00000, Avg. Loss: 6.45053
2024-01-04 09:26:09,049 - INFO: Epoch: 28  train. loss: 6.45942188032731
2024-01-04 09:26:09,480 - INFO: Acc: 0.26145, F1 Score: 0.00000,0.00000,0.00000, Avg. Loss: 6.45053
2024-01-04 09:26:12,923 - INFO: Epoch: 29  train. loss: 6.459427873550972
2024-01-04 09:26:13,356 - INFO: Acc: 0.26145, F1 Score: 0.00000,0.00000,0.00000, Avg. Loss: 6.45053
2024-01-04 09:26:16,811 - INFO: Epoch: 30  train. loss: 6.459419882586089
2024-01-04 09:26:17,248 - INFO: Acc: 0.26145, F1 Score: 0.00000,0.00000,0.00000, Avg. Loss: 6.45053
2024-01-04 09:26:20,975 - INFO: Epoch: 31  train. loss: 6.459413889362428
2024-01-04 09:26:21,415 - INFO: Acc: 0.26145, F1 Score: 0.00000,0.00000,0.00000, Avg. Loss: 6.45053
2024-01-04 09:26:24,937 - INFO: Epoch: 32  train. loss: 6.459421214413569
2024-01-04 09:26:25,365 - INFO: Acc: 0.26145, F1 Score: 0.00000,0.00000,0.00000, Avg. Loss: 6.45053
2024-01-04 09:26:28,815 - INFO: Epoch: 33  train. loss: 6.459436530429595
2024-01-04 09:26:29,244 - INFO: Acc: 0.26145, F1 Score: 0.00000,0.00000,0.00000, Avg. Loss: 6.45053
2024-01-04 09:26:32,727 - INFO: Epoch: 34  train. loss: 6.45942188032731
2024-01-04 09:26:33,158 - INFO: Acc: 0.26145, F1 Score: 0.00000,0.00000,0.00000, Avg. Loss: 6.45053
2024-01-04 09:26:36,554 - INFO: Epoch: 35  train. loss: 6.459423878068531
2024-01-04 09:26:36,982 - INFO: Acc: 0.26145, F1 Score: 0.00000,0.00000,0.00000, Avg. Loss: 6.45053
2024-01-04 09:26:40,404 - INFO: Epoch: 36  train. loss: 6.459437862257075
2024-01-04 09:26:40,831 - INFO: Acc: 0.26145, F1 Score: 0.00000,0.00000,0.00000, Avg. Loss: 6.45053
2024-01-04 09:26:44,279 - INFO: Epoch: 37  train. loss: 6.459415887103648
2024-01-04 09:26:44,711 - INFO: Acc: 0.26145, F1 Score: 0.00000,0.00000,0.00000, Avg. Loss: 6.45053
2024-01-04 09:26:48,136 - INFO: Epoch: 38  train. loss: 6.4594172189311285
2024-01-04 09:26:48,566 - INFO: Acc: 0.26145, F1 Score: 0.00000,0.00000,0.00000, Avg. Loss: 6.45053
2024-01-04 09:26:51,987 - INFO: Epoch: 39  train. loss: 6.45942254624105
2024-01-04 09:26:52,417 - INFO: Acc: 0.26145, F1 Score: 0.00000,0.00000,0.00000, Avg. Loss: 6.45053
2024-01-04 09:26:55,843 - INFO: Epoch: 40  train. loss: 6.459413223448688
2024-01-04 09:26:56,273 - INFO: Acc: 0.26145, F1 Score: 0.00000,0.00000,0.00000, Avg. Loss: 6.45053
2024-01-04 09:26:59,680 - INFO: Epoch: 41  train. loss: 6.459419216672349
2024-01-04 09:27:00,110 - INFO: Acc: 0.26145, F1 Score: 0.00000,0.00000,0.00000, Avg. Loss: 6.45053
2024-01-04 09:27:03,564 - INFO: Epoch: 42  train. loss: 6.459403900656325
2024-01-04 09:27:03,994 - INFO: Acc: 0.26145, F1 Score: 0.00000,0.00000,0.00000, Avg. Loss: 6.45053
2024-01-04 09:27:07,437 - INFO: Epoch: 43  train. loss: 6.4594172189311285
2024-01-04 09:27:07,871 - INFO: Acc: 0.26145, F1 Score: 0.00000,0.00000,0.00000, Avg. Loss: 6.45053
2024-01-04 09:27:11,319 - INFO: Epoch: 44  train. loss: 6.459423212154791
2024-01-04 09:27:11,752 - INFO: Acc: 0.26145, F1 Score: 0.00000,0.00000,0.00000, Avg. Loss: 6.45053
2024-01-04 09:27:15,134 - INFO: Epoch: 45  train. loss: 6.45942254624105
2024-01-04 09:27:15,564 - INFO: Acc: 0.26145, F1 Score: 0.00000,0.00000,0.00000, Avg. Loss: 6.45053
2024-01-04 09:27:18,999 - INFO: Epoch: 46  train. loss: 6.459427873550972
2024-01-04 09:27:19,432 - INFO: Acc: 0.26145, F1 Score: 0.00000,0.00000,0.00000, Avg. Loss: 6.45053
2024-01-04 09:27:22,875 - INFO: Epoch: 47  train. loss: 6.459401237001364
2024-01-04 09:27:23,314 - INFO: Acc: 0.26145, F1 Score: 0.00000,0.00000,0.00000, Avg. Loss: 6.45053
2024-01-04 09:27:26,785 - INFO: Epoch: 48  train. loss: 6.459425209896011
2024-01-04 09:27:27,227 - INFO: Acc: 0.26145, F1 Score: 0.00000,0.00000,0.00000, Avg. Loss: 6.45053
2024-01-04 09:27:30,693 - INFO: Epoch: 49  train. loss: 6.459420548499829
2024-01-04 09:27:31,131 - INFO: Acc: 0.26145, F1 Score: 0.00000,0.00000,0.00000, Avg. Loss: 6.45053
2024-01-04 09:27:34,662 - INFO: Epoch: 50  train. loss: 6.459407230225025
2024-01-04 09:27:35,096 - INFO: Acc: 0.26145, F1 Score: 0.00000,0.00000,0.00000, Avg. Loss: 6.45053
2024-01-04 09:27:38,508 - INFO: Epoch: 51  train. loss: 6.45942188032731
2024-01-04 09:27:38,941 - INFO: Acc: 0.26145, F1 Score: 0.00000,0.00000,0.00000, Avg. Loss: 6.45053
2024-01-04 09:27:42,392 - INFO: Epoch: 52  train. loss: 6.459414555276168
2024-01-04 09:27:42,824 - INFO: Acc: 0.26145, F1 Score: 0.00000,0.00000,0.00000, Avg. Loss: 6.45053
2024-01-04 09:27:46,227 - INFO: Epoch: 53  train. loss: 6.459419882586089
2024-01-04 09:27:46,650 - INFO: Acc: 0.26145, F1 Score: 0.00000,0.00000,0.00000, Avg. Loss: 6.45053
