2024-01-04 08:32:57,650 - INFO: +--------------+-------+
| Parameter    | Value |
+--------------+-------+
| device       | cuda  |
+--------------+-------+
| noise        | 1     |
+--------------+-------+
| lr           | 0.010 |
+--------------+-------+
| weight_decay | 0.001 |
+--------------+-------+
| max_epoch    | 300   |
+--------------+-------+
| batch_size   | 32    |
+--------------+-------+
| num_layer    | 1     |
+--------------+-------+
| rnn          | GRU   |
+--------------+-------+
| hidden_size  | 128   |
+--------------+-------+
2024-01-04 08:33:02,714 - INFO: Epoch: 0  train. loss: 6.479242802804296
2024-01-04 08:33:03,156 - INFO: Acc: 0.26145, F1 Score: 0.00000,0.00000,0.00000, Avg. Loss: 6.45052
2024-01-04 08:33:06,888 - INFO: Epoch: 1  train. loss: 6.378960189012956
2024-01-04 08:33:07,325 - INFO: Acc: 0.26145, F1 Score: 0.00000,0.00000,0.00000, Avg. Loss: 6.25985
2024-01-04 08:33:11,014 - INFO: Epoch: 2  train. loss: 6.281020259759631
2024-01-04 08:33:11,594 - INFO: Acc: 0.26145, F1 Score: 0.00000,0.00000,0.00000, Avg. Loss: 6.25459
2024-01-04 08:33:15,236 - INFO: Epoch: 3  train. loss: 6.274630817422435
2024-01-04 08:33:15,665 - INFO: Acc: 0.26145, F1 Score: 0.00000,0.00000,0.00000, Avg. Loss: 6.24917
2024-01-04 08:33:19,423 - INFO: Epoch: 4  train. loss: 6.27219423904705
2024-01-04 08:33:19,871 - INFO: Acc: 0.26145, F1 Score: 0.00000,0.00000,0.00000, Avg. Loss: 6.26314
2024-01-04 08:33:23,446 - INFO: Epoch: 5  train. loss: 6.212753446769519
2024-01-04 08:33:23,880 - INFO: Acc: 0.41676, F1 Score: 0.73858,0.34155,0.46709, Avg. Loss: 6.13308
2024-01-04 08:33:27,728 - INFO: Epoch: 6  train. loss: 6.146263957551994
2024-01-04 08:33:28,188 - INFO: Acc: 0.42123, F1 Score: 0.74623,0.34859,0.47520, Avg. Loss: 6.12857
2024-01-04 08:33:31,818 - INFO: Epoch: 7  train. loss: 6.139088737001364
2024-01-04 08:33:32,246 - INFO: Acc: 0.44134, F1 Score: 0.81030,0.35094,0.48976, Avg. Loss: 6.12762
2024-01-04 08:33:36,241 - INFO: Epoch: 8  train. loss: 6.138918928997613
2024-01-04 08:33:36,682 - INFO: Acc: 0.42682, F1 Score: 0.75243,0.36385,0.49051, Avg. Loss: 6.12633
2024-01-04 08:33:40,678 - INFO: Epoch: 9  train. loss: 6.133379858506649
2024-01-04 08:33:41,133 - INFO: Acc: 0.42793, F1 Score: 0.83573,0.34038,0.48374, Avg. Loss: 6.13031
2024-01-04 08:33:44,739 - INFO: Epoch: 10  train. loss: 6.128274963774293
2024-01-04 08:33:45,201 - INFO: Acc: 0.42011, F1 Score: 0.77933,0.32746,0.46116, Avg. Loss: 6.13594
2024-01-04 08:33:48,904 - INFO: Epoch: 11  train. loss: 6.1282097042277535
2024-01-04 08:33:49,350 - INFO: Acc: 0.43687, F1 Score: 0.79093,0.36854,0.50280, Avg. Loss: 6.11449
2024-01-04 08:33:52,910 - INFO: Epoch: 12  train. loss: 6.122004054082851
2024-01-04 08:33:53,352 - INFO: Acc: 0.44358, F1 Score: 0.80407,0.37089,0.50763, Avg. Loss: 6.11595
2024-01-04 08:33:56,831 - INFO: Epoch: 13  train. loss: 6.1211097319297645
2024-01-04 08:33:57,272 - INFO: Acc: 0.43575, F1 Score: 0.81865,0.37089,0.51050, Avg. Loss: 6.12135
2024-01-04 08:34:00,976 - INFO: Epoch: 14  train. loss: 6.11971264490283
2024-01-04 08:34:01,427 - INFO: Acc: 0.43017, F1 Score: 0.77551,0.35681,0.48875, Avg. Loss: 6.11641
2024-01-04 08:34:05,109 - INFO: Epoch: 15  train. loss: 6.123973826926355
2024-01-04 08:34:05,576 - INFO: Acc: 0.43352, F1 Score: 0.83621,0.34155,0.48500, Avg. Loss: 6.12283
2024-01-04 08:34:09,183 - INFO: Epoch: 16  train. loss: 6.117581055020457
2024-01-04 08:34:09,639 - INFO: Acc: 0.43240, F1 Score: 0.77099,0.35563,0.48675, Avg. Loss: 6.12370
2024-01-04 08:34:13,363 - INFO: Epoch: 17  train. loss: 6.118408119885783
2024-01-04 08:34:13,835 - INFO: Acc: 0.42682, F1 Score: 0.76862,0.33920,0.47068, Avg. Loss: 6.12930
2024-01-04 08:34:17,461 - INFO: Epoch: 18  train. loss: 6.113700775656325
2024-01-04 08:34:17,907 - INFO: Acc: 0.42570, F1 Score: 0.78611,0.33216,0.46700, Avg. Loss: 6.12080
2024-01-04 08:34:21,617 - INFO: Epoch: 19  train. loss: 6.1044479042362765
2024-01-04 08:34:22,048 - INFO: Acc: 0.44469, F1 Score: 0.83467,0.36737,0.51019, Avg. Loss: 6.11226
2024-01-04 08:34:25,676 - INFO: Epoch: 20  train. loss: 6.098165008097511
2024-01-04 08:34:26,114 - INFO: Acc: 0.44358, F1 Score: 0.82787,0.35563,0.49754, Avg. Loss: 6.11710
2024-01-04 08:34:29,801 - INFO: Epoch: 21  train. loss: 6.092957562649165
2024-01-04 08:34:30,245 - INFO: Acc: 0.44358, F1 Score: 0.81365,0.36385,0.50284, Avg. Loss: 6.11509
2024-01-04 08:34:33,913 - INFO: Epoch: 22  train. loss: 6.0912255210109105
2024-01-04 08:34:34,444 - INFO: Acc: 0.44358, F1 Score: 0.82973,0.36033,0.50245, Avg. Loss: 6.11430
2024-01-04 08:34:38,413 - INFO: Epoch: 23  train. loss: 6.078591139618139
2024-01-04 08:34:38,938 - INFO: Acc: 0.48603, F1 Score: 0.75820,0.43427,0.55224, Avg. Loss: 6.09676
2024-01-04 08:34:43,010 - INFO: Epoch: 24  train. loss: 6.066328338092397
2024-01-04 08:34:43,466 - INFO: Acc: 0.48268, F1 Score: 0.77391,0.41784,0.54268, Avg. Loss: 6.10491
2024-01-04 08:34:47,024 - INFO: Epoch: 25  train. loss: 6.061712224045346
2024-01-04 08:34:47,488 - INFO: Acc: 0.48715, F1 Score: 0.75556,0.43897,0.55531, Avg. Loss: 6.10418
2024-01-04 08:34:51,144 - INFO: Epoch: 26  train. loss: 6.06115352241732
2024-01-04 08:34:51,582 - INFO: Acc: 0.49609, F1 Score: 0.79443,0.43545,0.56255, Avg. Loss: 6.10175
2024-01-04 08:34:55,294 - INFO: Epoch: 27  train. loss: 6.059848997400273
2024-01-04 08:34:55,730 - INFO: Acc: 0.50056, F1 Score: 0.81013,0.45070,0.57919, Avg. Loss: 6.10041
2024-01-04 08:34:59,444 - INFO: Epoch: 28  train. loss: 6.058454574028299
2024-01-04 08:34:59,886 - INFO: Acc: 0.50168, F1 Score: 0.79493,0.44131,0.56755, Avg. Loss: 6.09483
2024-01-04 08:35:03,613 - INFO: Epoch: 29  train. loss: 6.058408625980225
2024-01-04 08:35:04,053 - INFO: Acc: 0.49944, F1 Score: 0.78407,0.43897,0.56283, Avg. Loss: 6.10172
2024-01-04 08:35:07,680 - INFO: Epoch: 30  train. loss: 6.05869430297477
2024-01-04 08:35:08,127 - INFO: Acc: 0.50168, F1 Score: 0.79218,0.45188,0.57549, Avg. Loss: 6.09460
2024-01-04 08:35:11,873 - INFO: Epoch: 31  train. loss: 6.056223762998636
2024-01-04 08:35:12,317 - INFO: Acc: 0.48492, F1 Score: 0.80227,0.41432,0.54644, Avg. Loss: 6.10255
2024-01-04 08:35:16,332 - INFO: Epoch: 32  train. loss: 6.054104825477327
2024-01-04 08:35:16,763 - INFO: Acc: 0.50056, F1 Score: 0.78750,0.44366,0.56757, Avg. Loss: 6.09509
2024-01-04 08:35:20,745 - INFO: Epoch: 33  train. loss: 6.051238732739516
2024-01-04 08:35:21,180 - INFO: Acc: 0.49385, F1 Score: 0.76316,0.44249,0.56018, Avg. Loss: 6.09709
2024-01-04 08:35:25,628 - INFO: Epoch: 34  train. loss: 6.048308712282646
2024-01-04 08:35:26,114 - INFO: Acc: 0.49832, F1 Score: 0.79913,0.42958,0.55878, Avg. Loss: 6.09901
2024-01-04 08:35:29,838 - INFO: Epoch: 35  train. loss: 6.047586195874532
2024-01-04 08:35:30,309 - INFO: Acc: 0.48715, F1 Score: 0.75468,0.42606,0.54464, Avg. Loss: 6.10245
2024-01-04 08:35:34,199 - INFO: Epoch: 36  train. loss: 6.047778644945448
2024-01-04 08:35:34,633 - INFO: Acc: 0.50056, F1 Score: 0.78893,0.45188,0.57463, Avg. Loss: 6.09895
2024-01-04 08:35:38,383 - INFO: Epoch: 37  train. loss: 6.050504895797818
2024-01-04 08:35:38,824 - INFO: Acc: 0.49162, F1 Score: 0.76386,0.43662,0.55564, Avg. Loss: 6.10440
2024-01-04 08:35:42,414 - INFO: Epoch: 38  train. loss: 6.049591262146267
2024-01-04 08:35:42,848 - INFO: Acc: 0.48715, F1 Score: 0.79054,0.41197,0.54167, Avg. Loss: 6.10742
2024-01-04 08:35:46,490 - INFO: Epoch: 39  train. loss: 6.0432950477326965
2024-01-04 08:35:46,927 - INFO: Acc: 0.50056, F1 Score: 0.77535,0.45775,0.57565, Avg. Loss: 6.09819
2024-01-04 08:35:50,503 - INFO: Epoch: 40  train. loss: 6.038620999190249
2024-01-04 08:35:50,937 - INFO: Acc: 0.49162, F1 Score: 0.79406,0.43897,0.56538, Avg. Loss: 6.10070
2024-01-04 08:35:54,578 - INFO: Epoch: 41  train. loss: 6.0371167000511425
2024-01-04 08:35:55,013 - INFO: Acc: 0.49944, F1 Score: 0.78367,0.45070,0.57228, Avg. Loss: 6.09793
2024-01-04 08:35:58,687 - INFO: Epoch: 42  train. loss: 6.036316937649165
2024-01-04 08:35:59,128 - INFO: Acc: 0.50168, F1 Score: 0.79916,0.44836,0.57444, Avg. Loss: 6.09843
2024-01-04 08:36:02,789 - INFO: Epoch: 43  train. loss: 6.035547807279237
2024-01-04 08:36:03,221 - INFO: Acc: 0.49944, F1 Score: 0.77645,0.45657,0.57502, Avg. Loss: 6.09741
2024-01-04 08:36:07,016 - INFO: Epoch: 44  train. loss: 6.035108970124446
2024-01-04 08:36:07,447 - INFO: Acc: 0.49944, F1 Score: 0.79281,0.44014,0.56604, Avg. Loss: 6.10105
2024-01-04 08:36:11,142 - INFO: Epoch: 45  train. loss: 6.034578236873508
2024-01-04 08:36:11,578 - INFO: Acc: 0.50726, F1 Score: 0.80922,0.45305,0.58089, Avg. Loss: 6.09653
2024-01-04 08:36:15,141 - INFO: Epoch: 46  train. loss: 6.034245280003409
2024-01-04 08:36:15,594 - INFO: Acc: 0.50168, F1 Score: 0.78455,0.45305,0.57440, Avg. Loss: 6.09604
2024-01-04 08:36:19,202 - INFO: Epoch: 47  train. loss: 6.034060821897374
2024-01-04 08:36:19,637 - INFO: Acc: 0.50615, F1 Score: 0.79959,0.45423,0.57934, Avg. Loss: 6.09667
2024-01-04 08:36:23,120 - INFO: Epoch: 48  train. loss: 6.033759828886805
2024-01-04 08:36:23,558 - INFO: Acc: 0.50838, F1 Score: 0.81974,0.44836,0.57967, Avg. Loss: 6.09907
2024-01-04 08:36:27,196 - INFO: Epoch: 49  train. loss: 6.033617323346403
2024-01-04 08:36:27,634 - INFO: Acc: 0.51173, F1 Score: 0.78916,0.46127,0.58222, Avg. Loss: 6.09465
2024-01-04 08:36:31,308 - INFO: Epoch: 50  train. loss: 6.033926307321855
2024-01-04 08:36:31,744 - INFO: Acc: 0.50503, F1 Score: 0.81659,0.43897,0.57099, Avg. Loss: 6.10084
2024-01-04 08:36:35,420 - INFO: Epoch: 51  train. loss: 6.034693439950563
2024-01-04 08:36:35,859 - INFO: Acc: 0.51061, F1 Score: 0.79150,0.45892,0.58098, Avg. Loss: 6.09228
2024-01-04 08:36:39,482 - INFO: Epoch: 52  train. loss: 6.03572893581657
2024-01-04 08:36:39,918 - INFO: Acc: 0.51173, F1 Score: 0.79070,0.43897,0.56453, Avg. Loss: 6.09975
2024-01-04 08:36:44,031 - INFO: Epoch: 53  train. loss: 6.03660394647119
2024-01-04 08:36:44,491 - INFO: Acc: 0.50726, F1 Score: 0.79876,0.45188,0.57721, Avg. Loss: 6.09900
2024-01-04 08:36:48,165 - INFO: Epoch: 54  train. loss: 6.03562904875554
2024-01-04 08:36:48,604 - INFO: Acc: 0.50056, F1 Score: 0.81237,0.44718,0.57684, Avg. Loss: 6.09732
2024-01-04 08:36:52,197 - INFO: Epoch: 55  train. loss: 6.035132277105353
2024-01-04 08:36:52,637 - INFO: Acc: 0.49385, F1 Score: 0.77358,0.43310,0.55530, Avg. Loss: 6.10392
2024-01-04 08:36:56,276 - INFO: Epoch: 56  train. loss: 6.034158045303443
2024-01-04 08:36:56,714 - INFO: Acc: 0.49721, F1 Score: 0.78826,0.44131,0.56584, Avg. Loss: 6.09831
2024-01-04 08:37:00,340 - INFO: Epoch: 57  train. loss: 6.033863711430276
2024-01-04 08:37:00,782 - INFO: Acc: 0.49274, F1 Score: 0.75776,0.42958,0.54831, Avg. Loss: 6.10259
2024-01-04 08:37:04,398 - INFO: Epoch: 58  train. loss: 6.033857718206614
2024-01-04 08:37:04,847 - INFO: Acc: 0.49274, F1 Score: 0.78814,0.43662,0.56193, Avg. Loss: 6.10394
2024-01-04 08:37:08,498 - INFO: Epoch: 59  train. loss: 6.032508576968974
2024-01-04 08:37:08,937 - INFO: Acc: 0.49609, F1 Score: 0.78373,0.42958,0.55497, Avg. Loss: 6.10235
2024-01-04 08:37:12,496 - INFO: Epoch: 60  train. loss: 6.0307292554551655
2024-01-04 08:37:12,936 - INFO: Acc: 0.50168, F1 Score: 0.80645,0.44014,0.56948, Avg. Loss: 6.09949
2024-01-04 08:37:16,467 - INFO: Epoch: 61  train. loss: 6.030187201670644
2024-01-04 08:37:16,901 - INFO: Acc: 0.50391, F1 Score: 0.76305,0.44601,0.56296, Avg. Loss: 6.09870
2024-01-04 08:37:20,511 - INFO: Epoch: 62  train. loss: 6.029760350963177
2024-01-04 08:37:20,950 - INFO: Acc: 0.50279, F1 Score: 0.76721,0.44484,0.56315, Avg. Loss: 6.09825
2024-01-04 08:37:24,499 - INFO: Epoch: 63  train. loss: 6.029594538441868
2024-01-04 08:37:24,940 - INFO: Acc: 0.50279, F1 Score: 0.78838,0.44601,0.56972, Avg. Loss: 6.09717
2024-01-04 08:37:28,523 - INFO: Epoch: 64  train. loss: 6.029380780131265
2024-01-04 08:37:28,980 - INFO: Acc: 0.50503, F1 Score: 0.79089,0.44836,0.57228, Avg. Loss: 6.09749
2024-01-04 08:37:32,715 - INFO: Epoch: 65  train. loss: 6.029101096360382
2024-01-04 08:37:33,163 - INFO: Acc: 0.50615, F1 Score: 0.77530,0.44953,0.56909, Avg. Loss: 6.09774
2024-01-04 08:37:36,715 - INFO: Epoch: 66  train. loss: 6.028879347084896
2024-01-04 08:37:37,151 - INFO: Acc: 0.50391, F1 Score: 0.79046,0.44718,0.57121, Avg. Loss: 6.09671
2024-01-04 08:37:40,712 - INFO: Epoch: 67  train. loss: 6.028708207253665
2024-01-04 08:37:41,152 - INFO: Acc: 0.50279, F1 Score: 0.81210,0.44131,0.57186, Avg. Loss: 6.09828
2024-01-04 08:37:44,819 - INFO: Epoch: 68  train. loss: 6.028601661055234
2024-01-04 08:37:45,266 - INFO: Acc: 0.50615, F1 Score: 0.78484,0.44953,0.57164, Avg. Loss: 6.09700
2024-01-04 08:37:48,897 - INFO: Epoch: 69  train. loss: 6.028515092269008
2024-01-04 08:37:49,342 - INFO: Acc: 0.50056, F1 Score: 0.80085,0.44366,0.57100, Avg. Loss: 6.09574
2024-01-04 08:37:52,827 - INFO: Epoch: 70  train. loss: 6.028418534776679
2024-01-04 08:37:53,263 - INFO: Acc: 0.50279, F1 Score: 0.77301,0.44366,0.56376, Avg. Loss: 6.09594
2024-01-04 08:37:56,836 - INFO: Epoch: 71  train. loss: 6.028450498636209
2024-01-04 08:37:57,275 - INFO: Acc: 0.50279, F1 Score: 0.81169,0.44014,0.57078, Avg. Loss: 6.09708
2024-01-04 08:38:00,875 - INFO: Epoch: 72  train. loss: 6.02859034052165
2024-01-04 08:38:01,312 - INFO: Acc: 0.49721, F1 Score: 0.78556,0.43427,0.55933, Avg. Loss: 6.10173
2024-01-04 08:38:04,950 - INFO: Epoch: 73  train. loss: 6.028407214243096
2024-01-04 08:38:05,391 - INFO: Acc: 0.50391, F1 Score: 0.76048,0.44718,0.56319, Avg. Loss: 6.09501
2024-01-04 08:38:09,154 - INFO: Epoch: 74  train. loss: 6.028337959214115
2024-01-04 08:38:09,595 - INFO: Acc: 0.50726, F1 Score: 0.77597,0.44718,0.56739, Avg. Loss: 6.09592
2024-01-04 08:38:13,275 - INFO: Epoch: 75  train. loss: 6.028204110552336
2024-01-04 08:38:13,710 - INFO: Acc: 0.50726, F1 Score: 0.74952,0.46009,0.57018, Avg. Loss: 6.09156
2024-01-04 08:38:17,186 - INFO: Epoch: 76  train. loss: 6.0282067742072964
2024-01-04 08:38:17,623 - INFO: Acc: 0.50838, F1 Score: 0.78838,0.44601,0.56972, Avg. Loss: 6.09530
2024-01-04 08:38:21,176 - INFO: Epoch: 77  train. loss: 6.028333963731674
2024-01-04 08:38:21,614 - INFO: Acc: 0.51061, F1 Score: 0.77755,0.44718,0.56781, Avg. Loss: 6.09408
2024-01-04 08:38:25,111 - INFO: Epoch: 78  train. loss: 6.031276636549608
2024-01-04 08:38:25,541 - INFO: Acc: 0.48827, F1 Score: 0.52727,0.44249,0.48117, Avg. Loss: 6.04804
2024-01-04 08:38:28,989 - INFO: Epoch: 79  train. loss: 5.979084315334129
2024-01-04 08:38:29,434 - INFO: Acc: 0.47486, F1 Score: 0.45185,0.42958,0.44043, Avg. Loss: 6.03990
2024-01-04 08:38:33,031 - INFO: Epoch: 80  train. loss: 5.969969288058302
2024-01-04 08:38:33,475 - INFO: Acc: 0.48268, F1 Score: 0.46359,0.44836,0.45585, Avg. Loss: 6.02890
2024-01-04 08:38:37,083 - INFO: Epoch: 81  train. loss: 5.964249754943744
2024-01-04 08:38:37,542 - INFO: Acc: 0.48380, F1 Score: 0.52560,0.40962,0.46042, Avg. Loss: 6.02539
2024-01-04 08:38:41,179 - INFO: Epoch: 82  train. loss: 5.915076020712581
2024-01-04 08:38:41,612 - INFO: Acc: 0.71844, F1 Score: 0.80500,0.75587,0.77966, Avg. Loss: 5.96263
2024-01-04 08:38:45,164 - INFO: Epoch: 83  train. loss: 5.904515960620525
2024-01-04 08:38:45,599 - INFO: Acc: 0.71397, F1 Score: 0.80301,0.75117,0.77623, Avg. Loss: 5.96394
2024-01-04 08:38:49,308 - INFO: Epoch: 84  train. loss: 5.90291643581657
2024-01-04 08:38:49,748 - INFO: Acc: 0.71620, F1 Score: 0.80649,0.72887,0.76572, Avg. Loss: 5.96303
2024-01-04 08:38:53,364 - INFO: Epoch: 85  train. loss: 5.900798164209001
2024-01-04 08:38:53,799 - INFO: Acc: 0.71508, F1 Score: 0.80440,0.72887,0.76478, Avg. Loss: 5.96283
2024-01-04 08:38:57,674 - INFO: Epoch: 86  train. loss: 5.893965889234572
2024-01-04 08:38:58,295 - INFO: Acc: 0.73743, F1 Score: 0.83650,0.77465,0.80439, Avg. Loss: 5.95043
2024-01-04 08:39:02,095 - INFO: Epoch: 87  train. loss: 5.88779753025912
2024-01-04 08:39:02,565 - INFO: Acc: 0.73855, F1 Score: 0.83312,0.77347,0.80219, Avg. Loss: 5.95043
2024-01-04 08:39:06,214 - INFO: Epoch: 88  train. loss: 5.88624861489942
2024-01-04 08:39:06,656 - INFO: Acc: 0.73631, F1 Score: 0.83249,0.76995,0.80000, Avg. Loss: 5.95025
2024-01-04 08:39:10,387 - INFO: Epoch: 89  train. loss: 5.884240884972725
2024-01-04 08:39:10,826 - INFO: Acc: 0.73631, F1 Score: 0.82976,0.77230,0.80000, Avg. Loss: 5.94928
2024-01-04 08:39:14,504 - INFO: Epoch: 90  train. loss: 5.883246009844869
2024-01-04 08:39:14,948 - INFO: Acc: 0.73855, F1 Score: 0.83146,0.78169,0.80581, Avg. Loss: 5.94893
2024-01-04 08:39:18,484 - INFO: Epoch: 91  train. loss: 5.882043369630072
2024-01-04 08:39:18,934 - INFO: Acc: 0.74078, F1 Score: 0.84010,0.77700,0.80732, Avg. Loss: 5.95012
2024-01-04 08:39:22,559 - INFO: Epoch: 92  train. loss: 5.881441383608933
2024-01-04 08:39:23,005 - INFO: Acc: 0.74078, F1 Score: 0.83645,0.78638,0.81065, Avg. Loss: 5.94833
2024-01-04 08:39:26,630 - INFO: Epoch: 93  train. loss: 5.880938618735083
2024-01-04 08:39:27,064 - INFO: Acc: 0.74302, F1 Score: 0.83875,0.78756,0.81235, Avg. Loss: 5.94748
2024-01-04 08:39:30,517 - INFO: Epoch: 94  train. loss: 5.880207445448346
2024-01-04 08:39:30,947 - INFO: Acc: 0.74078, F1 Score: 0.83147,0.78756,0.80892, Avg. Loss: 5.94759
2024-01-04 08:39:34,637 - INFO: Epoch: 95  train. loss: 5.879711339711899
2024-01-04 08:39:35,077 - INFO: Acc: 0.74078, F1 Score: 0.83625,0.78521,0.80993, Avg. Loss: 5.94758
2024-01-04 08:39:38,867 - INFO: Epoch: 96  train. loss: 5.879596136634845
2024-01-04 08:39:39,356 - INFO: Acc: 0.74302, F1 Score: 0.84045,0.78521,0.81189, Avg. Loss: 5.94844
2024-01-04 08:39:42,899 - INFO: Epoch: 97  train. loss: 5.8795148951585405
2024-01-04 08:39:43,340 - INFO: Acc: 0.73743, F1 Score: 0.82960,0.78286,0.80556, Avg. Loss: 5.94917
2024-01-04 08:39:46,945 - INFO: Epoch: 98  train. loss: 5.879452299266962
2024-01-04 08:39:47,387 - INFO: Acc: 0.74302, F1 Score: 0.84131,0.78404,0.81166, Avg. Loss: 5.94865
2024-01-04 08:39:51,024 - INFO: Epoch: 99  train. loss: 5.879422999062394
2024-01-04 08:39:51,459 - INFO: Acc: 0.73743, F1 Score: 0.83085,0.78404,0.80676, Avg. Loss: 5.95007
2024-01-04 08:39:54,954 - INFO: Epoch: 100  train. loss: 5.879170617754858
2024-01-04 08:39:55,390 - INFO: Acc: 0.73966, F1 Score: 0.83965,0.78052,0.80900, Avg. Loss: 5.94975
2024-01-04 08:39:59,065 - INFO: Epoch: 101  train. loss: 5.878952198048074
2024-01-04 08:39:59,503 - INFO: Acc: 0.73520, F1 Score: 0.84447,0.77113,0.80613, Avg. Loss: 5.95555
2024-01-04 08:40:03,007 - INFO: Epoch: 102  train. loss: 5.879307130071599
2024-01-04 08:40:03,442 - INFO: Acc: 0.73855, F1 Score: 0.83270,0.77700,0.80389, Avg. Loss: 5.95185
2024-01-04 08:40:07,004 - INFO: Epoch: 103  train. loss: 5.87853400421923
2024-01-04 08:40:07,439 - INFO: Acc: 0.74413, F1 Score: 0.83915,0.78991,0.81378, Avg. Loss: 5.94799
2024-01-04 08:40:11,201 - INFO: Epoch: 104  train. loss: 5.878382175886465
2024-01-04 08:40:11,646 - INFO: Acc: 0.73743, F1 Score: 0.83774,0.78169,0.80874, Avg. Loss: 5.95037
2024-01-04 08:40:15,286 - INFO: Epoch: 105  train. loss: 5.878372853094102
2024-01-04 08:40:15,735 - INFO: Acc: 0.74078, F1 Score: 0.84864,0.76995,0.80738, Avg. Loss: 5.95454
2024-01-04 08:40:19,342 - INFO: Epoch: 106  train. loss: 5.879370391876918
2024-01-04 08:40:19,785 - INFO: Acc: 0.72626, F1 Score: 0.84656,0.75117,0.79602, Avg. Loss: 5.95848
2024-01-04 08:40:23,373 - INFO: Epoch: 107  train. loss: 5.880543065973406
2024-01-04 08:40:23,821 - INFO: Acc: 0.72514, F1 Score: 0.83440,0.76291,0.79706, Avg. Loss: 5.95381
2024-01-04 08:40:27,537 - INFO: Epoch: 108  train. loss: 5.879004805233549
2024-01-04 08:40:27,965 - INFO: Acc: 0.74302, F1 Score: 0.83602,0.78991,0.81231, Avg. Loss: 5.94968
2024-01-04 08:40:31,616 - INFO: Epoch: 109  train. loss: 5.877907379389703
2024-01-04 08:40:32,056 - INFO: Acc: 0.73073, F1 Score: 0.83100,0.76761,0.79805, Avg. Loss: 5.95492
2024-01-04 08:40:35,773 - INFO: Epoch: 110  train. loss: 5.87594226794238
2024-01-04 08:40:36,223 - INFO: Acc: 0.74302, F1 Score: 0.83770,0.78756,0.81186, Avg. Loss: 5.94498
2024-01-04 08:40:39,968 - INFO: Epoch: 111  train. loss: 5.87509988706103
2024-01-04 08:40:40,442 - INFO: Acc: 0.73184, F1 Score: 0.83143,0.76995,0.79951, Avg. Loss: 5.94965
2024-01-04 08:40:44,428 - INFO: Epoch: 112  train. loss: 5.8745997858421415
2024-01-04 08:40:44,871 - INFO: Acc: 0.74190, F1 Score: 0.83940,0.78521,0.81140, Avg. Loss: 5.94420
2024-01-04 08:40:48,751 - INFO: Epoch: 113  train. loss: 5.872964301696215
2024-01-04 08:40:49,194 - INFO: Acc: 0.74525, F1 Score: 0.82864,0.79460,0.81126, Avg. Loss: 5.94074
2024-01-04 08:40:52,817 - INFO: Epoch: 114  train. loss: 5.8730029246931466
2024-01-04 08:40:53,256 - INFO: Acc: 0.75196, F1 Score: 0.84481,0.79225,0.81769, Avg. Loss: 5.94078
2024-01-04 08:40:57,069 - INFO: Epoch: 115  train. loss: 5.872448218547563
2024-01-04 08:40:57,506 - INFO: Acc: 0.75196, F1 Score: 0.84282,0.79930,0.82048, Avg. Loss: 5.93781
2024-01-04 08:41:01,159 - INFO: Epoch: 116  train. loss: 5.872214482824753
2024-01-04 08:41:01,596 - INFO: Acc: 0.74972, F1 Score: 0.84060,0.79225,0.81571, Avg. Loss: 5.93966
2024-01-04 08:41:05,284 - INFO: Epoch: 117  train. loss: 5.872158546070576
2024-01-04 08:41:05,729 - INFO: Acc: 0.75196, F1 Score: 0.84204,0.79460,0.81763, Avg. Loss: 5.93954
2024-01-04 08:41:09,241 - INFO: Epoch: 118  train. loss: 5.872217812393454
2024-01-04 08:41:09,670 - INFO: Acc: 0.75084, F1 Score: 0.83252,0.80516,0.81862, Avg. Loss: 5.93753
2024-01-04 08:41:13,264 - INFO: Epoch: 119  train. loss: 5.8722437830293215
2024-01-04 08:41:13,699 - INFO: Acc: 0.75084, F1 Score: 0.84336,0.78991,0.81576, Avg. Loss: 5.94050
2024-01-04 08:41:17,293 - INFO: Epoch: 120  train. loss: 5.872190509930106
2024-01-04 08:41:17,739 - INFO: Acc: 0.75531, F1 Score: 0.83907,0.80164,0.81993, Avg. Loss: 5.93872
2024-01-04 08:41:21,874 - INFO: Epoch: 121  train. loss: 5.87220516003239
2024-01-04 08:41:22,300 - INFO: Acc: 0.74637, F1 Score: 0.83727,0.79108,0.81352, Avg. Loss: 5.94422
2024-01-04 08:41:25,783 - INFO: Epoch: 122  train. loss: 5.872547439694852
2024-01-04 08:41:26,223 - INFO: Acc: 0.74190, F1 Score: 0.85827,0.76761,0.81041, Avg. Loss: 5.94573
2024-01-04 08:41:30,178 - INFO: Epoch: 123  train. loss: 5.875694548031026
2024-01-04 08:41:30,623 - INFO: Acc: 0.71732, F1 Score: 0.86011,0.72887,0.78907, Avg. Loss: 5.96067
2024-01-04 08:41:34,197 - INFO: Epoch: 124  train. loss: 5.876912504261848
2024-01-04 08:41:34,634 - INFO: Acc: 0.74749, F1 Score: 0.83313,0.79108,0.81156, Avg. Loss: 5.94468
2024-01-04 08:41:38,221 - INFO: Epoch: 125  train. loss: 5.874786241689397
2024-01-04 08:41:38,658 - INFO: Acc: 0.74972, F1 Score: 0.83049,0.79930,0.81459, Avg. Loss: 5.93961
2024-01-04 08:41:42,273 - INFO: Epoch: 126  train. loss: 5.872592721829185
2024-01-04 08:41:42,748 - INFO: Acc: 0.74749, F1 Score: 0.83875,0.78756,0.81235, Avg. Loss: 5.94386
2024-01-04 08:41:46,337 - INFO: Epoch: 127  train. loss: 5.8720406793385616
2024-01-04 08:41:46,779 - INFO: Acc: 0.74302, F1 Score: 0.82759,0.78873,0.80769, Avg. Loss: 5.94348
2024-01-04 08:41:50,494 - INFO: Epoch: 128  train. loss: 5.871705724727242
2024-01-04 08:41:50,936 - INFO: Acc: 0.74302, F1 Score: 0.82716,0.78638,0.80626, Avg. Loss: 5.94353
2024-01-04 08:41:54,624 - INFO: Epoch: 129  train. loss: 5.871457338902148
2024-01-04 08:41:55,056 - INFO: Acc: 0.74860, F1 Score: 0.83026,0.79225,0.81081, Avg. Loss: 5.94325
2024-01-04 08:41:58,540 - INFO: Epoch: 130  train. loss: 5.871426040956359
2024-01-04 08:41:58,977 - INFO: Acc: 0.74637, F1 Score: 0.82801,0.79108,0.80912, Avg. Loss: 5.94205
2024-01-04 08:42:02,619 - INFO: Epoch: 131  train. loss: 5.871416718163996
2024-01-04 08:42:03,112 - INFO: Acc: 0.75084, F1 Score: 0.83706,0.78991,0.81280, Avg. Loss: 5.94191
2024-01-04 08:42:06,733 - INFO: Epoch: 132  train. loss: 5.871405397630412
2024-01-04 08:42:07,166 - INFO: Acc: 0.74860, F1 Score: 0.83499,0.78991,0.81182, Avg. Loss: 5.94254
2024-01-04 08:42:10,680 - INFO: Epoch: 133  train. loss: 5.871354122272417
2024-01-04 08:42:11,105 - INFO: Acc: 0.74413, F1 Score: 0.82840,0.78756,0.80746, Avg. Loss: 5.94271
2024-01-04 08:42:14,609 - INFO: Epoch: 134  train. loss: 5.87129618777702
2024-01-04 08:42:15,087 - INFO: Acc: 0.74525, F1 Score: 0.83562,0.78756,0.81088, Avg. Loss: 5.94298
2024-01-04 08:42:18,751 - INFO: Epoch: 135  train. loss: 5.871288196812138
2024-01-04 08:42:19,190 - INFO: Acc: 0.74637, F1 Score: 0.83086,0.78991,0.80987, Avg. Loss: 5.94222
2024-01-04 08:42:22,925 - INFO: Epoch: 136  train. loss: 5.871322824326628
2024-01-04 08:42:23,385 - INFO: Acc: 0.74302, F1 Score: 0.82900,0.78521,0.80651, Avg. Loss: 5.94281
2024-01-04 08:42:27,046 - INFO: Epoch: 137  train. loss: 5.871358783668598
2024-01-04 08:42:27,519 - INFO: Acc: 0.75196, F1 Score: 0.83684,0.79460,0.81517, Avg. Loss: 5.94218
2024-01-04 08:42:31,319 - INFO: Epoch: 138  train. loss: 5.871399404406751
2024-01-04 08:42:31,771 - INFO: Acc: 0.74972, F1 Score: 0.83727,0.79108,0.81352, Avg. Loss: 5.94216
2024-01-04 08:42:35,292 - INFO: Epoch: 139  train. loss: 5.874020440888169
2024-01-04 08:42:35,723 - INFO: Acc: 0.74190, F1 Score: 0.84556,0.77113,0.80663, Avg. Loss: 5.94953
2024-01-04 08:42:39,245 - INFO: Epoch: 140  train. loss: 5.873065520584726
2024-01-04 08:42:39,674 - INFO: Acc: 0.74749, F1 Score: 0.82683,0.79577,0.81100, Avg. Loss: 5.94094
2024-01-04 08:42:43,104 - INFO: Epoch: 141  train. loss: 5.875055270840436
2024-01-04 08:42:43,535 - INFO: Acc: 0.74302, F1 Score: 0.81601,0.80164,0.80876, Avg. Loss: 5.94687
2024-01-04 08:42:47,048 - INFO: Epoch: 142  train. loss: 5.878617909350495
2024-01-04 08:42:47,514 - INFO: Acc: 0.72626, F1 Score: 0.81546,0.76761,0.79081, Avg. Loss: 5.95199
2024-01-04 08:42:51,145 - INFO: Epoch: 143  train. loss: 5.872750543385612
2024-01-04 08:42:51,582 - INFO: Acc: 0.73855, F1 Score: 0.82353,0.78873,0.80576, Avg. Loss: 5.94435
2024-01-04 08:42:55,495 - INFO: Epoch: 144  train. loss: 5.871302846914422
2024-01-04 08:42:55,926 - INFO: Acc: 0.74413, F1 Score: 0.83047,0.79343,0.81152, Avg. Loss: 5.94236
2024-01-04 08:42:59,432 - INFO: Epoch: 145  train. loss: 5.870949246718377
2024-01-04 08:42:59,855 - INFO: Acc: 0.74525, F1 Score: 0.83333,0.79225,0.81227, Avg. Loss: 5.94190
2024-01-04 08:43:03,383 - INFO: Epoch: 146  train. loss: 5.870876662120695
2024-01-04 08:43:03,806 - INFO: Acc: 0.74078, F1 Score: 0.83045,0.78756,0.80843, Avg. Loss: 5.94228
2024-01-04 08:43:07,286 - INFO: Epoch: 147  train. loss: 5.870816063970338
2024-01-04 08:43:07,714 - INFO: Acc: 0.74190, F1 Score: 0.82963,0.78873,0.80866, Avg. Loss: 5.94229
2024-01-04 08:43:11,244 - INFO: Epoch: 148  train. loss: 5.870800747954313
2024-01-04 08:43:11,685 - INFO: Acc: 0.74413, F1 Score: 0.82963,0.78873,0.80866, Avg. Loss: 5.94249
2024-01-04 08:43:15,362 - INFO: Epoch: 149  train. loss: 5.870802079781793
2024-01-04 08:43:15,802 - INFO: Acc: 0.74525, F1 Score: 0.83251,0.78756,0.80941, Avg. Loss: 5.94221
2024-01-04 08:43:19,388 - INFO: Epoch: 150  train. loss: 5.870807407091715
2024-01-04 08:43:19,819 - INFO: Acc: 0.74190, F1 Score: 0.82695,0.78521,0.80554, Avg. Loss: 5.94241
2024-01-04 08:43:23,397 - INFO: Epoch: 151  train. loss: 5.870812734401636
2024-01-04 08:43:23,846 - INFO: Acc: 0.74302, F1 Score: 0.83002,0.78521,0.80700, Avg. Loss: 5.94304
2024-01-04 08:43:27,461 - INFO: Epoch: 152  train. loss: 5.870865341587113
2024-01-04 08:43:27,898 - INFO: Acc: 0.73966, F1 Score: 0.83125,0.78052,0.80508, Avg. Loss: 5.94330
2024-01-04 08:43:31,629 - INFO: Epoch: 153  train. loss: 5.870864675673372
2024-01-04 08:43:32,068 - INFO: Acc: 0.74525, F1 Score: 0.83500,0.78404,0.80872, Avg. Loss: 5.94224
2024-01-04 08:43:35,665 - INFO: Epoch: 154  train. loss: 5.870648253707808
2024-01-04 08:43:36,107 - INFO: Acc: 0.74860, F1 Score: 0.83750,0.78638,0.81114, Avg. Loss: 5.94137
2024-01-04 08:43:39,629 - INFO: Epoch: 155  train. loss: 5.870726831529151
2024-01-04 08:43:40,065 - INFO: Acc: 0.74749, F1 Score: 0.83499,0.78991,0.81182, Avg. Loss: 5.94085
2024-01-04 08:43:43,697 - INFO: Epoch: 156  train. loss: 5.870712181426867
2024-01-04 08:43:44,414 - INFO: Acc: 0.74637, F1 Score: 0.83395,0.78991,0.81133, Avg. Loss: 5.94021
2024-01-04 08:43:48,099 - INFO: Epoch: 157  train. loss: 5.871543241774633
2024-01-04 08:43:48,552 - INFO: Acc: 0.73631, F1 Score: 0.81378,0.78991,0.80167, Avg. Loss: 5.94604
2024-01-04 08:43:52,169 - INFO: Epoch: 158  train. loss: 5.871181650613706
2024-01-04 08:43:52,604 - INFO: Acc: 0.73743, F1 Score: 0.83333,0.78052,0.80606, Avg. Loss: 5.94818
2024-01-04 08:43:56,159 - INFO: Epoch: 159  train. loss: 5.871181650613706
2024-01-04 08:43:56,598 - INFO: Acc: 0.74525, F1 Score: 0.82460,0.79460,0.80932, Avg. Loss: 5.94672
2024-01-04 08:44:00,545 - INFO: Epoch: 160  train. loss: 5.872446220806341
2024-01-04 08:44:00,979 - INFO: Acc: 0.74525, F1 Score: 0.85325,0.77113,0.81011, Avg. Loss: 5.94523
2024-01-04 08:44:04,629 - INFO: Epoch: 161  train. loss: 5.871795623082169
2024-01-04 08:44:05,068 - INFO: Acc: 0.74749, F1 Score: 0.83313,0.79108,0.81156, Avg. Loss: 5.94344
2024-01-04 08:44:08,638 - INFO: Epoch: 162  train. loss: 5.870832045900102
2024-01-04 08:44:09,069 - INFO: Acc: 0.74525, F1 Score: 0.82742,0.79343,0.81007, Avg. Loss: 5.94262
2024-01-04 08:44:12,626 - INFO: Epoch: 163  train. loss: 5.870654246931469
2024-01-04 08:44:13,058 - INFO: Acc: 0.74749, F1 Score: 0.83251,0.79343,0.81250, Avg. Loss: 5.94210
2024-01-04 08:44:16,701 - INFO: Epoch: 164  train. loss: 5.870528389234572
2024-01-04 08:44:17,136 - INFO: Acc: 0.74860, F1 Score: 0.83354,0.79343,0.81299, Avg. Loss: 5.94211
2024-01-04 08:44:20,890 - INFO: Epoch: 165  train. loss: 5.870572339541425
2024-01-04 08:44:21,349 - INFO: Acc: 0.74749, F1 Score: 0.83915,0.78991,0.81378, Avg. Loss: 5.94186
2024-01-04 08:44:24,807 - INFO: Epoch: 166  train. loss: 5.870624280813161
2024-01-04 08:44:25,232 - INFO: Acc: 0.74302, F1 Score: 0.83024,0.78638,0.80772, Avg. Loss: 5.94511
2024-01-04 08:44:28,850 - INFO: Epoch: 167  train. loss: 5.870752136251278
2024-01-04 08:44:29,282 - INFO: Acc: 0.73073, F1 Score: 0.82763,0.76643,0.79586, Avg. Loss: 5.94616
2024-01-04 08:44:32,908 - INFO: Epoch: 168  train. loss: 5.8708253867627
2024-01-04 08:44:33,340 - INFO: Acc: 0.73966, F1 Score: 0.82614,0.78638,0.80577, Avg. Loss: 5.94249
2024-01-04 08:44:36,804 - INFO: Epoch: 169  train. loss: 5.8741236575179
2024-01-04 08:44:37,233 - INFO: Acc: 0.74749, F1 Score: 0.83540,0.79225,0.81325, Avg. Loss: 5.94572
2024-01-04 08:44:40,653 - INFO: Epoch: 170  train. loss: 5.881586552804296
2024-01-04 08:44:41,084 - INFO: Acc: 0.72179, F1 Score: 0.83162,0.75939,0.79387, Avg. Loss: 5.95337
2024-01-04 08:44:44,638 - INFO: Epoch: 171  train. loss: 5.873825994076031
2024-01-04 08:44:45,077 - INFO: Acc: 0.73855, F1 Score: 0.83777,0.77582,0.80561, Avg. Loss: 5.94347
2024-01-04 08:44:48,652 - INFO: Epoch: 172  train. loss: 5.871459336643369
2024-01-04 08:44:49,091 - INFO: Acc: 0.75084, F1 Score: 0.83824,0.80282,0.82014, Avg. Loss: 5.93814
2024-01-04 08:44:52,774 - INFO: Epoch: 173  train. loss: 5.870816063970338
2024-01-04 08:44:53,217 - INFO: Acc: 0.74637, F1 Score: 0.83875,0.78756,0.81235, Avg. Loss: 5.93983
2024-01-04 08:44:56,815 - INFO: Epoch: 174  train. loss: 5.870507079994886
2024-01-04 08:44:57,261 - INFO: Acc: 0.75084, F1 Score: 0.83951,0.79812,0.81829, Avg. Loss: 5.93945
2024-01-04 08:45:00,953 - INFO: Epoch: 175  train. loss: 5.870197430105693
2024-01-04 08:45:01,404 - INFO: Acc: 0.74637, F1 Score: 0.83170,0.79460,0.81273, Avg. Loss: 5.94037
2024-01-04 08:45:05,044 - INFO: Epoch: 176  train. loss: 5.870054258651551
2024-01-04 08:45:05,488 - INFO: Acc: 0.74525, F1 Score: 0.83107,0.79108,0.81058, Avg. Loss: 5.94128
2024-01-04 08:45:09,179 - INFO: Epoch: 177  train. loss: 5.870028953929424
2024-01-04 08:45:09,616 - INFO: Acc: 0.73855, F1 Score: 0.82737,0.78756,0.80698, Avg. Loss: 5.94241
2024-01-04 08:45:13,484 - INFO: Epoch: 178  train. loss: 5.869941053315718
2024-01-04 08:45:13,923 - INFO: Acc: 0.74302, F1 Score: 0.83045,0.78756,0.80843, Avg. Loss: 5.94067
2024-01-04 08:45:18,515 - INFO: Epoch: 179  train. loss: 5.869855150443232
2024-01-04 08:45:18,964 - INFO: Acc: 0.74413, F1 Score: 0.83086,0.78991,0.80987, Avg. Loss: 5.94070
2024-01-04 08:45:23,113 - INFO: Epoch: 180  train. loss: 5.869822520669962
2024-01-04 08:45:23,555 - INFO: Acc: 0.75084, F1 Score: 0.83333,0.79812,0.81535, Avg. Loss: 5.93986
2024-01-04 08:45:27,130 - INFO: Epoch: 181  train. loss: 5.869756595209683
2024-01-04 08:45:27,578 - INFO: Acc: 0.74190, F1 Score: 0.83333,0.78638,0.80918, Avg. Loss: 5.94075
2024-01-04 08:45:31,246 - INFO: Epoch: 182  train. loss: 5.86971264490283
2024-01-04 08:45:31,682 - INFO: Acc: 0.73966, F1 Score: 0.83417,0.77934,0.80583, Avg. Loss: 5.94070
2024-01-04 08:45:35,465 - INFO: Epoch: 183  train. loss: 5.86957813032731
2024-01-04 08:45:35,895 - INFO: Acc: 0.73743, F1 Score: 0.84311,0.77582,0.80807, Avg. Loss: 5.94132
2024-01-04 08:45:39,776 - INFO: Epoch: 184  train. loss: 5.871100409137402
2024-01-04 08:45:40,223 - INFO: Acc: 0.73743, F1 Score: 0.83859,0.78052,0.80851, Avg. Loss: 5.94021
2024-01-04 08:45:43,939 - INFO: Epoch: 185  train. loss: 5.869532182279237
2024-01-04 08:45:44,431 - INFO: Acc: 0.74302, F1 Score: 0.85366,0.78052,0.81545, Avg. Loss: 5.93985
2024-01-04 08:45:48,755 - INFO: Epoch: 186  train. loss: 5.8681757159904535
2024-01-04 08:45:49,190 - INFO: Acc: 0.73520, F1 Score: 0.82609,0.78052,0.80266, Avg. Loss: 5.94450
2024-01-04 08:45:52,662 - INFO: Epoch: 187  train. loss: 5.867619012103648
2024-01-04 08:45:53,093 - INFO: Acc: 0.74078, F1 Score: 0.83271,0.78873,0.81013, Avg. Loss: 5.94143
2024-01-04 08:45:56,700 - INFO: Epoch: 188  train. loss: 5.867312025869417
2024-01-04 08:45:57,165 - INFO: Acc: 0.73520, F1 Score: 0.83249,0.77582,0.80316, Avg. Loss: 5.94413
2024-01-04 08:46:00,908 - INFO: Epoch: 189  train. loss: 5.867191495482441
2024-01-04 08:46:01,380 - INFO: Acc: 0.73408, F1 Score: 0.82896,0.77934,0.80339, Avg. Loss: 5.94237
2024-01-04 08:46:05,024 - INFO: Epoch: 190  train. loss: 5.867151540658029
2024-01-04 08:46:05,460 - INFO: Acc: 0.73743, F1 Score: 0.83042,0.78169,0.80532, Avg. Loss: 5.94253
2024-01-04 08:46:09,082 - INFO: Epoch: 191  train. loss: 5.867108922178657
2024-01-04 08:46:09,527 - INFO: Acc: 0.73743, F1 Score: 0.83167,0.78286,0.80653, Avg. Loss: 5.94275
2024-01-04 08:46:13,441 - INFO: Epoch: 192  train. loss: 5.867056314993181
2024-01-04 08:46:13,893 - INFO: Acc: 0.73408, F1 Score: 0.82979,0.77817,0.80315, Avg. Loss: 5.94345
2024-01-04 08:46:18,132 - INFO: Epoch: 193  train. loss: 5.867089610680191
2024-01-04 08:46:18,562 - INFO: Acc: 0.73520, F1 Score: 0.82957,0.77700,0.80242, Avg. Loss: 5.94267
2024-01-04 08:46:21,934 - INFO: Epoch: 194  train. loss: 5.866981066740538
2024-01-04 08:46:22,357 - INFO: Acc: 0.73520, F1 Score: 0.83396,0.77817,0.80510, Avg. Loss: 5.94187
2024-01-04 08:46:25,885 - INFO: Epoch: 195  train. loss: 5.866981732654279
2024-01-04 08:46:26,331 - INFO: Acc: 0.73520, F1 Score: 0.83083,0.77817,0.80364, Avg. Loss: 5.94237
2024-01-04 08:46:30,043 - INFO: Epoch: 196  train. loss: 5.866983064481759
2024-01-04 08:46:30,493 - INFO: Acc: 0.73631, F1 Score: 0.82918,0.78052,0.80411, Avg. Loss: 5.94163
2024-01-04 08:46:34,054 - INFO: Epoch: 197  train. loss: 5.8669863940504605
2024-01-04 08:46:34,495 - INFO: Acc: 0.73520, F1 Score: 0.83312,0.77934,0.80534, Avg. Loss: 5.94254
2024-01-04 08:46:38,067 - INFO: Epoch: 198  train. loss: 5.866997714584044
2024-01-04 08:46:38,506 - INFO: Acc: 0.73520, F1 Score: 0.83208,0.77934,0.80485, Avg. Loss: 5.94250
2024-01-04 08:46:42,183 - INFO: Epoch: 199  train. loss: 5.867007703290146
2024-01-04 08:46:42,616 - INFO: Acc: 0.73631, F1 Score: 0.82793,0.77934,0.80290, Avg. Loss: 5.94198
2024-01-04 08:46:46,491 - INFO: Epoch: 200  train. loss: 5.867021687478691
2024-01-04 08:46:47,078 - INFO: Acc: 0.73855, F1 Score: 0.83333,0.78052,0.80606, Avg. Loss: 5.94263
2024-01-04 08:46:50,773 - INFO: Epoch: 201  train. loss: 5.867046992200819
2024-01-04 08:46:51,214 - INFO: Acc: 0.73966, F1 Score: 0.83459,0.78169,0.80727, Avg. Loss: 5.94239
2024-01-04 08:46:54,997 - INFO: Epoch: 202  train. loss: 5.867236777616775
2024-01-04 08:46:55,429 - INFO: Acc: 0.73966, F1 Score: 0.83584,0.78286,0.80848, Avg. Loss: 5.94168
2024-01-04 08:46:59,130 - INFO: Epoch: 203  train. loss: 5.874972031622912
2024-01-04 08:46:59,647 - INFO: Acc: 0.72402, F1 Score: 0.81141,0.76761,0.78890, Avg. Loss: 5.94937
2024-01-04 08:47:03,282 - INFO: Epoch: 204  train. loss: 5.880294680148312
2024-01-04 08:47:03,737 - INFO: Acc: 0.72961, F1 Score: 0.81953,0.77817,0.79831, Avg. Loss: 5.94671
2024-01-04 08:47:07,339 - INFO: Epoch: 205  train. loss: 5.86934239686328
2024-01-04 08:47:07,775 - INFO: Acc: 0.72737, F1 Score: 0.82957,0.77700,0.80242, Avg. Loss: 5.95093
2024-01-04 08:47:11,334 - INFO: Epoch: 206  train. loss: 5.865532038441868
2024-01-04 08:47:11,772 - INFO: Acc: 0.73296, F1 Score: 0.83000,0.77934,0.80387, Avg. Loss: 5.94866
2024-01-04 08:47:15,210 - INFO: Epoch: 207  train. loss: 5.864394657773611
2024-01-04 08:47:15,647 - INFO: Acc: 0.73631, F1 Score: 0.82900,0.78521,0.80651, Avg. Loss: 5.94562
2024-01-04 08:47:19,274 - INFO: Epoch: 208  train. loss: 5.863758044237982
2024-01-04 08:47:19,890 - INFO: Acc: 0.73631, F1 Score: 0.82360,0.79460,0.80884, Avg. Loss: 5.94346
2024-01-04 08:47:24,174 - INFO: Epoch: 209  train. loss: 5.863662818573133
2024-01-04 08:47:24,619 - INFO: Acc: 0.73743, F1 Score: 0.82759,0.78873,0.80769, Avg. Loss: 5.94368
2024-01-04 08:47:28,953 - INFO: Epoch: 210  train. loss: 5.863624195576202
2024-01-04 08:47:29,429 - INFO: Acc: 0.73631, F1 Score: 0.82353,0.78873,0.80576, Avg. Loss: 5.94404
2024-01-04 08:47:33,353 - INFO: Epoch: 211  train. loss: 5.863583574838049
2024-01-04 08:47:33,799 - INFO: Acc: 0.73966, F1 Score: 0.82598,0.79108,0.80815, Avg. Loss: 5.94269
2024-01-04 08:47:37,478 - INFO: Epoch: 212  train. loss: 5.863563597425844
2024-01-04 08:47:37,922 - INFO: Acc: 0.73966, F1 Score: 0.83005,0.79108,0.81010, Avg. Loss: 5.94279
2024-01-04 08:47:41,450 - INFO: Epoch: 213  train. loss: 5.86355161097852
2024-01-04 08:47:41,885 - INFO: Acc: 0.73966, F1 Score: 0.82439,0.79343,0.80861, Avg. Loss: 5.94154
2024-01-04 08:47:45,616 - INFO: Epoch: 214  train. loss: 5.863558270115922
2024-01-04 08:47:46,062 - INFO: Acc: 0.73855, F1 Score: 0.83147,0.78756,0.80892, Avg. Loss: 5.94268
2024-01-04 08:47:49,737 - INFO: Epoch: 215  train. loss: 5.863569590649505
2024-01-04 08:47:50,187 - INFO: Acc: 0.73966, F1 Score: 0.82678,0.78991,0.80792, Avg. Loss: 5.94208
2024-01-04 08:47:53,848 - INFO: Epoch: 216  train. loss: 5.863570922476986
2024-01-04 08:47:54,459 - INFO: Acc: 0.73855, F1 Score: 0.83066,0.78873,0.80915, Avg. Loss: 5.94204
2024-01-04 08:47:58,156 - INFO: Epoch: 217  train. loss: 5.863562265598364
2024-01-04 08:47:58,610 - INFO: Acc: 0.73966, F1 Score: 0.82780,0.78991,0.80841, Avg. Loss: 5.94139
2024-01-04 08:48:02,207 - INFO: Epoch: 218  train. loss: 5.863568258822025
2024-01-04 08:48:02,647 - INFO: Acc: 0.73743, F1 Score: 0.82657,0.78873,0.80721, Avg. Loss: 5.94181
2024-01-04 08:48:06,259 - INFO: Epoch: 219  train. loss: 5.863568924735765
2024-01-04 08:48:06,699 - INFO: Acc: 0.73966, F1 Score: 0.82577,0.78991,0.80744, Avg. Loss: 5.94134
2024-01-04 08:48:10,353 - INFO: Epoch: 220  train. loss: 5.863562265598364
2024-01-04 08:48:10,790 - INFO: Acc: 0.73966, F1 Score: 0.82699,0.79108,0.80864, Avg. Loss: 5.94137
2024-01-04 08:48:14,254 - INFO: Epoch: 221  train. loss: 5.863610877301398
2024-01-04 08:48:14,694 - INFO: Acc: 0.73966, F1 Score: 0.83149,0.79343,0.81201, Avg. Loss: 5.94000
2024-01-04 08:48:18,168 - INFO: Epoch: 222  train. loss: 5.863559601943403
2024-01-04 08:48:18,602 - INFO: Acc: 0.73631, F1 Score: 0.82818,0.78638,0.80674, Avg. Loss: 5.94115
2024-01-04 08:48:22,017 - INFO: Epoch: 223  train. loss: 5.8635196471189905
2024-01-04 08:48:22,455 - INFO: Acc: 0.74190, F1 Score: 0.82945,0.79343,0.81104, Avg. Loss: 5.93967
2024-01-04 08:48:25,979 - INFO: Epoch: 224  train. loss: 5.863469037674736
2024-01-04 08:48:26,425 - INFO: Acc: 0.73966, F1 Score: 0.82801,0.79108,0.80912, Avg. Loss: 5.93970
2024-01-04 08:48:29,978 - INFO: Epoch: 225  train. loss: 5.863467039933515
2024-01-04 08:48:30,422 - INFO: Acc: 0.73855, F1 Score: 0.82759,0.78873,0.80769, Avg. Loss: 5.93986
2024-01-04 08:48:34,028 - INFO: Epoch: 226  train. loss: 5.863461712623594
2024-01-04 08:48:34,462 - INFO: Acc: 0.74190, F1 Score: 0.82801,0.79108,0.80912, Avg. Loss: 5.93967
2024-01-04 08:48:37,939 - INFO: Epoch: 227  train. loss: 5.86348435369076
2024-01-04 08:48:38,379 - INFO: Acc: 0.73966, F1 Score: 0.82780,0.78991,0.80841, Avg. Loss: 5.94000
2024-01-04 08:48:42,072 - INFO: Epoch: 228  train. loss: 5.863477028639618
2024-01-04 08:48:42,526 - INFO: Acc: 0.74078, F1 Score: 0.82721,0.79225,0.80935, Avg. Loss: 5.93950
2024-01-04 08:48:46,199 - INFO: Epoch: 229  train. loss: 5.86348435369076
2024-01-04 08:48:46,642 - INFO: Acc: 0.74078, F1 Score: 0.83045,0.78756,0.80843, Avg. Loss: 5.93971
2024-01-04 08:48:50,788 - INFO: Epoch: 230  train. loss: 5.863485685518241
2024-01-04 08:48:51,356 - INFO: Acc: 0.73743, F1 Score: 0.82635,0.78756,0.80649, Avg. Loss: 5.94047
2024-01-04 08:48:55,476 - INFO: Epoch: 231  train. loss: 5.868826313714627
2024-01-04 08:48:55,952 - INFO: Acc: 0.73408, F1 Score: 0.81630,0.78756,0.80167, Avg. Loss: 5.95155
2024-01-04 08:48:59,741 - INFO: Epoch: 232  train. loss: 5.87968070767985
2024-01-04 08:49:00,183 - INFO: Acc: 0.73966, F1 Score: 0.82091,0.80164,0.81116, Avg. Loss: 5.94341
2024-01-04 08:49:03,898 - INFO: Epoch: 233  train. loss: 5.872725904577225
2024-01-04 08:49:04,342 - INFO: Acc: 0.73408, F1 Score: 0.82503,0.79695,0.81075, Avg. Loss: 5.94829
2024-01-04 08:49:07,950 - INFO: Epoch: 234  train. loss: 5.865450796965565
2024-01-04 08:49:08,396 - INFO: Acc: 0.74078, F1 Score: 0.82104,0.79695,0.80881, Avg. Loss: 5.94203
2024-01-04 08:49:12,046 - INFO: Epoch: 235  train. loss: 5.8636588230906925
2024-01-04 08:49:12,499 - INFO: Acc: 0.73855, F1 Score: 0.82678,0.78991,0.80792, Avg. Loss: 5.94342
2024-01-04 08:49:16,209 - INFO: Epoch: 236  train. loss: 5.863290572792363
2024-01-04 08:49:16,695 - INFO: Acc: 0.73966, F1 Score: 0.82780,0.78991,0.80841, Avg. Loss: 5.94418
2024-01-04 08:49:20,361 - INFO: Epoch: 237  train. loss: 5.863231972383225
2024-01-04 08:49:20,819 - INFO: Acc: 0.74190, F1 Score: 0.82945,0.79343,0.81104, Avg. Loss: 5.94315
2024-01-04 08:49:24,480 - INFO: Epoch: 238  train. loss: 5.863204669919877
2024-01-04 08:49:24,922 - INFO: Acc: 0.74078, F1 Score: 0.82561,0.79460,0.80981, Avg. Loss: 5.94207
2024-01-04 08:49:28,674 - INFO: Epoch: 239  train. loss: 5.863199342609955
2024-01-04 08:49:29,149 - INFO: Acc: 0.74190, F1 Score: 0.82864,0.79460,0.81126, Avg. Loss: 5.94235
2024-01-04 08:49:32,904 - INFO: Epoch: 240  train. loss: 5.863188022076372
2024-01-04 08:49:33,341 - INFO: Acc: 0.74302, F1 Score: 0.82966,0.79460,0.81175, Avg. Loss: 5.94219
2024-01-04 08:49:37,016 - INFO: Epoch: 241  train. loss: 5.863185358421411
2024-01-04 08:49:37,464 - INFO: Acc: 0.74078, F1 Score: 0.82641,0.79343,0.80958, Avg. Loss: 5.94230
2024-01-04 08:49:40,961 - INFO: Epoch: 242  train. loss: 5.863188687990113
2024-01-04 08:49:41,398 - INFO: Acc: 0.73966, F1 Score: 0.82619,0.79225,0.80887, Avg. Loss: 5.94175
2024-01-04 08:49:45,115 - INFO: Epoch: 243  train. loss: 5.863188687990113
2024-01-04 08:49:45,548 - INFO: Acc: 0.74078, F1 Score: 0.82742,0.79343,0.81007, Avg. Loss: 5.94237
2024-01-04 08:49:49,331 - INFO: Epoch: 244  train. loss: 5.863192683472554
2024-01-04 08:49:49,935 - INFO: Acc: 0.73966, F1 Score: 0.82641,0.79343,0.80958, Avg. Loss: 5.94165
2024-01-04 08:49:54,412 - INFO: Epoch: 245  train. loss: 5.863192017558814
2024-01-04 08:49:55,076 - INFO: Acc: 0.74190, F1 Score: 0.82885,0.79577,0.81198, Avg. Loss: 5.94196
2024-01-04 08:49:59,530 - INFO: Epoch: 246  train. loss: 5.863196678954995
2024-01-04 08:50:00,038 - INFO: Acc: 0.73743, F1 Score: 0.82497,0.79108,0.80767, Avg. Loss: 5.94238
2024-01-04 08:50:03,739 - INFO: Epoch: 247  train. loss: 5.8632000085236955
2024-01-04 08:50:04,177 - INFO: Acc: 0.73855, F1 Score: 0.82518,0.79225,0.80838, Avg. Loss: 5.94208
2024-01-04 08:50:07,736 - INFO: Epoch: 248  train. loss: 5.863210663143539
2024-01-04 08:50:08,181 - INFO: Acc: 0.73855, F1 Score: 0.82619,0.79225,0.80887, Avg. Loss: 5.94205
2024-01-04 08:50:11,902 - INFO: Epoch: 249  train. loss: 5.863187356162632
2024-01-04 08:50:12,362 - INFO: Acc: 0.73966, F1 Score: 0.82518,0.79225,0.80838, Avg. Loss: 5.94169
2024-01-04 08:50:16,446 - INFO: Epoch: 250  train. loss: 5.863190685731333
2024-01-04 08:50:16,894 - INFO: Acc: 0.73855, F1 Score: 0.82497,0.79108,0.80767, Avg. Loss: 5.94196
2024-01-04 08:50:20,899 - INFO: Epoch: 251  train. loss: 5.863174703801568
2024-01-04 08:50:21,333 - INFO: Acc: 0.74078, F1 Score: 0.82497,0.79108,0.80767, Avg. Loss: 5.94133
2024-01-04 08:50:24,984 - INFO: Epoch: 252  train. loss: 5.863144071769519
2024-01-04 08:50:25,423 - INFO: Acc: 0.74078, F1 Score: 0.82963,0.78873,0.80866, Avg. Loss: 5.94111
2024-01-04 08:50:29,277 - INFO: Epoch: 253  train. loss: 5.8631680446641665
2024-01-04 08:50:29,715 - INFO: Acc: 0.74190, F1 Score: 0.82439,0.79343,0.80861, Avg. Loss: 5.94034
2024-01-04 08:50:33,295 - INFO: Epoch: 254  train. loss: 5.863267931725196
2024-01-04 08:50:33,740 - INFO: Acc: 0.74190, F1 Score: 0.82945,0.79343,0.81104, Avg. Loss: 5.94159
2024-01-04 08:50:37,494 - INFO: Epoch: 255  train. loss: 5.863102785117627
2024-01-04 08:50:37,938 - INFO: Acc: 0.73966, F1 Score: 0.82187,0.78521,0.80312, Avg. Loss: 5.94301
2024-01-04 08:50:41,697 - INFO: Epoch: 256  train. loss: 5.863062830293215
2024-01-04 08:50:42,138 - INFO: Acc: 0.74078, F1 Score: 0.81896,0.79108,0.80478, Avg. Loss: 5.94079
2024-01-04 08:50:45,774 - INFO: Epoch: 257  train. loss: 5.863048180190931
2024-01-04 08:50:46,220 - INFO: Acc: 0.74078, F1 Score: 0.82375,0.78991,0.80647, Avg. Loss: 5.94046
2024-01-04 08:50:50,009 - INFO: Epoch: 258  train. loss: 5.8630661598619165
2024-01-04 08:50:50,461 - INFO: Acc: 0.73966, F1 Score: 0.82716,0.78638,0.80626, Avg. Loss: 5.94210
2024-01-04 08:50:54,013 - INFO: Epoch: 259  train. loss: 5.863138078545857
2024-01-04 08:50:54,455 - INFO: Acc: 0.73966, F1 Score: 0.82274,0.78991,0.80599, Avg. Loss: 5.94089
2024-01-04 08:50:58,051 - INFO: Epoch: 260  train. loss: 5.871976085705762
2024-01-04 08:50:58,485 - INFO: Acc: 0.69832, F1 Score: 0.82990,0.71009,0.76534, Avg. Loss: 5.97104
2024-01-04 08:51:02,064 - INFO: Epoch: 261  train. loss: 5.8745491763978865
2024-01-04 08:51:02,507 - INFO: Acc: 0.73184, F1 Score: 0.82854,0.77700,0.80194, Avg. Loss: 5.94682
2024-01-04 08:51:06,391 - INFO: Epoch: 262  train. loss: 5.866029476005796
2024-01-04 08:51:06,938 - INFO: Acc: 0.70056, F1 Score: 0.79353,0.74883,0.77053, Avg. Loss: 5.96113
2024-01-04 08:51:10,648 - INFO: Epoch: 263  train. loss: 5.8641582583958405
2024-01-04 08:51:11,090 - INFO: Acc: 0.73184, F1 Score: 0.81531,0.78756,0.80119, Avg. Loss: 5.94267
2024-01-04 08:51:14,736 - INFO: Epoch: 264  train. loss: 5.863304556980907
2024-01-04 08:51:15,172 - INFO: Acc: 0.72737, F1 Score: 0.81818,0.78169,0.79952, Avg. Loss: 5.94529
2024-01-04 08:51:19,001 - INFO: Epoch: 265  train. loss: 5.863196013041255
2024-01-04 08:51:19,573 - INFO: Acc: 0.73631, F1 Score: 0.81917,0.79225,0.80549, Avg. Loss: 5.94294
2024-01-04 08:51:23,203 - INFO: Epoch: 266  train. loss: 5.8629596136634845
2024-01-04 08:51:23,639 - INFO: Acc: 0.73520, F1 Score: 0.81995,0.79108,0.80526, Avg. Loss: 5.94316
2024-01-04 08:51:27,648 - INFO: Epoch: 267  train. loss: 5.862949624957381
2024-01-04 08:51:28,093 - INFO: Acc: 0.73520, F1 Score: 0.81896,0.79108,0.80478, Avg. Loss: 5.94287
2024-01-04 08:51:31,676 - INFO: Epoch: 268  train. loss: 5.862908338305489
2024-01-04 08:51:32,108 - INFO: Acc: 0.73520, F1 Score: 0.81873,0.78991,0.80406, Avg. Loss: 5.94255
2024-01-04 08:51:35,633 - INFO: Epoch: 269  train. loss: 5.862873044877259
2024-01-04 08:51:36,079 - INFO: Acc: 0.73408, F1 Score: 0.81951,0.78873,0.80383, Avg. Loss: 5.94369
2024-01-04 08:51:39,825 - INFO: Epoch: 270  train. loss: 5.862867051653597
2024-01-04 08:51:40,273 - INFO: Acc: 0.73631, F1 Score: 0.81719,0.79225,0.80453, Avg. Loss: 5.94237
2024-01-04 08:51:43,925 - INFO: Epoch: 271  train. loss: 5.8628770403597
2024-01-04 08:51:44,374 - INFO: Acc: 0.73743, F1 Score: 0.81896,0.79108,0.80478, Avg. Loss: 5.94143
2024-01-04 08:51:47,904 - INFO: Epoch: 272  train. loss: 5.862869049394818
2024-01-04 08:51:48,337 - INFO: Acc: 0.73631, F1 Score: 0.81620,0.79225,0.80405, Avg. Loss: 5.94207
2024-01-04 08:51:51,847 - INFO: Epoch: 273  train. loss: 5.862873710790999
2024-01-04 08:51:52,285 - INFO: Acc: 0.73296, F1 Score: 0.81707,0.78638,0.80144, Avg. Loss: 5.94312
2024-01-04 08:51:56,318 - INFO: Epoch: 274  train. loss: 5.8628856972383225
2024-01-04 08:51:56,758 - INFO: Acc: 0.73631, F1 Score: 0.81873,0.78991,0.80406, Avg. Loss: 5.94133
2024-01-04 08:52:00,616 - INFO: Epoch: 275  train. loss: 5.862891690461984
2024-01-04 08:52:01,106 - INFO: Acc: 0.73631, F1 Score: 0.82051,0.78873,0.80431, Avg. Loss: 5.94216
2024-01-04 08:52:04,823 - INFO: Epoch: 276  train. loss: 5.862898349599386
2024-01-04 08:52:05,261 - INFO: Acc: 0.73631, F1 Score: 0.81796,0.79108,0.80430, Avg. Loss: 5.94152
2024-01-04 08:52:08,868 - INFO: Epoch: 277  train. loss: 5.862899015513126
2024-01-04 08:52:09,378 - INFO: Acc: 0.73631, F1 Score: 0.81774,0.78991,0.80358, Avg. Loss: 5.94201
2024-01-04 08:52:13,062 - INFO: Epoch: 278  train. loss: 5.86290900421923
2024-01-04 08:52:13,505 - INFO: Acc: 0.73631, F1 Score: 0.81896,0.79108,0.80478, Avg. Loss: 5.94153
2024-01-04 08:52:17,106 - INFO: Epoch: 279  train. loss: 5.862920324752813
2024-01-04 08:52:17,546 - INFO: Acc: 0.73520, F1 Score: 0.81774,0.78991,0.80358, Avg. Loss: 5.94189
2024-01-04 08:52:21,572 - INFO: Epoch: 280  train. loss: 5.862934308941357
2024-01-04 08:52:22,002 - INFO: Acc: 0.73631, F1 Score: 0.82007,0.78638,0.80288, Avg. Loss: 5.94273
2024-01-04 08:52:26,207 - INFO: Epoch: 281  train. loss: 5.8629596136634845
2024-01-04 08:52:26,646 - INFO: Acc: 0.73855, F1 Score: 0.82073,0.78991,0.80502, Avg. Loss: 5.94185
2024-01-04 08:52:30,317 - INFO: Epoch: 282  train. loss: 5.862958947749744
2024-01-04 08:52:30,767 - INFO: Acc: 0.74525, F1 Score: 0.82225,0.79812,0.81001, Avg. Loss: 5.93979
2024-01-04 08:52:34,839 - INFO: Epoch: 283  train. loss: 5.8629596136634845
2024-01-04 08:52:35,307 - INFO: Acc: 0.74190, F1 Score: 0.81687,0.79577,0.80618, Avg. Loss: 5.94155
2024-01-04 08:52:39,376 - INFO: Epoch: 284  train. loss: 5.863018214072622
2024-01-04 08:52:39,919 - INFO: Acc: 0.73408, F1 Score: 0.81740,0.78286,0.79976, Avg. Loss: 5.94259
2024-01-04 08:52:43,796 - INFO: Epoch: 285  train. loss: 5.8630128867627
2024-01-04 08:52:44,375 - INFO: Acc: 0.73184, F1 Score: 0.82516,0.76995,0.79660, Avg. Loss: 5.94455
2024-01-04 08:52:48,584 - INFO: Epoch: 286  train. loss: 5.8631214307023525
2024-01-04 08:52:49,032 - INFO: Acc: 0.73296, F1 Score: 0.81998,0.78052,0.79976, Avg. Loss: 5.94505
2024-01-04 08:52:52,598 - INFO: Epoch: 287  train. loss: 5.869663367286055
2024-01-04 08:52:53,030 - INFO: Acc: 0.74078, F1 Score: 0.82177,0.80634,0.81398, Avg. Loss: 5.94275
2024-01-04 08:52:56,625 - INFO: Epoch: 288  train. loss: 5.877479196854757
2024-01-04 08:52:57,064 - INFO: Acc: 0.73855, F1 Score: 0.81139,0.80282,0.80708, Avg. Loss: 5.94179
2024-01-04 08:53:00,576 - INFO: Epoch: 289  train. loss: 5.868105129133992
2024-01-04 08:53:01,035 - INFO: Acc: 0.74525, F1 Score: 0.83170,0.79460,0.81273, Avg. Loss: 5.93750
2024-01-04 08:53:04,521 - INFO: Epoch: 290  train. loss: 5.864316745866008
2024-01-04 08:53:04,955 - INFO: Acc: 0.73855, F1 Score: 0.83270,0.77700,0.80389, Avg. Loss: 5.94142
2024-01-04 08:53:08,580 - INFO: Epoch: 291  train. loss: 5.863333191271735
2024-01-04 08:53:09,022 - INFO: Acc: 0.74078, F1 Score: 0.82699,0.79108,0.80864, Avg. Loss: 5.94112
2024-01-04 08:53:12,582 - INFO: Epoch: 292  train. loss: 5.862958947749744
2024-01-04 08:53:13,022 - INFO: Acc: 0.74749, F1 Score: 0.83190,0.79577,0.81344, Avg. Loss: 5.93870
2024-01-04 08:53:16,656 - INFO: Epoch: 293  train. loss: 5.862923654321514
2024-01-04 08:53:17,104 - INFO: Acc: 0.73966, F1 Score: 0.82614,0.78638,0.80577, Avg. Loss: 5.93947
2024-01-04 08:53:20,736 - INFO: Epoch: 294  train. loss: 5.862907006478009
2024-01-04 08:53:21,178 - INFO: Acc: 0.73408, F1 Score: 0.82979,0.77817,0.80315, Avg. Loss: 5.94079
2024-01-04 08:53:24,793 - INFO: Epoch: 295  train. loss: 5.862875042618479
2024-01-04 08:53:25,252 - INFO: Acc: 0.74637, F1 Score: 0.83210,0.79108,0.81107, Avg. Loss: 5.93851
2024-01-04 08:53:29,226 - INFO: Epoch: 296  train. loss: 5.8628530674650525
2024-01-04 08:53:29,678 - INFO: Acc: 0.74413, F1 Score: 0.82238,0.79343,0.80765, Avg. Loss: 5.93848
2024-01-04 08:53:33,483 - INFO: Epoch: 297  train. loss: 5.862835753707808
2024-01-04 08:53:33,909 - INFO: Acc: 0.74078, F1 Score: 0.82614,0.78638,0.80577, Avg. Loss: 5.93889
2024-01-04 08:53:37,481 - INFO: Epoch: 298  train. loss: 5.862844410586431
2024-01-04 08:53:37,942 - INFO: Acc: 0.74078, F1 Score: 0.82389,0.78521,0.80409, Avg. Loss: 5.93902
2024-01-04 08:53:41,576 - INFO: Epoch: 299  train. loss: 5.862841746931469
2024-01-04 08:53:42,023 - INFO: Acc: 0.74302, F1 Score: 0.82577,0.78991,0.80744, Avg. Loss: 5.93850
2024-01-04 08:53:45,543 - INFO: Epoch: 300  train. loss: 5.862887694979543
2024-01-04 08:53:45,973 - INFO: Acc: 0.74302, F1 Score: 0.82152,0.78873,0.80479, Avg. Loss: 5.93963
2024-01-04 08:53:49,618 - INFO: Epoch: 301  train. loss: 5.86284307875895
2024-01-04 08:53:50,056 - INFO: Acc: 0.74302, F1 Score: 0.82475,0.78991,0.80695, Avg. Loss: 5.93885
2024-01-04 08:53:53,760 - INFO: Epoch: 302  train. loss: 5.862846408327651
2024-01-04 08:53:54,210 - INFO: Acc: 0.74190, F1 Score: 0.82432,0.78756,0.80552, Avg. Loss: 5.93882
2024-01-04 08:53:57,683 - INFO: Epoch: 303  train. loss: 5.862845742413911
2024-01-04 08:53:58,115 - INFO: Acc: 0.74302, F1 Score: 0.82759,0.78873,0.80769, Avg. Loss: 5.93933
2024-01-04 08:54:01,611 - INFO: Epoch: 304  train. loss: 5.8628530674650525
2024-01-04 08:54:02,053 - INFO: Acc: 0.73743, F1 Score: 0.82143,0.78286,0.80168, Avg. Loss: 5.94003
2024-01-04 08:54:05,719 - INFO: Epoch: 305  train. loss: 5.862868383481078
2024-01-04 08:54:06,153 - INFO: Acc: 0.74190, F1 Score: 0.82331,0.78756,0.80504, Avg. Loss: 5.93893
2024-01-04 08:54:09,749 - INFO: Epoch: 306  train. loss: 5.8629449635612
2024-01-04 08:54:10,191 - INFO: Acc: 0.73855, F1 Score: 0.82266,0.78404,0.80288, Avg. Loss: 5.93939
2024-01-04 08:54:13,817 - INFO: Epoch: 307  train. loss: 5.863016216331402
2024-01-04 08:54:14,257 - INFO: Acc: 0.74078, F1 Score: 0.82534,0.78756,0.80601, Avg. Loss: 5.94029
2024-01-04 08:54:17,951 - INFO: Epoch: 308  train. loss: 5.862986916126832
2024-01-04 08:54:18,389 - INFO: Acc: 0.73520, F1 Score: 0.82280,0.77934,0.80048, Avg. Loss: 5.94201
2024-01-04 08:54:22,242 - INFO: Epoch: 309  train. loss: 5.863319872996931
2024-01-04 08:54:22,684 - INFO: Acc: 0.70950, F1 Score: 0.81458,0.74765,0.77968, Avg. Loss: 5.95814
2024-01-04 08:54:26,236 - INFO: Epoch: 310  train. loss: 5.86917458660075
2024-01-04 08:54:26,672 - INFO: Acc: 0.73296, F1 Score: 0.80895,0.78521,0.79690, Avg. Loss: 5.94351
2024-01-04 08:54:30,281 - INFO: Epoch: 311  train. loss: 5.86860256669792
2024-01-04 08:54:30,725 - INFO: Acc: 0.71955, F1 Score: 0.82692,0.75704,0.79044, Avg. Loss: 5.95299
2024-01-04 08:54:34,454 - INFO: Epoch: 312  train. loss: 5.865627264106717
2024-01-04 08:54:34,892 - INFO: Acc: 0.73184, F1 Score: 0.81373,0.77934,0.79616, Avg. Loss: 5.94219
2024-01-04 08:54:38,515 - INFO: Epoch: 313  train. loss: 5.863209997229799
2024-01-04 08:54:38,951 - INFO: Acc: 0.73966, F1 Score: 0.83085,0.78404,0.80676, Avg. Loss: 5.93922
2024-01-04 08:54:42,636 - INFO: Epoch: 314  train. loss: 5.862705234614729
2024-01-04 08:54:43,098 - INFO: Acc: 0.73966, F1 Score: 0.81896,0.79108,0.80478, Avg. Loss: 5.93869
2024-01-04 08:54:46,767 - INFO: Epoch: 315  train. loss: 5.862564726815547
2024-01-04 08:54:47,224 - INFO: Acc: 0.74190, F1 Score: 0.81468,0.79460,0.80452, Avg. Loss: 5.93811
2024-01-04 08:54:50,978 - INFO: Epoch: 316  train. loss: 5.862684591288783
2024-01-04 08:54:51,451 - INFO: Acc: 0.72626, F1 Score: 0.81559,0.77347,0.79398, Avg. Loss: 5.94443
2024-01-04 08:54:55,079 - INFO: Epoch: 317  train. loss: 5.862321002386635
2024-01-04 08:54:55,521 - INFO: Acc: 0.73520, F1 Score: 0.81441,0.78286,0.79832, Avg. Loss: 5.93933
2024-01-04 08:54:59,214 - INFO: Epoch: 318  train. loss: 5.862320336472894
2024-01-04 08:54:59,655 - INFO: Acc: 0.74078, F1 Score: 0.81401,0.79108,0.80238, Avg. Loss: 5.93696
2024-01-04 08:55:03,229 - INFO: Epoch: 319  train. loss: 5.86230568637061
2024-01-04 08:55:03,676 - INFO: Acc: 0.74078, F1 Score: 0.81620,0.79225,0.80405, Avg. Loss: 5.93729
2024-01-04 08:55:07,466 - INFO: Epoch: 320  train. loss: 5.862285708958404
2024-01-04 08:55:07,904 - INFO: Acc: 0.73966, F1 Score: 0.81325,0.79225,0.80262, Avg. Loss: 5.93710
2024-01-04 08:55:11,794 - INFO: Epoch: 321  train. loss: 5.862289038527106
2024-01-04 08:55:12,232 - INFO: Acc: 0.73966, F1 Score: 0.81553,0.78873,0.80191, Avg. Loss: 5.93776
2024-01-04 08:55:15,920 - INFO: Epoch: 322  train. loss: 5.862281713475963
2024-01-04 08:55:16,442 - INFO: Acc: 0.73743, F1 Score: 0.81455,0.78873,0.80143, Avg. Loss: 5.93731
2024-01-04 08:55:19,883 - INFO: Epoch: 323  train. loss: 5.862287040785885
2024-01-04 08:55:20,329 - INFO: Acc: 0.74078, F1 Score: 0.81544,0.79343,0.80428, Avg. Loss: 5.93720
2024-01-04 08:55:24,283 - INFO: Epoch: 324  train. loss: 5.862297029491987
2024-01-04 08:55:24,749 - INFO: Acc: 0.74078, F1 Score: 0.81896,0.79108,0.80478, Avg. Loss: 5.93750
2024-01-04 08:55:28,309 - INFO: Epoch: 325  train. loss: 5.862312345508013
2024-01-04 08:55:28,755 - INFO: Acc: 0.74078, F1 Score: 0.81818,0.79225,0.80501, Avg. Loss: 5.93775
2024-01-04 08:55:32,245 - INFO: Epoch: 326  train. loss: 5.862301024974429
2024-01-04 08:55:32,678 - INFO: Acc: 0.74413, F1 Score: 0.82699,0.79108,0.80864, Avg. Loss: 5.93711
2024-01-04 08:55:36,206 - INFO: Epoch: 327  train. loss: 5.8623303251789975
2024-01-04 08:55:36,640 - INFO: Acc: 0.73966, F1 Score: 0.82454,0.78873,0.80624, Avg. Loss: 5.93806
2024-01-04 08:55:40,265 - INFO: Epoch: 328  train. loss: 5.8623256637828165
2024-01-04 08:55:40,716 - INFO: Acc: 0.74078, F1 Score: 0.82217,0.79225,0.80693, Avg. Loss: 5.93813
2024-01-04 08:55:44,427 - INFO: Epoch: 329  train. loss: 5.862330991092738
2024-01-04 08:55:44,891 - INFO: Acc: 0.74078, F1 Score: 0.82051,0.78873,0.80431, Avg. Loss: 5.93773
2024-01-04 08:55:48,399 - INFO: Epoch: 330  train. loss: 5.86233898205762
2024-01-04 08:55:48,842 - INFO: Acc: 0.73966, F1 Score: 0.82252,0.78873,0.80527, Avg. Loss: 5.93831
2024-01-04 08:55:52,373 - INFO: Epoch: 331  train. loss: 5.862346973022502
2024-01-04 08:55:52,812 - INFO: Acc: 0.73408, F1 Score: 0.82222,0.78169,0.80144, Avg. Loss: 5.93947
2024-01-04 08:55:56,488 - INFO: Epoch: 332  train. loss: 5.8623489707637235
2024-01-04 08:55:56,952 - INFO: Acc: 0.73408, F1 Score: 0.82099,0.78052,0.80024, Avg. Loss: 5.93927
2024-01-04 08:56:00,499 - INFO: Epoch: 333  train. loss: 5.862425550843846
2024-01-04 08:56:00,920 - INFO: Acc: 0.73855, F1 Score: 0.82295,0.79108,0.80670, Avg. Loss: 5.93790
2024-01-04 08:56:04,264 - INFO: Epoch: 334  train. loss: 5.862422221275145
2024-01-04 08:56:04,684 - INFO: Acc: 0.73631, F1 Score: 0.81509,0.78638,0.80048, Avg. Loss: 5.94016
2024-01-04 08:56:08,199 - INFO: Epoch: 335  train. loss: 5.862410900741562
2024-01-04 08:56:08,637 - INFO: Acc: 0.73408, F1 Score: 0.81829,0.78756,0.80263, Avg. Loss: 5.93748
2024-01-04 08:56:12,632 - INFO: Epoch: 336  train. loss: 5.862668609359018
2024-01-04 08:56:13,109 - INFO: Acc: 0.72514, F1 Score: 0.82598,0.76878,0.79635, Avg. Loss: 5.95166
2024-01-04 08:56:16,717 - INFO: Epoch: 337  train. loss: 5.88375543385612
2024-01-04 08:56:17,151 - INFO: Acc: 0.73073, F1 Score: 0.83123,0.77465,0.80194, Avg. Loss: 5.94932
2024-01-04 08:56:20,536 - INFO: Epoch: 338  train. loss: 5.872210487342311
2024-01-04 08:56:20,962 - INFO: Acc: 0.73296, F1 Score: 0.82302,0.78052,0.80120, Avg. Loss: 5.94044
