2024-01-04 08:06:16,780 - INFO: +--------------+-------+
| Parameter    | Value |
+--------------+-------+
| device       | cuda  |
+--------------+-------+
| noise        | 1     |
+--------------+-------+
| lr           | 0.010 |
+--------------+-------+
| weight_decay | 0.001 |
+--------------+-------+
| max_epoch    | 300   |
+--------------+-------+
| batch_size   | 32    |
+--------------+-------+
| num_layer    | 1     |
+--------------+-------+
| rnn          | GRU   |
+--------------+-------+
| hidden_size  | 128   |
+--------------+-------+
2024-01-04 08:06:21,584 - INFO: Epoch: 0  train. loss: 6.479242802804296
2024-01-04 08:06:22,035 - INFO: Acc: 0.26145, F1 Score: 0.00000,0.00000,0.00000, Avg. Loss: 6.45052
2024-01-04 08:06:25,713 - INFO: Epoch: 1  train. loss: 6.378960189012956
2024-01-04 08:06:26,151 - INFO: Acc: 0.26145, F1 Score: 0.00000,0.00000,0.00000, Avg. Loss: 6.25985
2024-01-04 08:06:29,844 - INFO: Epoch: 2  train. loss: 6.281020259759631
2024-01-04 08:06:30,288 - INFO: Acc: 0.26145, F1 Score: 0.00000,0.00000,0.00000, Avg. Loss: 6.25459
2024-01-04 08:06:33,842 - INFO: Epoch: 3  train. loss: 6.274630817422435
2024-01-04 08:06:34,292 - INFO: Acc: 0.26145, F1 Score: 0.00000,0.00000,0.00000, Avg. Loss: 6.24917
2024-01-04 08:06:38,140 - INFO: Epoch: 4  train. loss: 6.27219423904705
2024-01-04 08:06:38,592 - INFO: Acc: 0.26145, F1 Score: 0.00000,0.00000,0.00000, Avg. Loss: 6.26314
2024-01-04 08:06:42,262 - INFO: Epoch: 5  train. loss: 6.212753446769519
2024-01-04 08:06:42,718 - INFO: Acc: 0.41676, F1 Score: 0.73858,0.34155,0.46709, Avg. Loss: 6.13308
2024-01-04 08:06:46,438 - INFO: Epoch: 6  train. loss: 6.146263957551994
2024-01-04 08:06:46,906 - INFO: Acc: 0.42123, F1 Score: 0.74623,0.34859,0.47520, Avg. Loss: 6.12857
2024-01-04 08:06:50,769 - INFO: Epoch: 7  train. loss: 6.139088737001364
2024-01-04 08:06:51,216 - INFO: Acc: 0.44134, F1 Score: 0.81030,0.35094,0.48976, Avg. Loss: 6.12762
2024-01-04 08:06:55,038 - INFO: Epoch: 8  train. loss: 6.138918928997613
2024-01-04 08:06:55,475 - INFO: Acc: 0.42682, F1 Score: 0.75243,0.36385,0.49051, Avg. Loss: 6.12633
2024-01-04 08:06:59,054 - INFO: Epoch: 9  train. loss: 6.133379858506649
2024-01-04 08:06:59,491 - INFO: Acc: 0.42793, F1 Score: 0.83573,0.34038,0.48374, Avg. Loss: 6.13031
2024-01-04 08:07:03,016 - INFO: Epoch: 10  train. loss: 6.128274963774293
2024-01-04 08:07:03,446 - INFO: Acc: 0.42011, F1 Score: 0.77933,0.32746,0.46116, Avg. Loss: 6.13594
2024-01-04 08:07:07,064 - INFO: Epoch: 11  train. loss: 6.1282097042277535
2024-01-04 08:07:07,537 - INFO: Acc: 0.43687, F1 Score: 0.79093,0.36854,0.50280, Avg. Loss: 6.11449
2024-01-04 08:07:11,505 - INFO: Epoch: 12  train. loss: 6.122004054082851
2024-01-04 08:07:12,021 - INFO: Acc: 0.44358, F1 Score: 0.80407,0.37089,0.50763, Avg. Loss: 6.11595
2024-01-04 08:07:15,928 - INFO: Epoch: 13  train. loss: 6.1211097319297645
2024-01-04 08:07:16,365 - INFO: Acc: 0.43575, F1 Score: 0.81865,0.37089,0.51050, Avg. Loss: 6.12135
2024-01-04 08:07:19,999 - INFO: Epoch: 14  train. loss: 6.11971264490283
