2024-01-04 21:27:04,728 - INFO: +---------------+--------------------+
| Parameter     | Value              |
+---------------+--------------------+
| dataroot      | ./data             |
+---------------+--------------------+
| word2vec_path | ./word2vec-768.txt |
+---------------+--------------------+
| seed          | 999                |
+---------------+--------------------+
| device        | 2                  |
+---------------+--------------------+
| testing       | False              |
+---------------+--------------------+
| batch_size    | 32                 |
+---------------+--------------------+
| lr            | 0.001              |
+---------------+--------------------+
| max_epoch     | 100                |
+---------------+--------------------+
| augment       | False              |
+---------------+--------------------+
| encoder_cell  | LSTM               |
+---------------+--------------------+
| rnn           | GRU                |
+---------------+--------------------+
| noise         | 1                  |
+---------------+--------------------+
| dropout       | 0.200              |
+---------------+--------------------+
| embed_size    | 768                |
+---------------+--------------------+
| hidden_size   | 512                |
+---------------+--------------------+
| num_layer     | 2                  |
+---------------+--------------------+
| pinyin        | False              |
+---------------+--------------------+
| crf           | False              |
+---------------+--------------------+
| bert          | False              |
+---------------+--------------------+
