2024-01-04 07:59:01,740 - INFO: +--------------+-------+
| Parameter    | Value |
+--------------+-------+
| device       | cuda  |
+--------------+-------+
| noise        | 1     |
+--------------+-------+
| lr           | 0.010 |
+--------------+-------+
| weight_decay | 0.001 |
+--------------+-------+
| max_epoch    | 300   |
+--------------+-------+
| batch_size   | 32    |
+--------------+-------+
| num_layer    | 1     |
+--------------+-------+
| rnn          | GRU   |
+--------------+-------+
| hidden_size  | 128   |
+--------------+-------+
2024-01-04 07:59:08,299 - INFO: Epoch: 0  train. loss: 6.479242802804296
2024-01-04 07:59:08,757 - INFO: Acc: 0.26145, F1 Score: 0.00000,0.00000,0.00000, Avg. Loss: 6.45052
2024-01-04 07:59:13,246 - INFO: Epoch: 1  train. loss: 6.378960189012956
2024-01-04 07:59:13,724 - INFO: Acc: 0.26145, F1 Score: 0.00000,0.00000,0.00000, Avg. Loss: 6.25985
2024-01-04 07:59:17,777 - INFO: Epoch: 2  train. loss: 6.281020259759631
2024-01-04 07:59:18,216 - INFO: Acc: 0.26145, F1 Score: 0.00000,0.00000,0.00000, Avg. Loss: 6.25459
2024-01-04 07:59:22,204 - INFO: Epoch: 3  train. loss: 6.274630817422435
2024-01-04 07:59:22,684 - INFO: Acc: 0.26145, F1 Score: 0.00000,0.00000,0.00000, Avg. Loss: 6.24917
2024-01-04 07:59:26,697 - INFO: Epoch: 4  train. loss: 6.27219423904705
2024-01-04 07:59:27,162 - INFO: Acc: 0.26145, F1 Score: 0.00000,0.00000,0.00000, Avg. Loss: 6.26314
2024-01-04 07:59:30,789 - INFO: Epoch: 5  train. loss: 6.212753446769519
2024-01-04 07:59:31,231 - INFO: Acc: 0.41676, F1 Score: 0.73858,0.34155,0.46709, Avg. Loss: 6.13308
2024-01-04 07:59:34,944 - INFO: Epoch: 6  train. loss: 6.146263957551994
2024-01-04 07:59:35,408 - INFO: Acc: 0.42123, F1 Score: 0.74623,0.34859,0.47520, Avg. Loss: 6.12857
2024-01-04 07:59:39,408 - INFO: Epoch: 7  train. loss: 6.139088737001364
2024-01-04 07:59:39,865 - INFO: Acc: 0.44134, F1 Score: 0.81030,0.35094,0.48976, Avg. Loss: 6.12762
2024-01-04 07:59:43,511 - INFO: Epoch: 8  train. loss: 6.138918928997613
2024-01-04 07:59:43,950 - INFO: Acc: 0.42682, F1 Score: 0.75243,0.36385,0.49051, Avg. Loss: 6.12633
2024-01-04 07:59:47,505 - INFO: Epoch: 9  train. loss: 6.133379858506649
2024-01-04 07:59:47,954 - INFO: Acc: 0.42793, F1 Score: 0.83573,0.34038,0.48374, Avg. Loss: 6.13031
2024-01-04 07:59:51,726 - INFO: Epoch: 10  train. loss: 6.128274963774293
2024-01-04 07:59:52,180 - INFO: Acc: 0.42011, F1 Score: 0.77933,0.32746,0.46116, Avg. Loss: 6.13594
2024-01-04 07:59:55,946 - INFO: Epoch: 11  train. loss: 6.1282097042277535
2024-01-04 07:59:56,393 - INFO: Acc: 0.43687, F1 Score: 0.79093,0.36854,0.50280, Avg. Loss: 6.11449
2024-01-04 08:00:00,221 - INFO: Epoch: 12  train. loss: 6.122004054082851
2024-01-04 08:00:00,672 - INFO: Acc: 0.44358, F1 Score: 0.80407,0.37089,0.50763, Avg. Loss: 6.11595
2024-01-04 08:00:05,208 - INFO: Epoch: 13  train. loss: 6.1211097319297645
2024-01-04 08:00:05,646 - INFO: Acc: 0.43575, F1 Score: 0.81865,0.37089,0.51050, Avg. Loss: 6.12135
2024-01-04 08:00:09,394 - INFO: Epoch: 14  train. loss: 6.11971264490283
2024-01-04 08:00:09,939 - INFO: Acc: 0.43017, F1 Score: 0.77551,0.35681,0.48875, Avg. Loss: 6.11641
2024-01-04 08:00:13,750 - INFO: Epoch: 15  train. loss: 6.123973826926355
2024-01-04 08:00:14,216 - INFO: Acc: 0.43352, F1 Score: 0.83621,0.34155,0.48500, Avg. Loss: 6.12283
2024-01-04 08:00:17,961 - INFO: Epoch: 16  train. loss: 6.117581055020457
2024-01-04 08:00:18,408 - INFO: Acc: 0.43240, F1 Score: 0.77099,0.35563,0.48675, Avg. Loss: 6.12370
2024-01-04 08:00:22,082 - INFO: Epoch: 17  train. loss: 6.118408119885783
2024-01-04 08:00:22,530 - INFO: Acc: 0.42682, F1 Score: 0.76862,0.33920,0.47068, Avg. Loss: 6.12930
2024-01-04 08:00:26,125 - INFO: Epoch: 18  train. loss: 6.113700775656325
2024-01-04 08:00:26,565 - INFO: Acc: 0.42570, F1 Score: 0.78611,0.33216,0.46700, Avg. Loss: 6.12080
2024-01-04 08:00:30,224 - INFO: Epoch: 19  train. loss: 6.114329398227071
2024-01-04 08:00:30,693 - INFO: Acc: 0.48268, F1 Score: 0.76132,0.43427,0.55306, Avg. Loss: 6.10975
2024-01-04 08:00:34,492 - INFO: Epoch: 20  train. loss: 6.093592178443573
2024-01-04 08:00:34,938 - INFO: Acc: 0.47486, F1 Score: 0.74262,0.41315,0.53092, Avg. Loss: 6.11522
2024-01-04 08:00:38,535 - INFO: Epoch: 21  train. loss: 6.093954435518241
2024-01-04 08:00:38,975 - INFO: Acc: 0.47486, F1 Score: 0.79733,0.42019,0.55035, Avg. Loss: 6.11317
2024-01-04 08:00:42,578 - INFO: Epoch: 22  train. loss: 6.095657842865666
2024-01-04 08:00:43,019 - INFO: Acc: 0.48156, F1 Score: 0.78396,0.41315,0.54112, Avg. Loss: 6.11399
2024-01-04 08:00:46,648 - INFO: Epoch: 23  train. loss: 6.09008148120525
2024-01-04 08:00:47,093 - INFO: Acc: 0.47933, F1 Score: 0.75891,0.42488,0.54477, Avg. Loss: 6.11228
2024-01-04 08:00:50,636 - INFO: Epoch: 24  train. loss: 6.087226709001023
2024-01-04 08:00:51,079 - INFO: Acc: 0.47374, F1 Score: 0.74624,0.40728,0.52696, Avg. Loss: 6.10943
2024-01-04 08:00:54,695 - INFO: Epoch: 25  train. loss: 6.085626518283328
2024-01-04 08:00:55,152 - INFO: Acc: 0.48380, F1 Score: 0.76360,0.42840,0.54887, Avg. Loss: 6.10455
2024-01-04 08:00:58,868 - INFO: Epoch: 26  train. loss: 6.079699220081827
2024-01-04 08:00:59,317 - INFO: Acc: 0.49385, F1 Score: 0.78156,0.45775,0.57735, Avg. Loss: 6.09895
2024-01-04 08:01:02,942 - INFO: Epoch: 27  train. loss: 6.0840469708915785
2024-01-04 08:01:03,382 - INFO: Acc: 0.47598, F1 Score: 0.74642,0.42840,0.54437, Avg. Loss: 6.11013
2024-01-04 08:01:07,300 - INFO: Epoch: 28  train. loss: 6.077955191996249
2024-01-04 08:01:07,746 - INFO: Acc: 0.47598, F1 Score: 0.78118,0.41901,0.54545, Avg. Loss: 6.11172
2024-01-04 08:01:11,489 - INFO: Epoch: 29  train. loss: 6.076167879517559
2024-01-04 08:01:11,944 - INFO: Acc: 0.48045, F1 Score: 0.78132,0.43192,0.55631, Avg. Loss: 6.11151
2024-01-04 08:01:15,555 - INFO: Epoch: 30  train. loss: 6.077240666553017
2024-01-04 08:01:16,019 - INFO: Acc: 0.49274, F1 Score: 0.78226,0.45540,0.57567, Avg. Loss: 6.10266
2024-01-04 08:01:19,662 - INFO: Epoch: 31  train. loss: 6.077357867371292
2024-01-04 08:01:20,142 - INFO: Acc: 0.48603, F1 Score: 0.80482,0.43075,0.56116, Avg. Loss: 6.10932
2024-01-04 08:01:23,832 - INFO: Epoch: 32  train. loss: 6.076002066996249
2024-01-04 08:01:24,280 - INFO: Acc: 0.48715, F1 Score: 0.77226,0.43779,0.55880, Avg. Loss: 6.10430
2024-01-04 08:01:27,929 - INFO: Epoch: 33  train. loss: 6.072606572834982
2024-01-04 08:01:28,380 - INFO: Acc: 0.50056, F1 Score: 0.78706,0.44249,0.56649, Avg. Loss: 6.10058
2024-01-04 08:01:32,028 - INFO: Epoch: 34  train. loss: 6.067391136421753
2024-01-04 08:01:32,475 - INFO: Acc: 0.49162, F1 Score: 0.81027,0.42606,0.55846, Avg. Loss: 6.10549
2024-01-04 08:01:36,190 - INFO: Epoch: 35  train. loss: 6.0710456710279574
2024-01-04 08:01:36,632 - INFO: Acc: 0.48603, F1 Score: 0.77754,0.43075,0.55438, Avg. Loss: 6.10569
2024-01-04 08:01:40,313 - INFO: Epoch: 36  train. loss: 6.068665029406751
2024-01-04 08:01:40,789 - INFO: Acc: 0.48939, F1 Score: 0.75147,0.45070,0.56346, Avg. Loss: 6.10481
2024-01-04 08:01:44,601 - INFO: Epoch: 37  train. loss: 6.064753452096829
2024-01-04 08:01:45,146 - INFO: Acc: 0.49050, F1 Score: 0.74899,0.43427,0.54978, Avg. Loss: 6.10456
2024-01-04 08:01:49,006 - INFO: Epoch: 38  train. loss: 6.065836893752131
2024-01-04 08:01:49,460 - INFO: Acc: 0.49050, F1 Score: 0.77970,0.42371,0.54905, Avg. Loss: 6.10327
2024-01-04 08:01:53,149 - INFO: Epoch: 39  train. loss: 6.069187105779066
2024-01-04 08:01:53,593 - INFO: Acc: 0.49050, F1 Score: 0.77433,0.43897,0.56030, Avg. Loss: 6.10382
2024-01-04 08:01:57,232 - INFO: Epoch: 40  train. loss: 6.060435667405387
2024-01-04 08:01:57,682 - INFO: Acc: 0.49497, F1 Score: 0.78074,0.44718,0.56866, Avg. Loss: 6.09645
2024-01-04 08:02:01,483 - INFO: Epoch: 41  train. loss: 6.059527361063758
2024-01-04 08:02:02,027 - INFO: Acc: 0.49832, F1 Score: 0.76800,0.45070,0.56805, Avg. Loss: 6.09846
2024-01-04 08:02:05,901 - INFO: Epoch: 42  train. loss: 6.059896943189567
2024-01-04 08:02:06,353 - INFO: Acc: 0.49832, F1 Score: 0.80482,0.43075,0.56116, Avg. Loss: 6.10105
2024-01-04 08:02:10,140 - INFO: Epoch: 43  train. loss: 6.0599109273781115
2024-01-04 08:02:10,586 - INFO: Acc: 0.48939, F1 Score: 0.77066,0.43779,0.55838, Avg. Loss: 6.09953
2024-01-04 08:02:14,351 - INFO: Epoch: 44  train. loss: 6.057879890470508
2024-01-04 08:02:14,794 - INFO: Acc: 0.48827, F1 Score: 0.81027,0.42606,0.55846, Avg. Loss: 6.10219
2024-01-04 08:02:18,446 - INFO: Epoch: 45  train. loss: 6.0569995525059666
2024-01-04 08:02:18,916 - INFO: Acc: 0.49385, F1 Score: 0.79828,0.43662,0.56449, Avg. Loss: 6.10097
2024-01-04 08:02:22,800 - INFO: Epoch: 46  train. loss: 6.054708143325946
2024-01-04 08:02:23,239 - INFO: Acc: 0.48603, F1 Score: 0.75532,0.41667,0.53707, Avg. Loss: 6.11039
2024-01-04 08:02:26,905 - INFO: Epoch: 47  train. loss: 6.057126742030344
2024-01-04 08:02:27,362 - INFO: Acc: 0.48268, F1 Score: 0.78402,0.42606,0.55209, Avg. Loss: 6.10800
2024-01-04 08:02:31,086 - INFO: Epoch: 48  train. loss: 6.0550970369502215
2024-01-04 08:02:31,544 - INFO: Acc: 0.48939, F1 Score: 0.79780,0.42606,0.55547, Avg. Loss: 6.10455
2024-01-04 08:02:35,310 - INFO: Epoch: 49  train. loss: 6.056664597894647
2024-01-04 08:02:35,799 - INFO: Acc: 0.48380, F1 Score: 0.75365,0.42371,0.54245, Avg. Loss: 6.11108
2024-01-04 08:02:39,471 - INFO: Epoch: 50  train. loss: 6.055776934878963
2024-01-04 08:02:39,927 - INFO: Acc: 0.47374, F1 Score: 0.75792,0.39319,0.51777, Avg. Loss: 6.12423
2024-01-04 08:02:43,764 - INFO: Epoch: 51  train. loss: 6.055660399974429
2024-01-04 08:02:44,202 - INFO: Acc: 0.49385, F1 Score: 0.80778,0.43897,0.56882, Avg. Loss: 6.09994
2024-01-04 08:02:47,877 - INFO: Epoch: 52  train. loss: 6.0586836483549265
2024-01-04 08:02:48,317 - INFO: Acc: 0.48268, F1 Score: 0.79386,0.42488,0.55352, Avg. Loss: 6.10870
2024-01-04 08:02:52,001 - INFO: Epoch: 53  train. loss: 6.056241076755882
2024-01-04 08:02:52,450 - INFO: Acc: 0.48380, F1 Score: 0.77234,0.42606,0.54917, Avg. Loss: 6.10610
2024-01-04 08:02:56,107 - INFO: Epoch: 54  train. loss: 6.055280829142516
2024-01-04 08:02:56,556 - INFO: Acc: 0.49162, F1 Score: 0.80087,0.43427,0.56317, Avg. Loss: 6.10504
2024-01-04 08:03:00,276 - INFO: Epoch: 55  train. loss: 6.057534281239345
2024-01-04 08:03:00,721 - INFO: Acc: 0.49497, F1 Score: 0.80294,0.44953,0.57637, Avg. Loss: 6.09754
2024-01-04 08:03:04,412 - INFO: Epoch: 56  train. loss: 6.055334768155472
2024-01-04 08:03:04,859 - INFO: Acc: 0.49274, F1 Score: 0.78344,0.43310,0.55782, Avg. Loss: 6.11078
2024-01-04 08:03:08,636 - INFO: Epoch: 57  train. loss: 6.0519133033583365
2024-01-04 08:03:09,214 - INFO: Acc: 0.48492, F1 Score: 0.79955,0.42136,0.55188, Avg. Loss: 6.10845
2024-01-04 08:03:12,959 - INFO: Epoch: 58  train. loss: 6.054588278852711
2024-01-04 08:03:13,408 - INFO: Acc: 0.47933, F1 Score: 0.75000,0.42606,0.54341, Avg. Loss: 6.10421
2024-01-04 08:03:17,115 - INFO: Epoch: 59  train. loss: 6.0514591501875215
2024-01-04 08:03:17,553 - INFO: Acc: 0.50056, F1 Score: 0.78937,0.45305,0.57569, Avg. Loss: 6.09874
2024-01-04 08:03:21,175 - INFO: Epoch: 60  train. loss: 6.048161545346062
2024-01-04 08:03:21,623 - INFO: Acc: 0.49497, F1 Score: 0.78261,0.44366,0.56629, Avg. Loss: 6.09821
2024-01-04 08:03:25,243 - INFO: Epoch: 61  train. loss: 6.050873812009887
2024-01-04 08:03:25,685 - INFO: Acc: 0.47263, F1 Score: 0.73650,0.40023,0.51863, Avg. Loss: 6.11544
2024-01-04 08:03:29,459 - INFO: Epoch: 62  train. loss: 6.052945469655643
2024-01-04 08:03:29,895 - INFO: Acc: 0.47486, F1 Score: 0.74891,0.40258,0.52366, Avg. Loss: 6.11753
2024-01-04 08:03:33,781 - INFO: Epoch: 63  train. loss: 6.048239457253665
2024-01-04 08:03:34,220 - INFO: Acc: 0.49944, F1 Score: 0.78351,0.44601,0.56844, Avg. Loss: 6.09667
2024-01-04 08:03:37,781 - INFO: Epoch: 64  train. loss: 6.0496725036225705
2024-01-04 08:03:38,216 - INFO: Acc: 0.49497, F1 Score: 0.78814,0.43662,0.56193, Avg. Loss: 6.10167
2024-01-04 08:03:41,780 - INFO: Epoch: 65  train. loss: 6.044387146266621
2024-01-04 08:03:42,211 - INFO: Acc: 0.48715, F1 Score: 0.76446,0.43427,0.55389, Avg. Loss: 6.10090
2024-01-04 08:03:45,851 - INFO: Epoch: 66  train. loss: 6.045278804764746
2024-01-04 08:03:46,282 - INFO: Acc: 0.49944, F1 Score: 0.79098,0.45305,0.57612, Avg. Loss: 6.09359
2024-01-04 08:03:49,857 - INFO: Epoch: 67  train. loss: 6.041684868308899
2024-01-04 08:03:50,282 - INFO: Acc: 0.49274, F1 Score: 0.77189,0.44484,0.56441, Avg. Loss: 6.09709
2024-01-04 08:03:53,661 - INFO: Epoch: 68  train. loss: 6.042444009972725
2024-01-04 08:03:54,086 - INFO: Acc: 0.49274, F1 Score: 0.77197,0.43310,0.55489, Avg. Loss: 6.10151
2024-01-04 08:03:57,532 - INFO: Epoch: 69  train. loss: 6.043875724514149
2024-01-04 08:03:57,994 - INFO: Acc: 0.48939, F1 Score: 0.77101,0.43075,0.55271, Avg. Loss: 6.10598
2024-01-04 08:04:01,603 - INFO: Epoch: 70  train. loss: 6.045144290189226
2024-01-04 08:04:02,038 - INFO: Acc: 0.49274, F1 Score: 0.79610,0.43075,0.55903, Avg. Loss: 6.10484
2024-01-04 08:04:05,780 - INFO: Epoch: 71  train. loss: 6.041968547562223
2024-01-04 08:04:06,212 - INFO: Acc: 0.48492, F1 Score: 0.79295,0.42254,0.55130, Avg. Loss: 6.11053
2024-01-04 08:04:09,979 - INFO: Epoch: 72  train. loss: 6.04502442571599
2024-01-04 08:04:10,405 - INFO: Acc: 0.49274, F1 Score: 0.79274,0.43545,0.56212, Avg. Loss: 6.10308
2024-01-04 08:04:13,974 - INFO: Epoch: 73  train. loss: 6.043930995354586
2024-01-04 08:04:14,403 - INFO: Acc: 0.48827, F1 Score: 0.78678,0.43310,0.55867, Avg. Loss: 6.10267
2024-01-04 08:04:17,973 - INFO: Epoch: 74  train. loss: 6.050178598065121
2024-01-04 08:04:18,403 - INFO: Acc: 0.48268, F1 Score: 0.76724,0.41784,0.54103, Avg. Loss: 6.10623
2024-01-04 08:04:22,075 - INFO: Epoch: 75  train. loss: 6.053953663058302
2024-01-04 08:04:22,528 - INFO: Acc: 0.48939, F1 Score: 0.77292,0.43545,0.55706, Avg. Loss: 6.10217
2024-01-04 08:04:26,419 - INFO: Epoch: 76  train. loss: 6.050899116732015
2024-01-04 08:04:26,862 - INFO: Acc: 0.50615, F1 Score: 0.79424,0.45305,0.57698, Avg. Loss: 6.09606
2024-01-04 08:04:30,561 - INFO: Epoch: 77  train. loss: 6.046405530813161
2024-01-04 08:04:30,994 - INFO: Acc: 0.49050, F1 Score: 0.81818,0.43310,0.56639, Avg. Loss: 6.10338
2024-01-04 08:04:34,477 - INFO: Epoch: 78  train. loss: 6.0442532976048415
2024-01-04 08:04:34,920 - INFO: Acc: 0.49162, F1 Score: 0.79650,0.42723,0.55615, Avg. Loss: 6.10264
2024-01-04 08:04:38,599 - INFO: Epoch: 79  train. loss: 6.0421889650102285
2024-01-04 08:04:39,057 - INFO: Acc: 0.48939, F1 Score: 0.78678,0.43310,0.55867, Avg. Loss: 6.10335
2024-01-04 08:04:42,732 - INFO: Epoch: 80  train. loss: 6.039224317038868
2024-01-04 08:04:43,172 - INFO: Acc: 0.48156, F1 Score: 0.77605,0.41080,0.53722, Avg. Loss: 6.11422
2024-01-04 08:04:46,716 - INFO: Epoch: 81  train. loss: 6.03929889937777
2024-01-04 08:04:47,150 - INFO: Acc: 0.48380, F1 Score: 0.77311,0.43192,0.55422, Avg. Loss: 6.10629
2024-01-04 08:04:50,591 - INFO: Epoch: 82  train. loss: 6.036109172562223
2024-01-04 08:04:51,041 - INFO: Acc: 0.47709, F1 Score: 0.77193,0.41315,0.53823, Avg. Loss: 6.11059
2024-01-04 08:04:54,944 - INFO: Epoch: 83  train. loss: 6.0358894210279574
2024-01-04 08:04:55,380 - INFO: Acc: 0.49497, F1 Score: 0.78870,0.44249,0.56692, Avg. Loss: 6.09924
2024-01-04 08:04:58,968 - INFO: Epoch: 84  train. loss: 6.035808179551654
2024-01-04 08:04:59,401 - INFO: Acc: 0.49497, F1 Score: 0.79002,0.44601,0.57014, Avg. Loss: 6.09722
2024-01-04 08:05:02,819 - INFO: Epoch: 85  train. loss: 6.035792863535629
2024-01-04 08:05:03,258 - INFO: Acc: 0.48380, F1 Score: 0.77378,0.42958,0.55245, Avg. Loss: 6.11036
2024-01-04 08:05:06,791 - INFO: Epoch: 86  train. loss: 6.035756238279919
2024-01-04 08:05:07,236 - INFO: Acc: 0.48492, F1 Score: 0.78821,0.42371,0.55115, Avg. Loss: 6.10605
2024-01-04 08:05:11,210 - INFO: Epoch: 87  train. loss: 6.036858991433686
2024-01-04 08:05:11,661 - INFO: Acc: 0.48603, F1 Score: 0.78243,0.43897,0.56241, Avg. Loss: 6.09871
2024-01-04 08:05:15,387 - INFO: Epoch: 88  train. loss: 6.038631653810092
2024-01-04 08:05:15,858 - INFO: Acc: 0.47821, F1 Score: 0.75159,0.41549,0.53515, Avg. Loss: 6.11283
2024-01-04 08:05:19,296 - INFO: Epoch: 89  train. loss: 6.036035256137061
2024-01-04 08:05:19,727 - INFO: Acc: 0.48603, F1 Score: 0.77234,0.42606,0.54917, Avg. Loss: 6.10696
2024-01-04 08:05:23,179 - INFO: Epoch: 90  train. loss: 6.0368343526252985
2024-01-04 08:05:23,618 - INFO: Acc: 0.49050, F1 Score: 0.80131,0.43075,0.56031, Avg. Loss: 6.10650
2024-01-04 08:05:27,313 - INFO: Epoch: 91  train. loss: 6.036648562691783
2024-01-04 08:05:27,774 - INFO: Acc: 0.50056, F1 Score: 0.83114,0.44484,0.57951, Avg. Loss: 6.09742
2024-01-04 08:05:31,400 - INFO: Epoch: 92  train. loss: 6.03923097617627
2024-01-04 08:05:31,858 - INFO: Acc: 0.48492, F1 Score: 0.76667,0.43192,0.55255, Avg. Loss: 6.10196
2024-01-04 08:05:35,458 - INFO: Epoch: 93  train. loss: 6.041143480438118
2024-01-04 08:05:35,895 - INFO: Acc: 0.50838, F1 Score: 0.83259,0.43779,0.57385, Avg. Loss: 6.09438
2024-01-04 08:05:39,540 - INFO: Epoch: 94  train. loss: 6.047403069595977
2024-01-04 08:05:39,972 - INFO: Acc: 0.48715, F1 Score: 0.77339,0.43662,0.55814, Avg. Loss: 6.10592
2024-01-04 08:05:43,573 - INFO: Epoch: 95  train. loss: 6.049809015939311
2024-01-04 08:05:44,009 - INFO: Acc: 0.48380, F1 Score: 0.76681,0.42840,0.54970, Avg. Loss: 6.10400
