2024-01-04 08:16:23,553 - INFO: +--------------+-------+
| Parameter    | Value |
+--------------+-------+
| device       | cuda  |
+--------------+-------+
| noise        | 1     |
+--------------+-------+
| lr           | 0.010 |
+--------------+-------+
| weight_decay | 0.001 |
+--------------+-------+
| max_epoch    | 300   |
+--------------+-------+
| batch_size   | 32    |
+--------------+-------+
| num_layer    | 1     |
+--------------+-------+
| rnn          | GRU   |
+--------------+-------+
| hidden_size  | 128   |
+--------------+-------+
2024-01-04 08:16:29,020 - INFO: Epoch: 0  train. loss: 6.479242802804296
2024-01-04 08:16:29,485 - INFO: Acc: 0.26145, F1 Score: 0.00000,0.00000,0.00000, Avg. Loss: 6.45052
2024-01-04 08:16:33,506 - INFO: Epoch: 1  train. loss: 6.378960189012956
2024-01-04 08:16:33,962 - INFO: Acc: 0.26145, F1 Score: 0.00000,0.00000,0.00000, Avg. Loss: 6.25985
2024-01-04 08:16:37,909 - INFO: Epoch: 2  train. loss: 6.281020259759631
2024-01-04 08:16:38,360 - INFO: Acc: 0.26145, F1 Score: 0.00000,0.00000,0.00000, Avg. Loss: 6.25459
2024-01-04 08:16:42,237 - INFO: Epoch: 3  train. loss: 6.274630817422435
2024-01-04 08:16:42,695 - INFO: Acc: 0.26145, F1 Score: 0.00000,0.00000,0.00000, Avg. Loss: 6.24917
2024-01-04 08:16:46,396 - INFO: Epoch: 4  train. loss: 6.27219423904705
2024-01-04 08:16:46,852 - INFO: Acc: 0.26145, F1 Score: 0.00000,0.00000,0.00000, Avg. Loss: 6.26314
2024-01-04 08:16:50,676 - INFO: Epoch: 5  train. loss: 6.212753446769519
2024-01-04 08:16:51,141 - INFO: Acc: 0.41676, F1 Score: 0.73858,0.34155,0.46709, Avg. Loss: 6.13308
2024-01-04 08:16:55,141 - INFO: Epoch: 6  train. loss: 6.146263957551994
2024-01-04 08:16:55,585 - INFO: Acc: 0.42123, F1 Score: 0.74623,0.34859,0.47520, Avg. Loss: 6.12857
2024-01-04 08:16:59,438 - INFO: Epoch: 7  train. loss: 6.139088737001364
2024-01-04 08:16:59,885 - INFO: Acc: 0.44134, F1 Score: 0.81030,0.35094,0.48976, Avg. Loss: 6.12762
2024-01-04 08:17:03,940 - INFO: Epoch: 8  train. loss: 6.138918928997613
2024-01-04 08:17:04,393 - INFO: Acc: 0.42682, F1 Score: 0.75243,0.36385,0.49051, Avg. Loss: 6.12633
2024-01-04 08:17:08,262 - INFO: Epoch: 9  train. loss: 6.133379858506649
2024-01-04 08:17:08,717 - INFO: Acc: 0.42793, F1 Score: 0.83573,0.34038,0.48374, Avg. Loss: 6.13031
2024-01-04 08:17:12,498 - INFO: Epoch: 10  train. loss: 6.128274963774293
2024-01-04 08:17:12,939 - INFO: Acc: 0.42011, F1 Score: 0.77933,0.32746,0.46116, Avg. Loss: 6.13594
2024-01-04 08:17:16,784 - INFO: Epoch: 11  train. loss: 6.1282097042277535
2024-01-04 08:17:17,247 - INFO: Acc: 0.43687, F1 Score: 0.79093,0.36854,0.50280, Avg. Loss: 6.11449
2024-01-04 08:17:20,998 - INFO: Epoch: 12  train. loss: 6.122004054082851
2024-01-04 08:17:21,440 - INFO: Acc: 0.44358, F1 Score: 0.80407,0.37089,0.50763, Avg. Loss: 6.11595
2024-01-04 08:17:25,293 - INFO: Epoch: 13  train. loss: 6.1211097319297645
2024-01-04 08:17:25,754 - INFO: Acc: 0.43575, F1 Score: 0.81865,0.37089,0.51050, Avg. Loss: 6.12135
2024-01-04 08:17:29,500 - INFO: Epoch: 14  train. loss: 6.11971264490283
2024-01-04 08:17:29,960 - INFO: Acc: 0.43017, F1 Score: 0.77551,0.35681,0.48875, Avg. Loss: 6.11641
2024-01-04 08:17:33,820 - INFO: Epoch: 15  train. loss: 6.123973826926355
2024-01-04 08:17:34,287 - INFO: Acc: 0.43352, F1 Score: 0.83621,0.34155,0.48500, Avg. Loss: 6.12283
2024-01-04 08:17:38,151 - INFO: Epoch: 16  train. loss: 6.117581055020457
2024-01-04 08:17:38,611 - INFO: Acc: 0.43240, F1 Score: 0.77099,0.35563,0.48675, Avg. Loss: 6.12370
2024-01-04 08:17:42,719 - INFO: Epoch: 17  train. loss: 6.118408119885783
2024-01-04 08:17:43,226 - INFO: Acc: 0.42682, F1 Score: 0.76862,0.33920,0.47068, Avg. Loss: 6.12930
2024-01-04 08:17:47,212 - INFO: Epoch: 18  train. loss: 6.113700775656325
2024-01-04 08:17:47,692 - INFO: Acc: 0.42570, F1 Score: 0.78611,0.33216,0.46700, Avg. Loss: 6.12080
2024-01-04 08:17:51,450 - INFO: Epoch: 19  train. loss: 6.1044479042362765
2024-01-04 08:17:51,911 - INFO: Acc: 0.44469, F1 Score: 0.83467,0.36737,0.51019, Avg. Loss: 6.11226
2024-01-04 08:17:55,770 - INFO: Epoch: 20  train. loss: 6.098165008097511
2024-01-04 08:17:56,229 - INFO: Acc: 0.44358, F1 Score: 0.82787,0.35563,0.49754, Avg. Loss: 6.11710
2024-01-04 08:18:00,163 - INFO: Epoch: 21  train. loss: 6.092957562649165
2024-01-04 08:18:00,643 - INFO: Acc: 0.44358, F1 Score: 0.81365,0.36385,0.50284, Avg. Loss: 6.11509
2024-01-04 08:18:04,574 - INFO: Epoch: 22  train. loss: 6.0912255210109105
2024-01-04 08:18:05,039 - INFO: Acc: 0.44358, F1 Score: 0.82973,0.36033,0.50245, Avg. Loss: 6.11430
2024-01-04 08:18:08,850 - INFO: Epoch: 23  train. loss: 6.078591139618139
2024-01-04 08:18:09,302 - INFO: Acc: 0.48603, F1 Score: 0.75820,0.43427,0.55224, Avg. Loss: 6.09676
2024-01-04 08:18:13,159 - INFO: Epoch: 24  train. loss: 6.066328338092397
2024-01-04 08:18:13,610 - INFO: Acc: 0.48268, F1 Score: 0.77391,0.41784,0.54268, Avg. Loss: 6.10491
2024-01-04 08:18:17,425 - INFO: Epoch: 25  train. loss: 6.061712224045346
2024-01-04 08:18:17,864 - INFO: Acc: 0.48715, F1 Score: 0.75556,0.43897,0.55531, Avg. Loss: 6.10418
2024-01-04 08:18:21,562 - INFO: Epoch: 26  train. loss: 6.06115352241732
2024-01-04 08:18:22,018 - INFO: Acc: 0.49609, F1 Score: 0.79443,0.43545,0.56255, Avg. Loss: 6.10175
2024-01-04 08:18:25,985 - INFO: Epoch: 27  train. loss: 6.059848997400273
2024-01-04 08:18:26,489 - INFO: Acc: 0.50056, F1 Score: 0.81013,0.45070,0.57919, Avg. Loss: 6.10041
2024-01-04 08:18:30,602 - INFO: Epoch: 28  train. loss: 6.058454574028299
2024-01-04 08:18:31,059 - INFO: Acc: 0.50168, F1 Score: 0.79493,0.44131,0.56755, Avg. Loss: 6.09483
2024-01-04 08:18:34,864 - INFO: Epoch: 29  train. loss: 6.058408625980225
2024-01-04 08:18:35,330 - INFO: Acc: 0.49944, F1 Score: 0.78407,0.43897,0.56283, Avg. Loss: 6.10172
2024-01-04 08:18:39,177 - INFO: Epoch: 30  train. loss: 6.05869430297477
2024-01-04 08:18:39,644 - INFO: Acc: 0.50168, F1 Score: 0.79218,0.45188,0.57549, Avg. Loss: 6.09460
2024-01-04 08:18:43,518 - INFO: Epoch: 31  train. loss: 6.056223762998636
2024-01-04 08:18:43,962 - INFO: Acc: 0.48492, F1 Score: 0.80227,0.41432,0.54644, Avg. Loss: 6.10255
2024-01-04 08:18:47,445 - INFO: Epoch: 32  train. loss: 6.054104825477327
2024-01-04 08:18:47,890 - INFO: Acc: 0.50056, F1 Score: 0.78750,0.44366,0.56757, Avg. Loss: 6.09509
2024-01-04 08:18:51,274 - INFO: Epoch: 33  train. loss: 6.051238732739516
2024-01-04 08:18:51,713 - INFO: Acc: 0.49385, F1 Score: 0.76316,0.44249,0.56018, Avg. Loss: 6.09709
2024-01-04 08:18:55,345 - INFO: Epoch: 34  train. loss: 6.048308712282646
2024-01-04 08:18:55,810 - INFO: Acc: 0.49832, F1 Score: 0.79913,0.42958,0.55878, Avg. Loss: 6.09901
2024-01-04 08:18:59,647 - INFO: Epoch: 35  train. loss: 6.047586195874532
2024-01-04 08:19:00,092 - INFO: Acc: 0.48715, F1 Score: 0.75468,0.42606,0.54464, Avg. Loss: 6.10245
2024-01-04 08:19:03,853 - INFO: Epoch: 36  train. loss: 6.047778644945448
2024-01-04 08:19:04,296 - INFO: Acc: 0.50056, F1 Score: 0.78893,0.45188,0.57463, Avg. Loss: 6.09895
2024-01-04 08:19:07,920 - INFO: Epoch: 37  train. loss: 6.050504895797818
2024-01-04 08:19:08,363 - INFO: Acc: 0.49162, F1 Score: 0.76386,0.43662,0.55564, Avg. Loss: 6.10440
2024-01-04 08:19:12,080 - INFO: Epoch: 38  train. loss: 6.049591262146267
2024-01-04 08:19:12,527 - INFO: Acc: 0.48715, F1 Score: 0.79054,0.41197,0.54167, Avg. Loss: 6.10742
2024-01-04 08:19:16,213 - INFO: Epoch: 39  train. loss: 6.0432950477326965
2024-01-04 08:19:16,670 - INFO: Acc: 0.50056, F1 Score: 0.77535,0.45775,0.57565, Avg. Loss: 6.09819
2024-01-04 08:19:20,437 - INFO: Epoch: 40  train. loss: 6.038620999190249
2024-01-04 08:19:20,882 - INFO: Acc: 0.49162, F1 Score: 0.79406,0.43897,0.56538, Avg. Loss: 6.10070
2024-01-04 08:19:24,577 - INFO: Epoch: 41  train. loss: 6.0371167000511425
2024-01-04 08:19:25,053 - INFO: Acc: 0.49944, F1 Score: 0.78367,0.45070,0.57228, Avg. Loss: 6.09793
2024-01-04 08:19:28,682 - INFO: Epoch: 42  train. loss: 6.036316937649165
2024-01-04 08:19:29,133 - INFO: Acc: 0.50168, F1 Score: 0.79916,0.44836,0.57444, Avg. Loss: 6.09843
2024-01-04 08:19:32,773 - INFO: Epoch: 43  train. loss: 6.035547807279237
2024-01-04 08:19:33,217 - INFO: Acc: 0.49944, F1 Score: 0.77645,0.45657,0.57502, Avg. Loss: 6.09741
2024-01-04 08:19:36,963 - INFO: Epoch: 44  train. loss: 6.035108970124446
2024-01-04 08:19:37,410 - INFO: Acc: 0.49944, F1 Score: 0.79281,0.44014,0.56604, Avg. Loss: 6.10105
2024-01-04 08:19:40,966 - INFO: Epoch: 45  train. loss: 6.034578236873508
2024-01-04 08:19:41,406 - INFO: Acc: 0.50726, F1 Score: 0.80922,0.45305,0.58089, Avg. Loss: 6.09653
2024-01-04 08:19:45,127 - INFO: Epoch: 46  train. loss: 6.034245280003409
2024-01-04 08:19:45,598 - INFO: Acc: 0.50168, F1 Score: 0.78455,0.45305,0.57440, Avg. Loss: 6.09604
2024-01-04 08:19:49,275 - INFO: Epoch: 47  train. loss: 6.034060821897374
2024-01-04 08:19:49,735 - INFO: Acc: 0.50615, F1 Score: 0.79959,0.45423,0.57934, Avg. Loss: 6.09667
2024-01-04 08:19:53,438 - INFO: Epoch: 48  train. loss: 6.033759828886805
2024-01-04 08:19:53,889 - INFO: Acc: 0.50838, F1 Score: 0.81974,0.44836,0.57967, Avg. Loss: 6.09907
2024-01-04 08:19:57,597 - INFO: Epoch: 49  train. loss: 6.033617323346403
2024-01-04 08:19:58,038 - INFO: Acc: 0.51173, F1 Score: 0.78916,0.46127,0.58222, Avg. Loss: 6.09465
2024-01-04 08:20:01,695 - INFO: Epoch: 50  train. loss: 6.033926307321855
2024-01-04 08:20:02,135 - INFO: Acc: 0.50503, F1 Score: 0.81659,0.43897,0.57099, Avg. Loss: 6.10084
2024-01-04 08:20:05,675 - INFO: Epoch: 51  train. loss: 6.034693439950563
2024-01-04 08:20:06,112 - INFO: Acc: 0.51061, F1 Score: 0.79150,0.45892,0.58098, Avg. Loss: 6.09228
2024-01-04 08:20:09,630 - INFO: Epoch: 52  train. loss: 6.03572893581657
2024-01-04 08:20:10,081 - INFO: Acc: 0.51173, F1 Score: 0.79070,0.43897,0.56453, Avg. Loss: 6.09975
2024-01-04 08:20:13,685 - INFO: Epoch: 53  train. loss: 6.03660394647119
2024-01-04 08:20:14,131 - INFO: Acc: 0.50726, F1 Score: 0.79876,0.45188,0.57721, Avg. Loss: 6.09900
2024-01-04 08:20:17,835 - INFO: Epoch: 54  train. loss: 6.03562904875554
2024-01-04 08:20:18,273 - INFO: Acc: 0.50056, F1 Score: 0.81237,0.44718,0.57684, Avg. Loss: 6.09732
2024-01-04 08:20:21,803 - INFO: Epoch: 55  train. loss: 6.035132277105353
2024-01-04 08:20:22,234 - INFO: Acc: 0.49385, F1 Score: 0.77358,0.43310,0.55530, Avg. Loss: 6.10392
2024-01-04 08:20:25,797 - INFO: Epoch: 56  train. loss: 6.034158045303443
2024-01-04 08:20:26,254 - INFO: Acc: 0.49721, F1 Score: 0.78826,0.44131,0.56584, Avg. Loss: 6.09831
2024-01-04 08:20:30,085 - INFO: Epoch: 57  train. loss: 6.033863711430276
2024-01-04 08:20:30,535 - INFO: Acc: 0.49274, F1 Score: 0.75776,0.42958,0.54831, Avg. Loss: 6.10259
2024-01-04 08:20:34,155 - INFO: Epoch: 58  train. loss: 6.033857718206614
2024-01-04 08:20:34,594 - INFO: Acc: 0.49274, F1 Score: 0.78814,0.43662,0.56193, Avg. Loss: 6.10394
2024-01-04 08:20:38,191 - INFO: Epoch: 59  train. loss: 6.032508576968974
2024-01-04 08:20:38,628 - INFO: Acc: 0.49609, F1 Score: 0.78373,0.42958,0.55497, Avg. Loss: 6.10235
2024-01-04 08:20:42,382 - INFO: Epoch: 60  train. loss: 6.0307292554551655
2024-01-04 08:20:42,828 - INFO: Acc: 0.50168, F1 Score: 0.80645,0.44014,0.56948, Avg. Loss: 6.09949
2024-01-04 08:20:46,499 - INFO: Epoch: 61  train. loss: 6.030187201670644
2024-01-04 08:20:46,938 - INFO: Acc: 0.50391, F1 Score: 0.76305,0.44601,0.56296, Avg. Loss: 6.09870
2024-01-04 08:20:50,700 - INFO: Epoch: 62  train. loss: 6.029760350963177
2024-01-04 08:20:51,173 - INFO: Acc: 0.50279, F1 Score: 0.76721,0.44484,0.56315, Avg. Loss: 6.09825
2024-01-04 08:20:54,793 - INFO: Epoch: 63  train. loss: 6.029594538441868
2024-01-04 08:20:55,280 - INFO: Acc: 0.50279, F1 Score: 0.78838,0.44601,0.56972, Avg. Loss: 6.09717
2024-01-04 08:20:58,944 - INFO: Epoch: 64  train. loss: 6.029380780131265
2024-01-04 08:20:59,380 - INFO: Acc: 0.50503, F1 Score: 0.79089,0.44836,0.57228, Avg. Loss: 6.09749
2024-01-04 08:21:03,181 - INFO: Epoch: 65  train. loss: 6.029101096360382
2024-01-04 08:21:03,633 - INFO: Acc: 0.50615, F1 Score: 0.77530,0.44953,0.56909, Avg. Loss: 6.09774
2024-01-04 08:21:07,237 - INFO: Epoch: 66  train. loss: 6.028879347084896
2024-01-04 08:21:07,695 - INFO: Acc: 0.50391, F1 Score: 0.79046,0.44718,0.57121, Avg. Loss: 6.09671
2024-01-04 08:21:11,338 - INFO: Epoch: 67  train. loss: 6.028708207253665
2024-01-04 08:21:11,786 - INFO: Acc: 0.50279, F1 Score: 0.81210,0.44131,0.57186, Avg. Loss: 6.09828
2024-01-04 08:21:15,455 - INFO: Epoch: 68  train. loss: 6.028601661055234
2024-01-04 08:21:15,894 - INFO: Acc: 0.50615, F1 Score: 0.78484,0.44953,0.57164, Avg. Loss: 6.09700
2024-01-04 08:21:19,757 - INFO: Epoch: 69  train. loss: 6.028515092269008
2024-01-04 08:21:20,188 - INFO: Acc: 0.50056, F1 Score: 0.80085,0.44366,0.57100, Avg. Loss: 6.09574
2024-01-04 08:21:23,734 - INFO: Epoch: 70  train. loss: 6.028418534776679
2024-01-04 08:21:24,174 - INFO: Acc: 0.50279, F1 Score: 0.77301,0.44366,0.56376, Avg. Loss: 6.09594
2024-01-04 08:21:28,037 - INFO: Epoch: 71  train. loss: 6.028450498636209
2024-01-04 08:21:28,496 - INFO: Acc: 0.50279, F1 Score: 0.81169,0.44014,0.57078, Avg. Loss: 6.09708
2024-01-04 08:21:32,290 - INFO: Epoch: 72  train. loss: 6.02859034052165
2024-01-04 08:21:32,723 - INFO: Acc: 0.49721, F1 Score: 0.78556,0.43427,0.55933, Avg. Loss: 6.10173
2024-01-04 08:21:36,306 - INFO: Epoch: 73  train. loss: 6.028407214243096
2024-01-04 08:21:36,749 - INFO: Acc: 0.50391, F1 Score: 0.76048,0.44718,0.56319, Avg. Loss: 6.09501
2024-01-04 08:21:40,343 - INFO: Epoch: 74  train. loss: 6.028337959214115
2024-01-04 08:21:40,799 - INFO: Acc: 0.50726, F1 Score: 0.77597,0.44718,0.56739, Avg. Loss: 6.09592
2024-01-04 08:21:44,385 - INFO: Epoch: 75  train. loss: 6.028204110552336
2024-01-04 08:21:44,821 - INFO: Acc: 0.50726, F1 Score: 0.74952,0.46009,0.57018, Avg. Loss: 6.09156
2024-01-04 08:21:48,388 - INFO: Epoch: 76  train. loss: 6.0282067742072964
2024-01-04 08:21:48,893 - INFO: Acc: 0.50838, F1 Score: 0.78838,0.44601,0.56972, Avg. Loss: 6.09530
2024-01-04 08:21:52,477 - INFO: Epoch: 77  train. loss: 6.028333963731674
2024-01-04 08:21:52,905 - INFO: Acc: 0.51061, F1 Score: 0.77755,0.44718,0.56781, Avg. Loss: 6.09408
2024-01-04 08:21:56,447 - INFO: Epoch: 78  train. loss: 6.031276636549608
2024-01-04 08:21:56,878 - INFO: Acc: 0.48827, F1 Score: 0.52727,0.44249,0.48117, Avg. Loss: 6.04804
2024-01-04 08:22:00,313 - INFO: Epoch: 79  train. loss: 5.979084315334129
2024-01-04 08:22:00,748 - INFO: Acc: 0.47486, F1 Score: 0.45185,0.42958,0.44043, Avg. Loss: 6.03990
2024-01-04 08:22:04,321 - INFO: Epoch: 80  train. loss: 5.969969288058302
2024-01-04 08:22:04,797 - INFO: Acc: 0.48268, F1 Score: 0.46359,0.44836,0.45585, Avg. Loss: 6.02890
2024-01-04 08:22:08,484 - INFO: Epoch: 81  train. loss: 5.964249754943744
2024-01-04 08:22:08,932 - INFO: Acc: 0.48380, F1 Score: 0.52560,0.40962,0.46042, Avg. Loss: 6.02539
2024-01-04 08:22:12,494 - INFO: Epoch: 82  train. loss: 5.915076020712581
2024-01-04 08:22:12,936 - INFO: Acc: 0.71844, F1 Score: 0.80500,0.75587,0.77966, Avg. Loss: 5.96263
2024-01-04 08:22:16,535 - INFO: Epoch: 83  train. loss: 5.904515960620525
2024-01-04 08:22:17,013 - INFO: Acc: 0.71397, F1 Score: 0.80301,0.75117,0.77623, Avg. Loss: 5.96394
2024-01-04 08:22:20,664 - INFO: Epoch: 84  train. loss: 5.90291643581657
2024-01-04 08:22:21,113 - INFO: Acc: 0.71620, F1 Score: 0.80649,0.72887,0.76572, Avg. Loss: 5.96303
2024-01-04 08:22:24,675 - INFO: Epoch: 85  train. loss: 5.900798164209001
2024-01-04 08:22:25,112 - INFO: Acc: 0.71508, F1 Score: 0.80440,0.72887,0.76478, Avg. Loss: 5.96283
2024-01-04 08:22:28,825 - INFO: Epoch: 86  train. loss: 5.893965889234572
2024-01-04 08:22:29,274 - INFO: Acc: 0.73743, F1 Score: 0.83650,0.77465,0.80439, Avg. Loss: 5.95043
2024-01-04 08:22:33,000 - INFO: Epoch: 87  train. loss: 5.88779753025912
2024-01-04 08:22:33,437 - INFO: Acc: 0.73855, F1 Score: 0.83312,0.77347,0.80219, Avg. Loss: 5.95043
2024-01-04 08:22:37,008 - INFO: Epoch: 88  train. loss: 5.88624861489942
2024-01-04 08:22:37,451 - INFO: Acc: 0.73631, F1 Score: 0.83249,0.76995,0.80000, Avg. Loss: 5.95025
2024-01-04 08:22:41,080 - INFO: Epoch: 89  train. loss: 5.884240884972725
2024-01-04 08:22:41,523 - INFO: Acc: 0.73631, F1 Score: 0.82976,0.77230,0.80000, Avg. Loss: 5.94928
2024-01-04 08:22:45,107 - INFO: Epoch: 90  train. loss: 5.883246009844869
2024-01-04 08:22:45,563 - INFO: Acc: 0.73855, F1 Score: 0.83146,0.78169,0.80581, Avg. Loss: 5.94893
2024-01-04 08:22:49,254 - INFO: Epoch: 91  train. loss: 5.882043369630072
2024-01-04 08:22:49,710 - INFO: Acc: 0.74078, F1 Score: 0.84010,0.77700,0.80732, Avg. Loss: 5.95012
2024-01-04 08:22:53,428 - INFO: Epoch: 92  train. loss: 5.881441383608933
2024-01-04 08:22:53,874 - INFO: Acc: 0.74078, F1 Score: 0.83645,0.78638,0.81065, Avg. Loss: 5.94833
2024-01-04 08:22:57,604 - INFO: Epoch: 93  train. loss: 5.880938618735083
2024-01-04 08:22:58,038 - INFO: Acc: 0.74302, F1 Score: 0.83875,0.78756,0.81235, Avg. Loss: 5.94748
2024-01-04 08:23:01,631 - INFO: Epoch: 94  train. loss: 5.880207445448346
2024-01-04 08:23:02,063 - INFO: Acc: 0.74078, F1 Score: 0.83147,0.78756,0.80892, Avg. Loss: 5.94759
2024-01-04 08:23:05,660 - INFO: Epoch: 95  train. loss: 5.879711339711899
2024-01-04 08:23:06,101 - INFO: Acc: 0.74078, F1 Score: 0.83625,0.78521,0.80993, Avg. Loss: 5.94758
2024-01-04 08:23:09,782 - INFO: Epoch: 96  train. loss: 5.879596136634845
2024-01-04 08:23:10,226 - INFO: Acc: 0.74302, F1 Score: 0.84045,0.78521,0.81189, Avg. Loss: 5.94844
2024-01-04 08:23:13,773 - INFO: Epoch: 97  train. loss: 5.8795148951585405
2024-01-04 08:23:14,208 - INFO: Acc: 0.73743, F1 Score: 0.82960,0.78286,0.80556, Avg. Loss: 5.94917
2024-01-04 08:23:17,785 - INFO: Epoch: 98  train. loss: 5.879452299266962
2024-01-04 08:23:18,216 - INFO: Acc: 0.74302, F1 Score: 0.84131,0.78404,0.81166, Avg. Loss: 5.94865
2024-01-04 08:23:21,825 - INFO: Epoch: 99  train. loss: 5.879326441570065
2024-01-04 08:23:22,283 - INFO: Acc: 0.74078, F1 Score: 0.84131,0.78404,0.81166, Avg. Loss: 5.94977
2024-01-04 08:23:26,001 - INFO: Epoch: 100  train. loss: 5.879094037674736
2024-01-04 08:23:26,468 - INFO: Acc: 0.73743, F1 Score: 0.83814,0.78404,0.81019, Avg. Loss: 5.94936
2024-01-04 08:23:30,168 - INFO: Epoch: 101  train. loss: 5.878911577309921
2024-01-04 08:23:30,608 - INFO: Acc: 0.73743, F1 Score: 0.83689,0.78286,0.80898, Avg. Loss: 5.94967
2024-01-04 08:23:34,301 - INFO: Epoch: 102  train. loss: 5.878691825775657
2024-01-04 08:23:34,740 - INFO: Acc: 0.73966, F1 Score: 0.83188,0.78404,0.80725, Avg. Loss: 5.94885
2024-01-04 08:23:38,355 - INFO: Epoch: 103  train. loss: 5.878609918385612
2024-01-04 08:23:38,805 - INFO: Acc: 0.73631, F1 Score: 0.83208,0.77934,0.80485, Avg. Loss: 5.94962
2024-01-04 08:23:42,501 - INFO: Epoch: 104  train. loss: 5.878368857611661
2024-01-04 08:23:42,945 - INFO: Acc: 0.73631, F1 Score: 0.83563,0.78169,0.80776, Avg. Loss: 5.94815
2024-01-04 08:23:46,604 - INFO: Epoch: 105  train. loss: 5.878262311413229
2024-01-04 08:23:47,052 - INFO: Acc: 0.73966, F1 Score: 0.83774,0.78169,0.80874, Avg. Loss: 5.94881
2024-01-04 08:23:50,656 - INFO: Epoch: 106  train. loss: 5.878146442422435
2024-01-04 08:23:51,094 - INFO: Acc: 0.74078, F1 Score: 0.83312,0.77934,0.80534, Avg. Loss: 5.94881
2024-01-04 08:23:54,600 - INFO: Epoch: 107  train. loss: 5.878069196428571
2024-01-04 08:23:55,038 - INFO: Acc: 0.73631, F1 Score: 0.82979,0.77817,0.80315, Avg. Loss: 5.94956
2024-01-04 08:23:58,637 - INFO: Epoch: 108  train. loss: 5.878069196428571
2024-01-04 08:23:59,079 - INFO: Acc: 0.74525, F1 Score: 0.84257,0.78521,0.81288, Avg. Loss: 5.94772
2024-01-04 08:24:02,856 - INFO: Epoch: 109  train. loss: 5.87789805659734
2024-01-04 08:24:03,328 - INFO: Acc: 0.74078, F1 Score: 0.83271,0.78286,0.80702, Avg. Loss: 5.94843
2024-01-04 08:24:07,236 - INFO: Epoch: 110  train. loss: 5.877861431341629
2024-01-04 08:24:07,674 - INFO: Acc: 0.73966, F1 Score: 0.83605,0.78404,0.80921, Avg. Loss: 5.94813
2024-01-04 08:24:11,315 - INFO: Epoch: 111  train. loss: 5.877768869331742
2024-01-04 08:24:11,766 - INFO: Acc: 0.73966, F1 Score: 0.83396,0.77817,0.80510, Avg. Loss: 5.94925
2024-01-04 08:24:15,680 - INFO: Epoch: 112  train. loss: 5.877699614302761
2024-01-04 08:24:16,140 - INFO: Acc: 0.73855, F1 Score: 0.83125,0.78052,0.80508, Avg. Loss: 5.94793
2024-01-04 08:24:19,743 - INFO: Epoch: 113  train. loss: 5.875567358506649
2024-01-04 08:24:20,191 - INFO: Acc: 0.73966, F1 Score: 0.83375,0.78286,0.80751, Avg. Loss: 5.94506
2024-01-04 08:24:23,742 - INFO: Epoch: 114  train. loss: 5.874703002471872
2024-01-04 08:24:24,187 - INFO: Acc: 0.73743, F1 Score: 0.83066,0.78873,0.80915, Avg. Loss: 5.94333
2024-01-04 08:24:27,722 - INFO: Epoch: 115  train. loss: 5.8746230928230485
2024-01-04 08:24:28,166 - INFO: Acc: 0.73855, F1 Score: 0.83333,0.78052,0.80606, Avg. Loss: 5.94436
2024-01-04 08:24:31,793 - INFO: Epoch: 116  train. loss: 5.873376502301398
2024-01-04 08:24:32,232 - INFO: Acc: 0.74860, F1 Score: 0.83875,0.78756,0.81235, Avg. Loss: 5.94192
2024-01-04 08:24:35,817 - INFO: Epoch: 117  train. loss: 5.872649324497102
2024-01-04 08:24:36,254 - INFO: Acc: 0.74413, F1 Score: 0.84343,0.78404,0.81265, Avg. Loss: 5.94140
2024-01-04 08:24:39,693 - INFO: Epoch: 118  train. loss: 5.872621356120014
2024-01-04 08:24:40,136 - INFO: Acc: 0.74972, F1 Score: 0.84355,0.79108,0.81647, Avg. Loss: 5.94066
2024-01-04 08:24:43,854 - INFO: Epoch: 119  train. loss: 5.872332349556768
2024-01-04 08:24:44,299 - INFO: Acc: 0.74860, F1 Score: 0.84145,0.79108,0.81549, Avg. Loss: 5.94082
2024-01-04 08:24:47,958 - INFO: Epoch: 120  train. loss: 5.872277078716332
2024-01-04 08:24:48,409 - INFO: Acc: 0.74972, F1 Score: 0.84165,0.79225,0.81620, Avg. Loss: 5.94115
2024-01-04 08:24:51,942 - INFO: Epoch: 121  train. loss: 5.872208489601091
2024-01-04 08:24:52,398 - INFO: Acc: 0.74749, F1 Score: 0.83663,0.79343,0.81446, Avg. Loss: 5.94075
2024-01-04 08:24:56,054 - INFO: Epoch: 122  train. loss: 5.8721838507927036
2024-01-04 08:24:56,494 - INFO: Acc: 0.74860, F1 Score: 0.85185,0.78286,0.81590, Avg. Loss: 5.94111
2024-01-04 08:25:00,156 - INFO: Epoch: 123  train. loss: 5.872184516706444
2024-01-04 08:25:00,600 - INFO: Acc: 0.74525, F1 Score: 0.84713,0.78052,0.81246, Avg. Loss: 5.94474
2024-01-04 08:25:04,322 - INFO: Epoch: 124  train. loss: 5.87294632202523
2024-01-04 08:25:04,767 - INFO: Acc: 0.75307, F1 Score: 0.84509,0.78756,0.81531, Avg. Loss: 5.94144
2024-01-04 08:25:08,619 - INFO: Epoch: 125  train. loss: 5.8735443125639275
2024-01-04 08:25:09,070 - INFO: Acc: 0.74972, F1 Score: 0.84316,0.78873,0.81504, Avg. Loss: 5.94196
2024-01-04 08:25:12,642 - INFO: Epoch: 126  train. loss: 5.872396943189567
2024-01-04 08:25:13,087 - INFO: Acc: 0.74302, F1 Score: 0.84518,0.78169,0.81220, Avg. Loss: 5.94343
2024-01-04 08:25:16,947 - INFO: Epoch: 127  train. loss: 5.871852891663825
2024-01-04 08:25:17,388 - INFO: Acc: 0.74637, F1 Score: 0.84065,0.78638,0.81261, Avg. Loss: 5.94279
2024-01-04 08:25:21,087 - INFO: Epoch: 128  train. loss: 5.871513275656325
2024-01-04 08:25:21,536 - INFO: Acc: 0.74413, F1 Score: 0.83375,0.78873,0.81062, Avg. Loss: 5.94105
2024-01-04 08:25:25,218 - INFO: Epoch: 129  train. loss: 5.871308174224343
2024-01-04 08:25:25,699 - INFO: Acc: 0.74637, F1 Score: 0.83960,0.78638,0.81212, Avg. Loss: 5.94310
2024-01-04 08:25:29,477 - INFO: Epoch: 130  train. loss: 5.871214280386976
2024-01-04 08:25:29,918 - INFO: Acc: 0.75084, F1 Score: 0.83955,0.79225,0.81522, Avg. Loss: 5.93972
2024-01-04 08:25:33,830 - INFO: Epoch: 131  train. loss: 5.871175657390045
2024-01-04 08:25:34,261 - INFO: Acc: 0.75084, F1 Score: 0.84060,0.79225,0.81571, Avg. Loss: 5.93920
2024-01-04 08:25:37,791 - INFO: Epoch: 132  train. loss: 5.871272214882373
2024-01-04 08:25:38,223 - INFO: Acc: 0.75307, F1 Score: 0.84414,0.79460,0.81862, Avg. Loss: 5.93878
2024-01-04 08:25:41,739 - INFO: Epoch: 133  train. loss: 5.871236921454143
2024-01-04 08:25:42,204 - INFO: Acc: 0.73743, F1 Score: 0.83000,0.77934,0.80387, Avg. Loss: 5.94398
2024-01-04 08:25:46,180 - INFO: Epoch: 134  train. loss: 5.872386954483464
2024-01-04 08:25:46,632 - INFO: Acc: 0.74078, F1 Score: 0.83104,0.77934,0.80436, Avg. Loss: 5.94649
2024-01-04 08:25:50,376 - INFO: Epoch: 135  train. loss: 5.871900837453119
2024-01-04 08:25:50,815 - INFO: Acc: 0.74972, F1 Score: 0.83814,0.78404,0.81019, Avg. Loss: 5.94237
2024-01-04 08:25:54,529 - INFO: Epoch: 136  train. loss: 5.871221605438118
2024-01-04 08:25:54,972 - INFO: Acc: 0.74525, F1 Score: 0.82900,0.78521,0.80651, Avg. Loss: 5.94163
2024-01-04 08:25:58,637 - INFO: Epoch: 137  train. loss: 5.870885984913058
2024-01-04 08:25:59,075 - INFO: Acc: 0.74525, F1 Score: 0.83045,0.78756,0.80843, Avg. Loss: 5.94131
2024-01-04 08:26:02,607 - INFO: Epoch: 138  train. loss: 5.870841368692465
2024-01-04 08:26:03,040 - INFO: Acc: 0.74860, F1 Score: 0.83251,0.79343,0.81250, Avg. Loss: 5.93910
2024-01-04 08:26:06,660 - INFO: Epoch: 139  train. loss: 5.870837373210024
2024-01-04 08:26:07,109 - INFO: Acc: 0.74413, F1 Score: 0.83333,0.78638,0.80918, Avg. Loss: 5.94009
2024-01-04 08:26:10,683 - INFO: Epoch: 140  train. loss: 5.870796752471872
2024-01-04 08:26:11,123 - INFO: Acc: 0.75196, F1 Score: 0.83415,0.79695,0.81513, Avg. Loss: 5.93873
2024-01-04 08:26:14,648 - INFO: Epoch: 141  train. loss: 5.870899303187862
2024-01-04 08:26:15,084 - INFO: Acc: 0.74302, F1 Score: 0.83438,0.78052,0.80655, Avg. Loss: 5.94356
2024-01-04 08:26:18,677 - INFO: Epoch: 142  train. loss: 5.871726368053188
2024-01-04 08:26:19,118 - INFO: Acc: 0.74972, F1 Score: 0.83643,0.79225,0.81374, Avg. Loss: 5.94081
2024-01-04 08:26:22,721 - INFO: Epoch: 143  train. loss: 5.8709712218718035
2024-01-04 08:26:23,162 - INFO: Acc: 0.75084, F1 Score: 0.83871,0.79343,0.81544, Avg. Loss: 5.94087
2024-01-04 08:26:26,735 - INFO: Epoch: 144  train. loss: 5.870710183685646
2024-01-04 08:26:27,184 - INFO: Acc: 0.75196, F1 Score: 0.83580,0.79460,0.81468, Avg. Loss: 5.93961
2024-01-04 08:26:30,784 - INFO: Epoch: 145  train. loss: 5.870567012231503
2024-01-04 08:26:31,231 - INFO: Acc: 0.75084, F1 Score: 0.83457,0.79343,0.81348, Avg. Loss: 5.93922
2024-01-04 08:26:34,959 - INFO: Epoch: 146  train. loss: 5.870539709768155
2024-01-04 08:26:35,403 - INFO: Acc: 0.74972, F1 Score: 0.83313,0.79108,0.81156, Avg. Loss: 5.93923
2024-01-04 08:26:39,124 - INFO: Epoch: 147  train. loss: 5.870543039336856
2024-01-04 08:26:39,552 - INFO: Acc: 0.74749, F1 Score: 0.83499,0.78991,0.81182, Avg. Loss: 5.94037
2024-01-04 08:26:43,069 - INFO: Epoch: 148  train. loss: 5.870511075477327
2024-01-04 08:26:43,509 - INFO: Acc: 0.74860, F1 Score: 0.83582,0.78873,0.81159, Avg. Loss: 5.94081
2024-01-04 08:26:47,056 - INFO: Epoch: 149  train. loss: 5.870543039336856
2024-01-04 08:26:47,504 - INFO: Acc: 0.75196, F1 Score: 0.83292,0.79577,0.81393, Avg. Loss: 5.93871
2024-01-04 08:26:51,139 - INFO: Epoch: 150  train. loss: 5.870472452480396
2024-01-04 08:26:51,643 - INFO: Acc: 0.74749, F1 Score: 0.83602,0.78991,0.81231, Avg. Loss: 5.94144
2024-01-04 08:26:55,347 - INFO: Epoch: 151  train. loss: 5.870474450221616
2024-01-04 08:26:55,783 - INFO: Acc: 0.74972, F1 Score: 0.83292,0.78991,0.81084, Avg. Loss: 5.93916
2024-01-04 08:26:59,375 - INFO: Epoch: 152  train. loss: 5.870796086558132
2024-01-04 08:26:59,813 - INFO: Acc: 0.73743, F1 Score: 0.83270,0.77113,0.80073, Avg. Loss: 5.94709
2024-01-04 08:27:03,540 - INFO: Epoch: 153  train. loss: 5.870752136251278
2024-01-04 08:27:03,991 - INFO: Acc: 0.74749, F1 Score: 0.82460,0.79460,0.80932, Avg. Loss: 5.93936
2024-01-04 08:27:07,736 - INFO: Epoch: 154  train. loss: 5.870832045900102
2024-01-04 08:27:08,183 - INFO: Acc: 0.72514, F1 Score: 0.84121,0.75235,0.79430, Avg. Loss: 5.95347
2024-01-04 08:27:11,917 - INFO: Epoch: 155  train. loss: 5.873212687521309
2024-01-04 08:27:12,378 - INFO: Acc: 0.73520, F1 Score: 0.83822,0.77230,0.80391, Avg. Loss: 5.94792
2024-01-04 08:27:16,044 - INFO: Epoch: 156  train. loss: 5.872127914038527
2024-01-04 08:27:16,487 - INFO: Acc: 0.73966, F1 Score: 0.83354,0.78169,0.80678, Avg. Loss: 5.94557
2024-01-04 08:27:20,258 - INFO: Epoch: 157  train. loss: 5.870764788612342
2024-01-04 08:27:20,711 - INFO: Acc: 0.75419, F1 Score: 0.83990,0.80047,0.81971, Avg. Loss: 5.93878
2024-01-04 08:27:24,388 - INFO: Epoch: 158  train. loss: 5.870479777531537
2024-01-04 08:27:24,826 - INFO: Acc: 0.74749, F1 Score: 0.83623,0.79108,0.81303, Avg. Loss: 5.94195
2024-01-04 08:27:28,494 - INFO: Epoch: 159  train. loss: 5.870333276508694
2024-01-04 08:27:28,942 - INFO: Acc: 0.74860, F1 Score: 0.83540,0.79225,0.81325, Avg. Loss: 5.94179
2024-01-04 08:27:32,433 - INFO: Epoch: 160  train. loss: 5.870325951457552
2024-01-04 08:27:32,873 - INFO: Acc: 0.74860, F1 Score: 0.83767,0.79343,0.81495, Avg. Loss: 5.94105
2024-01-04 08:27:36,450 - INFO: Epoch: 161  train. loss: 5.870301312649165
2024-01-04 08:27:36,898 - INFO: Acc: 0.74860, F1 Score: 0.83272,0.79460,0.81321, Avg. Loss: 5.94078
2024-01-04 08:27:40,573 - INFO: Epoch: 162  train. loss: 5.870262689652233
2024-01-04 08:27:41,018 - INFO: Acc: 0.74972, F1 Score: 0.84020,0.78991,0.81428, Avg. Loss: 5.94088
2024-01-04 08:27:44,638 - INFO: Epoch: 163  train. loss: 5.870222734827822
2024-01-04 08:27:45,076 - INFO: Acc: 0.74972, F1 Score: 0.83498,0.79577,0.81490, Avg. Loss: 5.93900
2024-01-04 08:27:48,621 - INFO: Epoch: 164  train. loss: 5.8702027574156155
2024-01-04 08:27:49,078 - INFO: Acc: 0.74972, F1 Score: 0.83767,0.79343,0.81495, Avg. Loss: 5.94038
2024-01-04 08:27:52,705 - INFO: Epoch: 165  train. loss: 5.870185443658371
2024-01-04 08:27:53,143 - INFO: Acc: 0.75084, F1 Score: 0.83767,0.79343,0.81495, Avg. Loss: 5.94038
2024-01-04 08:27:56,738 - INFO: Epoch: 166  train. loss: 5.870176120866008
2024-01-04 08:27:57,203 - INFO: Acc: 0.74860, F1 Score: 0.83980,0.78756,0.81284, Avg. Loss: 5.94129
2024-01-04 08:28:00,791 - INFO: Epoch: 167  train. loss: 5.870201425588135
2024-01-04 08:28:01,338 - INFO: Acc: 0.75084, F1 Score: 0.83643,0.79225,0.81374, Avg. Loss: 5.94094
2024-01-04 08:28:05,013 - INFO: Epoch: 168  train. loss: 5.870289992115581
2024-01-04 08:28:05,447 - INFO: Acc: 0.75084, F1 Score: 0.83704,0.79577,0.81588, Avg. Loss: 5.94004
2024-01-04 08:28:09,076 - INFO: Epoch: 169  train. loss: 5.870173457211047
2024-01-04 08:28:09,518 - INFO: Acc: 0.75084, F1 Score: 0.84165,0.79225,0.81620, Avg. Loss: 5.93995
2024-01-04 08:28:13,187 - INFO: Epoch: 170  train. loss: 5.870168795814865
2024-01-04 08:28:13,627 - INFO: Acc: 0.75196, F1 Score: 0.84296,0.78756,0.81432, Avg. Loss: 5.94239
2024-01-04 08:28:17,306 - INFO: Epoch: 171  train. loss: 5.870002317379816
2024-01-04 08:28:17,758 - INFO: Acc: 0.75307, F1 Score: 0.84080,0.79343,0.81643, Avg. Loss: 5.94080
2024-01-04 08:28:21,356 - INFO: Epoch: 172  train. loss: 5.8677681767814525
2024-01-04 08:28:21,806 - INFO: Acc: 0.74413, F1 Score: 0.83252,0.79930,0.81557, Avg. Loss: 5.94055
2024-01-04 08:28:25,441 - INFO: Epoch: 173  train. loss: 5.866328471275145
2024-01-04 08:28:25,912 - INFO: Acc: 0.74749, F1 Score: 0.82771,0.80634,0.81688, Avg. Loss: 5.93890
2024-01-04 08:28:29,613 - INFO: Epoch: 174  train. loss: 5.866040796539379
2024-01-04 08:28:30,054 - INFO: Acc: 0.75084, F1 Score: 0.83659,0.80516,0.82057, Avg. Loss: 5.93965
2024-01-04 08:28:33,593 - INFO: Epoch: 175  train. loss: 5.866034803315718
2024-01-04 08:28:34,035 - INFO: Acc: 0.74860, F1 Score: 0.83807,0.79577,0.81638, Avg. Loss: 5.93713
2024-01-04 08:28:37,724 - INFO: Epoch: 176  train. loss: 5.865601959384589
2024-01-04 08:28:38,181 - INFO: Acc: 0.73966, F1 Score: 0.83458,0.78756,0.81039, Avg. Loss: 5.94308
2024-01-04 08:28:41,718 - INFO: Epoch: 177  train. loss: 5.865304295942721
2024-01-04 08:28:42,162 - INFO: Acc: 0.74860, F1 Score: 0.82812,0.80869,0.81829, Avg. Loss: 5.93743
2024-01-04 08:28:45,714 - INFO: Epoch: 178  train. loss: 5.86526767068701
2024-01-04 08:28:46,155 - INFO: Acc: 0.74749, F1 Score: 0.83333,0.79225,0.81227, Avg. Loss: 5.94009
2024-01-04 08:28:50,109 - INFO: Epoch: 179  train. loss: 5.864876779321514
2024-01-04 08:28:50,548 - INFO: Acc: 0.75084, F1 Score: 0.84367,0.79812,0.82027, Avg. Loss: 5.93636
2024-01-04 08:28:54,061 - INFO: Epoch: 180  train. loss: 5.864858133736789
2024-01-04 08:28:54,502 - INFO: Acc: 0.74078, F1 Score: 0.83085,0.78404,0.80676, Avg. Loss: 5.94187
2024-01-04 08:28:58,142 - INFO: Epoch: 181  train. loss: 5.865113178699284
2024-01-04 08:28:58,578 - INFO: Acc: 0.74525, F1 Score: 0.82968,0.80047,0.81481, Avg. Loss: 5.93884
2024-01-04 08:29:02,429 - INFO: Epoch: 182  train. loss: 5.865702512359359
2024-01-04 08:29:02,867 - INFO: Acc: 0.71844, F1 Score: 0.83226,0.75704,0.79287, Avg. Loss: 5.95253
2024-01-04 08:29:06,428 - INFO: Epoch: 183  train. loss: 5.866012162248551
2024-01-04 08:29:06,881 - INFO: Acc: 0.73743, F1 Score: 0.83354,0.78756,0.80990, Avg. Loss: 5.94285
2024-01-04 08:29:10,481 - INFO: Epoch: 184  train. loss: 5.864790876449028
2024-01-04 08:29:10,921 - INFO: Acc: 0.74749, F1 Score: 0.83704,0.79577,0.81588, Avg. Loss: 5.93983
2024-01-04 08:29:14,474 - INFO: Epoch: 185  train. loss: 5.864477231077395
2024-01-04 08:29:14,908 - INFO: Acc: 0.74972, F1 Score: 0.83293,0.80164,0.81699, Avg. Loss: 5.93881
2024-01-04 08:29:18,457 - INFO: Epoch: 186  train. loss: 5.864456587751449
2024-01-04 08:29:18,890 - INFO: Acc: 0.74860, F1 Score: 0.83171,0.80047,0.81579, Avg. Loss: 5.93836
2024-01-04 08:29:22,538 - INFO: Epoch: 187  train. loss: 5.864443935390385
2024-01-04 08:29:22,977 - INFO: Acc: 0.75307, F1 Score: 0.83374,0.80634,0.81981, Avg. Loss: 5.93741
2024-01-04 08:29:26,629 - INFO: Epoch: 188  train. loss: 5.864455921837709
2024-01-04 08:29:27,087 - INFO: Acc: 0.75419, F1 Score: 0.83557,0.80516,0.82008, Avg. Loss: 5.93726
2024-01-04 08:29:30,599 - INFO: Epoch: 189  train. loss: 5.8644545900102285
2024-01-04 08:29:31,056 - INFO: Acc: 0.74860, F1 Score: 0.83049,0.79930,0.81459, Avg. Loss: 5.93758
2024-01-04 08:29:34,561 - INFO: Epoch: 190  train. loss: 5.864450594527788
2024-01-04 08:29:34,996 - INFO: Acc: 0.75419, F1 Score: 0.83537,0.80399,0.81938, Avg. Loss: 5.93701
2024-01-04 08:29:38,553 - INFO: Epoch: 191  train. loss: 5.864451260441528
2024-01-04 08:29:38,995 - INFO: Acc: 0.75084, F1 Score: 0.83415,0.80282,0.81818, Avg. Loss: 5.93741
2024-01-04 08:29:42,720 - INFO: Epoch: 192  train. loss: 5.864457253665189
2024-01-04 08:29:43,160 - INFO: Acc: 0.74972, F1 Score: 0.83784,0.80047,0.81873, Avg. Loss: 5.93747
2024-01-04 08:29:46,703 - INFO: Epoch: 193  train. loss: 5.86445925140641
2024-01-04 08:29:47,131 - INFO: Acc: 0.75307, F1 Score: 0.83435,0.80399,0.81889, Avg. Loss: 5.93747
2024-01-04 08:29:50,635 - INFO: Epoch: 194  train. loss: 5.864457919578929
2024-01-04 08:29:51,087 - INFO: Acc: 0.75307, F1 Score: 0.83599,0.80164,0.81845, Avg. Loss: 5.93704
2024-01-04 08:29:54,777 - INFO: Epoch: 195  train. loss: 5.86446124914763
2024-01-04 08:29:55,270 - INFO: Acc: 0.75419, F1 Score: 0.83639,0.80399,0.81987, Avg. Loss: 5.93697
2024-01-04 08:29:59,329 - INFO: Epoch: 196  train. loss: 5.864453924096488
2024-01-04 08:29:59,765 - INFO: Acc: 0.75419, F1 Score: 0.83741,0.80399,0.82036, Avg. Loss: 5.93631
2024-01-04 08:30:03,786 - INFO: Epoch: 197  train. loss: 5.86442528980566
2024-01-04 08:30:04,346 - INFO: Acc: 0.75196, F1 Score: 0.83619,0.80282,0.81916, Avg. Loss: 5.93705
2024-01-04 08:30:08,148 - INFO: Epoch: 198  train. loss: 5.864428619374361
2024-01-04 08:30:08,629 - INFO: Acc: 0.75196, F1 Score: 0.83496,0.80164,0.81796, Avg. Loss: 5.93645
2024-01-04 08:30:12,175 - INFO: Epoch: 199  train. loss: 5.864417964754518
2024-01-04 08:30:12,602 - INFO: Acc: 0.75419, F1 Score: 0.83761,0.80516,0.82107, Avg. Loss: 5.93644
2024-01-04 08:30:16,114 - INFO: Epoch: 200  train. loss: 5.864433946684282
2024-01-04 08:30:16,546 - INFO: Acc: 0.75307, F1 Score: 0.83639,0.80399,0.81987, Avg. Loss: 5.93667
2024-01-04 08:30:20,176 - INFO: Epoch: 201  train. loss: 5.864423292064439
2024-01-04 08:30:20,615 - INFO: Acc: 0.75419, F1 Score: 0.83721,0.80282,0.81965, Avg. Loss: 5.93636
2024-01-04 08:30:24,192 - INFO: Epoch: 202  train. loss: 5.864420628409478
2024-01-04 08:30:24,631 - INFO: Acc: 0.75531, F1 Score: 0.83883,0.80634,0.82226, Avg. Loss: 5.93649
2024-01-04 08:30:28,414 - INFO: Epoch: 203  train. loss: 5.86459642963689
2024-01-04 08:30:28,963 - INFO: Acc: 0.72737, F1 Score: 0.84197,0.76291,0.80049, Avg. Loss: 5.94892
2024-01-04 08:30:32,855 - INFO: Epoch: 204  train. loss: 5.870662903810092
2024-01-04 08:30:33,315 - INFO: Acc: 0.69274, F1 Score: 0.79510,0.72418,0.75799, Avg. Loss: 5.96499
2024-01-04 08:30:37,073 - INFO: Epoch: 205  train. loss: 5.869289123764064
2024-01-04 08:30:37,516 - INFO: Acc: 0.74525, F1 Score: 0.83747,0.79225,0.81423, Avg. Loss: 5.93788
2024-01-04 08:30:41,244 - INFO: Epoch: 206  train. loss: 5.865858336174565
2024-01-04 08:30:41,683 - INFO: Acc: 0.74972, F1 Score: 0.82888,0.80164,0.81504, Avg. Loss: 5.93747
2024-01-04 08:30:45,243 - INFO: Epoch: 207  train. loss: 5.86489609081998
2024-01-04 08:30:45,709 - INFO: Acc: 0.74637, F1 Score: 0.82989,0.80164,0.81552, Avg. Loss: 5.93591
2024-01-04 08:30:49,248 - INFO: Epoch: 208  train. loss: 5.864657693700988
2024-01-04 08:30:49,710 - INFO: Acc: 0.73966, F1 Score: 0.81973,0.78991,0.80454, Avg. Loss: 5.93871
2024-01-04 08:30:53,296 - INFO: Epoch: 209  train. loss: 5.864546486106375
2024-01-04 08:30:53,756 - INFO: Acc: 0.74302, F1 Score: 0.82482,0.79577,0.81004, Avg. Loss: 5.93661
2024-01-04 08:30:57,450 - INFO: Epoch: 210  train. loss: 5.864270131904194
2024-01-04 08:30:57,893 - INFO: Acc: 0.74078, F1 Score: 0.81785,0.79577,0.80666, Avg. Loss: 5.93716
2024-01-04 08:31:01,464 - INFO: Epoch: 211  train. loss: 5.86422484976986
2024-01-04 08:31:01,897 - INFO: Acc: 0.73966, F1 Score: 0.82117,0.79225,0.80645, Avg. Loss: 5.93685
2024-01-04 08:31:05,623 - INFO: Epoch: 212  train. loss: 5.864208867840095
2024-01-04 08:31:06,081 - INFO: Acc: 0.73743, F1 Score: 0.81851,0.78873,0.80335, Avg. Loss: 5.93716
2024-01-04 08:31:09,738 - INFO: Epoch: 213  train. loss: 5.864196881392772
2024-01-04 08:31:10,180 - INFO: Acc: 0.74413, F1 Score: 0.82424,0.79812,0.81097, Avg. Loss: 5.93584
2024-01-04 08:31:14,098 - INFO: Epoch: 214  train. loss: 5.864197547306512
2024-01-04 08:31:14,551 - INFO: Acc: 0.73855, F1 Score: 0.81973,0.78991,0.80454, Avg. Loss: 5.93682
2024-01-04 08:31:18,222 - INFO: Epoch: 215  train. loss: 5.864208867840095
2024-01-04 08:31:18,672 - INFO: Acc: 0.73855, F1 Score: 0.82073,0.78991,0.80502, Avg. Loss: 5.93685
2024-01-04 08:31:22,205 - INFO: Epoch: 216  train. loss: 5.864202208702694
2024-01-04 08:31:22,646 - INFO: Acc: 0.74190, F1 Score: 0.82339,0.79343,0.80813, Avg. Loss: 5.93619
2024-01-04 08:31:26,341 - INFO: Epoch: 217  train. loss: 5.864192219996591
2024-01-04 08:31:26,787 - INFO: Acc: 0.74190, F1 Score: 0.82540,0.79343,0.80910, Avg. Loss: 5.93630
2024-01-04 08:31:30,499 - INFO: Epoch: 218  train. loss: 5.8641955495652915
2024-01-04 08:31:30,940 - INFO: Acc: 0.74302, F1 Score: 0.82561,0.79460,0.80981, Avg. Loss: 5.93650
2024-01-04 08:31:34,398 - INFO: Epoch: 219  train. loss: 5.864201542788953
2024-01-04 08:31:34,837 - INFO: Acc: 0.74078, F1 Score: 0.82418,0.79225,0.80790, Avg. Loss: 5.93632
2024-01-04 08:31:38,828 - INFO: Epoch: 220  train. loss: 5.864196215479032
2024-01-04 08:31:39,273 - INFO: Acc: 0.74078, F1 Score: 0.82139,0.79343,0.80716, Avg. Loss: 5.93640
2024-01-04 08:31:42,949 - INFO: Epoch: 221  train. loss: 5.864197547306512
2024-01-04 08:31:43,389 - INFO: Acc: 0.74525, F1 Score: 0.83028,0.79812,0.81388, Avg. Loss: 5.93588
2024-01-04 08:31:47,031 - INFO: Epoch: 222  train. loss: 5.864183563117968
2024-01-04 08:31:47,474 - INFO: Acc: 0.74302, F1 Score: 0.83170,0.79460,0.81273, Avg. Loss: 5.93618
2024-01-04 08:31:51,790 - INFO: Epoch: 223  train. loss: 5.864140944638596
2024-01-04 08:31:52,228 - INFO: Acc: 0.74413, F1 Score: 0.82906,0.79695,0.81269, Avg. Loss: 5.93629
