2024-01-04 13:50:59,482 - INFO: +---------------+--------------------+
| Parameter     | Value              |
+---------------+--------------------+
| dataroot      | ./data             |
+---------------+--------------------+
| word2vec_path | ./word2vec-768.txt |
+---------------+--------------------+
| seed          | 999                |
+---------------+--------------------+
| device        | 0                  |
+---------------+--------------------+
| testing       | False              |
+---------------+--------------------+
| batch_size    | 32                 |
+---------------+--------------------+
| lr            | 0.001              |
+---------------+--------------------+
| max_epoch     | 100                |
+---------------+--------------------+
| augment       | False              |
+---------------+--------------------+
| encoder_cell  | LSTM               |
+---------------+--------------------+
| rnn           | GRU                |
+---------------+--------------------+
| noise         | 1                  |
+---------------+--------------------+
| dropout       | 0.200              |
+---------------+--------------------+
| embed_size    | 768                |
+---------------+--------------------+
| hidden_size   | 512                |
+---------------+--------------------+
| num_layer     | 2                  |
+---------------+--------------------+
| pinyin        | False              |
+---------------+--------------------+
| crf           | False              |
+---------------+--------------------+
| bert          | False              |
+---------------+--------------------+
2024-01-04 13:51:31,482 - INFO: Epoch: 0  train. loss: 6.470345529321514
2024-01-04 13:51:33,934 - INFO: Acc: 0.26145, F1 Score: 0.00000,0.00000,0.00000, Avg. Loss: 6.45053
